[0.143s] Invoking command in '/home/unitree/go2_ws/build/unitree_go': CMAKE_PREFIX_PATH=${CMAKE_PREFIX_PATH}:/opt/ros/foxy /usr/bin/cmake /home/unitree/go2_ws/src/go2_robot/unitree_go -DCMAKE_INSTALL_PREFIX=/home/unitree/go2_ws/install/unitree_go
[0.340s] -- Found ament_cmake: 0.9.12 (/opt/ros/foxy/share/ament_cmake/cmake)
[0.341s] -- Found PythonInterp: /usr/bin/python3 (found suitable version "3.8.10", minimum required is "3") 
[0.341s] -- Using PYTHON_EXECUTABLE: /usr/bin/python3
[0.939s] -- Override CMake install command with custom implementation using symlinks instead of copying resources
[0.952s] -- Found geometry_msgs: 2.0.5 (/opt/ros/foxy/share/geometry_msgs/cmake)
[0.995s] -- Using all available rosidl_typesupport_c: rosidl_typesupport_fastrtps_c;rosidl_typesupport_introspection_c
[1.001s] -- Found rosidl_adapter: 1.3.1 (/opt/ros/foxy/share/rosidl_adapter/cmake)
[1.249s] -- Using all available rosidl_typesupport_cpp: rosidl_typesupport_fastrtps_cpp;rosidl_typesupport_introspection_cpp
[1.367s] -- Found rosidl_default_generators: 1.0.1 (/opt/ros/foxy/share/rosidl_default_generators/cmake)
[1.389s] -- Found rosidl_generator_dds_idl: 0.7.1 (/opt/ros/foxy/share/rosidl_generator_dds_idl/cmake)
[1.450s] -- Found PythonInterp: /usr/bin/python3 (found version "3.8.10") 
[2.009s] -- Found ament_cmake_ros: 0.9.2 (/opt/ros/foxy/share/ament_cmake_ros/cmake)
[2.419s] -- Using all available rosidl_typesupport_c: rosidl_typesupport_fastrtps_c;rosidl_typesupport_introspection_c
[2.592s] -- Using all available rosidl_typesupport_cpp: rosidl_typesupport_fastrtps_cpp;rosidl_typesupport_introspection_cpp
[2.649s] -- Found PythonInterp: /usr/bin/python3 (found suitable version "3.8.10", minimum required is "3.5") 
[2.650s] -- Found python_cmake_module: 0.8.1 (/opt/ros/foxy/share/python_cmake_module/cmake)
[2.697s] -- Using PYTHON_EXECUTABLE: /usr/bin/python3
[2.698s] -- Using PYTHON_INCLUDE_DIRS: /usr/include/python3.8
[2.698s] -- Using PYTHON_LIBRARIES: /usr/lib/aarch64-linux-gnu/libpython3.8.so
[2.855s] -- Found ament_lint_auto: 0.9.8 (/opt/ros/foxy/share/ament_lint_auto/cmake)
[2.876s] -- Added test 'copyright' to check source files copyright and LICENSE
[2.882s] -- Added test 'lint_cmake' to check CMake code style
[2.890s] -- Added test 'xmllint' to check XML markup files
[2.895s] -- Configuring done
[3.116s] -- Generating done
[3.151s] -- Build files have been written to: /home/unitree/go2_ws/build/unitree_go
[3.195s] Invoked command in '/home/unitree/go2_ws/build/unitree_go' returned '0': CMAKE_PREFIX_PATH=${CMAKE_PREFIX_PATH}:/opt/ros/foxy /usr/bin/cmake /home/unitree/go2_ws/src/go2_robot/unitree_go -DCMAKE_INSTALL_PREFIX=/home/unitree/go2_ws/install/unitree_go
[3.201s] Invoking command in '/home/unitree/go2_ws/build/unitree_go': CMAKE_PREFIX_PATH=${CMAKE_PREFIX_PATH}:/opt/ros/foxy /usr/bin/cmake --build /home/unitree/go2_ws/build/unitree_go -- -j8 -l8
[3.330s] [  0%] Built target unitree_go__dds_connext_idl
[3.331s] [  0%] Built target unitree_go__cpp
[3.341s] [ 13%] Built target unitree_go__rosidl_generator_c
[3.409s] [ 26%] Built target unitree_go__rosidl_typesupport_cpp
[3.415s] [ 52%] Built target unitree_go__rosidl_typesupport_introspection_cpp
[3.415s] [ 52%] Built target unitree_go__rosidl_typesupport_fastrtps_cpp
[3.417s] [ 64%] Built target unitree_go__rosidl_typesupport_introspection_c
[3.424s] [ 76%] Built target unitree_go__rosidl_typesupport_c
[3.485s] [ 88%] Built target unitree_go__rosidl_typesupport_fastrtps_c
[3.534s] [ 88%] Built target unitree_go
[3.585s] [ 89%] Built target unitree_go__py
[3.664s] [100%] Built target unitree_go__python
[3.723s] [100%] Built target unitree_go__rosidl_typesupport_fastrtps_c__pyext
[3.723s] [100%] Built target unitree_go__rosidl_typesupport_c__pyext
[3.723s] [100%] Built target unitree_go__rosidl_typesupport_introspection_c__pyext
[3.754s] Invoked command in '/home/unitree/go2_ws/build/unitree_go' returned '0': CMAKE_PREFIX_PATH=${CMAKE_PREFIX_PATH}:/opt/ros/foxy /usr/bin/cmake --build /home/unitree/go2_ws/build/unitree_go -- -j8 -l8
[3.760s] Invoking command in '/home/unitree/go2_ws/build/unitree_go': CMAKE_PREFIX_PATH=${CMAKE_PREFIX_PATH}:/opt/ros/foxy /usr/bin/cmake --install /home/unitree/go2_ws/build/unitree_go
[3.782s] -- Install configuration: ""
[3.782s] -- Execute custom install script
[3.783s] -- Up-to-date symlink: /home/unitree/go2_ws/install/unitree_go/share/ament_index/resource_index/rosidl_interfaces/unitree_go
[3.786s] -- Up-to-date symlink: /home/unitree/go2_ws/install/unitree_go/include/unitree_go/msg/audio_data.h
[3.786s] -- Up-to-date symlink: /home/unitree/go2_ws/install/unitree_go/include/unitree_go/msg/bms_cmd.h
[3.786s] -- Up-to-date symlink: /home/unitree/go2_ws/install/unitree_go/include/unitree_go/msg/bms_state.h
[3.787s] -- Up-to-date symlink: /home/unitree/go2_ws/install/unitree_go/include/unitree_go/msg/detail/audio_data__functions.h
[3.787s] -- Up-to-date symlink: /home/unitree/go2_ws/install/unitree_go/include/unitree_go/msg/detail/audio_data__struct.h
[3.788s] -- Up-to-date symlink: /home/unitree/go2_ws/install/unitree_go/include/unitree_go/msg/detail/audio_data__type_support.h
[3.788s] -- Up-to-date symlink: /home/unitree/go2_ws/install/unitree_go/include/unitree_go/msg/detail/bms_cmd__functions.h
[3.789s] -- Up-to-date symlink: /home/unitree/go2_ws/install/unitree_go/include/unitree_go/msg/detail/bms_cmd__struct.h
[3.789s] -- Up-to-date symlink: /home/unitree/go2_ws/install/unitree_go/include/unitree_go/msg/detail/bms_cmd__type_support.h
[3.789s] -- Up-to-date symlink: /home/unitree/go2_ws/install/unitree_go/include/unitree_go/msg/detail/bms_state__functions.h
[3.790s] -- Up-to-date symlink: /home/unitree/go2_ws/install/unitree_go/include/unitree_go/msg/detail/bms_state__struct.h
[3.790s] -- Up-to-date symlink: /home/unitree/go2_ws/install/unitree_go/include/unitree_go/msg/detail/bms_state__type_support.h
[3.790s] -- Up-to-date symlink: /home/unitree/go2_ws/install/unitree_go/include/unitree_go/msg/detail/error__functions.h
[3.791s] -- Up-to-date symlink: /home/unitree/go2_ws/install/unitree_go/include/unitree_go/msg/detail/error__struct.h
[3.791s] -- Up-to-date symlink: /home/unitree/go2_ws/install/unitree_go/include/unitree_go/msg/detail/error__type_support.h
[3.791s] -- Up-to-date symlink: /home/unitree/go2_ws/install/unitree_go/include/unitree_go/msg/detail/height_map__functions.h
[3.792s] -- Up-to-date symlink: /home/unitree/go2_ws/install/unitree_go/include/unitree_go/msg/detail/height_map__struct.h
[3.792s] -- Up-to-date symlink: /home/unitree/go2_ws/install/unitree_go/include/unitree_go/msg/detail/height_map__type_support.h
[3.792s] -- Up-to-date symlink: /home/unitree/go2_ws/install/unitree_go/include/unitree_go/msg/detail/imu_state__functions.h
[3.793s] -- Up-to-date symlink: /home/unitree/go2_ws/install/unitree_go/include/unitree_go/msg/detail/imu_state__struct.h
[3.793s] -- Up-to-date symlink: /home/unitree/go2_ws/install/unitree_go/include/unitree_go/msg/detail/imu_state__type_support.h
[3.794s] -- Up-to-date symlink: /home/unitree/go2_ws/install/unitree_go/include/unitree_go/msg/detail/interface_config__functions.h
[3.794s] -- Up-to-date symlink: /home/unitree/go2_ws/install/unitree_go/include/unitree_go/msg/detail/interface_config__struct.h
[3.794s] -- Up-to-date symlink: /home/unitree/go2_ws/install/unitree_go/include/unitree_go/msg/detail/interface_config__type_support.h
[3.795s] -- Up-to-date symlink: /home/unitree/go2_ws/install/unitree_go/include/unitree_go/msg/detail/lidar_state__functions.h
[3.795s] -- Up-to-date symlink: /home/unitree/go2_ws/install/unitree_go/include/unitree_go/msg/detail/lidar_state__struct.h
[3.796s] -- Up-to-date symlink: /home/unitree/go2_ws/install/unitree_go/include/unitree_go/msg/detail/lidar_state__type_support.h
[3.796s] -- Up-to-date symlink: /home/unitree/go2_ws/install/unitree_go/include/unitree_go/msg/detail/low_cmd__functions.h
[3.796s] -- Up-to-date symlink: /home/unitree/go2_ws/install/unitree_go/include/unitree_go/msg/detail/low_cmd__struct.h
[3.797s] -- Up-to-date symlink: /home/unitree/go2_ws/install/unitree_go/include/unitree_go/msg/detail/low_cmd__type_support.h
[3.797s] -- Up-to-date symlink: /home/unitree/go2_ws/install/unitree_go/include/unitree_go/msg/detail/low_state__functions.h
[3.798s] -- Up-to-date symlink: /home/unitree/go2_ws/install/unitree_go/include/unitree_go/msg/detail/low_state__struct.h
[3.798s] -- Up-to-date symlink: /home/unitree/go2_ws/install/unitree_go/include/unitree_go/msg/detail/low_state__type_support.h
[3.798s] -- Up-to-date symlink: /home/unitree/go2_ws/install/unitree_go/include/unitree_go/msg/detail/motor_cmd__functions.h
[3.798s] -- Up-to-date symlink: /home/unitree/go2_ws/install/unitree_go/include/unitree_go/msg/detail/motor_cmd__struct.h
[3.799s] -- Up-to-date symlink: /home/unitree/go2_ws/install/unitree_go/include/unitree_go/msg/detail/motor_cmd__type_support.h
[3.799s] -- Up-to-date symlink: /home/unitree/go2_ws/install/unitree_go/include/unitree_go/msg/detail/motor_cmds__functions.h
[3.800s] -- Up-to-date symlink: /home/unitree/go2_ws/install/unitree_go/include/unitree_go/msg/detail/motor_cmds__struct.h
[3.800s] -- Up-to-date symlink: /home/unitree/go2_ws/install/unitree_go/include/unitree_go/msg/detail/motor_cmds__type_support.h
[3.800s] -- Up-to-date symlink: /home/unitree/go2_ws/install/unitree_go/include/unitree_go/msg/detail/motor_state__functions.h
[3.800s] -- Up-to-date symlink: /home/unitree/go2_ws/install/unitree_go/include/unitree_go/msg/detail/motor_state__struct.h
[3.801s] -- Up-to-date symlink: /home/unitree/go2_ws/install/unitree_go/include/unitree_go/msg/detail/motor_state__type_support.h
[3.801s] -- Up-to-date symlink: /home/unitree/go2_ws/install/unitree_go/include/unitree_go/msg/detail/motor_states__functions.h
[3.801s] -- Up-to-date symlink: /home/unitree/go2_ws/install/unitree_go/include/unitree_go/msg/detail/motor_states__struct.h
[3.802s] -- Up-to-date symlink: /home/unitree/go2_ws/install/unitree_go/include/unitree_go/msg/detail/motor_states__type_support.h
[3.802s] -- Up-to-date symlink: /home/unitree/go2_ws/install/unitree_go/include/unitree_go/msg/detail/path_point__functions.h
[3.802s] -- Up-to-date symlink: /home/unitree/go2_ws/install/unitree_go/include/unitree_go/msg/detail/path_point__struct.h
[3.803s] -- Up-to-date symlink: /home/unitree/go2_ws/install/unitree_go/include/unitree_go/msg/detail/path_point__type_support.h
[3.803s] -- Up-to-date symlink: /home/unitree/go2_ws/install/unitree_go/include/unitree_go/msg/detail/req__functions.h
[3.803s] -- Up-to-date symlink: /home/unitree/go2_ws/install/unitree_go/include/unitree_go/msg/detail/req__struct.h
[3.804s] -- Up-to-date symlink: /home/unitree/go2_ws/install/unitree_go/include/unitree_go/msg/detail/req__type_support.h
[3.804s] -- Up-to-date symlink: /home/unitree/go2_ws/install/unitree_go/include/unitree_go/msg/detail/res__functions.h
[3.804s] -- Up-to-date symlink: /home/unitree/go2_ws/install/unitree_go/include/unitree_go/msg/detail/res__struct.h
[3.805s] -- Up-to-date symlink: /home/unitree/go2_ws/install/unitree_go/include/unitree_go/msg/detail/res__type_support.h
[3.805s] -- Up-to-date symlink: /home/unitree/go2_ws/install/unitree_go/include/unitree_go/msg/detail/sport_mode_cmd__functions.h
[3.805s] -- Up-to-date symlink: /home/unitree/go2_ws/install/unitree_go/include/unitree_go/msg/detail/sport_mode_cmd__struct.h
[3.806s] -- Up-to-date symlink: /home/unitree/go2_ws/install/unitree_go/include/unitree_go/msg/detail/sport_mode_cmd__type_support.h
[3.806s] -- Up-to-date symlink: /home/unitree/go2_ws/install/unitree_go/include/unitree_go/msg/detail/sport_mode_state__functions.h
[3.806s] -- Up-to-date symlink: /home/unitree/go2_ws/install/unitree_go/include/unitree_go/msg/detail/sport_mode_state__struct.h
[3.807s] -- Up-to-date symlink: /home/unitree/go2_ws/install/unitree_go/include/unitree_go/msg/detail/sport_mode_state__type_support.h
[3.807s] -- Up-to-date symlink: /home/unitree/go2_ws/install/unitree_go/include/unitree_go/msg/detail/time_spec__functions.h
[3.808s] -- Up-to-date symlink: /home/unitree/go2_ws/install/unitree_go/include/unitree_go/msg/detail/time_spec__struct.h
[3.808s] -- Up-to-date symlink: /home/unitree/go2_ws/install/unitree_go/include/unitree_go/msg/detail/time_spec__type_support.h
[3.808s] -- Up-to-date symlink: /home/unitree/go2_ws/install/unitree_go/include/unitree_go/msg/detail/uwb_state__functions.h
[3.809s] -- Up-to-date symlink: /home/unitree/go2_ws/install/unitree_go/include/unitree_go/msg/detail/uwb_state__struct.h
[3.809s] -- Up-to-date symlink: /home/unitree/go2_ws/install/unitree_go/include/unitree_go/msg/detail/uwb_state__type_support.h
[3.809s] -- Up-to-date symlink: /home/unitree/go2_ws/install/unitree_go/include/unitree_go/msg/detail/uwb_switch__functions.h
[3.809s] -- Up-to-date symlink: /home/unitree/go2_ws/install/unitree_go/include/unitree_go/msg/detail/uwb_switch__struct.h
[3.810s] -- Up-to-date symlink: /home/unitree/go2_ws/install/unitree_go/include/unitree_go/msg/detail/uwb_switch__type_support.h
[3.810s] -- Up-to-date symlink: /home/unitree/go2_ws/install/unitree_go/include/unitree_go/msg/detail/wireless_controller__functions.h
[3.810s] -- Up-to-date symlink: /home/unitree/go2_ws/install/unitree_go/include/unitree_go/msg/detail/wireless_controller__struct.h
[3.811s] -- Up-to-date symlink: /home/unitree/go2_ws/install/unitree_go/include/unitree_go/msg/detail/wireless_controller__type_support.h
[3.811s] -- Up-to-date symlink: /home/unitree/go2_ws/install/unitree_go/include/unitree_go/msg/error.h
[3.811s] -- Up-to-date symlink: /home/unitree/go2_ws/install/unitree_go/include/unitree_go/msg/height_map.h
[3.812s] -- Up-to-date symlink: /home/unitree/go2_ws/install/unitree_go/include/unitree_go/msg/imu_state.h
[3.812s] -- Up-to-date symlink: /home/unitree/go2_ws/install/unitree_go/include/unitree_go/msg/interface_config.h
[3.812s] -- Up-to-date symlink: /home/unitree/go2_ws/install/unitree_go/include/unitree_go/msg/lidar_state.h
[3.812s] -- Up-to-date symlink: /home/unitree/go2_ws/install/unitree_go/include/unitree_go/msg/low_cmd.h
[3.813s] -- Up-to-date symlink: /home/unitree/go2_ws/install/unitree_go/include/unitree_go/msg/low_state.h
[3.813s] -- Up-to-date symlink: /home/unitree/go2_ws/install/unitree_go/include/unitree_go/msg/motor_cmd.h
[3.813s] -- Up-to-date symlink: /home/unitree/go2_ws/install/unitree_go/include/unitree_go/msg/motor_cmds.h
[3.814s] -- Up-to-date symlink: /home/unitree/go2_ws/install/unitree_go/include/unitree_go/msg/motor_state.h
[3.814s] -- Up-to-date symlink: /home/unitree/go2_ws/install/unitree_go/include/unitree_go/msg/motor_states.h
[3.814s] -- Up-to-date symlink: /home/unitree/go2_ws/install/unitree_go/include/unitree_go/msg/path_point.h
[3.814s] -- Up-to-date symlink: /home/unitree/go2_ws/install/unitree_go/include/unitree_go/msg/req.h
[3.815s] -- Up-to-date symlink: /home/unitree/go2_ws/install/unitree_go/include/unitree_go/msg/res.h
[3.815s] -- Up-to-date symlink: /home/unitree/go2_ws/install/unitree_go/include/unitree_go/msg/rosidl_generator_c__visibility_control.h
[3.815s] -- Up-to-date symlink: /home/unitree/go2_ws/install/unitree_go/include/unitree_go/msg/sport_mode_cmd.h
[3.816s] -- Up-to-date symlink: /home/unitree/go2_ws/install/unitree_go/include/unitree_go/msg/sport_mode_state.h
[3.816s] -- Up-to-date symlink: /home/unitree/go2_ws/install/unitree_go/include/unitree_go/msg/time_spec.h
[3.816s] -- Up-to-date symlink: /home/unitree/go2_ws/install/unitree_go/include/unitree_go/msg/uwb_state.h
[3.816s] -- Up-to-date symlink: /home/unitree/go2_ws/install/unitree_go/include/unitree_go/msg/uwb_switch.h
[3.817s] -- Up-to-date symlink: /home/unitree/go2_ws/install/unitree_go/include/unitree_go/msg/wireless_controller.h
[3.817s] -- Up-to-date symlink: /home/unitree/go2_ws/install/unitree_go/share/unitree_go/environment/library_path.sh
[3.818s] -- Up-to-date symlink: /home/unitree/go2_ws/install/unitree_go/share/unitree_go/environment/library_path.dsv
[3.820s] -- Up-to-date symlink: /home/unitree/go2_ws/install/unitree_go/include/unitree_go/msg/detail/audio_data__rosidl_typesupport_fastrtps_c.h
[3.820s] -- Up-to-date symlink: /home/unitree/go2_ws/install/unitree_go/include/unitree_go/msg/detail/bms_cmd__rosidl_typesupport_fastrtps_c.h
[3.821s] -- Up-to-date symlink: /home/unitree/go2_ws/install/unitree_go/include/unitree_go/msg/detail/bms_state__rosidl_typesupport_fastrtps_c.h
[3.821s] -- Up-to-date symlink: /home/unitree/go2_ws/install/unitree_go/include/unitree_go/msg/detail/error__rosidl_typesupport_fastrtps_c.h
[3.821s] -- Up-to-date symlink: /home/unitree/go2_ws/install/unitree_go/include/unitree_go/msg/detail/height_map__rosidl_typesupport_fastrtps_c.h
[3.821s] -- Up-to-date symlink: /home/unitree/go2_ws/install/unitree_go/include/unitree_go/msg/detail/imu_state__rosidl_typesupport_fastrtps_c.h
[3.822s] -- Up-to-date symlink: /home/unitree/go2_ws/install/unitree_go/include/unitree_go/msg/detail/interface_config__rosidl_typesupport_fastrtps_c.h
[3.822s] -- Up-to-date symlink: /home/unitree/go2_ws/install/unitree_go/include/unitree_go/msg/detail/lidar_state__rosidl_typesupport_fastrtps_c.h
[3.822s] -- Up-to-date symlink: /home/unitree/go2_ws/install/unitree_go/include/unitree_go/msg/detail/low_cmd__rosidl_typesupport_fastrtps_c.h
[3.823s] -- Up-to-date symlink: /home/unitree/go2_ws/install/unitree_go/include/unitree_go/msg/detail/low_state__rosidl_typesupport_fastrtps_c.h
[3.823s] -- Up-to-date symlink: /home/unitree/go2_ws/install/unitree_go/include/unitree_go/msg/detail/motor_cmd__rosidl_typesupport_fastrtps_c.h
[3.823s] -- Up-to-date symlink: /home/unitree/go2_ws/install/unitree_go/include/unitree_go/msg/detail/motor_cmds__rosidl_typesupport_fastrtps_c.h
[3.824s] -- Up-to-date symlink: /home/unitree/go2_ws/install/unitree_go/include/unitree_go/msg/detail/motor_state__rosidl_typesupport_fastrtps_c.h
[3.824s] -- Up-to-date symlink: /home/unitree/go2_ws/install/unitree_go/include/unitree_go/msg/detail/motor_states__rosidl_typesupport_fastrtps_c.h
[3.824s] -- Up-to-date symlink: /home/unitree/go2_ws/install/unitree_go/include/unitree_go/msg/detail/path_point__rosidl_typesupport_fastrtps_c.h
[3.825s] -- Up-to-date symlink: /home/unitree/go2_ws/install/unitree_go/include/unitree_go/msg/detail/req__rosidl_typesupport_fastrtps_c.h
[3.825s] -- Up-to-date symlink: /home/unitree/go2_ws/install/unitree_go/include/unitree_go/msg/detail/res__rosidl_typesupport_fastrtps_c.h
[3.825s] -- Up-to-date symlink: /home/unitree/go2_ws/install/unitree_go/include/unitree_go/msg/detail/sport_mode_cmd__rosidl_typesupport_fastrtps_c.h
[3.826s] -- Up-to-date symlink: /home/unitree/go2_ws/install/unitree_go/include/unitree_go/msg/detail/sport_mode_state__rosidl_typesupport_fastrtps_c.h
[3.826s] -- Up-to-date symlink: /home/unitree/go2_ws/install/unitree_go/include/unitree_go/msg/detail/time_spec__rosidl_typesupport_fastrtps_c.h
[3.826s] -- Up-to-date symlink: /home/unitree/go2_ws/install/unitree_go/include/unitree_go/msg/detail/uwb_state__rosidl_typesupport_fastrtps_c.h
[3.827s] -- Up-to-date symlink: /home/unitree/go2_ws/install/unitree_go/include/unitree_go/msg/detail/uwb_switch__rosidl_typesupport_fastrtps_c.h
[3.827s] -- Up-to-date symlink: /home/unitree/go2_ws/install/unitree_go/include/unitree_go/msg/detail/wireless_controller__rosidl_typesupport_fastrtps_c.h
[3.827s] -- Up-to-date symlink: /home/unitree/go2_ws/install/unitree_go/include/unitree_go/msg/rosidl_typesupport_fastrtps_c__visibility_control.h
[3.828s] -- Up-to-date symlink: /home/unitree/go2_ws/install/unitree_go/lib/libunitree_go__rosidl_typesupport_fastrtps_c.so
[3.830s] -- Up-to-date symlink: /home/unitree/go2_ws/install/unitree_go/include/unitree_go/msg/detail/audio_data__rosidl_typesupport_fastrtps_cpp.hpp
[3.831s] -- Up-to-date symlink: /home/unitree/go2_ws/install/unitree_go/include/unitree_go/msg/detail/bms_cmd__rosidl_typesupport_fastrtps_cpp.hpp
[3.831s] -- Up-to-date symlink: /home/unitree/go2_ws/install/unitree_go/include/unitree_go/msg/detail/bms_state__rosidl_typesupport_fastrtps_cpp.hpp
[3.831s] -- Up-to-date symlink: /home/unitree/go2_ws/install/unitree_go/include/unitree_go/msg/detail/error__rosidl_typesupport_fastrtps_cpp.hpp
[3.832s] -- Up-to-date symlink: /home/unitree/go2_ws/install/unitree_go/include/unitree_go/msg/detail/height_map__rosidl_typesupport_fastrtps_cpp.hpp
[3.832s] -- Up-to-date symlink: /home/unitree/go2_ws/install/unitree_go/include/unitree_go/msg/detail/imu_state__rosidl_typesupport_fastrtps_cpp.hpp
[3.832s] -- Up-to-date symlink: /home/unitree/go2_ws/install/unitree_go/include/unitree_go/msg/detail/interface_config__rosidl_typesupport_fastrtps_cpp.hpp
[3.833s] -- Up-to-date symlink: /home/unitree/go2_ws/install/unitree_go/include/unitree_go/msg/detail/lidar_state__rosidl_typesupport_fastrtps_cpp.hpp
[3.833s] -- Up-to-date symlink: /home/unitree/go2_ws/install/unitree_go/include/unitree_go/msg/detail/low_cmd__rosidl_typesupport_fastrtps_cpp.hpp
[3.833s] -- Up-to-date symlink: /home/unitree/go2_ws/install/unitree_go/include/unitree_go/msg/detail/low_state__rosidl_typesupport_fastrtps_cpp.hpp
[3.834s] -- Up-to-date symlink: /home/unitree/go2_ws/install/unitree_go/include/unitree_go/msg/detail/motor_cmd__rosidl_typesupport_fastrtps_cpp.hpp
[3.834s] -- Up-to-date symlink: /home/unitree/go2_ws/install/unitree_go/include/unitree_go/msg/detail/motor_cmds__rosidl_typesupport_fastrtps_cpp.hpp
[3.834s] -- Up-to-date symlink: /home/unitree/go2_ws/install/unitree_go/include/unitree_go/msg/detail/motor_state__rosidl_typesupport_fastrtps_cpp.hpp
[3.835s] -- Up-to-date symlink: /home/unitree/go2_ws/install/unitree_go/include/unitree_go/msg/detail/motor_states__rosidl_typesupport_fastrtps_cpp.hpp
[3.835s] -- Up-to-date symlink: /home/unitree/go2_ws/install/unitree_go/include/unitree_go/msg/detail/path_point__rosidl_typesupport_fastrtps_cpp.hpp
[3.835s] -- Up-to-date symlink: /home/unitree/go2_ws/install/unitree_go/include/unitree_go/msg/detail/req__rosidl_typesupport_fastrtps_cpp.hpp
[3.835s] -- Up-to-date symlink: /home/unitree/go2_ws/install/unitree_go/include/unitree_go/msg/detail/res__rosidl_typesupport_fastrtps_cpp.hpp
[3.836s] -- Up-to-date symlink: /home/unitree/go2_ws/install/unitree_go/include/unitree_go/msg/detail/sport_mode_cmd__rosidl_typesupport_fastrtps_cpp.hpp
[3.836s] -- Up-to-date symlink: /home/unitree/go2_ws/install/unitree_go/include/unitree_go/msg/detail/sport_mode_state__rosidl_typesupport_fastrtps_cpp.hpp
[3.836s] -- Up-to-date symlink: /home/unitree/go2_ws/install/unitree_go/include/unitree_go/msg/detail/time_spec__rosidl_typesupport_fastrtps_cpp.hpp
[3.837s] -- Up-to-date symlink: /home/unitree/go2_ws/install/unitree_go/include/unitree_go/msg/detail/uwb_state__rosidl_typesupport_fastrtps_cpp.hpp
[3.837s] -- Up-to-date symlink: /home/unitree/go2_ws/install/unitree_go/include/unitree_go/msg/detail/uwb_switch__rosidl_typesupport_fastrtps_cpp.hpp
[3.837s] -- Up-to-date symlink: /home/unitree/go2_ws/install/unitree_go/include/unitree_go/msg/detail/wireless_controller__rosidl_typesupport_fastrtps_cpp.hpp
[3.838s] -- Up-to-date symlink: /home/unitree/go2_ws/install/unitree_go/include/unitree_go/msg/rosidl_typesupport_fastrtps_cpp__visibility_control.h
[3.838s] -- Up-to-date symlink: /home/unitree/go2_ws/install/unitree_go/lib/libunitree_go__rosidl_typesupport_fastrtps_cpp.so
[3.839s] -- Up-to-date symlink: /home/unitree/go2_ws/install/unitree_go/include/unitree_go/msg/detail/audio_data__rosidl_typesupport_introspection_c.h
[3.840s] -- Up-to-date symlink: /home/unitree/go2_ws/install/unitree_go/include/unitree_go/msg/detail/bms_cmd__rosidl_typesupport_introspection_c.h
[3.840s] -- Up-to-date symlink: /home/unitree/go2_ws/install/unitree_go/include/unitree_go/msg/detail/bms_state__rosidl_typesupport_introspection_c.h
[3.840s] -- Up-to-date symlink: /home/unitree/go2_ws/install/unitree_go/include/unitree_go/msg/detail/error__rosidl_typesupport_introspection_c.h
[3.841s] -- Up-to-date symlink: /home/unitree/go2_ws/install/unitree_go/include/unitree_go/msg/detail/height_map__rosidl_typesupport_introspection_c.h
[3.841s] -- Up-to-date symlink: /home/unitree/go2_ws/install/unitree_go/include/unitree_go/msg/detail/imu_state__rosidl_typesupport_introspection_c.h
[3.841s] -- Up-to-date symlink: /home/unitree/go2_ws/install/unitree_go/include/unitree_go/msg/detail/interface_config__rosidl_typesupport_introspection_c.h
[3.842s] -- Up-to-date symlink: /home/unitree/go2_ws/install/unitree_go/include/unitree_go/msg/detail/lidar_state__rosidl_typesupport_introspection_c.h
[3.842s] -- Up-to-date symlink: /home/unitree/go2_ws/install/unitree_go/include/unitree_go/msg/detail/low_cmd__rosidl_typesupport_introspection_c.h
[3.842s] -- Up-to-date symlink: /home/unitree/go2_ws/install/unitree_go/include/unitree_go/msg/detail/low_state__rosidl_typesupport_introspection_c.h
[3.843s] -- Up-to-date symlink: /home/unitree/go2_ws/install/unitree_go/include/unitree_go/msg/detail/motor_cmd__rosidl_typesupport_introspection_c.h
[3.843s] -- Up-to-date symlink: /home/unitree/go2_ws/install/unitree_go/include/unitree_go/msg/detail/motor_cmds__rosidl_typesupport_introspection_c.h
[3.844s] -- Up-to-date symlink: /home/unitree/go2_ws/install/unitree_go/include/unitree_go/msg/detail/motor_state__rosidl_typesupport_introspection_c.h
[3.844s] -- Up-to-date symlink: /home/unitree/go2_ws/install/unitree_go/include/unitree_go/msg/detail/motor_states__rosidl_typesupport_introspection_c.h
[3.844s] -- Up-to-date symlink: /home/unitree/go2_ws/install/unitree_go/include/unitree_go/msg/detail/path_point__rosidl_typesupport_introspection_c.h
[3.845s] -- Up-to-date symlink: /home/unitree/go2_ws/install/unitree_go/include/unitree_go/msg/detail/req__rosidl_typesupport_introspection_c.h
[3.845s] -- Up-to-date symlink: /home/unitree/go2_ws/install/unitree_go/include/unitree_go/msg/detail/res__rosidl_typesupport_introspection_c.h
[3.845s] -- Up-to-date symlink: /home/unitree/go2_ws/install/unitree_go/include/unitree_go/msg/detail/sport_mode_cmd__rosidl_typesupport_introspection_c.h
[3.846s] -- Up-to-date symlink: /home/unitree/go2_ws/install/unitree_go/include/unitree_go/msg/detail/sport_mode_state__rosidl_typesupport_introspection_c.h
[3.846s] -- Up-to-date symlink: /home/unitree/go2_ws/install/unitree_go/include/unitree_go/msg/detail/time_spec__rosidl_typesupport_introspection_c.h
[3.846s] -- Up-to-date symlink: /home/unitree/go2_ws/install/unitree_go/include/unitree_go/msg/detail/uwb_state__rosidl_typesupport_introspection_c.h
[3.847s] -- Up-to-date symlink: /home/unitree/go2_ws/install/unitree_go/include/unitree_go/msg/detail/uwb_switch__rosidl_typesupport_introspection_c.h
[3.847s] -- Up-to-date symlink: /home/unitree/go2_ws/install/unitree_go/include/unitree_go/msg/detail/wireless_controller__rosidl_typesupport_introspection_c.h
[3.847s] -- Up-to-date symlink: /home/unitree/go2_ws/install/unitree_go/include/unitree_go/msg/rosidl_typesupport_introspection_c__visibility_control.h
[3.850s] -- Up-to-date symlink: /home/unitree/go2_ws/install/unitree_go/include/unitree_go/msg/audio_data.hpp
[3.850s] -- Up-to-date symlink: /home/unitree/go2_ws/install/unitree_go/include/unitree_go/msg/bms_cmd.hpp
[3.850s] -- Up-to-date symlink: /home/unitree/go2_ws/install/unitree_go/include/unitree_go/msg/bms_state.hpp
[3.850s] -- Up-to-date symlink: /home/unitree/go2_ws/install/unitree_go/include/unitree_go/msg/detail/audio_data__builder.hpp
[3.851s] -- Up-to-date symlink: /home/unitree/go2_ws/install/unitree_go/include/unitree_go/msg/detail/audio_data__struct.hpp
[3.851s] -- Up-to-date symlink: /home/unitree/go2_ws/install/unitree_go/include/unitree_go/msg/detail/audio_data__traits.hpp
[3.851s] -- Up-to-date symlink: /home/unitree/go2_ws/install/unitree_go/include/unitree_go/msg/detail/audio_data__type_support.hpp
[3.852s] -- Up-to-date symlink: /home/unitree/go2_ws/install/unitree_go/include/unitree_go/msg/detail/bms_cmd__builder.hpp
[3.852s] -- Up-to-date symlink: /home/unitree/go2_ws/install/unitree_go/include/unitree_go/msg/detail/bms_cmd__struct.hpp
[3.852s] -- Up-to-date symlink: /home/unitree/go2_ws/install/unitree_go/include/unitree_go/msg/detail/bms_cmd__traits.hpp
[3.853s] -- Up-to-date symlink: /home/unitree/go2_ws/install/unitree_go/include/unitree_go/msg/detail/bms_cmd__type_support.hpp
[3.853s] -- Up-to-date symlink: /home/unitree/go2_ws/install/unitree_go/include/unitree_go/msg/detail/bms_state__builder.hpp
[3.853s] -- Up-to-date symlink: /home/unitree/go2_ws/install/unitree_go/include/unitree_go/msg/detail/bms_state__struct.hpp
[3.854s] -- Up-to-date symlink: /home/unitree/go2_ws/install/unitree_go/include/unitree_go/msg/detail/bms_state__traits.hpp
[3.854s] -- Up-to-date symlink: /home/unitree/go2_ws/install/unitree_go/include/unitree_go/msg/detail/bms_state__type_support.hpp
[3.855s] -- Up-to-date symlink: /home/unitree/go2_ws/install/unitree_go/include/unitree_go/msg/detail/error__builder.hpp
[3.855s] -- Up-to-date symlink: /home/unitree/go2_ws/install/unitree_go/include/unitree_go/msg/detail/error__struct.hpp
[3.855s] -- Up-to-date symlink: /home/unitree/go2_ws/install/unitree_go/include/unitree_go/msg/detail/error__traits.hpp
[3.855s] -- Up-to-date symlink: /home/unitree/go2_ws/install/unitree_go/include/unitree_go/msg/detail/error__type_support.hpp
[3.856s] -- Up-to-date symlink: /home/unitree/go2_ws/install/unitree_go/include/unitree_go/msg/detail/height_map__builder.hpp
[3.856s] -- Up-to-date symlink: /home/unitree/go2_ws/install/unitree_go/include/unitree_go/msg/detail/height_map__struct.hpp
[3.856s] -- Up-to-date symlink: /home/unitree/go2_ws/install/unitree_go/include/unitree_go/msg/detail/height_map__traits.hpp
[3.857s] -- Up-to-date symlink: /home/unitree/go2_ws/install/unitree_go/include/unitree_go/msg/detail/height_map__type_support.hpp
[3.857s] -- Up-to-date symlink: /home/unitree/go2_ws/install/unitree_go/include/unitree_go/msg/detail/imu_state__builder.hpp
[3.857s] -- Up-to-date symlink: /home/unitree/go2_ws/install/unitree_go/include/unitree_go/msg/detail/imu_state__struct.hpp
[3.858s] -- Up-to-date symlink: /home/unitree/go2_ws/install/unitree_go/include/unitree_go/msg/detail/imu_state__traits.hpp
[3.858s] -- Up-to-date symlink: /home/unitree/go2_ws/install/unitree_go/include/unitree_go/msg/detail/imu_state__type_support.hpp
[3.858s] -- Up-to-date symlink: /home/unitree/go2_ws/install/unitree_go/include/unitree_go/msg/detail/interface_config__builder.hpp
[3.858s] -- Up-to-date symlink: /home/unitree/go2_ws/install/unitree_go/include/unitree_go/msg/detail/interface_config__struct.hpp
[3.859s] -- Up-to-date symlink: /home/unitree/go2_ws/install/unitree_go/include/unitree_go/msg/detail/interface_config__traits.hpp
[3.859s] -- Up-to-date symlink: /home/unitree/go2_ws/install/unitree_go/include/unitree_go/msg/detail/interface_config__type_support.hpp
[3.859s] -- Up-to-date symlink: /home/unitree/go2_ws/install/unitree_go/include/unitree_go/msg/detail/lidar_state__builder.hpp
[3.860s] -- Up-to-date symlink: /home/unitree/go2_ws/install/unitree_go/include/unitree_go/msg/detail/lidar_state__struct.hpp
[3.860s] -- Up-to-date symlink: /home/unitree/go2_ws/install/unitree_go/include/unitree_go/msg/detail/lidar_state__traits.hpp
[3.860s] -- Up-to-date symlink: /home/unitree/go2_ws/install/unitree_go/include/unitree_go/msg/detail/lidar_state__type_support.hpp
[3.860s] -- Up-to-date symlink: /home/unitree/go2_ws/install/unitree_go/include/unitree_go/msg/detail/low_cmd__builder.hpp
[3.861s] -- Up-to-date symlink: /home/unitree/go2_ws/install/unitree_go/include/unitree_go/msg/detail/low_cmd__struct.hpp
[3.861s] -- Up-to-date symlink: /home/unitree/go2_ws/install/unitree_go/include/unitree_go/msg/detail/low_cmd__traits.hpp
[3.861s] -- Up-to-date symlink: /home/unitree/go2_ws/install/unitree_go/include/unitree_go/msg/detail/low_cmd__type_support.hpp
[3.862s] -- Up-to-date symlink: /home/unitree/go2_ws/install/unitree_go/include/unitree_go/msg/detail/low_state__builder.hpp
[3.862s] -- Up-to-date symlink: /home/unitree/go2_ws/install/unitree_go/include/unitree_go/msg/detail/low_state__struct.hpp
[3.863s] -- Up-to-date symlink: /home/unitree/go2_ws/install/unitree_go/include/unitree_go/msg/detail/low_state__traits.hpp
[3.863s] -- Up-to-date symlink: /home/unitree/go2_ws/install/unitree_go/include/unitree_go/msg/detail/low_state__type_support.hpp
[3.863s] -- Up-to-date symlink: /home/unitree/go2_ws/install/unitree_go/include/unitree_go/msg/detail/motor_cmd__builder.hpp
[3.863s] -- Up-to-date symlink: /home/unitree/go2_ws/install/unitree_go/include/unitree_go/msg/detail/motor_cmd__struct.hpp
[3.864s] -- Up-to-date symlink: /home/unitree/go2_ws/install/unitree_go/include/unitree_go/msg/detail/motor_cmd__traits.hpp
[3.864s] -- Up-to-date symlink: /home/unitree/go2_ws/install/unitree_go/include/unitree_go/msg/detail/motor_cmd__type_support.hpp
[3.865s] -- Up-to-date symlink: /home/unitree/go2_ws/install/unitree_go/include/unitree_go/msg/detail/motor_cmds__builder.hpp
[3.865s] -- Up-to-date symlink: /home/unitree/go2_ws/install/unitree_go/include/unitree_go/msg/detail/motor_cmds__struct.hpp
[3.865s] -- Up-to-date symlink: /home/unitree/go2_ws/install/unitree_go/include/unitree_go/msg/detail/motor_cmds__traits.hpp
[3.865s] -- Up-to-date symlink: /home/unitree/go2_ws/install/unitree_go/include/unitree_go/msg/detail/motor_cmds__type_support.hpp
[3.866s] -- Up-to-date symlink: /home/unitree/go2_ws/install/unitree_go/include/unitree_go/msg/detail/motor_state__builder.hpp
[3.866s] -- Up-to-date symlink: /home/unitree/go2_ws/install/unitree_go/include/unitree_go/msg/detail/motor_state__struct.hpp
[3.866s] -- Up-to-date symlink: /home/unitree/go2_ws/install/unitree_go/include/unitree_go/msg/detail/motor_state__traits.hpp
[3.867s] -- Up-to-date symlink: /home/unitree/go2_ws/install/unitree_go/include/unitree_go/msg/detail/motor_state__type_support.hpp
[3.867s] -- Up-to-date symlink: /home/unitree/go2_ws/install/unitree_go/include/unitree_go/msg/detail/motor_states__builder.hpp
[3.867s] -- Up-to-date symlink: /home/unitree/go2_ws/install/unitree_go/include/unitree_go/msg/detail/motor_states__struct.hpp
[3.868s] -- Up-to-date symlink: /home/unitree/go2_ws/install/unitree_go/include/unitree_go/msg/detail/motor_states__traits.hpp
[3.868s] -- Up-to-date symlink: /home/unitree/go2_ws/install/unitree_go/include/unitree_go/msg/detail/motor_states__type_support.hpp
[3.868s] -- Up-to-date symlink: /home/unitree/go2_ws/install/unitree_go/include/unitree_go/msg/detail/path_point__builder.hpp
[3.869s] -- Up-to-date symlink: /home/unitree/go2_ws/install/unitree_go/include/unitree_go/msg/detail/path_point__struct.hpp
[3.869s] -- Up-to-date symlink: /home/unitree/go2_ws/install/unitree_go/include/unitree_go/msg/detail/path_point__traits.hpp
[3.870s] -- Up-to-date symlink: /home/unitree/go2_ws/install/unitree_go/include/unitree_go/msg/detail/path_point__type_support.hpp
[3.870s] -- Up-to-date symlink: /home/unitree/go2_ws/install/unitree_go/include/unitree_go/msg/detail/req__builder.hpp
[3.870s] -- Up-to-date symlink: /home/unitree/go2_ws/install/unitree_go/include/unitree_go/msg/detail/req__struct.hpp
[3.871s] -- Up-to-date symlink: /home/unitree/go2_ws/install/unitree_go/include/unitree_go/msg/detail/req__traits.hpp
[3.871s] -- Up-to-date symlink: /home/unitree/go2_ws/install/unitree_go/include/unitree_go/msg/detail/req__type_support.hpp
[3.871s] -- Up-to-date symlink: /home/unitree/go2_ws/install/unitree_go/include/unitree_go/msg/detail/res__builder.hpp
[3.872s] -- Up-to-date symlink: /home/unitree/go2_ws/install/unitree_go/include/unitree_go/msg/detail/res__struct.hpp
[3.872s] -- Up-to-date symlink: /home/unitree/go2_ws/install/unitree_go/include/unitree_go/msg/detail/res__traits.hpp
[3.872s] -- Up-to-date symlink: /home/unitree/go2_ws/install/unitree_go/include/unitree_go/msg/detail/res__type_support.hpp
[3.873s] -- Up-to-date symlink: /home/unitree/go2_ws/install/unitree_go/include/unitree_go/msg/detail/sport_mode_cmd__builder.hpp
[3.873s] -- Up-to-date symlink: /home/unitree/go2_ws/install/unitree_go/include/unitree_go/msg/detail/sport_mode_cmd__struct.hpp
[3.873s] -- Up-to-date symlink: /home/unitree/go2_ws/install/unitree_go/include/unitree_go/msg/detail/sport_mode_cmd__traits.hpp
[3.874s] -- Up-to-date symlink: /home/unitree/go2_ws/install/unitree_go/include/unitree_go/msg/detail/sport_mode_cmd__type_support.hpp
[3.874s] -- Up-to-date symlink: /home/unitree/go2_ws/install/unitree_go/include/unitree_go/msg/detail/sport_mode_state__builder.hpp
[3.875s] -- Up-to-date symlink: /home/unitree/go2_ws/install/unitree_go/include/unitree_go/msg/detail/sport_mode_state__struct.hpp
[3.875s] -- Up-to-date symlink: /home/unitree/go2_ws/install/unitree_go/include/unitree_go/msg/detail/sport_mode_state__traits.hpp
[3.875s] -- Up-to-date symlink: /home/unitree/go2_ws/install/unitree_go/include/unitree_go/msg/detail/sport_mode_state__type_support.hpp
[3.876s] -- Up-to-date symlink: /home/unitree/go2_ws/install/unitree_go/include/unitree_go/msg/detail/time_spec__builder.hpp
[3.876s] -- Up-to-date symlink: /home/unitree/go2_ws/install/unitree_go/include/unitree_go/msg/detail/time_spec__struct.hpp
[3.877s] -- Up-to-date symlink: /home/unitree/go2_ws/install/unitree_go/include/unitree_go/msg/detail/time_spec__traits.hpp
[3.877s] -- Up-to-date symlink: /home/unitree/go2_ws/install/unitree_go/include/unitree_go/msg/detail/time_spec__type_support.hpp
[3.878s] -- Up-to-date symlink: /home/unitree/go2_ws/install/unitree_go/include/unitree_go/msg/detail/uwb_state__builder.hpp
[3.878s] -- Up-to-date symlink: /home/unitree/go2_ws/install/unitree_go/include/unitree_go/msg/detail/uwb_state__struct.hpp
[3.879s] -- Up-to-date symlink: /home/unitree/go2_ws/install/unitree_go/include/unitree_go/msg/detail/uwb_state__traits.hpp
[3.879s] -- Up-to-date symlink: /home/unitree/go2_ws/install/unitree_go/include/unitree_go/msg/detail/uwb_state__type_support.hpp
[3.879s] -- Up-to-date symlink: /home/unitree/go2_ws/install/unitree_go/include/unitree_go/msg/detail/uwb_switch__builder.hpp
[3.880s] -- Up-to-date symlink: /home/unitree/go2_ws/install/unitree_go/include/unitree_go/msg/detail/uwb_switch__struct.hpp
[3.880s] -- Up-to-date symlink: /home/unitree/go2_ws/install/unitree_go/include/unitree_go/msg/detail/uwb_switch__traits.hpp
[3.880s] -- Up-to-date symlink: /home/unitree/go2_ws/install/unitree_go/include/unitree_go/msg/detail/uwb_switch__type_support.hpp
[3.881s] -- Up-to-date symlink: /home/unitree/go2_ws/install/unitree_go/include/unitree_go/msg/detail/wireless_controller__builder.hpp
[3.881s] -- Up-to-date symlink: /home/unitree/go2_ws/install/unitree_go/include/unitree_go/msg/detail/wireless_controller__struct.hpp
[3.881s] -- Up-to-date symlink: /home/unitree/go2_ws/install/unitree_go/include/unitree_go/msg/detail/wireless_controller__traits.hpp
[3.881s] -- Up-to-date symlink: /home/unitree/go2_ws/install/unitree_go/include/unitree_go/msg/detail/wireless_controller__type_support.hpp
[3.882s] -- Up-to-date symlink: /home/unitree/go2_ws/install/unitree_go/include/unitree_go/msg/error.hpp
[3.882s] -- Up-to-date symlink: /home/unitree/go2_ws/install/unitree_go/include/unitree_go/msg/height_map.hpp
[3.882s] -- Up-to-date symlink: /home/unitree/go2_ws/install/unitree_go/include/unitree_go/msg/imu_state.hpp
[3.883s] -- Up-to-date symlink: /home/unitree/go2_ws/install/unitree_go/include/unitree_go/msg/interface_config.hpp
[3.883s] -- Up-to-date symlink: /home/unitree/go2_ws/install/unitree_go/include/unitree_go/msg/lidar_state.hpp
[3.883s] -- Up-to-date symlink: /home/unitree/go2_ws/install/unitree_go/include/unitree_go/msg/low_cmd.hpp
[3.884s] -- Up-to-date symlink: /home/unitree/go2_ws/install/unitree_go/include/unitree_go/msg/low_state.hpp
[3.884s] -- Up-to-date symlink: /home/unitree/go2_ws/install/unitree_go/include/unitree_go/msg/motor_cmd.hpp
[3.884s] -- Up-to-date symlink: /home/unitree/go2_ws/install/unitree_go/include/unitree_go/msg/motor_cmds.hpp
[3.884s] -- Up-to-date symlink: /home/unitree/go2_ws/install/unitree_go/include/unitree_go/msg/motor_state.hpp
[3.885s] -- Up-to-date symlink: /home/unitree/go2_ws/install/unitree_go/include/unitree_go/msg/motor_states.hpp
[3.885s] -- Up-to-date symlink: /home/unitree/go2_ws/install/unitree_go/include/unitree_go/msg/path_point.hpp
[3.885s] -- Up-to-date symlink: /home/unitree/go2_ws/install/unitree_go/include/unitree_go/msg/req.hpp
[3.886s] -- Up-to-date symlink: /home/unitree/go2_ws/install/unitree_go/include/unitree_go/msg/res.hpp
[3.886s] -- Up-to-date symlink: /home/unitree/go2_ws/install/unitree_go/include/unitree_go/msg/rosidl_generator_cpp__visibility_control.hpp
[3.886s] -- Up-to-date symlink: /home/unitree/go2_ws/install/unitree_go/include/unitree_go/msg/sport_mode_cmd.hpp
[3.887s] -- Up-to-date symlink: /home/unitree/go2_ws/install/unitree_go/include/unitree_go/msg/sport_mode_state.hpp
[3.887s] -- Up-to-date symlink: /home/unitree/go2_ws/install/unitree_go/include/unitree_go/msg/time_spec.hpp
[3.887s] -- Up-to-date symlink: /home/unitree/go2_ws/install/unitree_go/include/unitree_go/msg/uwb_state.hpp
[3.887s] -- Up-to-date symlink: /home/unitree/go2_ws/install/unitree_go/include/unitree_go/msg/uwb_switch.hpp
[3.888s] -- Up-to-date symlink: /home/unitree/go2_ws/install/unitree_go/include/unitree_go/msg/wireless_controller.hpp
[3.889s] -- Up-to-date symlink: /home/unitree/go2_ws/install/unitree_go/include/unitree_go/msg/detail/audio_data__rosidl_typesupport_introspection_cpp.hpp
[3.889s] -- Up-to-date symlink: /home/unitree/go2_ws/install/unitree_go/include/unitree_go/msg/detail/bms_cmd__rosidl_typesupport_introspection_cpp.hpp
[3.890s] -- Up-to-date symlink: /home/unitree/go2_ws/install/unitree_go/include/unitree_go/msg/detail/bms_state__rosidl_typesupport_introspection_cpp.hpp
[3.890s] -- Up-to-date symlink: /home/unitree/go2_ws/install/unitree_go/include/unitree_go/msg/detail/error__rosidl_typesupport_introspection_cpp.hpp
[3.890s] -- Up-to-date symlink: /home/unitree/go2_ws/install/unitree_go/include/unitree_go/msg/detail/height_map__rosidl_typesupport_introspection_cpp.hpp
[3.891s] -- Up-to-date symlink: /home/unitree/go2_ws/install/unitree_go/include/unitree_go/msg/detail/imu_state__rosidl_typesupport_introspection_cpp.hpp
[3.891s] -- Up-to-date symlink: /home/unitree/go2_ws/install/unitree_go/include/unitree_go/msg/detail/interface_config__rosidl_typesupport_introspection_cpp.hpp
[3.891s] -- Up-to-date symlink: /home/unitree/go2_ws/install/unitree_go/include/unitree_go/msg/detail/lidar_state__rosidl_typesupport_introspection_cpp.hpp
[3.892s] -- Up-to-date symlink: /home/unitree/go2_ws/install/unitree_go/include/unitree_go/msg/detail/low_cmd__rosidl_typesupport_introspection_cpp.hpp
[3.892s] -- Up-to-date symlink: /home/unitree/go2_ws/install/unitree_go/include/unitree_go/msg/detail/low_state__rosidl_typesupport_introspection_cpp.hpp
[3.892s] -- Up-to-date symlink: /home/unitree/go2_ws/install/unitree_go/include/unitree_go/msg/detail/motor_cmd__rosidl_typesupport_introspection_cpp.hpp
[3.893s] -- Up-to-date symlink: /home/unitree/go2_ws/install/unitree_go/include/unitree_go/msg/detail/motor_cmds__rosidl_typesupport_introspection_cpp.hpp
[3.893s] -- Up-to-date symlink: /home/unitree/go2_ws/install/unitree_go/include/unitree_go/msg/detail/motor_state__rosidl_typesupport_introspection_cpp.hpp
[3.893s] -- Up-to-date symlink: /home/unitree/go2_ws/install/unitree_go/include/unitree_go/msg/detail/motor_states__rosidl_typesupport_introspection_cpp.hpp
[3.894s] -- Up-to-date symlink: /home/unitree/go2_ws/install/unitree_go/include/unitree_go/msg/detail/path_point__rosidl_typesupport_introspection_cpp.hpp
[3.894s] -- Up-to-date symlink: /home/unitree/go2_ws/install/unitree_go/include/unitree_go/msg/detail/req__rosidl_typesupport_introspection_cpp.hpp
[3.894s] -- Up-to-date symlink: /home/unitree/go2_ws/install/unitree_go/include/unitree_go/msg/detail/res__rosidl_typesupport_introspection_cpp.hpp
[3.896s] -- Up-to-date symlink: /home/unitree/go2_ws/install/unitree_go/include/unitree_go/msg/detail/sport_mode_cmd__rosidl_typesupport_introspection_cpp.hpp
[3.896s] -- Up-to-date symlink: /home/unitree/go2_ws/install/unitree_go/include/unitree_go/msg/detail/sport_mode_state__rosidl_typesupport_introspection_cpp.hpp
[3.896s] -- Up-to-date symlink: /home/unitree/go2_ws/install/unitree_go/include/unitree_go/msg/detail/time_spec__rosidl_typesupport_introspection_cpp.hpp
[3.896s] -- Up-to-date symlink: /home/unitree/go2_ws/install/unitree_go/include/unitree_go/msg/detail/uwb_state__rosidl_typesupport_introspection_cpp.hpp
[3.896s] -- Up-to-date symlink: /home/unitree/go2_ws/install/unitree_go/include/unitree_go/msg/detail/uwb_switch__rosidl_typesupport_introspection_cpp.hpp
[3.896s] -- Up-to-date symlink: /home/unitree/go2_ws/install/unitree_go/include/unitree_go/msg/detail/wireless_controller__rosidl_typesupport_introspection_cpp.hpp
[3.897s] -- Up-to-date symlink: /home/unitree/go2_ws/install/unitree_go/share/unitree_go/environment/pythonpath.sh
[3.897s] -- Up-to-date symlink: /home/unitree/go2_ws/install/unitree_go/share/unitree_go/environment/pythonpath.dsv
[3.898s] -- Up-to-date symlink: /home/unitree/go2_ws/install/unitree_go/lib/python3.8/site-packages/unitree_go/__init__.py
[3.899s] -- Up-to-date symlink: /home/unitree/go2_ws/install/unitree_go/lib/python3.8/site-packages/unitree_go/msg/__init__.py
[3.900s] -- Up-to-date symlink: /home/unitree/go2_ws/install/unitree_go/lib/python3.8/site-packages/unitree_go/msg/_audio_data.py
[3.900s] -- Up-to-date symlink: /home/unitree/go2_ws/install/unitree_go/lib/python3.8/site-packages/unitree_go/msg/_bms_cmd.py
[3.900s] -- Up-to-date symlink: /home/unitree/go2_ws/install/unitree_go/lib/python3.8/site-packages/unitree_go/msg/_bms_state.py
[3.900s] -- Up-to-date symlink: /home/unitree/go2_ws/install/unitree_go/lib/python3.8/site-packages/unitree_go/msg/_error.py
[3.901s] -- Up-to-date symlink: /home/unitree/go2_ws/install/unitree_go/lib/python3.8/site-packages/unitree_go/msg/_height_map.py
[3.901s] -- Up-to-date symlink: /home/unitree/go2_ws/install/unitree_go/lib/python3.8/site-packages/unitree_go/msg/_imu_state.py
[3.901s] -- Up-to-date symlink: /home/unitree/go2_ws/install/unitree_go/lib/python3.8/site-packages/unitree_go/msg/_interface_config.py
[3.902s] -- Up-to-date symlink: /home/unitree/go2_ws/install/unitree_go/lib/python3.8/site-packages/unitree_go/msg/_lidar_state.py
[3.902s] -- Up-to-date symlink: /home/unitree/go2_ws/install/unitree_go/lib/python3.8/site-packages/unitree_go/msg/_low_cmd.py
[3.903s] -- Up-to-date symlink: /home/unitree/go2_ws/install/unitree_go/lib/python3.8/site-packages/unitree_go/msg/_low_state.py
[3.903s] -- Up-to-date symlink: /home/unitree/go2_ws/install/unitree_go/lib/python3.8/site-packages/unitree_go/msg/_motor_cmd.py
[3.903s] -- Up-to-date symlink: /home/unitree/go2_ws/install/unitree_go/lib/python3.8/site-packages/unitree_go/msg/_motor_cmds.py
[3.903s] -- Up-to-date symlink: /home/unitree/go2_ws/install/unitree_go/lib/python3.8/site-packages/unitree_go/msg/_motor_state.py
[3.904s] -- Up-to-date symlink: /home/unitree/go2_ws/install/unitree_go/lib/python3.8/site-packages/unitree_go/msg/_motor_states.py
[3.904s] -- Up-to-date symlink: /home/unitree/go2_ws/install/unitree_go/lib/python3.8/site-packages/unitree_go/msg/_path_point.py
[3.905s] -- Up-to-date symlink: /home/unitree/go2_ws/install/unitree_go/lib/python3.8/site-packages/unitree_go/msg/_req.py
[3.905s] -- Up-to-date symlink: /home/unitree/go2_ws/install/unitree_go/lib/python3.8/site-packages/unitree_go/msg/_res.py
[3.906s] -- Up-to-date symlink: /home/unitree/go2_ws/install/unitree_go/lib/python3.8/site-packages/unitree_go/msg/_sport_mode_cmd.py
[3.906s] -- Up-to-date symlink: /home/unitree/go2_ws/install/unitree_go/lib/python3.8/site-packages/unitree_go/msg/_sport_mode_state.py
[3.906s] -- Up-to-date symlink: /home/unitree/go2_ws/install/unitree_go/lib/python3.8/site-packages/unitree_go/msg/_time_spec.py
[3.907s] -- Up-to-date symlink: /home/unitree/go2_ws/install/unitree_go/lib/python3.8/site-packages/unitree_go/msg/_uwb_state.py
[3.907s] -- Up-to-date symlink: /home/unitree/go2_ws/install/unitree_go/lib/python3.8/site-packages/unitree_go/msg/_uwb_switch.py
[3.908s] -- Up-to-date symlink: /home/unitree/go2_ws/install/unitree_go/lib/python3.8/site-packages/unitree_go/msg/_wireless_controller.py
[3.908s] -- Up-to-date symlink: /home/unitree/go2_ws/install/unitree_go/lib/python3.8/site-packages/unitree_go/unitree_go_s__rosidl_typesupport_fastrtps_c.cpython-38-aarch64-linux-gnu.so
[3.909s] -- Up-to-date symlink: /home/unitree/go2_ws/install/unitree_go/lib/python3.8/site-packages/unitree_go/unitree_go_s__rosidl_typesupport_introspection_c.cpython-38-aarch64-linux-gnu.so
[3.910s] -- Up-to-date symlink: /home/unitree/go2_ws/install/unitree_go/lib/python3.8/site-packages/unitree_go/unitree_go_s__rosidl_typesupport_c.cpython-38-aarch64-linux-gnu.so
[3.910s] -- Up-to-date symlink: /home/unitree/go2_ws/install/unitree_go/lib/libunitree_go__python.so
[3.911s] -- Up-to-date symlink: /home/unitree/go2_ws/install/unitree_go/share/unitree_go/msg/AudioData.idl
[3.911s] -- Up-to-date symlink: /home/unitree/go2_ws/install/unitree_go/share/unitree_go/msg/BmsCmd.idl
[3.912s] -- Up-to-date symlink: /home/unitree/go2_ws/install/unitree_go/share/unitree_go/msg/BmsState.idl
[3.912s] -- Up-to-date symlink: /home/unitree/go2_ws/install/unitree_go/share/unitree_go/msg/Error.idl
[3.913s] -- Up-to-date symlink: /home/unitree/go2_ws/install/unitree_go/share/unitree_go/msg/HeightMap.idl
[3.913s] -- Up-to-date symlink: /home/unitree/go2_ws/install/unitree_go/share/unitree_go/msg/IMUState.idl
[3.914s] -- Up-to-date symlink: /home/unitree/go2_ws/install/unitree_go/share/unitree_go/msg/InterfaceConfig.idl
[3.914s] -- Up-to-date symlink: /home/unitree/go2_ws/install/unitree_go/share/unitree_go/msg/LidarState.idl
[3.915s] -- Up-to-date symlink: /home/unitree/go2_ws/install/unitree_go/share/unitree_go/msg/LowCmd.idl
[3.915s] -- Up-to-date symlink: /home/unitree/go2_ws/install/unitree_go/share/unitree_go/msg/LowState.idl
[3.915s] -- Up-to-date symlink: /home/unitree/go2_ws/install/unitree_go/share/unitree_go/msg/MotorCmd.idl
[3.916s] -- Up-to-date symlink: /home/unitree/go2_ws/install/unitree_go/share/unitree_go/msg/MotorCmds.idl
[3.916s] -- Up-to-date symlink: /home/unitree/go2_ws/install/unitree_go/share/unitree_go/msg/MotorState.idl
[3.917s] -- Up-to-date symlink: /home/unitree/go2_ws/install/unitree_go/share/unitree_go/msg/MotorStates.idl
[3.917s] -- Up-to-date symlink: /home/unitree/go2_ws/install/unitree_go/share/unitree_go/msg/PathPoint.idl
[3.917s] -- Up-to-date symlink: /home/unitree/go2_ws/install/unitree_go/share/unitree_go/msg/Req.idl
[3.918s] -- Up-to-date symlink: /home/unitree/go2_ws/install/unitree_go/share/unitree_go/msg/Res.idl
[3.918s] -- Up-to-date symlink: /home/unitree/go2_ws/install/unitree_go/share/unitree_go/msg/SportModeCmd.idl
[3.919s] -- Up-to-date symlink: /home/unitree/go2_ws/install/unitree_go/share/unitree_go/msg/SportModeState.idl
[3.919s] -- Up-to-date symlink: /home/unitree/go2_ws/install/unitree_go/share/unitree_go/msg/TimeSpec.idl
[3.919s] -- Up-to-date symlink: /home/unitree/go2_ws/install/unitree_go/share/unitree_go/msg/UwbState.idl
[3.920s] -- Up-to-date symlink: /home/unitree/go2_ws/install/unitree_go/share/unitree_go/msg/UwbSwitch.idl
[3.920s] -- Up-to-date symlink: /home/unitree/go2_ws/install/unitree_go/share/unitree_go/msg/WirelessController.idl
[3.921s] -- Up-to-date symlink: /home/unitree/go2_ws/install/unitree_go/share/unitree_go/msg/AudioData.msg
[3.921s] -- Up-to-date symlink: /home/unitree/go2_ws/install/unitree_go/share/unitree_go/msg/BmsCmd.msg
[3.922s] -- Up-to-date symlink: /home/unitree/go2_ws/install/unitree_go/share/unitree_go/msg/BmsState.msg
[3.922s] -- Up-to-date symlink: /home/unitree/go2_ws/install/unitree_go/share/unitree_go/msg/Error.msg
[3.922s] -- Up-to-date symlink: /home/unitree/go2_ws/install/unitree_go/share/unitree_go/msg/HeightMap.msg
[3.923s] -- Up-to-date symlink: /home/unitree/go2_ws/install/unitree_go/share/unitree_go/msg/IMUState.msg
[3.923s] -- Up-to-date symlink: /home/unitree/go2_ws/install/unitree_go/share/unitree_go/msg/InterfaceConfig.msg
[3.923s] -- Up-to-date symlink: /home/unitree/go2_ws/install/unitree_go/share/unitree_go/msg/LidarState.msg
[3.924s] -- Up-to-date symlink: /home/unitree/go2_ws/install/unitree_go/share/unitree_go/msg/LowCmd.msg
[3.924s] -- Up-to-date symlink: /home/unitree/go2_ws/install/unitree_go/share/unitree_go/msg/LowState.msg
[3.925s] -- Up-to-date symlink: /home/unitree/go2_ws/install/unitree_go/share/unitree_go/msg/MotorCmd.msg
[3.925s] -- Up-to-date symlink: /home/unitree/go2_ws/install/unitree_go/share/unitree_go/msg/MotorCmds.msg
[3.925s] -- Up-to-date symlink: /home/unitree/go2_ws/install/unitree_go/share/unitree_go/msg/MotorState.msg
[3.926s] -- Up-to-date symlink: /home/unitree/go2_ws/install/unitree_go/share/unitree_go/msg/MotorStates.msg
[3.926s] -- Up-to-date symlink: /home/unitree/go2_ws/install/unitree_go/share/unitree_go/msg/PathPoint.msg
[3.927s] -- Up-to-date symlink: /home/unitree/go2_ws/install/unitree_go/share/unitree_go/msg/Req.msg
[3.927s] -- Up-to-date symlink: /home/unitree/go2_ws/install/unitree_go/share/unitree_go/msg/Res.msg
[3.927s] -- Up-to-date symlink: /home/unitree/go2_ws/install/unitree_go/share/unitree_go/msg/SportModeCmd.msg
[3.928s] -- Up-to-date symlink: /home/unitree/go2_ws/install/unitree_go/share/unitree_go/msg/SportModeState.msg
[3.928s] -- Up-to-date symlink: /home/unitree/go2_ws/install/unitree_go/share/unitree_go/msg/TimeSpec.msg
[3.929s] -- Up-to-date symlink: /home/unitree/go2_ws/install/unitree_go/share/unitree_go/msg/UwbState.msg
[3.929s] -- Up-to-date symlink: /home/unitree/go2_ws/install/unitree_go/share/unitree_go/msg/UwbSwitch.msg
[3.929s] -- Up-to-date symlink: /home/unitree/go2_ws/install/unitree_go/share/unitree_go/msg/WirelessController.msg
[3.931s] -- Up-to-date symlink: /home/unitree/go2_ws/install/unitree_go/share/unitree_go/msg/dds_connext/AudioData_.idl
[3.931s] -- Up-to-date symlink: /home/unitree/go2_ws/install/unitree_go/share/unitree_go/msg/dds_connext/BmsCmd_.idl
[3.931s] -- Up-to-date symlink: /home/unitree/go2_ws/install/unitree_go/share/unitree_go/msg/dds_connext/BmsState_.idl
[3.932s] -- Up-to-date symlink: /home/unitree/go2_ws/install/unitree_go/share/unitree_go/msg/dds_connext/Error_.idl
[3.932s] -- Up-to-date symlink: /home/unitree/go2_ws/install/unitree_go/share/unitree_go/msg/dds_connext/HeightMap_.idl
[3.932s] -- Up-to-date symlink: /home/unitree/go2_ws/install/unitree_go/share/unitree_go/msg/dds_connext/IMUState_.idl
[3.932s] -- Up-to-date symlink: /home/unitree/go2_ws/install/unitree_go/share/unitree_go/msg/dds_connext/InterfaceConfig_.idl
[3.933s] -- Up-to-date symlink: /home/unitree/go2_ws/install/unitree_go/share/unitree_go/msg/dds_connext/LidarState_.idl
[3.933s] -- Up-to-date symlink: /home/unitree/go2_ws/install/unitree_go/share/unitree_go/msg/dds_connext/LowCmd_.idl
[3.933s] -- Up-to-date symlink: /home/unitree/go2_ws/install/unitree_go/share/unitree_go/msg/dds_connext/LowState_.idl
[3.934s] -- Up-to-date symlink: /home/unitree/go2_ws/install/unitree_go/share/unitree_go/msg/dds_connext/MotorCmd_.idl
[3.934s] -- Up-to-date symlink: /home/unitree/go2_ws/install/unitree_go/share/unitree_go/msg/dds_connext/MotorCmds_.idl
[3.934s] -- Up-to-date symlink: /home/unitree/go2_ws/install/unitree_go/share/unitree_go/msg/dds_connext/MotorState_.idl
[3.935s] -- Up-to-date symlink: /home/unitree/go2_ws/install/unitree_go/share/unitree_go/msg/dds_connext/MotorStates_.idl
[3.935s] -- Up-to-date symlink: /home/unitree/go2_ws/install/unitree_go/share/unitree_go/msg/dds_connext/PathPoint_.idl
[3.935s] -- Up-to-date symlink: /home/unitree/go2_ws/install/unitree_go/share/unitree_go/msg/dds_connext/Req_.idl
[3.935s] -- Up-to-date symlink: /home/unitree/go2_ws/install/unitree_go/share/unitree_go/msg/dds_connext/Res_.idl
[3.936s] -- Up-to-date symlink: /home/unitree/go2_ws/install/unitree_go/share/unitree_go/msg/dds_connext/SportModeCmd_.idl
[3.936s] -- Up-to-date symlink: /home/unitree/go2_ws/install/unitree_go/share/unitree_go/msg/dds_connext/SportModeState_.idl
[3.936s] -- Up-to-date symlink: /home/unitree/go2_ws/install/unitree_go/share/unitree_go/msg/dds_connext/TimeSpec_.idl
[3.937s] -- Up-to-date symlink: /home/unitree/go2_ws/install/unitree_go/share/unitree_go/msg/dds_connext/UwbState_.idl
[3.937s] -- Up-to-date symlink: /home/unitree/go2_ws/install/unitree_go/share/unitree_go/msg/dds_connext/UwbSwitch_.idl
[3.937s] -- Up-to-date symlink: /home/unitree/go2_ws/install/unitree_go/share/unitree_go/msg/dds_connext/WirelessController_.idl
[3.938s] -- Up-to-date symlink: /home/unitree/go2_ws/install/unitree_go/share/ament_index/resource_index/package_run_dependencies/unitree_go
[3.938s] -- Up-to-date symlink: /home/unitree/go2_ws/install/unitree_go/share/ament_index/resource_index/parent_prefix_path/unitree_go
[3.939s] -- Up-to-date symlink: /home/unitree/go2_ws/install/unitree_go/share/unitree_go/environment/ament_prefix_path.sh
[3.939s] -- Up-to-date symlink: /home/unitree/go2_ws/install/unitree_go/share/unitree_go/environment/ament_prefix_path.dsv
[3.939s] -- Up-to-date symlink: /home/unitree/go2_ws/install/unitree_go/share/unitree_go/environment/path.sh
[3.940s] -- Up-to-date symlink: /home/unitree/go2_ws/install/unitree_go/share/unitree_go/environment/path.dsv
[3.940s] -- Up-to-date symlink: /home/unitree/go2_ws/install/unitree_go/share/unitree_go/local_setup.bash
[3.940s] -- Up-to-date symlink: /home/unitree/go2_ws/install/unitree_go/share/unitree_go/local_setup.sh
[3.941s] -- Up-to-date symlink: /home/unitree/go2_ws/install/unitree_go/share/unitree_go/local_setup.zsh
[3.941s] -- Up-to-date symlink: /home/unitree/go2_ws/install/unitree_go/share/unitree_go/local_setup.dsv
[3.941s] -- Symlinking: /home/unitree/go2_ws/install/unitree_go/share/unitree_go/package.dsv
[3.963s] -- Up-to-date symlink: /home/unitree/go2_ws/install/unitree_go/share/ament_index/resource_index/packages/unitree_go
[3.964s] -- Up-to-date symlink: /home/unitree/go2_ws/install/unitree_go/share/unitree_go/cmake/rosidl_cmake-extras.cmake
[3.964s] -- Up-to-date symlink: /home/unitree/go2_ws/install/unitree_go/share/unitree_go/cmake/ament_cmake_export_dependencies-extras.cmake
[3.965s] -- Up-to-date symlink: /home/unitree/go2_ws/install/unitree_go/share/unitree_go/cmake/ament_cmake_export_libraries-extras.cmake
[3.965s] -- Up-to-date symlink: /home/unitree/go2_ws/install/unitree_go/share/unitree_go/cmake/ament_cmake_export_targets-extras.cmake
[3.965s] -- Up-to-date symlink: /home/unitree/go2_ws/install/unitree_go/share/unitree_go/cmake/ament_cmake_export_include_directories-extras.cmake
[3.966s] -- Up-to-date symlink: /home/unitree/go2_ws/install/unitree_go/share/unitree_go/cmake/rosidl_cmake_export_typesupport_libraries-extras.cmake
[3.966s] -- Up-to-date symlink: /home/unitree/go2_ws/install/unitree_go/share/unitree_go/cmake/rosidl_cmake_export_typesupport_targets-extras.cmake
[3.967s] -- Up-to-date symlink: /home/unitree/go2_ws/install/unitree_go/share/unitree_go/cmake/unitree_goConfig.cmake
[3.967s] -- Up-to-date symlink: /home/unitree/go2_ws/install/unitree_go/share/unitree_go/cmake/unitree_goConfig-version.cmake
[3.967s] -- Up-to-date symlink: /home/unitree/go2_ws/install/unitree_go/share/unitree_go/package.xml
[3.968s] -- Up-to-date: /home/unitree/go2_ws/install/unitree_go/lib/libunitree_go__rosidl_generator_c.so
[3.969s] -- Up-to-date: /home/unitree/go2_ws/install/unitree_go/lib/libunitree_go__rosidl_typesupport_introspection_c.so
[3.970s] -- Up-to-date: /home/unitree/go2_ws/install/unitree_go/lib/libunitree_go__rosidl_typesupport_c.so
[3.971s] -- Up-to-date: /home/unitree/go2_ws/install/unitree_go/lib/libunitree_go__rosidl_typesupport_introspection_cpp.so
[3.971s] -- Up-to-date: /home/unitree/go2_ws/install/unitree_go/lib/libunitree_go__rosidl_typesupport_cpp.so
[4.044s] Compiling '/home/unitree/go2_ws/install/unitree_go/lib/python3.8/site-packages/unitree_go/__init__.py'...
[4.056s] -- Up-to-date: /home/unitree/go2_ws/install/unitree_go/share/unitree_go/cmake/unitree_go__rosidl_generator_cExport.cmake
[4.057s] -- Installing: /home/unitree/go2_ws/install/unitree_go/share/unitree_go/cmake/unitree_go__rosidl_generator_cExport-noconfig.cmake
[4.057s] -- Up-to-date: /home/unitree/go2_ws/install/unitree_go/share/unitree_go/cmake/unitree_go__rosidl_typesupport_introspection_cExport.cmake
[4.057s] -- Installing: /home/unitree/go2_ws/install/unitree_go/share/unitree_go/cmake/unitree_go__rosidl_typesupport_introspection_cExport-noconfig.cmake
[4.057s] -- Up-to-date: /home/unitree/go2_ws/install/unitree_go/share/unitree_go/cmake/unitree_go__rosidl_typesupport_cExport.cmake
[4.057s] -- Installing: /home/unitree/go2_ws/install/unitree_go/share/unitree_go/cmake/unitree_go__rosidl_typesupport_cExport-noconfig.cmake
[4.058s] -- Up-to-date: /home/unitree/go2_ws/install/unitree_go/share/unitree_go/cmake/unitree_go__rosidl_generator_cppExport.cmake
[4.059s] -- Up-to-date: /home/unitree/go2_ws/install/unitree_go/share/unitree_go/cmake/unitree_go__rosidl_typesupport_introspection_cppExport.cmake
[4.059s] -- Installing: /home/unitree/go2_ws/install/unitree_go/share/unitree_go/cmake/unitree_go__rosidl_typesupport_introspection_cppExport-noconfig.cmake
[4.059s] -- Up-to-date: /home/unitree/go2_ws/install/unitree_go/share/unitree_go/cmake/unitree_go__rosidl_typesupport_cppExport.cmake
[4.059s] -- Installing: /home/unitree/go2_ws/install/unitree_go/share/unitree_go/cmake/unitree_go__rosidl_typesupport_cppExport-noconfig.cmake
[4.070s] Invoked command in '/home/unitree/go2_ws/build/unitree_go' returned '0': CMAKE_PREFIX_PATH=${CMAKE_PREFIX_PATH}:/opt/ros/foxy /usr/bin/cmake --install /home/unitree/go2_ws/build/unitree_go
