[0.153s] Invoking command in '/home/unitree/go2_ws/build/go2_simulation': CMAKE_PREFIX_PATH=${CMAKE_PREFIX_PATH}:/opt/ros/foxy /usr/bin/cmake /home/unitree/go2_ws/src/go2_robot/go2_simulation -DCMAKE_INSTALL_PREFIX=/home/unitree/go2_ws/install/go2_simulation
[0.997s] -- Found ament_cmake: 0.9.12 (/opt/ros/foxy/share/ament_cmake/cmake)
[0.997s] -- Using PYTHON_EXECUTABLE: /usr/bin/python3
[0.998s] -- Override CMake install command with custom implementation using symlinks instead of copying resources
[0.998s] -- Found ament_lint_auto: 0.9.8 (/opt/ros/foxy/share/ament_lint_auto/cmake)
[1.040s] -- Added test 'lint_cmake' to check CMake code style
[1.042s] -- Added test 'xmllint' to check XML markup files
[1.046s] -- Configuring done
[1.052s] -- Generating done
[1.056s] -- Build files have been written to: /home/unitree/go2_ws/build/go2_simulation
[1.068s] Invoked command in '/home/unitree/go2_ws/build/go2_simulation' returned '0': CMAKE_PREFIX_PATH=${CMAKE_PREFIX_PATH}:/opt/ros/foxy /usr/bin/cmake /home/unitree/go2_ws/src/go2_robot/go2_simulation -DCMAKE_INSTALL_PREFIX=/home/unitree/go2_ws/install/go2_simulation
[1.070s] Invoking command in '/home/unitree/go2_ws/build/go2_simulation': CMAKE_PREFIX_PATH=${CMAKE_PREFIX_PATH}:/opt/ros/foxy /usr/bin/cmake --build /home/unitree/go2_ws/build/go2_simulation -- -j8 -l8
[1.227s] Invoked command in '/home/unitree/go2_ws/build/go2_simulation' returned '0': CMAKE_PREFIX_PATH=${CMAKE_PREFIX_PATH}:/opt/ros/foxy /usr/bin/cmake --build /home/unitree/go2_ws/build/go2_simulation -- -j8 -l8
[1.228s] Invoking command in '/home/unitree/go2_ws/build/go2_simulation': CMAKE_PREFIX_PATH=${CMAKE_PREFIX_PATH}:/opt/ros/foxy /usr/bin/cmake --install /home/unitree/go2_ws/build/go2_simulation
[1.262s] -- Install configuration: ""
[1.263s] -- Execute custom install script
[1.263s] -- Up-to-date symlink: /home/unitree/go2_ws/install/go2_simulation/share/ament_index/resource_index/package_run_dependencies/go2_simulation
[1.266s] -- Up-to-date symlink: /home/unitree/go2_ws/install/go2_simulation/share/ament_index/resource_index/parent_prefix_path/go2_simulation
[1.268s] -- Up-to-date symlink: /home/unitree/go2_ws/install/go2_simulation/share/go2_simulation/environment/ament_prefix_path.sh
[1.268s] -- Up-to-date symlink: /home/unitree/go2_ws/install/go2_simulation/share/go2_simulation/environment/ament_prefix_path.dsv
[1.269s] -- Up-to-date symlink: /home/unitree/go2_ws/install/go2_simulation/share/go2_simulation/environment/path.sh
[1.271s] -- Up-to-date symlink: /home/unitree/go2_ws/install/go2_simulation/share/go2_simulation/environment/path.dsv
[1.272s] -- Up-to-date symlink: /home/unitree/go2_ws/install/go2_simulation/share/go2_simulation/local_setup.bash
[1.273s] -- Up-to-date symlink: /home/unitree/go2_ws/install/go2_simulation/share/go2_simulation/local_setup.sh
[1.273s] -- Up-to-date symlink: /home/unitree/go2_ws/install/go2_simulation/share/go2_simulation/local_setup.zsh
[1.274s] -- Up-to-date symlink: /home/unitree/go2_ws/install/go2_simulation/share/go2_simulation/local_setup.dsv
[1.274s] -- Symlinking: /home/unitree/go2_ws/install/go2_simulation/share/go2_simulation/package.dsv
[1.298s] -- Up-to-date symlink: /home/unitree/go2_ws/install/go2_simulation/share/ament_index/resource_index/packages/go2_simulation
[1.299s] -- Up-to-date symlink: /home/unitree/go2_ws/install/go2_simulation/share/go2_simulation/cmake/go2_simulationConfig.cmake
[1.299s] -- Up-to-date symlink: /home/unitree/go2_ws/install/go2_simulation/share/go2_simulation/cmake/go2_simulationConfig-version.cmake
[1.299s] -- Up-to-date symlink: /home/unitree/go2_ws/install/go2_simulation/share/go2_simulation/package.xml
[1.444s] Invoked command in '/home/unitree/go2_ws/build/go2_simulation' returned '0': CMAKE_PREFIX_PATH=${CMAKE_PREFIX_PATH}:/opt/ros/foxy /usr/bin/cmake --install /home/unitree/go2_ws/build/go2_simulation
