[1.711s] Invoking command in '/home/unitree/go2_ws/src/go2_robot/go2_slam': PYTHONPATH=/home/unitree/go2_ws/build/go2_slam/prefix_override:/usr/lib/python3/dist-packages/colcon_core/task/python/colcon_distutils_commands:/home/unitree/go2_ws/install/go2_slam/lib/python3.8/site-packages:${PYTHONPATH} /usr/bin/python3 -W ignore:setup.py install is deprecated -W ignore:easy_install command is deprecated setup.py egg_info --egg-base ../../../build/go2_slam build --build-base /home/unitree/go2_ws/build/go2_slam/build install --record /home/unitree/go2_ws/build/go2_slam/install.log --install-scripts $base/lib/go2_slam --single-version-externally-managed install_data
[2.108s] /home/unitree/.local/lib/python3.8/site-packages/setuptools/dist.py:717: UserWarning: Usage of dash-separated 'script-dir' will not be supported in future versions. Please use the underscore name 'script_dir' instead
[2.109s]   warnings.warn(
[2.157s] running egg_info
[2.158s] writing ../../../build/go2_slam/go2_slam.egg-info/PKG-INFO
[2.158s] writing dependency_links to ../../../build/go2_slam/go2_slam.egg-info/dependency_links.txt
[2.159s] writing entry points to ../../../build/go2_slam/go2_slam.egg-info/entry_points.txt
[2.159s] writing requirements to ../../../build/go2_slam/go2_slam.egg-info/requires.txt
[2.159s] writing top-level names to ../../../build/go2_slam/go2_slam.egg-info/top_level.txt
[2.166s] reading manifest file '../../../build/go2_slam/go2_slam.egg-info/SOURCES.txt'
[2.168s] writing manifest file '../../../build/go2_slam/go2_slam.egg-info/SOURCES.txt'
[2.169s] running build
[2.169s] running build_py
[2.169s] running install
[2.171s] running install_lib
[2.174s] running install_data
[2.174s] copying launch/slam.launch.py -> /home/unitree/go2_ws/install/go2_slam/share/go2_slam/launch
[2.174s] running install_egg_info
[2.178s] removing '/home/unitree/go2_ws/install/go2_slam/lib/python3.8/site-packages/go2_slam-0.0.0-py3.8.egg-info' (and everything under it)
[2.178s] Copying ../../../build/go2_slam/go2_slam.egg-info to /home/unitree/go2_ws/install/go2_slam/lib/python3.8/site-packages/go2_slam-0.0.0-py3.8.egg-info
[2.181s] running install_scripts
[2.215s] writing list of installed files to '/home/unitree/go2_ws/build/go2_slam/install.log'
[2.273s] Invoked command in '/home/unitree/go2_ws/src/go2_robot/go2_slam' returned '0': PYTHONPATH=/home/unitree/go2_ws/build/go2_slam/prefix_override:/usr/lib/python3/dist-packages/colcon_core/task/python/colcon_distutils_commands:/home/unitree/go2_ws/install/go2_slam/lib/python3.8/site-packages:${PYTHONPATH} /usr/bin/python3 -W ignore:setup.py install is deprecated -W ignore:easy_install command is deprecated setup.py egg_info --egg-base ../../../build/go2_slam build --build-base /home/unitree/go2_ws/build/go2_slam/build install --record /home/unitree/go2_ws/build/go2_slam/install.log --install-scripts $base/lib/go2_slam --single-version-externally-managed install_data
