[1.346s] Invoking command in '/home/unitree/go2_ws/src/go2_robot/go2_slam': PYTHONPATH=/home/unitree/go2_ws/build/go2_slam/prefix_override:/usr/lib/python3/dist-packages/colcon_core/task/python/colcon_distutils_commands:/home/unitree/go2_ws/install/go2_slam/lib/python3.8/site-packages:${PYTHONPATH} /usr/bin/python3 -W ignore:setup.py install is deprecated -W ignore:easy_install command is deprecated setup.py egg_info --egg-base ../../../build/go2_slam build --build-base /home/unitree/go2_ws/build/go2_slam/build install --record /home/unitree/go2_ws/build/go2_slam/install.log --install-scripts $base/lib/go2_slam --single-version-externally-managed install_data
[1.754s] /home/unitree/.local/lib/python3.8/site-packages/setuptools/dist.py:717: UserWarning: Usage of dash-separated 'script-dir' will not be supported in future versions. Please use the underscore name 'script_dir' instead
[1.755s]   warnings.warn(
[1.798s] running egg_info
[1.799s] writing ../../../build/go2_slam/go2_slam.egg-info/PKG-INFO
[1.800s] writing dependency_links to ../../../build/go2_slam/go2_slam.egg-info/dependency_links.txt
[1.800s] writing entry points to ../../../build/go2_slam/go2_slam.egg-info/entry_points.txt
[1.800s] writing requirements to ../../../build/go2_slam/go2_slam.egg-info/requires.txt
[1.800s] writing top-level names to ../../../build/go2_slam/go2_slam.egg-info/top_level.txt
[1.805s] reading manifest file '../../../build/go2_slam/go2_slam.egg-info/SOURCES.txt'
[1.807s] writing manifest file '../../../build/go2_slam/go2_slam.egg-info/SOURCES.txt'
[1.807s] running build
[1.807s] running build_py
[1.807s] running install
[1.809s] running install_lib
[1.811s] running install_data
[1.811s] copying launch/slam.launch.py -> /home/unitree/go2_ws/install/go2_slam/share/go2_slam/launch
[1.812s] running install_egg_info
[1.815s] removing '/home/unitree/go2_ws/install/go2_slam/lib/python3.8/site-packages/go2_slam-0.0.0-py3.8.egg-info' (and everything under it)
[1.815s] Copying ../../../build/go2_slam/go2_slam.egg-info to /home/unitree/go2_ws/install/go2_slam/lib/python3.8/site-packages/go2_slam-0.0.0-py3.8.egg-info
[1.817s] running install_scripts
[1.848s] writing list of installed files to '/home/unitree/go2_ws/build/go2_slam/install.log'
[1.902s] Invoked command in '/home/unitree/go2_ws/src/go2_robot/go2_slam' returned '0': PYTHONPATH=/home/unitree/go2_ws/build/go2_slam/prefix_override:/usr/lib/python3/dist-packages/colcon_core/task/python/colcon_distutils_commands:/home/unitree/go2_ws/install/go2_slam/lib/python3.8/site-packages:${PYTHONPATH} /usr/bin/python3 -W ignore:setup.py install is deprecated -W ignore:easy_install command is deprecated setup.py egg_info --egg-base ../../../build/go2_slam build --build-base /home/unitree/go2_ws/build/go2_slam/build install --record /home/unitree/go2_ws/build/go2_slam/install.log --install-scripts $base/lib/go2_slam --single-version-externally-managed install_data
