[0.115s] Invoking command in '/home/unitree/go2_ws/build/unitree_go': CMAKE_PREFIX_PATH=${CMAKE_PREFIX_PATH}:/home/unitree/go2_ws/install/go2_slam:/opt/ros/foxy /usr/bin/cmake --build /home/unitree/go2_ws/build/unitree_go -- -j8 -l8
[0.300s] [  0%] Built target unitree_go__cpp
[0.318s] [  0%] Built target unitree_go__dds_connext_idl
[0.343s] [ 13%] Built target unitree_go__rosidl_generator_c
[0.433s] [ 26%] Built target unitree_go__rosidl_typesupport_cpp
[0.434s] [ 39%] Built target unitree_go__rosidl_typesupport_introspection_cpp
[0.450s] [ 52%] Built target unitree_go__rosidl_typesupport_fastrtps_cpp
[0.459s] [ 64%] Built target unitree_go__rosidl_typesupport_c
[0.466s] [ 76%] Built target unitree_go__rosidl_typesupport_introspection_c
[0.516s] [ 88%] Built target unitree_go__rosidl_typesupport_fastrtps_c
[0.570s] [ 88%] Built target unitree_go
[0.626s] [ 89%] Built target unitree_go__py
[0.709s] [100%] Built target unitree_go__python
[0.770s] [100%] Built target unitree_go__rosidl_typesupport_fastrtps_c__pyext
[0.770s] [100%] Built target unitree_go__rosidl_typesupport_introspection_c__pyext
[0.772s] [100%] Built target unitree_go__rosidl_typesupport_c__pyext
[1.201s] Invoked command in '/home/unitree/go2_ws/build/unitree_go' returned '0': CMAKE_PREFIX_PATH=${CMAKE_PREFIX_PATH}:/home/unitree/go2_ws/install/go2_slam:/opt/ros/foxy /usr/bin/cmake --build /home/unitree/go2_ws/build/unitree_go -- -j8 -l8
[1.206s] Invoking command in '/home/unitree/go2_ws/build/unitree_go': CMAKE_PREFIX_PATH=${CMAKE_PREFIX_PATH}:/home/unitree/go2_ws/install/go2_slam:/opt/ros/foxy /usr/bin/cmake --install /home/unitree/go2_ws/build/unitree_go
[1.246s] -- Install configuration: ""
[1.247s] -- Execute custom install script
[1.248s] -- Up-to-date symlink: /home/unitree/go2_ws/install/unitree_go/share/ament_index/resource_index/rosidl_interfaces/unitree_go
[1.249s] -- Up-to-date symlink: /home/unitree/go2_ws/install/unitree_go/include/unitree_go/msg/audio_data.h
[1.249s] -- Up-to-date symlink: /home/unitree/go2_ws/install/unitree_go/include/unitree_go/msg/bms_cmd.h
[1.249s] -- Up-to-date symlink: /home/unitree/go2_ws/install/unitree_go/include/unitree_go/msg/bms_state.h
[1.249s] -- Up-to-date symlink: /home/unitree/go2_ws/install/unitree_go/include/unitree_go/msg/detail/audio_data__functions.h
[1.249s] -- Up-to-date symlink: /home/unitree/go2_ws/install/unitree_go/include/unitree_go/msg/detail/audio_data__struct.h
[1.249s] -- Up-to-date symlink: /home/unitree/go2_ws/install/unitree_go/include/unitree_go/msg/detail/audio_data__type_support.h
[1.252s] -- Up-to-date symlink: /home/unitree/go2_ws/install/unitree_go/include/unitree_go/msg/detail/bms_cmd__functions.h
[1.253s] -- Up-to-date symlink: /home/unitree/go2_ws/install/unitree_go/include/unitree_go/msg/detail/bms_cmd__struct.h
[1.253s] -- Up-to-date symlink: /home/unitree/go2_ws/install/unitree_go/include/unitree_go/msg/detail/bms_cmd__type_support.h
[1.253s] -- Up-to-date symlink: /home/unitree/go2_ws/install/unitree_go/include/unitree_go/msg/detail/bms_state__functions.h
[1.253s] -- Up-to-date symlink: /home/unitree/go2_ws/install/unitree_go/include/unitree_go/msg/detail/bms_state__struct.h
[1.254s] -- Up-to-date symlink: /home/unitree/go2_ws/install/unitree_go/include/unitree_go/msg/detail/bms_state__type_support.h
[1.254s] -- Up-to-date symlink: /home/unitree/go2_ws/install/unitree_go/include/unitree_go/msg/detail/error__functions.h
[1.255s] -- Up-to-date symlink: /home/unitree/go2_ws/install/unitree_go/include/unitree_go/msg/detail/error__struct.h
[1.256s] -- Up-to-date symlink: /home/unitree/go2_ws/install/unitree_go/include/unitree_go/msg/detail/error__type_support.h
[1.256s] -- Up-to-date symlink: /home/unitree/go2_ws/install/unitree_go/include/unitree_go/msg/detail/height_map__functions.h
[1.257s] -- Up-to-date symlink: /home/unitree/go2_ws/install/unitree_go/include/unitree_go/msg/detail/height_map__struct.h
[1.257s] -- Up-to-date symlink: /home/unitree/go2_ws/install/unitree_go/include/unitree_go/msg/detail/height_map__type_support.h
[1.257s] -- Up-to-date symlink: /home/unitree/go2_ws/install/unitree_go/include/unitree_go/msg/detail/imu_state__functions.h
[1.257s] -- Up-to-date symlink: /home/unitree/go2_ws/install/unitree_go/include/unitree_go/msg/detail/imu_state__struct.h
[1.258s] -- Up-to-date symlink: /home/unitree/go2_ws/install/unitree_go/include/unitree_go/msg/detail/imu_state__type_support.h
[1.258s] -- Up-to-date symlink: /home/unitree/go2_ws/install/unitree_go/include/unitree_go/msg/detail/interface_config__functions.h
[1.259s] -- Up-to-date symlink: /home/unitree/go2_ws/install/unitree_go/include/unitree_go/msg/detail/interface_config__struct.h
[1.259s] -- Up-to-date symlink: /home/unitree/go2_ws/install/unitree_go/include/unitree_go/msg/detail/interface_config__type_support.h
[1.259s] -- Up-to-date symlink: /home/unitree/go2_ws/install/unitree_go/include/unitree_go/msg/detail/lidar_state__functions.h
[1.259s] -- Up-to-date symlink: /home/unitree/go2_ws/install/unitree_go/include/unitree_go/msg/detail/lidar_state__struct.h
[1.261s] -- Up-to-date symlink: /home/unitree/go2_ws/install/unitree_go/include/unitree_go/msg/detail/lidar_state__type_support.h
[1.262s] -- Up-to-date symlink: /home/unitree/go2_ws/install/unitree_go/include/unitree_go/msg/detail/low_cmd__functions.h
[1.263s] -- Up-to-date symlink: /home/unitree/go2_ws/install/unitree_go/include/unitree_go/msg/detail/low_cmd__struct.h
[1.263s] -- Up-to-date symlink: /home/unitree/go2_ws/install/unitree_go/include/unitree_go/msg/detail/low_cmd__type_support.h
[1.264s] -- Up-to-date symlink: /home/unitree/go2_ws/install/unitree_go/include/unitree_go/msg/detail/low_state__functions.h
[1.265s] -- Up-to-date symlink: /home/unitree/go2_ws/install/unitree_go/include/unitree_go/msg/detail/low_state__struct.h
[1.265s] -- Up-to-date symlink: /home/unitree/go2_ws/install/unitree_go/include/unitree_go/msg/detail/low_state__type_support.h
[1.265s] -- Up-to-date symlink: /home/unitree/go2_ws/install/unitree_go/include/unitree_go/msg/detail/motor_cmd__functions.h
[1.265s] -- Up-to-date symlink: /home/unitree/go2_ws/install/unitree_go/include/unitree_go/msg/detail/motor_cmd__struct.h
[1.266s] -- Up-to-date symlink: /home/unitree/go2_ws/install/unitree_go/include/unitree_go/msg/detail/motor_cmd__type_support.h
[1.266s] -- Up-to-date symlink: /home/unitree/go2_ws/install/unitree_go/include/unitree_go/msg/detail/motor_cmds__functions.h
[1.266s] -- Up-to-date symlink: /home/unitree/go2_ws/install/unitree_go/include/unitree_go/msg/detail/motor_cmds__struct.h
[1.267s] -- Up-to-date symlink: /home/unitree/go2_ws/install/unitree_go/include/unitree_go/msg/detail/motor_cmds__type_support.h
[1.267s] -- Up-to-date symlink: /home/unitree/go2_ws/install/unitree_go/include/unitree_go/msg/detail/motor_state__functions.h
[1.267s] -- Up-to-date symlink: /home/unitree/go2_ws/install/unitree_go/include/unitree_go/msg/detail/motor_state__struct.h
[1.267s] -- Up-to-date symlink: /home/unitree/go2_ws/install/unitree_go/include/unitree_go/msg/detail/motor_state__type_support.h
[1.268s] -- Up-to-date symlink: /home/unitree/go2_ws/install/unitree_go/include/unitree_go/msg/detail/motor_states__functions.h
[1.268s] -- Up-to-date symlink: /home/unitree/go2_ws/install/unitree_go/include/unitree_go/msg/detail/motor_states__struct.h
[1.269s] -- Up-to-date symlink: /home/unitree/go2_ws/install/unitree_go/include/unitree_go/msg/detail/motor_states__type_support.h
[1.269s] -- Up-to-date symlink: /home/unitree/go2_ws/install/unitree_go/include/unitree_go/msg/detail/path_point__functions.h
[1.270s] -- Up-to-date symlink: /home/unitree/go2_ws/install/unitree_go/include/unitree_go/msg/detail/path_point__struct.h
[1.270s] -- Up-to-date symlink: /home/unitree/go2_ws/install/unitree_go/include/unitree_go/msg/detail/path_point__type_support.h
[1.270s] -- Up-to-date symlink: /home/unitree/go2_ws/install/unitree_go/include/unitree_go/msg/detail/req__functions.h
[1.270s] -- Up-to-date symlink: /home/unitree/go2_ws/install/unitree_go/include/unitree_go/msg/detail/req__struct.h
[1.270s] -- Up-to-date symlink: /home/unitree/go2_ws/install/unitree_go/include/unitree_go/msg/detail/req__type_support.h
[1.271s] -- Up-to-date symlink: /home/unitree/go2_ws/install/unitree_go/include/unitree_go/msg/detail/res__functions.h
[1.271s] -- Up-to-date symlink: /home/unitree/go2_ws/install/unitree_go/include/unitree_go/msg/detail/res__struct.h
[1.271s] -- Up-to-date symlink: /home/unitree/go2_ws/install/unitree_go/include/unitree_go/msg/detail/res__type_support.h
[1.271s] -- Up-to-date symlink: /home/unitree/go2_ws/install/unitree_go/include/unitree_go/msg/detail/sport_mode_cmd__functions.h
[1.271s] -- Up-to-date symlink: /home/unitree/go2_ws/install/unitree_go/include/unitree_go/msg/detail/sport_mode_cmd__struct.h
[1.272s] -- Up-to-date symlink: /home/unitree/go2_ws/install/unitree_go/include/unitree_go/msg/detail/sport_mode_cmd__type_support.h
[1.272s] -- Up-to-date symlink: /home/unitree/go2_ws/install/unitree_go/include/unitree_go/msg/detail/sport_mode_state__functions.h
[1.272s] -- Up-to-date symlink: /home/unitree/go2_ws/install/unitree_go/include/unitree_go/msg/detail/sport_mode_state__struct.h
[1.272s] -- Up-to-date symlink: /home/unitree/go2_ws/install/unitree_go/include/unitree_go/msg/detail/sport_mode_state__type_support.h
[1.273s] -- Up-to-date symlink: /home/unitree/go2_ws/install/unitree_go/include/unitree_go/msg/detail/time_spec__functions.h
[1.273s] -- Up-to-date symlink: /home/unitree/go2_ws/install/unitree_go/include/unitree_go/msg/detail/time_spec__struct.h
[1.273s] -- Up-to-date symlink: /home/unitree/go2_ws/install/unitree_go/include/unitree_go/msg/detail/time_spec__type_support.h
[1.273s] -- Up-to-date symlink: /home/unitree/go2_ws/install/unitree_go/include/unitree_go/msg/detail/uwb_state__functions.h
[1.274s] -- Up-to-date symlink: /home/unitree/go2_ws/install/unitree_go/include/unitree_go/msg/detail/uwb_state__struct.h
[1.274s] -- Up-to-date symlink: /home/unitree/go2_ws/install/unitree_go/include/unitree_go/msg/detail/uwb_state__type_support.h
[1.274s] -- Up-to-date symlink: /home/unitree/go2_ws/install/unitree_go/include/unitree_go/msg/detail/uwb_switch__functions.h
[1.274s] -- Up-to-date symlink: /home/unitree/go2_ws/install/unitree_go/include/unitree_go/msg/detail/uwb_switch__struct.h
[1.275s] -- Up-to-date symlink: /home/unitree/go2_ws/install/unitree_go/include/unitree_go/msg/detail/uwb_switch__type_support.h
[1.275s] -- Up-to-date symlink: /home/unitree/go2_ws/install/unitree_go/include/unitree_go/msg/detail/wireless_controller__functions.h
[1.275s] -- Up-to-date symlink: /home/unitree/go2_ws/install/unitree_go/include/unitree_go/msg/detail/wireless_controller__struct.h
[1.275s] -- Up-to-date symlink: /home/unitree/go2_ws/install/unitree_go/include/unitree_go/msg/detail/wireless_controller__type_support.h
[1.276s] -- Up-to-date symlink: /home/unitree/go2_ws/install/unitree_go/include/unitree_go/msg/error.h
[1.276s] -- Up-to-date symlink: /home/unitree/go2_ws/install/unitree_go/include/unitree_go/msg/height_map.h
[1.278s] -- Up-to-date symlink: /home/unitree/go2_ws/install/unitree_go/include/unitree_go/msg/imu_state.h
[1.278s] -- Up-to-date symlink: /home/unitree/go2_ws/install/unitree_go/include/unitree_go/msg/interface_config.h
[1.284s] -- Up-to-date symlink: /home/unitree/go2_ws/install/unitree_go/include/unitree_go/msg/lidar_state.h
[1.288s] -- Up-to-date symlink: /home/unitree/go2_ws/install/unitree_go/include/unitree_go/msg/low_cmd.h
[1.288s] -- Up-to-date symlink: /home/unitree/go2_ws/install/unitree_go/include/unitree_go/msg/low_state.h
[1.288s] -- Up-to-date symlink: /home/unitree/go2_ws/install/unitree_go/include/unitree_go/msg/motor_cmd.h
[1.289s] -- Up-to-date symlink: /home/unitree/go2_ws/install/unitree_go/include/unitree_go/msg/motor_cmds.h
[1.290s] -- Up-to-date symlink: /home/unitree/go2_ws/install/unitree_go/include/unitree_go/msg/motor_state.h
[1.296s] -- Up-to-date symlink: /home/unitree/go2_ws/install/unitree_go/include/unitree_go/msg/motor_states.h
[1.296s] -- Up-to-date symlink: /home/unitree/go2_ws/install/unitree_go/include/unitree_go/msg/path_point.h
[1.296s] -- Up-to-date symlink: /home/unitree/go2_ws/install/unitree_go/include/unitree_go/msg/req.h
[1.297s] -- Up-to-date symlink: /home/unitree/go2_ws/install/unitree_go/include/unitree_go/msg/res.h
[1.297s] -- Up-to-date symlink: /home/unitree/go2_ws/install/unitree_go/include/unitree_go/msg/rosidl_generator_c__visibility_control.h
[1.298s] -- Up-to-date symlink: /home/unitree/go2_ws/install/unitree_go/include/unitree_go/msg/sport_mode_cmd.h
[1.298s] -- Up-to-date symlink: /home/unitree/go2_ws/install/unitree_go/include/unitree_go/msg/sport_mode_state.h
[1.298s] -- Up-to-date symlink: /home/unitree/go2_ws/install/unitree_go/include/unitree_go/msg/time_spec.h
[1.299s] -- Up-to-date symlink: /home/unitree/go2_ws/install/unitree_go/include/unitree_go/msg/uwb_state.h
[1.299s] -- Up-to-date symlink: /home/unitree/go2_ws/install/unitree_go/include/unitree_go/msg/uwb_switch.h
[1.299s] -- Up-to-date symlink: /home/unitree/go2_ws/install/unitree_go/include/unitree_go/msg/wireless_controller.h
[1.299s] -- Up-to-date symlink: /home/unitree/go2_ws/install/unitree_go/share/unitree_go/environment/library_path.sh
[1.299s] -- Up-to-date symlink: /home/unitree/go2_ws/install/unitree_go/share/unitree_go/environment/library_path.dsv
[1.302s] -- Up-to-date symlink: /home/unitree/go2_ws/install/unitree_go/include/unitree_go/msg/detail/audio_data__rosidl_typesupport_fastrtps_c.h
[1.302s] -- Up-to-date symlink: /home/unitree/go2_ws/install/unitree_go/include/unitree_go/msg/detail/bms_cmd__rosidl_typesupport_fastrtps_c.h
[1.302s] -- Up-to-date symlink: /home/unitree/go2_ws/install/unitree_go/include/unitree_go/msg/detail/bms_state__rosidl_typesupport_fastrtps_c.h
[1.303s] -- Up-to-date symlink: /home/unitree/go2_ws/install/unitree_go/include/unitree_go/msg/detail/error__rosidl_typesupport_fastrtps_c.h
[1.304s] -- Up-to-date symlink: /home/unitree/go2_ws/install/unitree_go/include/unitree_go/msg/detail/height_map__rosidl_typesupport_fastrtps_c.h
[1.304s] -- Up-to-date symlink: /home/unitree/go2_ws/install/unitree_go/include/unitree_go/msg/detail/imu_state__rosidl_typesupport_fastrtps_c.h
[1.305s] -- Up-to-date symlink: /home/unitree/go2_ws/install/unitree_go/include/unitree_go/msg/detail/interface_config__rosidl_typesupport_fastrtps_c.h
[1.305s] -- Up-to-date symlink: /home/unitree/go2_ws/install/unitree_go/include/unitree_go/msg/detail/lidar_state__rosidl_typesupport_fastrtps_c.h
[1.305s] -- Up-to-date symlink: /home/unitree/go2_ws/install/unitree_go/include/unitree_go/msg/detail/low_cmd__rosidl_typesupport_fastrtps_c.h
[1.306s] -- Up-to-date symlink: /home/unitree/go2_ws/install/unitree_go/include/unitree_go/msg/detail/low_state__rosidl_typesupport_fastrtps_c.h
[1.306s] -- Up-to-date symlink: /home/unitree/go2_ws/install/unitree_go/include/unitree_go/msg/detail/motor_cmd__rosidl_typesupport_fastrtps_c.h
[1.306s] -- Up-to-date symlink: /home/unitree/go2_ws/install/unitree_go/include/unitree_go/msg/detail/motor_cmds__rosidl_typesupport_fastrtps_c.h
[1.306s] -- Up-to-date symlink: /home/unitree/go2_ws/install/unitree_go/include/unitree_go/msg/detail/motor_state__rosidl_typesupport_fastrtps_c.h
[1.307s] -- Up-to-date symlink: /home/unitree/go2_ws/install/unitree_go/include/unitree_go/msg/detail/motor_states__rosidl_typesupport_fastrtps_c.h
[1.307s] -- Up-to-date symlink: /home/unitree/go2_ws/install/unitree_go/include/unitree_go/msg/detail/path_point__rosidl_typesupport_fastrtps_c.h
[1.307s] -- Up-to-date symlink: /home/unitree/go2_ws/install/unitree_go/include/unitree_go/msg/detail/req__rosidl_typesupport_fastrtps_c.h
[1.308s] -- Up-to-date symlink: /home/unitree/go2_ws/install/unitree_go/include/unitree_go/msg/detail/res__rosidl_typesupport_fastrtps_c.h
[1.308s] -- Up-to-date symlink: /home/unitree/go2_ws/install/unitree_go/include/unitree_go/msg/detail/sport_mode_cmd__rosidl_typesupport_fastrtps_c.h
[1.308s] -- Up-to-date symlink: /home/unitree/go2_ws/install/unitree_go/include/unitree_go/msg/detail/sport_mode_state__rosidl_typesupport_fastrtps_c.h
[1.309s] -- Up-to-date symlink: /home/unitree/go2_ws/install/unitree_go/include/unitree_go/msg/detail/time_spec__rosidl_typesupport_fastrtps_c.h
[1.309s] -- Up-to-date symlink: /home/unitree/go2_ws/install/unitree_go/include/unitree_go/msg/detail/uwb_state__rosidl_typesupport_fastrtps_c.h
[1.310s] -- Up-to-date symlink: /home/unitree/go2_ws/install/unitree_go/include/unitree_go/msg/detail/uwb_switch__rosidl_typesupport_fastrtps_c.h
[1.310s] -- Up-to-date symlink: /home/unitree/go2_ws/install/unitree_go/include/unitree_go/msg/detail/wireless_controller__rosidl_typesupport_fastrtps_c.h
[1.310s] -- Up-to-date symlink: /home/unitree/go2_ws/install/unitree_go/include/unitree_go/msg/rosidl_typesupport_fastrtps_c__visibility_control.h
[1.312s] -- Up-to-date symlink: /home/unitree/go2_ws/install/unitree_go/lib/libunitree_go__rosidl_typesupport_fastrtps_c.so
[1.313s] -- Up-to-date symlink: /home/unitree/go2_ws/install/unitree_go/include/unitree_go/msg/detail/audio_data__rosidl_typesupport_fastrtps_cpp.hpp
[1.314s] -- Up-to-date symlink: /home/unitree/go2_ws/install/unitree_go/include/unitree_go/msg/detail/bms_cmd__rosidl_typesupport_fastrtps_cpp.hpp
[1.326s] -- Up-to-date symlink: /home/unitree/go2_ws/install/unitree_go/include/unitree_go/msg/detail/bms_state__rosidl_typesupport_fastrtps_cpp.hpp
[1.328s] -- Up-to-date symlink: /home/unitree/go2_ws/install/unitree_go/include/unitree_go/msg/detail/error__rosidl_typesupport_fastrtps_cpp.hpp
[1.328s] -- Up-to-date symlink: /home/unitree/go2_ws/install/unitree_go/include/unitree_go/msg/detail/height_map__rosidl_typesupport_fastrtps_cpp.hpp
[1.331s] -- Up-to-date symlink: /home/unitree/go2_ws/install/unitree_go/include/unitree_go/msg/detail/imu_state__rosidl_typesupport_fastrtps_cpp.hpp
[1.332s] -- Up-to-date symlink: /home/unitree/go2_ws/install/unitree_go/include/unitree_go/msg/detail/interface_config__rosidl_typesupport_fastrtps_cpp.hpp
[1.333s] -- Up-to-date symlink: /home/unitree/go2_ws/install/unitree_go/include/unitree_go/msg/detail/lidar_state__rosidl_typesupport_fastrtps_cpp.hpp
[1.333s] -- Up-to-date symlink: /home/unitree/go2_ws/install/unitree_go/include/unitree_go/msg/detail/low_cmd__rosidl_typesupport_fastrtps_cpp.hpp
[1.333s] -- Up-to-date symlink: /home/unitree/go2_ws/install/unitree_go/include/unitree_go/msg/detail/low_state__rosidl_typesupport_fastrtps_cpp.hpp
[1.334s] -- Up-to-date symlink: /home/unitree/go2_ws/install/unitree_go/include/unitree_go/msg/detail/motor_cmd__rosidl_typesupport_fastrtps_cpp.hpp
[1.334s] -- Up-to-date symlink: /home/unitree/go2_ws/install/unitree_go/include/unitree_go/msg/detail/motor_cmds__rosidl_typesupport_fastrtps_cpp.hpp
[1.335s] -- Up-to-date symlink: /home/unitree/go2_ws/install/unitree_go/include/unitree_go/msg/detail/motor_state__rosidl_typesupport_fastrtps_cpp.hpp
[1.335s] -- Up-to-date symlink: /home/unitree/go2_ws/install/unitree_go/include/unitree_go/msg/detail/motor_states__rosidl_typesupport_fastrtps_cpp.hpp
[1.336s] -- Up-to-date symlink: /home/unitree/go2_ws/install/unitree_go/include/unitree_go/msg/detail/path_point__rosidl_typesupport_fastrtps_cpp.hpp
[1.336s] -- Up-to-date symlink: /home/unitree/go2_ws/install/unitree_go/include/unitree_go/msg/detail/req__rosidl_typesupport_fastrtps_cpp.hpp
[1.338s] -- Up-to-date symlink: /home/unitree/go2_ws/install/unitree_go/include/unitree_go/msg/detail/res__rosidl_typesupport_fastrtps_cpp.hpp
[1.338s] -- Up-to-date symlink: /home/unitree/go2_ws/install/unitree_go/include/unitree_go/msg/detail/sport_mode_cmd__rosidl_typesupport_fastrtps_cpp.hpp
[1.339s] -- Up-to-date symlink: /home/unitree/go2_ws/install/unitree_go/include/unitree_go/msg/detail/sport_mode_state__rosidl_typesupport_fastrtps_cpp.hpp
[1.339s] -- Up-to-date symlink: /home/unitree/go2_ws/install/unitree_go/include/unitree_go/msg/detail/time_spec__rosidl_typesupport_fastrtps_cpp.hpp
[1.340s] -- Up-to-date symlink: /home/unitree/go2_ws/install/unitree_go/include/unitree_go/msg/detail/uwb_state__rosidl_typesupport_fastrtps_cpp.hpp
[1.343s] -- Up-to-date symlink: /home/unitree/go2_ws/install/unitree_go/include/unitree_go/msg/detail/uwb_switch__rosidl_typesupport_fastrtps_cpp.hpp
[1.346s] -- Up-to-date symlink: /home/unitree/go2_ws/install/unitree_go/include/unitree_go/msg/detail/wireless_controller__rosidl_typesupport_fastrtps_cpp.hpp
[1.346s] -- Up-to-date symlink: /home/unitree/go2_ws/install/unitree_go/include/unitree_go/msg/rosidl_typesupport_fastrtps_cpp__visibility_control.h
[1.347s] -- Up-to-date symlink: /home/unitree/go2_ws/install/unitree_go/lib/libunitree_go__rosidl_typesupport_fastrtps_cpp.so
[1.347s] -- Up-to-date symlink: /home/unitree/go2_ws/install/unitree_go/include/unitree_go/msg/detail/audio_data__rosidl_typesupport_introspection_c.h
[1.347s] -- Up-to-date symlink: /home/unitree/go2_ws/install/unitree_go/include/unitree_go/msg/detail/bms_cmd__rosidl_typesupport_introspection_c.h
[1.347s] -- Up-to-date symlink: /home/unitree/go2_ws/install/unitree_go/include/unitree_go/msg/detail/bms_state__rosidl_typesupport_introspection_c.h
[1.347s] -- Up-to-date symlink: /home/unitree/go2_ws/install/unitree_go/include/unitree_go/msg/detail/error__rosidl_typesupport_introspection_c.h
[1.348s] -- Up-to-date symlink: /home/unitree/go2_ws/install/unitree_go/include/unitree_go/msg/detail/height_map__rosidl_typesupport_introspection_c.h
[1.348s] -- Up-to-date symlink: /home/unitree/go2_ws/install/unitree_go/include/unitree_go/msg/detail/imu_state__rosidl_typesupport_introspection_c.h
[1.348s] -- Up-to-date symlink: /home/unitree/go2_ws/install/unitree_go/include/unitree_go/msg/detail/interface_config__rosidl_typesupport_introspection_c.h
[1.348s] -- Up-to-date symlink: /home/unitree/go2_ws/install/unitree_go/include/unitree_go/msg/detail/lidar_state__rosidl_typesupport_introspection_c.h
[1.348s] -- Up-to-date symlink: /home/unitree/go2_ws/install/unitree_go/include/unitree_go/msg/detail/low_cmd__rosidl_typesupport_introspection_c.h
[1.348s] -- Up-to-date symlink: /home/unitree/go2_ws/install/unitree_go/include/unitree_go/msg/detail/low_state__rosidl_typesupport_introspection_c.h
[1.348s] -- Up-to-date symlink: /home/unitree/go2_ws/install/unitree_go/include/unitree_go/msg/detail/motor_cmd__rosidl_typesupport_introspection_c.h
[1.348s] -- Up-to-date symlink: /home/unitree/go2_ws/install/unitree_go/include/unitree_go/msg/detail/motor_cmds__rosidl_typesupport_introspection_c.h
[1.348s] -- Up-to-date symlink: /home/unitree/go2_ws/install/unitree_go/include/unitree_go/msg/detail/motor_state__rosidl_typesupport_introspection_c.h
[1.349s] -- Up-to-date symlink: /home/unitree/go2_ws/install/unitree_go/include/unitree_go/msg/detail/motor_states__rosidl_typesupport_introspection_c.h
[1.349s] -- Up-to-date symlink: /home/unitree/go2_ws/install/unitree_go/include/unitree_go/msg/detail/path_point__rosidl_typesupport_introspection_c.h
[1.349s] -- Up-to-date symlink: /home/unitree/go2_ws/install/unitree_go/include/unitree_go/msg/detail/req__rosidl_typesupport_introspection_c.h
[1.349s] -- Up-to-date symlink: /home/unitree/go2_ws/install/unitree_go/include/unitree_go/msg/detail/res__rosidl_typesupport_introspection_c.h
[1.349s] -- Up-to-date symlink: /home/unitree/go2_ws/install/unitree_go/include/unitree_go/msg/detail/sport_mode_cmd__rosidl_typesupport_introspection_c.h
[1.349s] -- Up-to-date symlink: /home/unitree/go2_ws/install/unitree_go/include/unitree_go/msg/detail/sport_mode_state__rosidl_typesupport_introspection_c.h
[1.349s] -- Up-to-date symlink: /home/unitree/go2_ws/install/unitree_go/include/unitree_go/msg/detail/time_spec__rosidl_typesupport_introspection_c.h
[1.349s] -- Up-to-date symlink: /home/unitree/go2_ws/install/unitree_go/include/unitree_go/msg/detail/uwb_state__rosidl_typesupport_introspection_c.h
[1.350s] -- Up-to-date symlink: /home/unitree/go2_ws/install/unitree_go/include/unitree_go/msg/detail/uwb_switch__rosidl_typesupport_introspection_c.h
[1.350s] -- Up-to-date symlink: /home/unitree/go2_ws/install/unitree_go/include/unitree_go/msg/detail/wireless_controller__rosidl_typesupport_introspection_c.h
[1.350s] -- Up-to-date symlink: /home/unitree/go2_ws/install/unitree_go/include/unitree_go/msg/rosidl_typesupport_introspection_c__visibility_control.h
[1.351s] -- Up-to-date symlink: /home/unitree/go2_ws/install/unitree_go/include/unitree_go/msg/audio_data.hpp
[1.351s] -- Up-to-date symlink: /home/unitree/go2_ws/install/unitree_go/include/unitree_go/msg/bms_cmd.hpp
[1.351s] -- Up-to-date symlink: /home/unitree/go2_ws/install/unitree_go/include/unitree_go/msg/bms_state.hpp
[1.351s] -- Up-to-date symlink: /home/unitree/go2_ws/install/unitree_go/include/unitree_go/msg/detail/audio_data__builder.hpp
[1.352s] -- Up-to-date symlink: /home/unitree/go2_ws/install/unitree_go/include/unitree_go/msg/detail/audio_data__struct.hpp
[1.352s] -- Up-to-date symlink: /home/unitree/go2_ws/install/unitree_go/include/unitree_go/msg/detail/audio_data__traits.hpp
[1.352s] -- Up-to-date symlink: /home/unitree/go2_ws/install/unitree_go/include/unitree_go/msg/detail/audio_data__type_support.hpp
[1.353s] -- Up-to-date symlink: /home/unitree/go2_ws/install/unitree_go/include/unitree_go/msg/detail/bms_cmd__builder.hpp
[1.353s] -- Up-to-date symlink: /home/unitree/go2_ws/install/unitree_go/include/unitree_go/msg/detail/bms_cmd__struct.hpp
[1.354s] -- Up-to-date symlink: /home/unitree/go2_ws/install/unitree_go/include/unitree_go/msg/detail/bms_cmd__traits.hpp
[1.354s] -- Up-to-date symlink: /home/unitree/go2_ws/install/unitree_go/include/unitree_go/msg/detail/bms_cmd__type_support.hpp
[1.355s] -- Up-to-date symlink: /home/unitree/go2_ws/install/unitree_go/include/unitree_go/msg/detail/bms_state__builder.hpp
[1.356s] -- Up-to-date symlink: /home/unitree/go2_ws/install/unitree_go/include/unitree_go/msg/detail/bms_state__struct.hpp
[1.357s] -- Up-to-date symlink: /home/unitree/go2_ws/install/unitree_go/include/unitree_go/msg/detail/bms_state__traits.hpp
[1.359s] -- Up-to-date symlink: /home/unitree/go2_ws/install/unitree_go/include/unitree_go/msg/detail/bms_state__type_support.hpp
[1.364s] -- Up-to-date symlink: /home/unitree/go2_ws/install/unitree_go/include/unitree_go/msg/detail/error__builder.hpp
[1.364s] -- Up-to-date symlink: /home/unitree/go2_ws/install/unitree_go/include/unitree_go/msg/detail/error__struct.hpp
[1.365s] -- Up-to-date symlink: /home/unitree/go2_ws/install/unitree_go/include/unitree_go/msg/detail/error__traits.hpp
[1.365s] -- Up-to-date symlink: /home/unitree/go2_ws/install/unitree_go/include/unitree_go/msg/detail/error__type_support.hpp
[1.365s] -- Up-to-date symlink: /home/unitree/go2_ws/install/unitree_go/include/unitree_go/msg/detail/height_map__builder.hpp
[1.365s] -- Up-to-date symlink: /home/unitree/go2_ws/install/unitree_go/include/unitree_go/msg/detail/height_map__struct.hpp
[1.365s] -- Up-to-date symlink: /home/unitree/go2_ws/install/unitree_go/include/unitree_go/msg/detail/height_map__traits.hpp
[1.365s] -- Up-to-date symlink: /home/unitree/go2_ws/install/unitree_go/include/unitree_go/msg/detail/height_map__type_support.hpp
[1.365s] -- Up-to-date symlink: /home/unitree/go2_ws/install/unitree_go/include/unitree_go/msg/detail/imu_state__builder.hpp
[1.366s] -- Up-to-date symlink: /home/unitree/go2_ws/install/unitree_go/include/unitree_go/msg/detail/imu_state__struct.hpp
[1.366s] -- Up-to-date symlink: /home/unitree/go2_ws/install/unitree_go/include/unitree_go/msg/detail/imu_state__traits.hpp
[1.366s] -- Up-to-date symlink: /home/unitree/go2_ws/install/unitree_go/include/unitree_go/msg/detail/imu_state__type_support.hpp
[1.367s] -- Up-to-date symlink: /home/unitree/go2_ws/install/unitree_go/include/unitree_go/msg/detail/interface_config__builder.hpp
[1.367s] -- Up-to-date symlink: /home/unitree/go2_ws/install/unitree_go/include/unitree_go/msg/detail/interface_config__struct.hpp
[1.367s] -- Up-to-date symlink: /home/unitree/go2_ws/install/unitree_go/include/unitree_go/msg/detail/interface_config__traits.hpp
[1.367s] -- Up-to-date symlink: /home/unitree/go2_ws/install/unitree_go/include/unitree_go/msg/detail/interface_config__type_support.hpp
[1.367s] -- Up-to-date symlink: /home/unitree/go2_ws/install/unitree_go/include/unitree_go/msg/detail/lidar_state__builder.hpp
[1.368s] -- Up-to-date symlink: /home/unitree/go2_ws/install/unitree_go/include/unitree_go/msg/detail/lidar_state__struct.hpp
[1.368s] -- Up-to-date symlink: /home/unitree/go2_ws/install/unitree_go/include/unitree_go/msg/detail/lidar_state__traits.hpp
[1.368s] -- Up-to-date symlink: /home/unitree/go2_ws/install/unitree_go/include/unitree_go/msg/detail/lidar_state__type_support.hpp
[1.368s] -- Up-to-date symlink: /home/unitree/go2_ws/install/unitree_go/include/unitree_go/msg/detail/low_cmd__builder.hpp
[1.368s] -- Up-to-date symlink: /home/unitree/go2_ws/install/unitree_go/include/unitree_go/msg/detail/low_cmd__struct.hpp
[1.369s] -- Up-to-date symlink: /home/unitree/go2_ws/install/unitree_go/include/unitree_go/msg/detail/low_cmd__traits.hpp
[1.369s] -- Up-to-date symlink: /home/unitree/go2_ws/install/unitree_go/include/unitree_go/msg/detail/low_cmd__type_support.hpp
[1.369s] -- Up-to-date symlink: /home/unitree/go2_ws/install/unitree_go/include/unitree_go/msg/detail/low_state__builder.hpp
[1.369s] -- Up-to-date symlink: /home/unitree/go2_ws/install/unitree_go/include/unitree_go/msg/detail/low_state__struct.hpp
[1.369s] -- Up-to-date symlink: /home/unitree/go2_ws/install/unitree_go/include/unitree_go/msg/detail/low_state__traits.hpp
[1.369s] -- Up-to-date symlink: /home/unitree/go2_ws/install/unitree_go/include/unitree_go/msg/detail/low_state__type_support.hpp
[1.369s] -- Up-to-date symlink: /home/unitree/go2_ws/install/unitree_go/include/unitree_go/msg/detail/motor_cmd__builder.hpp
[1.369s] -- Up-to-date symlink: /home/unitree/go2_ws/install/unitree_go/include/unitree_go/msg/detail/motor_cmd__struct.hpp
[1.369s] -- Up-to-date symlink: /home/unitree/go2_ws/install/unitree_go/include/unitree_go/msg/detail/motor_cmd__traits.hpp
[1.369s] -- Up-to-date symlink: /home/unitree/go2_ws/install/unitree_go/include/unitree_go/msg/detail/motor_cmd__type_support.hpp
[1.370s] -- Up-to-date symlink: /home/unitree/go2_ws/install/unitree_go/include/unitree_go/msg/detail/motor_cmds__builder.hpp
[1.370s] -- Up-to-date symlink: /home/unitree/go2_ws/install/unitree_go/include/unitree_go/msg/detail/motor_cmds__struct.hpp
[1.370s] -- Up-to-date symlink: /home/unitree/go2_ws/install/unitree_go/include/unitree_go/msg/detail/motor_cmds__traits.hpp
[1.370s] -- Up-to-date symlink: /home/unitree/go2_ws/install/unitree_go/include/unitree_go/msg/detail/motor_cmds__type_support.hpp
[1.370s] -- Up-to-date symlink: /home/unitree/go2_ws/install/unitree_go/include/unitree_go/msg/detail/motor_state__builder.hpp
[1.370s] -- Up-to-date symlink: /home/unitree/go2_ws/install/unitree_go/include/unitree_go/msg/detail/motor_state__struct.hpp
[1.370s] -- Up-to-date symlink: /home/unitree/go2_ws/install/unitree_go/include/unitree_go/msg/detail/motor_state__traits.hpp
[1.371s] -- Up-to-date symlink: /home/unitree/go2_ws/install/unitree_go/include/unitree_go/msg/detail/motor_state__type_support.hpp
[1.372s] -- Up-to-date symlink: /home/unitree/go2_ws/install/unitree_go/include/unitree_go/msg/detail/motor_states__builder.hpp
[1.373s] -- Up-to-date symlink: /home/unitree/go2_ws/install/unitree_go/include/unitree_go/msg/detail/motor_states__struct.hpp
[1.375s] -- Up-to-date symlink: /home/unitree/go2_ws/install/unitree_go/include/unitree_go/msg/detail/motor_states__traits.hpp
[1.376s] -- Up-to-date symlink: /home/unitree/go2_ws/install/unitree_go/include/unitree_go/msg/detail/motor_states__type_support.hpp
[1.376s] -- Up-to-date symlink: /home/unitree/go2_ws/install/unitree_go/include/unitree_go/msg/detail/path_point__builder.hpp
[1.377s] -- Up-to-date symlink: /home/unitree/go2_ws/install/unitree_go/include/unitree_go/msg/detail/path_point__struct.hpp
[1.377s] -- Up-to-date symlink: /home/unitree/go2_ws/install/unitree_go/include/unitree_go/msg/detail/path_point__traits.hpp
[1.378s] -- Up-to-date symlink: /home/unitree/go2_ws/install/unitree_go/include/unitree_go/msg/detail/path_point__type_support.hpp
[1.379s] -- Up-to-date symlink: /home/unitree/go2_ws/install/unitree_go/include/unitree_go/msg/detail/req__builder.hpp
[1.379s] -- Up-to-date symlink: /home/unitree/go2_ws/install/unitree_go/include/unitree_go/msg/detail/req__struct.hpp
[1.379s] -- Up-to-date symlink: /home/unitree/go2_ws/install/unitree_go/include/unitree_go/msg/detail/req__traits.hpp
[1.380s] -- Up-to-date symlink: /home/unitree/go2_ws/install/unitree_go/include/unitree_go/msg/detail/req__type_support.hpp
[1.381s] -- Up-to-date symlink: /home/unitree/go2_ws/install/unitree_go/include/unitree_go/msg/detail/res__builder.hpp
[1.382s] -- Up-to-date symlink: /home/unitree/go2_ws/install/unitree_go/include/unitree_go/msg/detail/res__struct.hpp
[1.383s] -- Up-to-date symlink: /home/unitree/go2_ws/install/unitree_go/include/unitree_go/msg/detail/res__traits.hpp
[1.384s] -- Up-to-date symlink: /home/unitree/go2_ws/install/unitree_go/include/unitree_go/msg/detail/res__type_support.hpp
[1.385s] -- Up-to-date symlink: /home/unitree/go2_ws/install/unitree_go/include/unitree_go/msg/detail/sport_mode_cmd__builder.hpp
[1.385s] -- Up-to-date symlink: /home/unitree/go2_ws/install/unitree_go/include/unitree_go/msg/detail/sport_mode_cmd__struct.hpp
[1.386s] -- Up-to-date symlink: /home/unitree/go2_ws/install/unitree_go/include/unitree_go/msg/detail/sport_mode_cmd__traits.hpp
[1.386s] -- Up-to-date symlink: /home/unitree/go2_ws/install/unitree_go/include/unitree_go/msg/detail/sport_mode_cmd__type_support.hpp
[1.386s] -- Up-to-date symlink: /home/unitree/go2_ws/install/unitree_go/include/unitree_go/msg/detail/sport_mode_state__builder.hpp
[1.387s] -- Up-to-date symlink: /home/unitree/go2_ws/install/unitree_go/include/unitree_go/msg/detail/sport_mode_state__struct.hpp
[1.387s] -- Up-to-date symlink: /home/unitree/go2_ws/install/unitree_go/include/unitree_go/msg/detail/sport_mode_state__traits.hpp
[1.388s] -- Up-to-date symlink: /home/unitree/go2_ws/install/unitree_go/include/unitree_go/msg/detail/sport_mode_state__type_support.hpp
[1.388s] -- Up-to-date symlink: /home/unitree/go2_ws/install/unitree_go/include/unitree_go/msg/detail/time_spec__builder.hpp
[1.389s] -- Up-to-date symlink: /home/unitree/go2_ws/install/unitree_go/include/unitree_go/msg/detail/time_spec__struct.hpp
[1.389s] -- Up-to-date symlink: /home/unitree/go2_ws/install/unitree_go/include/unitree_go/msg/detail/time_spec__traits.hpp
[1.389s] -- Up-to-date symlink: /home/unitree/go2_ws/install/unitree_go/include/unitree_go/msg/detail/time_spec__type_support.hpp
[1.390s] -- Up-to-date symlink: /home/unitree/go2_ws/install/unitree_go/include/unitree_go/msg/detail/uwb_state__builder.hpp
[1.390s] -- Up-to-date symlink: /home/unitree/go2_ws/install/unitree_go/include/unitree_go/msg/detail/uwb_state__struct.hpp
[1.391s] -- Up-to-date symlink: /home/unitree/go2_ws/install/unitree_go/include/unitree_go/msg/detail/uwb_state__traits.hpp
[1.391s] -- Up-to-date symlink: /home/unitree/go2_ws/install/unitree_go/include/unitree_go/msg/detail/uwb_state__type_support.hpp
[1.391s] -- Up-to-date symlink: /home/unitree/go2_ws/install/unitree_go/include/unitree_go/msg/detail/uwb_switch__builder.hpp
[1.392s] -- Up-to-date symlink: /home/unitree/go2_ws/install/unitree_go/include/unitree_go/msg/detail/uwb_switch__struct.hpp
[1.398s] -- Up-to-date symlink: /home/unitree/go2_ws/install/unitree_go/include/unitree_go/msg/detail/uwb_switch__traits.hpp
[1.404s] -- Up-to-date symlink: /home/unitree/go2_ws/install/unitree_go/include/unitree_go/msg/detail/uwb_switch__type_support.hpp
[1.417s] -- Up-to-date symlink: /home/unitree/go2_ws/install/unitree_go/include/unitree_go/msg/detail/wireless_controller__builder.hpp
[1.417s] -- Up-to-date symlink: /home/unitree/go2_ws/install/unitree_go/include/unitree_go/msg/detail/wireless_controller__struct.hpp
[1.417s] -- Up-to-date symlink: /home/unitree/go2_ws/install/unitree_go/include/unitree_go/msg/detail/wireless_controller__traits.hpp
[1.417s] -- Up-to-date symlink: /home/unitree/go2_ws/install/unitree_go/include/unitree_go/msg/detail/wireless_controller__type_support.hpp
[1.417s] -- Up-to-date symlink: /home/unitree/go2_ws/install/unitree_go/include/unitree_go/msg/error.hpp
[1.417s] -- Up-to-date symlink: /home/unitree/go2_ws/install/unitree_go/include/unitree_go/msg/height_map.hpp
[1.418s] -- Up-to-date symlink: /home/unitree/go2_ws/install/unitree_go/include/unitree_go/msg/imu_state.hpp
[1.419s] -- Up-to-date symlink: /home/unitree/go2_ws/install/unitree_go/include/unitree_go/msg/interface_config.hpp
[1.419s] -- Up-to-date symlink: /home/unitree/go2_ws/install/unitree_go/include/unitree_go/msg/lidar_state.hpp
[1.419s] -- Up-to-date symlink: /home/unitree/go2_ws/install/unitree_go/include/unitree_go/msg/low_cmd.hpp
[1.419s] -- Up-to-date symlink: /home/unitree/go2_ws/install/unitree_go/include/unitree_go/msg/low_state.hpp
[1.419s] -- Up-to-date symlink: /home/unitree/go2_ws/install/unitree_go/include/unitree_go/msg/motor_cmd.hpp
[1.419s] -- Up-to-date symlink: /home/unitree/go2_ws/install/unitree_go/include/unitree_go/msg/motor_cmds.hpp
[1.419s] -- Up-to-date symlink: /home/unitree/go2_ws/install/unitree_go/include/unitree_go/msg/motor_state.hpp
[1.419s] -- Up-to-date symlink: /home/unitree/go2_ws/install/unitree_go/include/unitree_go/msg/motor_states.hpp
[1.420s] -- Up-to-date symlink: /home/unitree/go2_ws/install/unitree_go/include/unitree_go/msg/path_point.hpp
[1.420s] -- Up-to-date symlink: /home/unitree/go2_ws/install/unitree_go/include/unitree_go/msg/req.hpp
[1.420s] -- Up-to-date symlink: /home/unitree/go2_ws/install/unitree_go/include/unitree_go/msg/res.hpp
[1.420s] -- Up-to-date symlink: /home/unitree/go2_ws/install/unitree_go/include/unitree_go/msg/rosidl_generator_cpp__visibility_control.hpp
[1.420s] -- Up-to-date symlink: /home/unitree/go2_ws/install/unitree_go/include/unitree_go/msg/sport_mode_cmd.hpp
[1.420s] -- Up-to-date symlink: /home/unitree/go2_ws/install/unitree_go/include/unitree_go/msg/sport_mode_state.hpp
[1.420s] -- Up-to-date symlink: /home/unitree/go2_ws/install/unitree_go/include/unitree_go/msg/time_spec.hpp
[1.420s] -- Up-to-date symlink: /home/unitree/go2_ws/install/unitree_go/include/unitree_go/msg/uwb_state.hpp
[1.420s] -- Up-to-date symlink: /home/unitree/go2_ws/install/unitree_go/include/unitree_go/msg/uwb_switch.hpp
[1.420s] -- Up-to-date symlink: /home/unitree/go2_ws/install/unitree_go/include/unitree_go/msg/wireless_controller.hpp
[1.421s] -- Up-to-date symlink: /home/unitree/go2_ws/install/unitree_go/include/unitree_go/msg/detail/audio_data__rosidl_typesupport_introspection_cpp.hpp
[1.421s] -- Up-to-date symlink: /home/unitree/go2_ws/install/unitree_go/include/unitree_go/msg/detail/bms_cmd__rosidl_typesupport_introspection_cpp.hpp
[1.421s] -- Up-to-date symlink: /home/unitree/go2_ws/install/unitree_go/include/unitree_go/msg/detail/bms_state__rosidl_typesupport_introspection_cpp.hpp
[1.421s] -- Up-to-date symlink: /home/unitree/go2_ws/install/unitree_go/include/unitree_go/msg/detail/error__rosidl_typesupport_introspection_cpp.hpp
[1.421s] -- Up-to-date symlink: /home/unitree/go2_ws/install/unitree_go/include/unitree_go/msg/detail/height_map__rosidl_typesupport_introspection_cpp.hpp
[1.421s] -- Up-to-date symlink: /home/unitree/go2_ws/install/unitree_go/include/unitree_go/msg/detail/imu_state__rosidl_typesupport_introspection_cpp.hpp
[1.421s] -- Up-to-date symlink: /home/unitree/go2_ws/install/unitree_go/include/unitree_go/msg/detail/interface_config__rosidl_typesupport_introspection_cpp.hpp
[1.421s] -- Up-to-date symlink: /home/unitree/go2_ws/install/unitree_go/include/unitree_go/msg/detail/lidar_state__rosidl_typesupport_introspection_cpp.hpp
[1.421s] -- Up-to-date symlink: /home/unitree/go2_ws/install/unitree_go/include/unitree_go/msg/detail/low_cmd__rosidl_typesupport_introspection_cpp.hpp
[1.421s] -- Up-to-date symlink: /home/unitree/go2_ws/install/unitree_go/include/unitree_go/msg/detail/low_state__rosidl_typesupport_introspection_cpp.hpp
[1.422s] -- Up-to-date symlink: /home/unitree/go2_ws/install/unitree_go/include/unitree_go/msg/detail/motor_cmd__rosidl_typesupport_introspection_cpp.hpp
[1.422s] -- Up-to-date symlink: /home/unitree/go2_ws/install/unitree_go/include/unitree_go/msg/detail/motor_cmds__rosidl_typesupport_introspection_cpp.hpp
[1.422s] -- Up-to-date symlink: /home/unitree/go2_ws/install/unitree_go/include/unitree_go/msg/detail/motor_state__rosidl_typesupport_introspection_cpp.hpp
[1.422s] -- Up-to-date symlink: /home/unitree/go2_ws/install/unitree_go/include/unitree_go/msg/detail/motor_states__rosidl_typesupport_introspection_cpp.hpp
[1.422s] -- Up-to-date symlink: /home/unitree/go2_ws/install/unitree_go/include/unitree_go/msg/detail/path_point__rosidl_typesupport_introspection_cpp.hpp
[1.422s] -- Up-to-date symlink: /home/unitree/go2_ws/install/unitree_go/include/unitree_go/msg/detail/req__rosidl_typesupport_introspection_cpp.hpp
[1.422s] -- Up-to-date symlink: /home/unitree/go2_ws/install/unitree_go/include/unitree_go/msg/detail/res__rosidl_typesupport_introspection_cpp.hpp
[1.422s] -- Up-to-date symlink: /home/unitree/go2_ws/install/unitree_go/include/unitree_go/msg/detail/sport_mode_cmd__rosidl_typesupport_introspection_cpp.hpp
[1.422s] -- Up-to-date symlink: /home/unitree/go2_ws/install/unitree_go/include/unitree_go/msg/detail/sport_mode_state__rosidl_typesupport_introspection_cpp.hpp
[1.422s] -- Up-to-date symlink: /home/unitree/go2_ws/install/unitree_go/include/unitree_go/msg/detail/time_spec__rosidl_typesupport_introspection_cpp.hpp
[1.422s] -- Up-to-date symlink: /home/unitree/go2_ws/install/unitree_go/include/unitree_go/msg/detail/uwb_state__rosidl_typesupport_introspection_cpp.hpp
[1.423s] -- Up-to-date symlink: /home/unitree/go2_ws/install/unitree_go/include/unitree_go/msg/detail/uwb_switch__rosidl_typesupport_introspection_cpp.hpp
[1.423s] -- Up-to-date symlink: /home/unitree/go2_ws/install/unitree_go/include/unitree_go/msg/detail/wireless_controller__rosidl_typesupport_introspection_cpp.hpp
[1.423s] -- Up-to-date symlink: /home/unitree/go2_ws/install/unitree_go/share/unitree_go/environment/pythonpath.sh
[1.423s] -- Up-to-date symlink: /home/unitree/go2_ws/install/unitree_go/share/unitree_go/environment/pythonpath.dsv
[1.425s] -- Up-to-date symlink: /home/unitree/go2_ws/install/unitree_go/lib/python3.8/site-packages/unitree_go/__init__.py
[1.427s] -- Up-to-date symlink: /home/unitree/go2_ws/install/unitree_go/lib/python3.8/site-packages/unitree_go/msg/__init__.py
[1.427s] -- Up-to-date symlink: /home/unitree/go2_ws/install/unitree_go/lib/python3.8/site-packages/unitree_go/msg/_audio_data.py
[1.428s] -- Up-to-date symlink: /home/unitree/go2_ws/install/unitree_go/lib/python3.8/site-packages/unitree_go/msg/_bms_cmd.py
[1.429s] -- Up-to-date symlink: /home/unitree/go2_ws/install/unitree_go/lib/python3.8/site-packages/unitree_go/msg/_bms_state.py
[1.429s] -- Up-to-date symlink: /home/unitree/go2_ws/install/unitree_go/lib/python3.8/site-packages/unitree_go/msg/_error.py
[1.429s] -- Up-to-date symlink: /home/unitree/go2_ws/install/unitree_go/lib/python3.8/site-packages/unitree_go/msg/_height_map.py
[1.429s] -- Up-to-date symlink: /home/unitree/go2_ws/install/unitree_go/lib/python3.8/site-packages/unitree_go/msg/_imu_state.py
[1.429s] -- Up-to-date symlink: /home/unitree/go2_ws/install/unitree_go/lib/python3.8/site-packages/unitree_go/msg/_interface_config.py
[1.430s] -- Up-to-date symlink: /home/unitree/go2_ws/install/unitree_go/lib/python3.8/site-packages/unitree_go/msg/_lidar_state.py
[1.430s] -- Up-to-date symlink: /home/unitree/go2_ws/install/unitree_go/lib/python3.8/site-packages/unitree_go/msg/_low_cmd.py
[1.431s] -- Up-to-date symlink: /home/unitree/go2_ws/install/unitree_go/lib/python3.8/site-packages/unitree_go/msg/_low_state.py
[1.431s] -- Up-to-date symlink: /home/unitree/go2_ws/install/unitree_go/lib/python3.8/site-packages/unitree_go/msg/_motor_cmd.py
[1.431s] -- Up-to-date symlink: /home/unitree/go2_ws/install/unitree_go/lib/python3.8/site-packages/unitree_go/msg/_motor_cmds.py
[1.431s] -- Up-to-date symlink: /home/unitree/go2_ws/install/unitree_go/lib/python3.8/site-packages/unitree_go/msg/_motor_state.py
[1.432s] -- Up-to-date symlink: /home/unitree/go2_ws/install/unitree_go/lib/python3.8/site-packages/unitree_go/msg/_motor_states.py
[1.432s] -- Up-to-date symlink: /home/unitree/go2_ws/install/unitree_go/lib/python3.8/site-packages/unitree_go/msg/_path_point.py
[1.432s] -- Up-to-date symlink: /home/unitree/go2_ws/install/unitree_go/lib/python3.8/site-packages/unitree_go/msg/_req.py
[1.433s] -- Up-to-date symlink: /home/unitree/go2_ws/install/unitree_go/lib/python3.8/site-packages/unitree_go/msg/_res.py
[1.433s] -- Up-to-date symlink: /home/unitree/go2_ws/install/unitree_go/lib/python3.8/site-packages/unitree_go/msg/_sport_mode_cmd.py
[1.433s] -- Up-to-date symlink: /home/unitree/go2_ws/install/unitree_go/lib/python3.8/site-packages/unitree_go/msg/_sport_mode_state.py
[1.434s] -- Up-to-date symlink: /home/unitree/go2_ws/install/unitree_go/lib/python3.8/site-packages/unitree_go/msg/_time_spec.py
[1.440s] -- Up-to-date symlink: /home/unitree/go2_ws/install/unitree_go/lib/python3.8/site-packages/unitree_go/msg/_uwb_state.py
[1.441s] -- Up-to-date symlink: /home/unitree/go2_ws/install/unitree_go/lib/python3.8/site-packages/unitree_go/msg/_uwb_switch.py
[1.441s] -- Up-to-date symlink: /home/unitree/go2_ws/install/unitree_go/lib/python3.8/site-packages/unitree_go/msg/_wireless_controller.py
[1.443s] -- Up-to-date symlink: /home/unitree/go2_ws/install/unitree_go/lib/python3.8/site-packages/unitree_go/unitree_go_s__rosidl_typesupport_fastrtps_c.cpython-38-aarch64-linux-gnu.so
[1.445s] -- Up-to-date symlink: /home/unitree/go2_ws/install/unitree_go/lib/python3.8/site-packages/unitree_go/unitree_go_s__rosidl_typesupport_introspection_c.cpython-38-aarch64-linux-gnu.so
[1.445s] -- Up-to-date symlink: /home/unitree/go2_ws/install/unitree_go/lib/python3.8/site-packages/unitree_go/unitree_go_s__rosidl_typesupport_c.cpython-38-aarch64-linux-gnu.so
[1.446s] -- Up-to-date symlink: /home/unitree/go2_ws/install/unitree_go/lib/libunitree_go__python.so
[1.446s] -- Up-to-date symlink: /home/unitree/go2_ws/install/unitree_go/share/unitree_go/msg/AudioData.idl
[1.447s] -- Up-to-date symlink: /home/unitree/go2_ws/install/unitree_go/share/unitree_go/msg/BmsCmd.idl
[1.447s] -- Up-to-date symlink: /home/unitree/go2_ws/install/unitree_go/share/unitree_go/msg/BmsState.idl
[1.448s] -- Up-to-date symlink: /home/unitree/go2_ws/install/unitree_go/share/unitree_go/msg/Error.idl
[1.448s] -- Up-to-date symlink: /home/unitree/go2_ws/install/unitree_go/share/unitree_go/msg/HeightMap.idl
[1.449s] -- Up-to-date symlink: /home/unitree/go2_ws/install/unitree_go/share/unitree_go/msg/IMUState.idl
[1.449s] -- Up-to-date symlink: /home/unitree/go2_ws/install/unitree_go/share/unitree_go/msg/InterfaceConfig.idl
[1.449s] -- Up-to-date symlink: /home/unitree/go2_ws/install/unitree_go/share/unitree_go/msg/LidarState.idl
[1.450s] -- Up-to-date symlink: /home/unitree/go2_ws/install/unitree_go/share/unitree_go/msg/LowCmd.idl
[1.450s] -- Up-to-date symlink: /home/unitree/go2_ws/install/unitree_go/share/unitree_go/msg/LowState.idl
[1.451s] -- Up-to-date symlink: /home/unitree/go2_ws/install/unitree_go/share/unitree_go/msg/MotorCmd.idl
[1.451s] -- Up-to-date symlink: /home/unitree/go2_ws/install/unitree_go/share/unitree_go/msg/MotorCmds.idl
[1.452s] -- Up-to-date symlink: /home/unitree/go2_ws/install/unitree_go/share/unitree_go/msg/MotorState.idl
[1.452s] -- Up-to-date symlink: /home/unitree/go2_ws/install/unitree_go/share/unitree_go/msg/MotorStates.idl
[1.453s] -- Up-to-date symlink: /home/unitree/go2_ws/install/unitree_go/share/unitree_go/msg/PathPoint.idl
[1.453s] -- Up-to-date symlink: /home/unitree/go2_ws/install/unitree_go/share/unitree_go/msg/Req.idl
[1.454s] -- Up-to-date symlink: /home/unitree/go2_ws/install/unitree_go/share/unitree_go/msg/Res.idl
[1.454s] -- Up-to-date symlink: /home/unitree/go2_ws/install/unitree_go/share/unitree_go/msg/SportModeCmd.idl
[1.454s] -- Up-to-date symlink: /home/unitree/go2_ws/install/unitree_go/share/unitree_go/msg/SportModeState.idl
[1.455s] -- Up-to-date symlink: /home/unitree/go2_ws/install/unitree_go/share/unitree_go/msg/TimeSpec.idl
[1.455s] -- Up-to-date symlink: /home/unitree/go2_ws/install/unitree_go/share/unitree_go/msg/UwbState.idl
[1.457s] -- Up-to-date symlink: /home/unitree/go2_ws/install/unitree_go/share/unitree_go/msg/UwbSwitch.idl
[1.462s] -- Up-to-date symlink: /home/unitree/go2_ws/install/unitree_go/share/unitree_go/msg/WirelessController.idl
[1.462s] -- Up-to-date symlink: /home/unitree/go2_ws/install/unitree_go/share/unitree_go/msg/AudioData.msg
[1.462s] -- Up-to-date symlink: /home/unitree/go2_ws/install/unitree_go/share/unitree_go/msg/BmsCmd.msg
[1.462s] -- Up-to-date symlink: /home/unitree/go2_ws/install/unitree_go/share/unitree_go/msg/BmsState.msg
[1.462s] -- Up-to-date symlink: /home/unitree/go2_ws/install/unitree_go/share/unitree_go/msg/Error.msg
[1.462s] -- Up-to-date symlink: /home/unitree/go2_ws/install/unitree_go/share/unitree_go/msg/HeightMap.msg
[1.463s] -- Up-to-date symlink: /home/unitree/go2_ws/install/unitree_go/share/unitree_go/msg/IMUState.msg
[1.463s] -- Up-to-date symlink: /home/unitree/go2_ws/install/unitree_go/share/unitree_go/msg/InterfaceConfig.msg
[1.463s] -- Up-to-date symlink: /home/unitree/go2_ws/install/unitree_go/share/unitree_go/msg/LidarState.msg
[1.467s] -- Up-to-date symlink: /home/unitree/go2_ws/install/unitree_go/share/unitree_go/msg/LowCmd.msg
[1.467s] -- Up-to-date symlink: /home/unitree/go2_ws/install/unitree_go/share/unitree_go/msg/LowState.msg
[1.467s] -- Up-to-date symlink: /home/unitree/go2_ws/install/unitree_go/share/unitree_go/msg/MotorCmd.msg
[1.468s] -- Up-to-date symlink: /home/unitree/go2_ws/install/unitree_go/share/unitree_go/msg/MotorCmds.msg
[1.468s] -- Up-to-date symlink: /home/unitree/go2_ws/install/unitree_go/share/unitree_go/msg/MotorState.msg
[1.468s] -- Up-to-date symlink: /home/unitree/go2_ws/install/unitree_go/share/unitree_go/msg/MotorStates.msg
[1.468s] -- Up-to-date symlink: /home/unitree/go2_ws/install/unitree_go/share/unitree_go/msg/PathPoint.msg
[1.468s] -- Up-to-date symlink: /home/unitree/go2_ws/install/unitree_go/share/unitree_go/msg/Req.msg
[1.468s] -- Up-to-date symlink: /home/unitree/go2_ws/install/unitree_go/share/unitree_go/msg/Res.msg
[1.468s] -- Up-to-date symlink: /home/unitree/go2_ws/install/unitree_go/share/unitree_go/msg/SportModeCmd.msg
[1.468s] -- Up-to-date symlink: /home/unitree/go2_ws/install/unitree_go/share/unitree_go/msg/SportModeState.msg
[1.468s] -- Up-to-date symlink: /home/unitree/go2_ws/install/unitree_go/share/unitree_go/msg/TimeSpec.msg
[1.470s] -- Up-to-date symlink: /home/unitree/go2_ws/install/unitree_go/share/unitree_go/msg/UwbState.msg
[1.471s] -- Up-to-date symlink: /home/unitree/go2_ws/install/unitree_go/share/unitree_go/msg/UwbSwitch.msg
[1.472s] -- Up-to-date symlink: /home/unitree/go2_ws/install/unitree_go/share/unitree_go/msg/WirelessController.msg
[1.476s] -- Up-to-date symlink: /home/unitree/go2_ws/install/unitree_go/share/unitree_go/msg/dds_connext/AudioData_.idl
[1.478s] -- Up-to-date symlink: /home/unitree/go2_ws/install/unitree_go/share/unitree_go/msg/dds_connext/BmsCmd_.idl
[1.481s] -- Up-to-date symlink: /home/unitree/go2_ws/install/unitree_go/share/unitree_go/msg/dds_connext/BmsState_.idl
[1.484s] -- Up-to-date symlink: /home/unitree/go2_ws/install/unitree_go/share/unitree_go/msg/dds_connext/Error_.idl
[1.485s] -- Up-to-date symlink: /home/unitree/go2_ws/install/unitree_go/share/unitree_go/msg/dds_connext/HeightMap_.idl
[1.485s] -- Up-to-date symlink: /home/unitree/go2_ws/install/unitree_go/share/unitree_go/msg/dds_connext/IMUState_.idl
[1.485s] -- Up-to-date symlink: /home/unitree/go2_ws/install/unitree_go/share/unitree_go/msg/dds_connext/InterfaceConfig_.idl
[1.485s] -- Up-to-date symlink: /home/unitree/go2_ws/install/unitree_go/share/unitree_go/msg/dds_connext/LidarState_.idl
[1.485s] -- Up-to-date symlink: /home/unitree/go2_ws/install/unitree_go/share/unitree_go/msg/dds_connext/LowCmd_.idl
[1.485s] -- Up-to-date symlink: /home/unitree/go2_ws/install/unitree_go/share/unitree_go/msg/dds_connext/LowState_.idl
[1.485s] -- Up-to-date symlink: /home/unitree/go2_ws/install/unitree_go/share/unitree_go/msg/dds_connext/MotorCmd_.idl
[1.486s] -- Up-to-date symlink: /home/unitree/go2_ws/install/unitree_go/share/unitree_go/msg/dds_connext/MotorCmds_.idl
[1.486s] -- Up-to-date symlink: /home/unitree/go2_ws/install/unitree_go/share/unitree_go/msg/dds_connext/MotorState_.idl
[1.486s] -- Up-to-date symlink: /home/unitree/go2_ws/install/unitree_go/share/unitree_go/msg/dds_connext/MotorStates_.idl
[1.486s] -- Up-to-date symlink: /home/unitree/go2_ws/install/unitree_go/share/unitree_go/msg/dds_connext/PathPoint_.idl
[1.487s] -- Up-to-date symlink: /home/unitree/go2_ws/install/unitree_go/share/unitree_go/msg/dds_connext/Req_.idl
[1.487s] -- Up-to-date symlink: /home/unitree/go2_ws/install/unitree_go/share/unitree_go/msg/dds_connext/Res_.idl
[1.487s] -- Up-to-date symlink: /home/unitree/go2_ws/install/unitree_go/share/unitree_go/msg/dds_connext/SportModeCmd_.idl
[1.487s] -- Up-to-date symlink: /home/unitree/go2_ws/install/unitree_go/share/unitree_go/msg/dds_connext/SportModeState_.idl
[1.487s] -- Up-to-date symlink: /home/unitree/go2_ws/install/unitree_go/share/unitree_go/msg/dds_connext/TimeSpec_.idl
[1.487s] -- Up-to-date symlink: /home/unitree/go2_ws/install/unitree_go/share/unitree_go/msg/dds_connext/UwbState_.idl
[1.487s] -- Up-to-date symlink: /home/unitree/go2_ws/install/unitree_go/share/unitree_go/msg/dds_connext/UwbSwitch_.idl
[1.487s] -- Up-to-date symlink: /home/unitree/go2_ws/install/unitree_go/share/unitree_go/msg/dds_connext/WirelessController_.idl
[1.487s] -- Up-to-date symlink: /home/unitree/go2_ws/install/unitree_go/share/ament_index/resource_index/package_run_dependencies/unitree_go
[1.488s] -- Up-to-date symlink: /home/unitree/go2_ws/install/unitree_go/share/ament_index/resource_index/parent_prefix_path/unitree_go
[1.488s] -- Up-to-date symlink: /home/unitree/go2_ws/install/unitree_go/share/unitree_go/environment/ament_prefix_path.sh
[1.489s] -- Up-to-date symlink: /home/unitree/go2_ws/install/unitree_go/share/unitree_go/environment/ament_prefix_path.dsv
[1.489s] -- Up-to-date symlink: /home/unitree/go2_ws/install/unitree_go/share/unitree_go/environment/path.sh
[1.490s] -- Up-to-date symlink: /home/unitree/go2_ws/install/unitree_go/share/unitree_go/environment/path.dsv
[1.490s] -- Up-to-date symlink: /home/unitree/go2_ws/install/unitree_go/share/unitree_go/local_setup.bash
[1.490s] -- Up-to-date symlink: /home/unitree/go2_ws/install/unitree_go/share/unitree_go/local_setup.sh
[1.490s] -- Up-to-date symlink: /home/unitree/go2_ws/install/unitree_go/share/unitree_go/local_setup.zsh
[1.490s] -- Up-to-date symlink: /home/unitree/go2_ws/install/unitree_go/share/unitree_go/local_setup.dsv
[1.490s] -- Symlinking: /home/unitree/go2_ws/install/unitree_go/share/unitree_go/package.dsv
[1.511s] -- Up-to-date symlink: /home/unitree/go2_ws/install/unitree_go/share/ament_index/resource_index/packages/unitree_go
[1.513s] -- Up-to-date symlink: /home/unitree/go2_ws/install/unitree_go/share/unitree_go/cmake/rosidl_cmake-extras.cmake
[1.513s] -- Up-to-date symlink: /home/unitree/go2_ws/install/unitree_go/share/unitree_go/cmake/ament_cmake_export_dependencies-extras.cmake
[1.514s] -- Up-to-date symlink: /home/unitree/go2_ws/install/unitree_go/share/unitree_go/cmake/ament_cmake_export_libraries-extras.cmake
[1.515s] -- Up-to-date symlink: /home/unitree/go2_ws/install/unitree_go/share/unitree_go/cmake/ament_cmake_export_targets-extras.cmake
[1.515s] -- Up-to-date symlink: /home/unitree/go2_ws/install/unitree_go/share/unitree_go/cmake/ament_cmake_export_include_directories-extras.cmake
[1.515s] -- Up-to-date symlink: /home/unitree/go2_ws/install/unitree_go/share/unitree_go/cmake/rosidl_cmake_export_typesupport_libraries-extras.cmake
[1.516s] -- Up-to-date symlink: /home/unitree/go2_ws/install/unitree_go/share/unitree_go/cmake/rosidl_cmake_export_typesupport_targets-extras.cmake
[1.516s] -- Up-to-date symlink: /home/unitree/go2_ws/install/unitree_go/share/unitree_go/cmake/unitree_goConfig.cmake
[1.516s] -- Up-to-date symlink: /home/unitree/go2_ws/install/unitree_go/share/unitree_go/cmake/unitree_goConfig-version.cmake
[1.517s] -- Up-to-date symlink: /home/unitree/go2_ws/install/unitree_go/share/unitree_go/package.xml
[1.517s] -- Up-to-date: /home/unitree/go2_ws/install/unitree_go/lib/libunitree_go__rosidl_generator_c.so
[1.519s] -- Up-to-date: /home/unitree/go2_ws/install/unitree_go/lib/libunitree_go__rosidl_typesupport_introspection_c.so
[1.520s] -- Up-to-date: /home/unitree/go2_ws/install/unitree_go/lib/libunitree_go__rosidl_typesupport_c.so
[1.520s] -- Up-to-date: /home/unitree/go2_ws/install/unitree_go/lib/libunitree_go__rosidl_typesupport_introspection_cpp.so
[1.520s] -- Up-to-date: /home/unitree/go2_ws/install/unitree_go/lib/libunitree_go__rosidl_typesupport_cpp.so
[1.593s] -- Up-to-date: /home/unitree/go2_ws/install/unitree_go/share/unitree_go/cmake/unitree_go__rosidl_generator_cExport.cmake
[1.593s] -- Up-to-date: /home/unitree/go2_ws/install/unitree_go/share/unitree_go/cmake/unitree_go__rosidl_generator_cExport-noconfig.cmake
[1.594s] -- Up-to-date: /home/unitree/go2_ws/install/unitree_go/share/unitree_go/cmake/unitree_go__rosidl_typesupport_introspection_cExport.cmake
[1.594s] -- Up-to-date: /home/unitree/go2_ws/install/unitree_go/share/unitree_go/cmake/unitree_go__rosidl_typesupport_introspection_cExport-noconfig.cmake
[1.594s] -- Up-to-date: /home/unitree/go2_ws/install/unitree_go/share/unitree_go/cmake/unitree_go__rosidl_typesupport_cExport.cmake
[1.595s] -- Up-to-date: /home/unitree/go2_ws/install/unitree_go/share/unitree_go/cmake/unitree_go__rosidl_typesupport_cExport-noconfig.cmake
[1.595s] -- Up-to-date: /home/unitree/go2_ws/install/unitree_go/share/unitree_go/cmake/unitree_go__rosidl_generator_cppExport.cmake
[1.596s] -- Up-to-date: /home/unitree/go2_ws/install/unitree_go/share/unitree_go/cmake/unitree_go__rosidl_typesupport_introspection_cppExport.cmake
[1.596s] -- Up-to-date: /home/unitree/go2_ws/install/unitree_go/share/unitree_go/cmake/unitree_go__rosidl_typesupport_introspection_cppExport-noconfig.cmake
[1.597s] -- Up-to-date: /home/unitree/go2_ws/install/unitree_go/share/unitree_go/cmake/unitree_go__rosidl_typesupport_cppExport.cmake
[1.597s] -- Up-to-date: /home/unitree/go2_ws/install/unitree_go/share/unitree_go/cmake/unitree_go__rosidl_typesupport_cppExport-noconfig.cmake
[1.603s] Invoked command in '/home/unitree/go2_ws/build/unitree_go' returned '0': CMAKE_PREFIX_PATH=${CMAKE_PREFIX_PATH}:/home/unitree/go2_ws/install/go2_slam:/opt/ros/foxy /usr/bin/cmake --install /home/unitree/go2_ws/build/unitree_go
