[0.148s] Invoking command in '/home/unitree/go2_ws/build/unitree_api': CMAKE_PREFIX_PATH=${CMAKE_PREFIX_PATH}:/opt/ros/foxy /usr/bin/cmake /home/unitree/go2_ws/src/go2_robot/unitree_api -DCMAKE_INSTALL_PREFIX=/home/unitree/go2_ws/install/unitree_api
[0.330s] -- Found ament_cmake: 0.9.12 (/opt/ros/foxy/share/ament_cmake/cmake)
[0.331s] -- Found PythonInterp: /usr/bin/python3 (found suitable version "3.8.10", minimum required is "3") 
[0.331s] -- Using PYTHON_EXECUTABLE: /usr/bin/python3
[0.645s] -- Override CMake install command with custom implementation using symlinks instead of copying resources
[0.693s] -- Found geometry_msgs: 2.0.5 (/opt/ros/foxy/share/geometry_msgs/cmake)
[0.775s] -- Using all available rosidl_typesupport_c: rosidl_typesupport_fastrtps_c;rosidl_typesupport_introspection_c
[0.786s] -- Found rosidl_adapter: 1.3.1 (/opt/ros/foxy/share/rosidl_adapter/cmake)
[1.129s] -- Using all available rosidl_typesupport_cpp: rosidl_typesupport_fastrtps_cpp;rosidl_typesupport_introspection_cpp
[1.299s] -- Found rosidl_default_generators: 1.0.1 (/opt/ros/foxy/share/rosidl_default_generators/cmake)
[1.314s] -- Found rosidl_generator_dds_idl: 0.7.1 (/opt/ros/foxy/share/rosidl_generator_dds_idl/cmake)
[1.367s] -- Found PythonInterp: /usr/bin/python3 (found version "3.8.10") 
[1.804s] -- Found ament_cmake_ros: 0.9.2 (/opt/ros/foxy/share/ament_cmake_ros/cmake)
[2.207s] -- Using all available rosidl_typesupport_c: rosidl_typesupport_fastrtps_c;rosidl_typesupport_introspection_c
[2.369s] -- Using all available rosidl_typesupport_cpp: rosidl_typesupport_fastrtps_cpp;rosidl_typesupport_introspection_cpp
[2.422s] -- Found PythonInterp: /usr/bin/python3 (found suitable version "3.8.10", minimum required is "3.5") 
[2.430s] -- Found python_cmake_module: 0.8.1 (/opt/ros/foxy/share/python_cmake_module/cmake)
[2.478s] -- Using PYTHON_EXECUTABLE: /usr/bin/python3
[2.479s] -- Using PYTHON_INCLUDE_DIRS: /usr/include/python3.8
[2.479s] -- Using PYTHON_LIBRARIES: /usr/lib/aarch64-linux-gnu/libpython3.8.so
[2.654s] -- Found ament_lint_auto: 0.9.8 (/opt/ros/foxy/share/ament_lint_auto/cmake)
[2.678s] -- Added test 'copyright' to check source files copyright and LICENSE
[2.681s] -- Added test 'lint_cmake' to check CMake code style
[2.683s] -- Added test 'xmllint' to check XML markup files
[2.694s] -- Configuring done
[2.838s] -- Generating done
[2.870s] -- Build files have been written to: /home/unitree/go2_ws/build/unitree_api
[2.897s] Invoked command in '/home/unitree/go2_ws/build/unitree_api' returned '0': CMAKE_PREFIX_PATH=${CMAKE_PREFIX_PATH}:/opt/ros/foxy /usr/bin/cmake /home/unitree/go2_ws/src/go2_robot/unitree_api -DCMAKE_INSTALL_PREFIX=/home/unitree/go2_ws/install/unitree_api
[2.903s] Invoking command in '/home/unitree/go2_ws/build/unitree_api': CMAKE_PREFIX_PATH=${CMAKE_PREFIX_PATH}:/opt/ros/foxy /usr/bin/cmake --build /home/unitree/go2_ws/build/unitree_api -- -j8 -l8
[3.028s] [  2%] Built target unitree_api__dds_connext_idl
[3.028s] [  2%] Built target unitree_api__cpp
[3.044s] [ 13%] Built target unitree_api__rosidl_generator_c
[3.087s] [ 25%] Built target unitree_api__rosidl_typesupport_introspection_cpp
[3.099s] [ 47%] Built target unitree_api__rosidl_typesupport_fastrtps_cpp
[3.099s] [ 47%] Built target unitree_api__rosidl_typesupport_cpp
[3.115s] [ 59%] Built target unitree_api__rosidl_typesupport_c
[3.120s] [ 70%] Built target unitree_api__rosidl_typesupport_introspection_c
[3.165s] [ 81%] Built target unitree_api__rosidl_typesupport_fastrtps_c
[3.219s] [ 81%] Built target unitree_api
[3.267s] [ 82%] Built target unitree_api__py
[3.335s] [ 93%] Built target unitree_api__python
[3.396s] [ 95%] Built target unitree_api__rosidl_typesupport_c__pyext
[3.409s] [ 97%] Built target unitree_api__rosidl_typesupport_introspection_c__pyext
[3.411s] [100%] Built target unitree_api__rosidl_typesupport_fastrtps_c__pyext
[3.439s] Invoked command in '/home/unitree/go2_ws/build/unitree_api' returned '0': CMAKE_PREFIX_PATH=${CMAKE_PREFIX_PATH}:/opt/ros/foxy /usr/bin/cmake --build /home/unitree/go2_ws/build/unitree_api -- -j8 -l8
[3.445s] Invoking command in '/home/unitree/go2_ws/build/unitree_api': CMAKE_PREFIX_PATH=${CMAKE_PREFIX_PATH}:/opt/ros/foxy /usr/bin/cmake --install /home/unitree/go2_ws/build/unitree_api
[3.466s] -- Install configuration: ""
[3.467s] -- Execute custom install script
[3.468s] -- Up-to-date symlink: /home/unitree/go2_ws/install/unitree_api/share/ament_index/resource_index/rosidl_interfaces/unitree_api
[3.470s] -- Up-to-date symlink: /home/unitree/go2_ws/install/unitree_api/include/unitree_api/msg/detail/request__functions.h
[3.470s] -- Up-to-date symlink: /home/unitree/go2_ws/install/unitree_api/include/unitree_api/msg/detail/request__struct.h
[3.470s] -- Up-to-date symlink: /home/unitree/go2_ws/install/unitree_api/include/unitree_api/msg/detail/request__type_support.h
[3.471s] -- Up-to-date symlink: /home/unitree/go2_ws/install/unitree_api/include/unitree_api/msg/detail/request_header__functions.h
[3.471s] -- Up-to-date symlink: /home/unitree/go2_ws/install/unitree_api/include/unitree_api/msg/detail/request_header__struct.h
[3.471s] -- Up-to-date symlink: /home/unitree/go2_ws/install/unitree_api/include/unitree_api/msg/detail/request_header__type_support.h
[3.472s] -- Up-to-date symlink: /home/unitree/go2_ws/install/unitree_api/include/unitree_api/msg/detail/request_identity__functions.h
[3.472s] -- Up-to-date symlink: /home/unitree/go2_ws/install/unitree_api/include/unitree_api/msg/detail/request_identity__struct.h
[3.472s] -- Up-to-date symlink: /home/unitree/go2_ws/install/unitree_api/include/unitree_api/msg/detail/request_identity__type_support.h
[3.473s] -- Up-to-date symlink: /home/unitree/go2_ws/install/unitree_api/include/unitree_api/msg/detail/request_lease__functions.h
[3.473s] -- Up-to-date symlink: /home/unitree/go2_ws/install/unitree_api/include/unitree_api/msg/detail/request_lease__struct.h
[3.473s] -- Up-to-date symlink: /home/unitree/go2_ws/install/unitree_api/include/unitree_api/msg/detail/request_lease__type_support.h
[3.474s] -- Up-to-date symlink: /home/unitree/go2_ws/install/unitree_api/include/unitree_api/msg/detail/request_policy__functions.h
[3.474s] -- Up-to-date symlink: /home/unitree/go2_ws/install/unitree_api/include/unitree_api/msg/detail/request_policy__struct.h
[3.474s] -- Up-to-date symlink: /home/unitree/go2_ws/install/unitree_api/include/unitree_api/msg/detail/request_policy__type_support.h
[3.475s] -- Up-to-date symlink: /home/unitree/go2_ws/install/unitree_api/include/unitree_api/msg/detail/response__functions.h
[3.475s] -- Up-to-date symlink: /home/unitree/go2_ws/install/unitree_api/include/unitree_api/msg/detail/response__struct.h
[3.475s] -- Up-to-date symlink: /home/unitree/go2_ws/install/unitree_api/include/unitree_api/msg/detail/response__type_support.h
[3.476s] -- Up-to-date symlink: /home/unitree/go2_ws/install/unitree_api/include/unitree_api/msg/detail/response_header__functions.h
[3.476s] -- Up-to-date symlink: /home/unitree/go2_ws/install/unitree_api/include/unitree_api/msg/detail/response_header__struct.h
[3.477s] -- Up-to-date symlink: /home/unitree/go2_ws/install/unitree_api/include/unitree_api/msg/detail/response_header__type_support.h
[3.477s] -- Up-to-date symlink: /home/unitree/go2_ws/install/unitree_api/include/unitree_api/msg/detail/response_status__functions.h
[3.477s] -- Up-to-date symlink: /home/unitree/go2_ws/install/unitree_api/include/unitree_api/msg/detail/response_status__struct.h
[3.477s] -- Up-to-date symlink: /home/unitree/go2_ws/install/unitree_api/include/unitree_api/msg/detail/response_status__type_support.h
[3.478s] -- Up-to-date symlink: /home/unitree/go2_ws/install/unitree_api/include/unitree_api/msg/request.h
[3.478s] -- Up-to-date symlink: /home/unitree/go2_ws/install/unitree_api/include/unitree_api/msg/request_header.h
[3.478s] -- Up-to-date symlink: /home/unitree/go2_ws/install/unitree_api/include/unitree_api/msg/request_identity.h
[3.479s] -- Up-to-date symlink: /home/unitree/go2_ws/install/unitree_api/include/unitree_api/msg/request_lease.h
[3.480s] -- Up-to-date symlink: /home/unitree/go2_ws/install/unitree_api/include/unitree_api/msg/request_policy.h
[3.481s] -- Up-to-date symlink: /home/unitree/go2_ws/install/unitree_api/include/unitree_api/msg/response.h
[3.481s] -- Up-to-date symlink: /home/unitree/go2_ws/install/unitree_api/include/unitree_api/msg/response_header.h
[3.481s] -- Up-to-date symlink: /home/unitree/go2_ws/install/unitree_api/include/unitree_api/msg/response_status.h
[3.481s] -- Up-to-date symlink: /home/unitree/go2_ws/install/unitree_api/include/unitree_api/msg/rosidl_generator_c__visibility_control.h
[3.481s] -- Up-to-date symlink: /home/unitree/go2_ws/install/unitree_api/share/unitree_api/environment/library_path.sh
[3.481s] -- Up-to-date symlink: /home/unitree/go2_ws/install/unitree_api/share/unitree_api/environment/library_path.dsv
[3.482s] -- Up-to-date symlink: /home/unitree/go2_ws/install/unitree_api/include/unitree_api/msg/detail/request__rosidl_typesupport_fastrtps_c.h
[3.483s] -- Up-to-date symlink: /home/unitree/go2_ws/install/unitree_api/include/unitree_api/msg/detail/request_header__rosidl_typesupport_fastrtps_c.h
[3.483s] -- Up-to-date symlink: /home/unitree/go2_ws/install/unitree_api/include/unitree_api/msg/detail/request_identity__rosidl_typesupport_fastrtps_c.h
[3.483s] -- Up-to-date symlink: /home/unitree/go2_ws/install/unitree_api/include/unitree_api/msg/detail/request_lease__rosidl_typesupport_fastrtps_c.h
[3.484s] -- Up-to-date symlink: /home/unitree/go2_ws/install/unitree_api/include/unitree_api/msg/detail/request_policy__rosidl_typesupport_fastrtps_c.h
[3.484s] -- Up-to-date symlink: /home/unitree/go2_ws/install/unitree_api/include/unitree_api/msg/detail/response__rosidl_typesupport_fastrtps_c.h
[3.484s] -- Up-to-date symlink: /home/unitree/go2_ws/install/unitree_api/include/unitree_api/msg/detail/response_header__rosidl_typesupport_fastrtps_c.h
[3.485s] -- Up-to-date symlink: /home/unitree/go2_ws/install/unitree_api/include/unitree_api/msg/detail/response_status__rosidl_typesupport_fastrtps_c.h
[3.485s] -- Up-to-date symlink: /home/unitree/go2_ws/install/unitree_api/include/unitree_api/msg/rosidl_typesupport_fastrtps_c__visibility_control.h
[3.486s] -- Up-to-date symlink: /home/unitree/go2_ws/install/unitree_api/lib/libunitree_api__rosidl_typesupport_fastrtps_c.so
[3.488s] -- Up-to-date symlink: /home/unitree/go2_ws/install/unitree_api/include/unitree_api/msg/detail/request__rosidl_typesupport_fastrtps_cpp.hpp
[3.488s] -- Up-to-date symlink: /home/unitree/go2_ws/install/unitree_api/include/unitree_api/msg/detail/request_header__rosidl_typesupport_fastrtps_cpp.hpp
[3.488s] -- Up-to-date symlink: /home/unitree/go2_ws/install/unitree_api/include/unitree_api/msg/detail/request_identity__rosidl_typesupport_fastrtps_cpp.hpp
[3.489s] -- Up-to-date symlink: /home/unitree/go2_ws/install/unitree_api/include/unitree_api/msg/detail/request_lease__rosidl_typesupport_fastrtps_cpp.hpp
[3.489s] -- Up-to-date symlink: /home/unitree/go2_ws/install/unitree_api/include/unitree_api/msg/detail/request_policy__rosidl_typesupport_fastrtps_cpp.hpp
[3.490s] -- Up-to-date symlink: /home/unitree/go2_ws/install/unitree_api/include/unitree_api/msg/detail/response__rosidl_typesupport_fastrtps_cpp.hpp
[3.490s] -- Up-to-date symlink: /home/unitree/go2_ws/install/unitree_api/include/unitree_api/msg/detail/response_header__rosidl_typesupport_fastrtps_cpp.hpp
[3.490s] -- Up-to-date symlink: /home/unitree/go2_ws/install/unitree_api/include/unitree_api/msg/detail/response_status__rosidl_typesupport_fastrtps_cpp.hpp
[3.491s] -- Up-to-date symlink: /home/unitree/go2_ws/install/unitree_api/include/unitree_api/msg/rosidl_typesupport_fastrtps_cpp__visibility_control.h
[3.491s] -- Up-to-date symlink: /home/unitree/go2_ws/install/unitree_api/lib/libunitree_api__rosidl_typesupport_fastrtps_cpp.so
[3.492s] -- Up-to-date symlink: /home/unitree/go2_ws/install/unitree_api/include/unitree_api/msg/detail/request__rosidl_typesupport_introspection_c.h
[3.492s] -- Up-to-date symlink: /home/unitree/go2_ws/install/unitree_api/include/unitree_api/msg/detail/request_header__rosidl_typesupport_introspection_c.h
[3.493s] -- Up-to-date symlink: /home/unitree/go2_ws/install/unitree_api/include/unitree_api/msg/detail/request_identity__rosidl_typesupport_introspection_c.h
[3.493s] -- Up-to-date symlink: /home/unitree/go2_ws/install/unitree_api/include/unitree_api/msg/detail/request_lease__rosidl_typesupport_introspection_c.h
[3.493s] -- Up-to-date symlink: /home/unitree/go2_ws/install/unitree_api/include/unitree_api/msg/detail/request_policy__rosidl_typesupport_introspection_c.h
[3.494s] -- Up-to-date symlink: /home/unitree/go2_ws/install/unitree_api/include/unitree_api/msg/detail/response__rosidl_typesupport_introspection_c.h
[3.494s] -- Up-to-date symlink: /home/unitree/go2_ws/install/unitree_api/include/unitree_api/msg/detail/response_header__rosidl_typesupport_introspection_c.h
[3.495s] -- Up-to-date symlink: /home/unitree/go2_ws/install/unitree_api/include/unitree_api/msg/detail/response_status__rosidl_typesupport_introspection_c.h
[3.495s] -- Up-to-date symlink: /home/unitree/go2_ws/install/unitree_api/include/unitree_api/msg/rosidl_typesupport_introspection_c__visibility_control.h
[3.496s] -- Up-to-date symlink: /home/unitree/go2_ws/install/unitree_api/include/unitree_api/msg/detail/request__builder.hpp
[3.496s] -- Up-to-date symlink: /home/unitree/go2_ws/install/unitree_api/include/unitree_api/msg/detail/request__struct.hpp
[3.497s] -- Up-to-date symlink: /home/unitree/go2_ws/install/unitree_api/include/unitree_api/msg/detail/request__traits.hpp
[3.497s] -- Up-to-date symlink: /home/unitree/go2_ws/install/unitree_api/include/unitree_api/msg/detail/request__type_support.hpp
[3.497s] -- Up-to-date symlink: /home/unitree/go2_ws/install/unitree_api/include/unitree_api/msg/detail/request_header__builder.hpp
[3.498s] -- Up-to-date symlink: /home/unitree/go2_ws/install/unitree_api/include/unitree_api/msg/detail/request_header__struct.hpp
[3.498s] -- Up-to-date symlink: /home/unitree/go2_ws/install/unitree_api/include/unitree_api/msg/detail/request_header__traits.hpp
[3.498s] -- Up-to-date symlink: /home/unitree/go2_ws/install/unitree_api/include/unitree_api/msg/detail/request_header__type_support.hpp
[3.499s] -- Up-to-date symlink: /home/unitree/go2_ws/install/unitree_api/include/unitree_api/msg/detail/request_identity__builder.hpp
[3.499s] -- Up-to-date symlink: /home/unitree/go2_ws/install/unitree_api/include/unitree_api/msg/detail/request_identity__struct.hpp
[3.499s] -- Up-to-date symlink: /home/unitree/go2_ws/install/unitree_api/include/unitree_api/msg/detail/request_identity__traits.hpp
[3.500s] -- Up-to-date symlink: /home/unitree/go2_ws/install/unitree_api/include/unitree_api/msg/detail/request_identity__type_support.hpp
[3.500s] -- Up-to-date symlink: /home/unitree/go2_ws/install/unitree_api/include/unitree_api/msg/detail/request_lease__builder.hpp
[3.500s] -- Up-to-date symlink: /home/unitree/go2_ws/install/unitree_api/include/unitree_api/msg/detail/request_lease__struct.hpp
[3.501s] -- Up-to-date symlink: /home/unitree/go2_ws/install/unitree_api/include/unitree_api/msg/detail/request_lease__traits.hpp
[3.501s] -- Up-to-date symlink: /home/unitree/go2_ws/install/unitree_api/include/unitree_api/msg/detail/request_lease__type_support.hpp
[3.501s] -- Up-to-date symlink: /home/unitree/go2_ws/install/unitree_api/include/unitree_api/msg/detail/request_policy__builder.hpp
[3.502s] -- Up-to-date symlink: /home/unitree/go2_ws/install/unitree_api/include/unitree_api/msg/detail/request_policy__struct.hpp
[3.502s] -- Up-to-date symlink: /home/unitree/go2_ws/install/unitree_api/include/unitree_api/msg/detail/request_policy__traits.hpp
[3.502s] -- Up-to-date symlink: /home/unitree/go2_ws/install/unitree_api/include/unitree_api/msg/detail/request_policy__type_support.hpp
[3.503s] -- Up-to-date symlink: /home/unitree/go2_ws/install/unitree_api/include/unitree_api/msg/detail/response__builder.hpp
[3.504s] -- Up-to-date symlink: /home/unitree/go2_ws/install/unitree_api/include/unitree_api/msg/detail/response__struct.hpp
[3.504s] -- Up-to-date symlink: /home/unitree/go2_ws/install/unitree_api/include/unitree_api/msg/detail/response__traits.hpp
[3.504s] -- Up-to-date symlink: /home/unitree/go2_ws/install/unitree_api/include/unitree_api/msg/detail/response__type_support.hpp
[3.504s] -- Up-to-date symlink: /home/unitree/go2_ws/install/unitree_api/include/unitree_api/msg/detail/response_header__builder.hpp
[3.505s] -- Up-to-date symlink: /home/unitree/go2_ws/install/unitree_api/include/unitree_api/msg/detail/response_header__struct.hpp
[3.505s] -- Up-to-date symlink: /home/unitree/go2_ws/install/unitree_api/include/unitree_api/msg/detail/response_header__traits.hpp
[3.507s] -- Up-to-date symlink: /home/unitree/go2_ws/install/unitree_api/include/unitree_api/msg/detail/response_header__type_support.hpp
[3.507s] -- Up-to-date symlink: /home/unitree/go2_ws/install/unitree_api/include/unitree_api/msg/detail/response_status__builder.hpp
[3.507s] -- Up-to-date symlink: /home/unitree/go2_ws/install/unitree_api/include/unitree_api/msg/detail/response_status__struct.hpp
[3.508s] -- Up-to-date symlink: /home/unitree/go2_ws/install/unitree_api/include/unitree_api/msg/detail/response_status__traits.hpp
[3.508s] -- Up-to-date symlink: /home/unitree/go2_ws/install/unitree_api/include/unitree_api/msg/detail/response_status__type_support.hpp
[3.508s] -- Up-to-date symlink: /home/unitree/go2_ws/install/unitree_api/include/unitree_api/msg/request.hpp
[3.509s] -- Up-to-date symlink: /home/unitree/go2_ws/install/unitree_api/include/unitree_api/msg/request_header.hpp
[3.509s] -- Up-to-date symlink: /home/unitree/go2_ws/install/unitree_api/include/unitree_api/msg/request_identity.hpp
[3.509s] -- Up-to-date symlink: /home/unitree/go2_ws/install/unitree_api/include/unitree_api/msg/request_lease.hpp
[3.510s] -- Up-to-date symlink: /home/unitree/go2_ws/install/unitree_api/include/unitree_api/msg/request_policy.hpp
[3.510s] -- Up-to-date symlink: /home/unitree/go2_ws/install/unitree_api/include/unitree_api/msg/response.hpp
[3.510s] -- Up-to-date symlink: /home/unitree/go2_ws/install/unitree_api/include/unitree_api/msg/response_header.hpp
[3.511s] -- Up-to-date symlink: /home/unitree/go2_ws/install/unitree_api/include/unitree_api/msg/response_status.hpp
[3.511s] -- Up-to-date symlink: /home/unitree/go2_ws/install/unitree_api/include/unitree_api/msg/rosidl_generator_cpp__visibility_control.hpp
[3.512s] -- Up-to-date symlink: /home/unitree/go2_ws/install/unitree_api/include/unitree_api/msg/detail/request__rosidl_typesupport_introspection_cpp.hpp
[3.513s] -- Up-to-date symlink: /home/unitree/go2_ws/install/unitree_api/include/unitree_api/msg/detail/request_header__rosidl_typesupport_introspection_cpp.hpp
[3.513s] -- Up-to-date symlink: /home/unitree/go2_ws/install/unitree_api/include/unitree_api/msg/detail/request_identity__rosidl_typesupport_introspection_cpp.hpp
[3.513s] -- Up-to-date symlink: /home/unitree/go2_ws/install/unitree_api/include/unitree_api/msg/detail/request_lease__rosidl_typesupport_introspection_cpp.hpp
[3.514s] -- Up-to-date symlink: /home/unitree/go2_ws/install/unitree_api/include/unitree_api/msg/detail/request_policy__rosidl_typesupport_introspection_cpp.hpp
[3.514s] -- Up-to-date symlink: /home/unitree/go2_ws/install/unitree_api/include/unitree_api/msg/detail/response__rosidl_typesupport_introspection_cpp.hpp
[3.515s] -- Up-to-date symlink: /home/unitree/go2_ws/install/unitree_api/include/unitree_api/msg/detail/response_header__rosidl_typesupport_introspection_cpp.hpp
[3.515s] -- Up-to-date symlink: /home/unitree/go2_ws/install/unitree_api/include/unitree_api/msg/detail/response_status__rosidl_typesupport_introspection_cpp.hpp
[3.515s] -- Up-to-date symlink: /home/unitree/go2_ws/install/unitree_api/share/unitree_api/environment/pythonpath.sh
[3.516s] -- Up-to-date symlink: /home/unitree/go2_ws/install/unitree_api/share/unitree_api/environment/pythonpath.dsv
[3.516s] -- Up-to-date symlink: /home/unitree/go2_ws/install/unitree_api/lib/python3.8/site-packages/unitree_api/__init__.py
[3.517s] -- Up-to-date symlink: /home/unitree/go2_ws/install/unitree_api/lib/python3.8/site-packages/unitree_api/msg/__init__.py
[3.518s] -- Up-to-date symlink: /home/unitree/go2_ws/install/unitree_api/lib/python3.8/site-packages/unitree_api/msg/_request.py
[3.518s] -- Up-to-date symlink: /home/unitree/go2_ws/install/unitree_api/lib/python3.8/site-packages/unitree_api/msg/_request_header.py
[3.518s] -- Up-to-date symlink: /home/unitree/go2_ws/install/unitree_api/lib/python3.8/site-packages/unitree_api/msg/_request_identity.py
[3.519s] -- Up-to-date symlink: /home/unitree/go2_ws/install/unitree_api/lib/python3.8/site-packages/unitree_api/msg/_request_lease.py
[3.519s] -- Up-to-date symlink: /home/unitree/go2_ws/install/unitree_api/lib/python3.8/site-packages/unitree_api/msg/_request_policy.py
[3.519s] -- Up-to-date symlink: /home/unitree/go2_ws/install/unitree_api/lib/python3.8/site-packages/unitree_api/msg/_response.py
[3.520s] -- Up-to-date symlink: /home/unitree/go2_ws/install/unitree_api/lib/python3.8/site-packages/unitree_api/msg/_response_header.py
[3.520s] -- Up-to-date symlink: /home/unitree/go2_ws/install/unitree_api/lib/python3.8/site-packages/unitree_api/msg/_response_status.py
[3.521s] -- Up-to-date symlink: /home/unitree/go2_ws/install/unitree_api/lib/python3.8/site-packages/unitree_api/unitree_api_s__rosidl_typesupport_fastrtps_c.cpython-38-aarch64-linux-gnu.so
[3.521s] -- Up-to-date symlink: /home/unitree/go2_ws/install/unitree_api/lib/python3.8/site-packages/unitree_api/unitree_api_s__rosidl_typesupport_introspection_c.cpython-38-aarch64-linux-gnu.so
[3.522s] -- Up-to-date symlink: /home/unitree/go2_ws/install/unitree_api/lib/python3.8/site-packages/unitree_api/unitree_api_s__rosidl_typesupport_c.cpython-38-aarch64-linux-gnu.so
[3.522s] -- Up-to-date symlink: /home/unitree/go2_ws/install/unitree_api/lib/libunitree_api__python.so
[3.523s] -- Up-to-date symlink: /home/unitree/go2_ws/install/unitree_api/share/unitree_api/msg/Request.idl
[3.524s] -- Up-to-date symlink: /home/unitree/go2_ws/install/unitree_api/share/unitree_api/msg/RequestHeader.idl
[3.524s] -- Up-to-date symlink: /home/unitree/go2_ws/install/unitree_api/share/unitree_api/msg/RequestIdentity.idl
[3.524s] -- Up-to-date symlink: /home/unitree/go2_ws/install/unitree_api/share/unitree_api/msg/RequestLease.idl
[3.525s] -- Up-to-date symlink: /home/unitree/go2_ws/install/unitree_api/share/unitree_api/msg/RequestPolicy.idl
[3.525s] -- Up-to-date symlink: /home/unitree/go2_ws/install/unitree_api/share/unitree_api/msg/Response.idl
[3.526s] -- Up-to-date symlink: /home/unitree/go2_ws/install/unitree_api/share/unitree_api/msg/ResponseHeader.idl
[3.526s] -- Up-to-date symlink: /home/unitree/go2_ws/install/unitree_api/share/unitree_api/msg/ResponseStatus.idl
[3.527s] -- Up-to-date symlink: /home/unitree/go2_ws/install/unitree_api/share/unitree_api/msg/Request.msg
[3.527s] -- Up-to-date symlink: /home/unitree/go2_ws/install/unitree_api/share/unitree_api/msg/RequestHeader.msg
[3.527s] -- Up-to-date symlink: /home/unitree/go2_ws/install/unitree_api/share/unitree_api/msg/RequestIdentity.msg
[3.528s] -- Up-to-date symlink: /home/unitree/go2_ws/install/unitree_api/share/unitree_api/msg/RequestLease.msg
[3.528s] -- Up-to-date symlink: /home/unitree/go2_ws/install/unitree_api/share/unitree_api/msg/RequestPolicy.msg
[3.529s] -- Up-to-date symlink: /home/unitree/go2_ws/install/unitree_api/share/unitree_api/msg/Response.msg
[3.529s] -- Up-to-date symlink: /home/unitree/go2_ws/install/unitree_api/share/unitree_api/msg/ResponseHeader.msg
[3.530s] -- Up-to-date symlink: /home/unitree/go2_ws/install/unitree_api/share/unitree_api/msg/ResponseStatus.msg
[3.531s] -- Up-to-date symlink: /home/unitree/go2_ws/install/unitree_api/share/unitree_api/msg/dds_connext/RequestHeader_.idl
[3.531s] -- Up-to-date symlink: /home/unitree/go2_ws/install/unitree_api/share/unitree_api/msg/dds_connext/RequestIdentity_.idl
[3.531s] -- Up-to-date symlink: /home/unitree/go2_ws/install/unitree_api/share/unitree_api/msg/dds_connext/RequestLease_.idl
[3.532s] -- Up-to-date symlink: /home/unitree/go2_ws/install/unitree_api/share/unitree_api/msg/dds_connext/RequestPolicy_.idl
[3.532s] -- Up-to-date symlink: /home/unitree/go2_ws/install/unitree_api/share/unitree_api/msg/dds_connext/Request_.idl
[3.532s] -- Up-to-date symlink: /home/unitree/go2_ws/install/unitree_api/share/unitree_api/msg/dds_connext/ResponseHeader_.idl
[3.533s] -- Up-to-date symlink: /home/unitree/go2_ws/install/unitree_api/share/unitree_api/msg/dds_connext/ResponseStatus_.idl
[3.533s] -- Up-to-date symlink: /home/unitree/go2_ws/install/unitree_api/share/unitree_api/msg/dds_connext/Response_.idl
[3.533s] -- Up-to-date symlink: /home/unitree/go2_ws/install/unitree_api/share/ament_index/resource_index/package_run_dependencies/unitree_api
[3.534s] -- Up-to-date symlink: /home/unitree/go2_ws/install/unitree_api/share/ament_index/resource_index/parent_prefix_path/unitree_api
[3.534s] -- Up-to-date symlink: /home/unitree/go2_ws/install/unitree_api/share/unitree_api/environment/ament_prefix_path.sh
[3.535s] -- Up-to-date symlink: /home/unitree/go2_ws/install/unitree_api/share/unitree_api/environment/ament_prefix_path.dsv
[3.535s] -- Up-to-date symlink: /home/unitree/go2_ws/install/unitree_api/share/unitree_api/environment/path.sh
[3.536s] -- Up-to-date symlink: /home/unitree/go2_ws/install/unitree_api/share/unitree_api/environment/path.dsv
[3.536s] -- Up-to-date symlink: /home/unitree/go2_ws/install/unitree_api/share/unitree_api/local_setup.bash
[3.536s] -- Up-to-date symlink: /home/unitree/go2_ws/install/unitree_api/share/unitree_api/local_setup.sh
[3.537s] -- Up-to-date symlink: /home/unitree/go2_ws/install/unitree_api/share/unitree_api/local_setup.zsh
[3.537s] -- Up-to-date symlink: /home/unitree/go2_ws/install/unitree_api/share/unitree_api/local_setup.dsv
[3.537s] -- Symlinking: /home/unitree/go2_ws/install/unitree_api/share/unitree_api/package.dsv
[3.558s] -- Up-to-date symlink: /home/unitree/go2_ws/install/unitree_api/share/ament_index/resource_index/packages/unitree_api
[3.559s] -- Up-to-date symlink: /home/unitree/go2_ws/install/unitree_api/share/unitree_api/cmake/rosidl_cmake-extras.cmake
[3.559s] -- Up-to-date symlink: /home/unitree/go2_ws/install/unitree_api/share/unitree_api/cmake/ament_cmake_export_dependencies-extras.cmake
[3.559s] -- Up-to-date symlink: /home/unitree/go2_ws/install/unitree_api/share/unitree_api/cmake/ament_cmake_export_libraries-extras.cmake
[3.560s] -- Up-to-date symlink: /home/unitree/go2_ws/install/unitree_api/share/unitree_api/cmake/ament_cmake_export_targets-extras.cmake
[3.560s] -- Up-to-date symlink: /home/unitree/go2_ws/install/unitree_api/share/unitree_api/cmake/ament_cmake_export_include_directories-extras.cmake
[3.561s] -- Up-to-date symlink: /home/unitree/go2_ws/install/unitree_api/share/unitree_api/cmake/rosidl_cmake_export_typesupport_libraries-extras.cmake
[3.561s] -- Up-to-date symlink: /home/unitree/go2_ws/install/unitree_api/share/unitree_api/cmake/rosidl_cmake_export_typesupport_targets-extras.cmake
[3.561s] -- Up-to-date symlink: /home/unitree/go2_ws/install/unitree_api/share/unitree_api/cmake/unitree_apiConfig.cmake
[3.562s] -- Up-to-date symlink: /home/unitree/go2_ws/install/unitree_api/share/unitree_api/cmake/unitree_apiConfig-version.cmake
[3.562s] -- Up-to-date symlink: /home/unitree/go2_ws/install/unitree_api/share/unitree_api/package.xml
[3.563s] -- Up-to-date: /home/unitree/go2_ws/install/unitree_api/lib/libunitree_api__rosidl_generator_c.so
[3.564s] -- Up-to-date: /home/unitree/go2_ws/install/unitree_api/lib/libunitree_api__rosidl_typesupport_introspection_c.so
[3.565s] -- Up-to-date: /home/unitree/go2_ws/install/unitree_api/lib/libunitree_api__rosidl_typesupport_c.so
[3.565s] -- Up-to-date: /home/unitree/go2_ws/install/unitree_api/lib/libunitree_api__rosidl_typesupport_introspection_cpp.so
[3.566s] -- Up-to-date: /home/unitree/go2_ws/install/unitree_api/lib/libunitree_api__rosidl_typesupport_cpp.so
[3.627s] Compiling '/home/unitree/go2_ws/install/unitree_api/lib/python3.8/site-packages/unitree_api/__init__.py'...
[3.638s] -- Up-to-date: /home/unitree/go2_ws/install/unitree_api/share/unitree_api/cmake/unitree_api__rosidl_generator_cExport.cmake
[3.638s] -- Installing: /home/unitree/go2_ws/install/unitree_api/share/unitree_api/cmake/unitree_api__rosidl_generator_cExport-noconfig.cmake
[3.638s] -- Up-to-date: /home/unitree/go2_ws/install/unitree_api/share/unitree_api/cmake/unitree_api__rosidl_typesupport_introspection_cExport.cmake
[3.638s] -- Installing: /home/unitree/go2_ws/install/unitree_api/share/unitree_api/cmake/unitree_api__rosidl_typesupport_introspection_cExport-noconfig.cmake
[3.639s] -- Up-to-date: /home/unitree/go2_ws/install/unitree_api/share/unitree_api/cmake/unitree_api__rosidl_typesupport_cExport.cmake
[3.639s] -- Installing: /home/unitree/go2_ws/install/unitree_api/share/unitree_api/cmake/unitree_api__rosidl_typesupport_cExport-noconfig.cmake
[3.639s] -- Up-to-date: /home/unitree/go2_ws/install/unitree_api/share/unitree_api/cmake/unitree_api__rosidl_generator_cppExport.cmake
[3.640s] -- Up-to-date: /home/unitree/go2_ws/install/unitree_api/share/unitree_api/cmake/unitree_api__rosidl_typesupport_introspection_cppExport.cmake
[3.640s] -- Installing: /home/unitree/go2_ws/install/unitree_api/share/unitree_api/cmake/unitree_api__rosidl_typesupport_introspection_cppExport-noconfig.cmake
[3.641s] -- Up-to-date: /home/unitree/go2_ws/install/unitree_api/share/unitree_api/cmake/unitree_api__rosidl_typesupport_cppExport.cmake
[3.641s] -- Installing: /home/unitree/go2_ws/install/unitree_api/share/unitree_api/cmake/unitree_api__rosidl_typesupport_cppExport-noconfig.cmake
[3.647s] Invoked command in '/home/unitree/go2_ws/build/unitree_api' returned '0': CMAKE_PREFIX_PATH=${CMAKE_PREFIX_PATH}:/opt/ros/foxy /usr/bin/cmake --install /home/unitree/go2_ws/build/unitree_api
