[0.102s] Invoking command in '/home/unitree/go2_ws/build/go2_nav': CMAKE_PREFIX_PATH=${CMAKE_PREFIX_PATH}:/home/unitree/go2_ws/install/go2_slam:/opt/ros/foxy /usr/bin/cmake --build /home/unitree/go2_ws/build/go2_nav -- -j8 -l8
[0.321s] Invoked command in '/home/unitree/go2_ws/build/go2_nav' returned '0': CMAKE_PREFIX_PATH=${CMAKE_PREFIX_PATH}:/home/unitree/go2_ws/install/go2_slam:/opt/ros/foxy /usr/bin/cmake --build /home/unitree/go2_ws/build/go2_nav -- -j8 -l8
[0.330s] Invoking command in '/home/unitree/go2_ws/build/go2_nav': CMAKE_PREFIX_PATH=${CMAKE_PREFIX_PATH}:/home/unitree/go2_ws/install/go2_slam:/opt/ros/foxy /usr/bin/cmake --install /home/unitree/go2_ws/build/go2_nav
[0.372s] -- Install configuration: ""
[0.373s] -- Execute custom install script
[0.373s] -- Up-to-date symlink: /home/unitree/go2_ws/install/go2_nav/share/go2_nav/launch/navigation.launch.foxy.py
[0.373s] -- Up-to-date symlink: /home/unitree/go2_ws/install/go2_nav/share/go2_nav/launch/navigation.launch.py
[0.373s] -- Up-to-date symlink: /home/unitree/go2_ws/install/go2_nav/share/go2_nav/launch/slam.launch.py
[0.373s] -- Up-to-date symlink: /home/unitree/go2_ws/install/go2_nav/share/go2_nav/params/go2_nav_params.yaml
[0.373s] -- Up-to-date symlink: /home/unitree/go2_ws/install/go2_nav/share/go2_nav/params/go2_nav_params_foxy.yaml
[0.373s] -- Up-to-date symlink: /home/unitree/go2_ws/install/go2_nav/share/ament_index/resource_index/package_run_dependencies/go2_nav
[0.373s] -- Up-to-date symlink: /home/unitree/go2_ws/install/go2_nav/share/ament_index/resource_index/parent_prefix_path/go2_nav
[0.375s] -- Up-to-date symlink: /home/unitree/go2_ws/install/go2_nav/share/go2_nav/environment/ament_prefix_path.sh
[0.376s] -- Up-to-date symlink: /home/unitree/go2_ws/install/go2_nav/share/go2_nav/environment/ament_prefix_path.dsv
[0.378s] -- Up-to-date symlink: /home/unitree/go2_ws/install/go2_nav/share/go2_nav/environment/path.sh
[0.378s] -- Up-to-date symlink: /home/unitree/go2_ws/install/go2_nav/share/go2_nav/environment/path.dsv
[0.379s] -- Up-to-date symlink: /home/unitree/go2_ws/install/go2_nav/share/go2_nav/local_setup.bash
[0.379s] -- Up-to-date symlink: /home/unitree/go2_ws/install/go2_nav/share/go2_nav/local_setup.sh
[0.380s] -- Up-to-date symlink: /home/unitree/go2_ws/install/go2_nav/share/go2_nav/local_setup.zsh
[0.380s] -- Up-to-date symlink: /home/unitree/go2_ws/install/go2_nav/share/go2_nav/local_setup.dsv
[0.380s] -- Symlinking: /home/unitree/go2_ws/install/go2_nav/share/go2_nav/package.dsv
[0.405s] -- Up-to-date symlink: /home/unitree/go2_ws/install/go2_nav/share/ament_index/resource_index/packages/go2_nav
[0.407s] -- Up-to-date symlink: /home/unitree/go2_ws/install/go2_nav/share/go2_nav/cmake/go2_navConfig.cmake
[0.408s] -- Up-to-date symlink: /home/unitree/go2_ws/install/go2_nav/share/go2_nav/cmake/go2_navConfig-version.cmake
[0.408s] -- Up-to-date symlink: /home/unitree/go2_ws/install/go2_nav/share/go2_nav/package.xml
[0.537s] Invoked command in '/home/unitree/go2_ws/build/go2_nav' returned '0': CMAKE_PREFIX_PATH=${CMAKE_PREFIX_PATH}:/home/unitree/go2_ws/install/go2_slam:/opt/ros/foxy /usr/bin/cmake --install /home/unitree/go2_ws/build/go2_nav
