[0.154s] Invoking command in '/home/unitree/go2_ws/build/go2_description': CMAKE_PREFIX_PATH=${CMAKE_PREFIX_PATH}:/opt/ros/foxy /usr/bin/cmake /home/unitree/go2_ws/src/go2_robot/go2_description -DCMAKE_INSTALL_PREFIX=/home/unitree/go2_ws/install/go2_description
[0.323s] -- Found ament_cmake: 0.9.12 (/opt/ros/foxy/share/ament_cmake/cmake)
[0.324s] -- Using PYTHON_EXECUTABLE: /usr/bin/python3
[0.833s] -- Override CMake install command with custom implementation using symlinks instead of copying resources
[0.847s] -- Found ament_lint_auto: 0.9.8 (/opt/ros/foxy/share/ament_lint_auto/cmake)
[1.090s] -- Added test 'flake8' to check Python code syntax and style conventions
[1.091s] -- Added test 'lint_cmake' to check CMake code style
[1.092s] -- Added test 'pep257' to check Python code against some of the style conventions in PEP 257
[1.094s] -- Added test 'xmllint' to check XML markup files
[1.098s] -- Configuring done
[1.103s] -- Generating done
[1.106s] -- Build files have been written to: /home/unitree/go2_ws/build/go2_description
[1.148s] Invoked command in '/home/unitree/go2_ws/build/go2_description' returned '0': CMAKE_PREFIX_PATH=${CMAKE_PREFIX_PATH}:/opt/ros/foxy /usr/bin/cmake /home/unitree/go2_ws/src/go2_robot/go2_description -DCMAKE_INSTALL_PREFIX=/home/unitree/go2_ws/install/go2_description
[1.150s] Invoking command in '/home/unitree/go2_ws/build/go2_description': CMAKE_PREFIX_PATH=${CMAKE_PREFIX_PATH}:/opt/ros/foxy /usr/bin/cmake --build /home/unitree/go2_ws/build/go2_description -- -j8 -l8
[1.284s] Invoked command in '/home/unitree/go2_ws/build/go2_description' returned '0': CMAKE_PREFIX_PATH=${CMAKE_PREFIX_PATH}:/opt/ros/foxy /usr/bin/cmake --build /home/unitree/go2_ws/build/go2_description -- -j8 -l8
[1.288s] Invoking command in '/home/unitree/go2_ws/build/go2_description': CMAKE_PREFIX_PATH=${CMAKE_PREFIX_PATH}:/opt/ros/foxy /usr/bin/cmake --install /home/unitree/go2_ws/build/go2_description
[1.316s] -- Install configuration: ""
[1.317s] -- Execute custom install script
[1.318s] -- Up-to-date symlink: /home/unitree/go2_ws/install/go2_description/share/go2_description/launch/robot.launch.py
[1.319s] -- Up-to-date symlink: /home/unitree/go2_ws/install/go2_description/share/go2_description/urdf/go2_description.urdf
[1.330s] -- Up-to-date symlink: /home/unitree/go2_ws/install/go2_description/share/go2_description/meshes/calf.dae
[1.332s] -- Up-to-date symlink: /home/unitree/go2_ws/install/go2_description/share/go2_description/meshes/calf_mirror.dae
[1.333s] -- Up-to-date symlink: /home/unitree/go2_ws/install/go2_description/share/go2_description/meshes/foot.dae
[1.333s] -- Up-to-date symlink: /home/unitree/go2_ws/install/go2_description/share/go2_description/meshes/hip.dae
[1.334s] -- Up-to-date symlink: /home/unitree/go2_ws/install/go2_description/share/go2_description/meshes/thigh.dae
[1.335s] -- Up-to-date symlink: /home/unitree/go2_ws/install/go2_description/share/go2_description/meshes/thigh_mirror.dae
[1.336s] -- Up-to-date symlink: /home/unitree/go2_ws/install/go2_description/share/go2_description/meshes/trunk.dae
[1.337s] -- Up-to-date symlink: /home/unitree/go2_ws/install/go2_description/share/go2_description/dae/base.dae
[1.338s] -- Up-to-date symlink: /home/unitree/go2_ws/install/go2_description/share/go2_description/dae/calf.dae
[1.343s] -- Up-to-date symlink: /home/unitree/go2_ws/install/go2_description/share/go2_description/dae/calf_mirror.dae
[1.344s] -- Up-to-date symlink: /home/unitree/go2_ws/install/go2_description/share/go2_description/dae/foot.dae
[1.344s] -- Up-to-date symlink: /home/unitree/go2_ws/install/go2_description/share/go2_description/dae/hip.dae
[1.345s] -- Up-to-date symlink: /home/unitree/go2_ws/install/go2_description/share/go2_description/dae/thigh.dae
[1.345s] -- Up-to-date symlink: /home/unitree/go2_ws/install/go2_description/share/go2_description/dae/thigh_mirror.dae
[1.345s] -- Up-to-date symlink: /home/unitree/go2_ws/install/go2_description/share/go2_description/config/go2_description.rviz
[1.345s] -- Up-to-date symlink: /home/unitree/go2_ws/install/go2_description/share/ament_index/resource_index/package_run_dependencies/go2_description
[1.345s] -- Up-to-date symlink: /home/unitree/go2_ws/install/go2_description/share/ament_index/resource_index/parent_prefix_path/go2_description
[1.345s] -- Up-to-date symlink: /home/unitree/go2_ws/install/go2_description/share/go2_description/environment/ament_prefix_path.sh
[1.345s] -- Up-to-date symlink: /home/unitree/go2_ws/install/go2_description/share/go2_description/environment/ament_prefix_path.dsv
[1.345s] -- Up-to-date symlink: /home/unitree/go2_ws/install/go2_description/share/go2_description/environment/path.sh
[1.346s] -- Up-to-date symlink: /home/unitree/go2_ws/install/go2_description/share/go2_description/environment/path.dsv
[1.346s] -- Up-to-date symlink: /home/unitree/go2_ws/install/go2_description/share/go2_description/local_setup.bash
[1.346s] -- Up-to-date symlink: /home/unitree/go2_ws/install/go2_description/share/go2_description/local_setup.sh
[1.346s] -- Up-to-date symlink: /home/unitree/go2_ws/install/go2_description/share/go2_description/local_setup.zsh
[1.346s] -- Up-to-date symlink: /home/unitree/go2_ws/install/go2_description/share/go2_description/local_setup.dsv
[1.346s] -- Symlinking: /home/unitree/go2_ws/install/go2_description/share/go2_description/package.dsv
[1.359s] -- Up-to-date symlink: /home/unitree/go2_ws/install/go2_description/share/ament_index/resource_index/packages/go2_description
[1.360s] -- Up-to-date symlink: /home/unitree/go2_ws/install/go2_description/share/go2_description/cmake/go2_descriptionConfig.cmake
[1.361s] -- Up-to-date symlink: /home/unitree/go2_ws/install/go2_description/share/go2_description/cmake/go2_descriptionConfig-version.cmake
[1.361s] -- Up-to-date symlink: /home/unitree/go2_ws/install/go2_description/share/go2_description/package.xml
[1.379s] Invoked command in '/home/unitree/go2_ws/build/go2_description' returned '0': CMAKE_PREFIX_PATH=${CMAKE_PREFIX_PATH}:/opt/ros/foxy /usr/bin/cmake --install /home/unitree/go2_ws/build/go2_description
