[0.103s] Invoking command in '/home/unitree/go2_ws/build/go2_rviz': CMAKE_PREFIX_PATH=${CMAKE_PREFIX_PATH}:/opt/ros/foxy /usr/bin/cmake /home/unitree/go2_ws/src/go2_robot/go2_rviz -DAMENT_CMAKE_SYMLINK_INSTALL=1 -DCMAKE_INSTALL_PREFIX=/home/unitree/go2_ws/install/go2_rviz
[0.222s] -- The C compiler identification is GNU 11.4.0
[0.359s] -- The CXX compiler identification is GNU 11.4.0
[0.367s] -- Check for working C compiler: /usr/bin/cc
[0.541s] -- Check for working C compiler: /usr/bin/cc -- works
[0.544s] -- Detecting C compiler ABI info
[0.708s] -- Detecting C compiler ABI info - done
[0.711s] -- Detecting C compile features
[0.712s] -- Detecting C compile features - done
[0.717s] -- Check for working CXX compiler: /usr/bin/c++
[0.893s] -- Check for working CXX compiler: /usr/bin/c++ -- works
[0.896s] -- Detecting CXX compiler ABI info
[1.080s] -- Detecting CXX compiler ABI info - done
[1.097s] -- Detecting CXX compile features
[1.099s] -- Detecting CXX compile features - done
[1.107s] -- Found ament_cmake: 0.9.12 (/opt/ros/foxy/share/ament_cmake/cmake)
[1.163s] -- Found PythonInterp: /usr/bin/python3 (found suitable version "3.8.10", minimum required is "3") 
[1.163s] -- Using PYTHON_EXECUTABLE: /usr/bin/python3
[1.571s] -- Override CMake install command with custom implementation using symlinks instead of copying resources
[1.631s] -- Found ament_lint_auto: 0.9.8 (/opt/ros/foxy/share/ament_lint_auto/cmake)
[1.842s] -- Added test 'flake8' to check Python code syntax and style conventions
[1.845s] -- Added test 'lint_cmake' to check CMake code style
[1.847s] -- Added test 'pep257' to check Python code against some of the style conventions in PEP 257
[1.850s] -- Added test 'xmllint' to check XML markup files
[1.858s] -- Configuring done
[1.863s] -- Generating done
[1.866s] -- Build files have been written to: /home/unitree/go2_ws/build/go2_rviz
[1.899s] Invoked command in '/home/unitree/go2_ws/build/go2_rviz' returned '0': CMAKE_PREFIX_PATH=${CMAKE_PREFIX_PATH}:/opt/ros/foxy /usr/bin/cmake /home/unitree/go2_ws/src/go2_robot/go2_rviz -DAMENT_CMAKE_SYMLINK_INSTALL=1 -DCMAKE_INSTALL_PREFIX=/home/unitree/go2_ws/install/go2_rviz
[1.902s] Invoking command in '/home/unitree/go2_ws/build/go2_rviz': CMAKE_PREFIX_PATH=${CMAKE_PREFIX_PATH}:/opt/ros/foxy /usr/bin/cmake --build /home/unitree/go2_ws/build/go2_rviz -- -j8 -l8
[2.020s] Invoked command in '/home/unitree/go2_ws/build/go2_rviz' returned '0': CMAKE_PREFIX_PATH=${CMAKE_PREFIX_PATH}:/opt/ros/foxy /usr/bin/cmake --build /home/unitree/go2_ws/build/go2_rviz -- -j8 -l8
[2.027s] Invoking command in '/home/unitree/go2_ws/build/go2_rviz': CMAKE_PREFIX_PATH=${CMAKE_PREFIX_PATH}:/opt/ros/foxy /usr/bin/cmake --install /home/unitree/go2_ws/build/go2_rviz
[2.063s] -- Install configuration: ""
[2.063s] -- Execute custom install script
[2.063s] -- Symlinking: /home/unitree/go2_ws/install/go2_rviz/share/go2_rviz/launch/rviz.launch.py
[2.078s] -- Symlinking: /home/unitree/go2_ws/install/go2_rviz/share/go2_rviz/config/go2_rviz.rviz
[2.097s] -- Symlinking: /home/unitree/go2_ws/install/go2_rviz/share/ament_index/resource_index/package_run_dependencies/go2_rviz
[2.116s] -- Symlinking: /home/unitree/go2_ws/install/go2_rviz/share/ament_index/resource_index/parent_prefix_path/go2_rviz
[2.134s] -- Symlinking: /home/unitree/go2_ws/install/go2_rviz/share/go2_rviz/environment/ament_prefix_path.sh
[2.154s] -- Symlinking: /home/unitree/go2_ws/install/go2_rviz/share/go2_rviz/environment/ament_prefix_path.dsv
[2.175s] -- Symlinking: /home/unitree/go2_ws/install/go2_rviz/share/go2_rviz/environment/path.sh
[2.193s] -- Symlinking: /home/unitree/go2_ws/install/go2_rviz/share/go2_rviz/environment/path.dsv
[2.212s] -- Symlinking: /home/unitree/go2_ws/install/go2_rviz/share/go2_rviz/local_setup.bash
[2.233s] -- Symlinking: /home/unitree/go2_ws/install/go2_rviz/share/go2_rviz/local_setup.sh
[2.253s] -- Symlinking: /home/unitree/go2_ws/install/go2_rviz/share/go2_rviz/local_setup.zsh
[2.273s] -- Symlinking: /home/unitree/go2_ws/install/go2_rviz/share/go2_rviz/local_setup.dsv
[2.294s] -- Symlinking: /home/unitree/go2_ws/install/go2_rviz/share/go2_rviz/package.dsv
[2.315s] -- Symlinking: /home/unitree/go2_ws/install/go2_rviz/share/ament_index/resource_index/packages/go2_rviz
[2.335s] -- Symlinking: /home/unitree/go2_ws/install/go2_rviz/share/go2_rviz/cmake/go2_rvizConfig.cmake
[2.356s] -- Symlinking: /home/unitree/go2_ws/install/go2_rviz/share/go2_rviz/cmake/go2_rvizConfig-version.cmake
[2.379s] -- Symlinking: /home/unitree/go2_ws/install/go2_rviz/share/go2_rviz/package.xml
[2.417s] Invoked command in '/home/unitree/go2_ws/build/go2_rviz' returned '0': CMAKE_PREFIX_PATH=${CMAKE_PREFIX_PATH}:/opt/ros/foxy /usr/bin/cmake --install /home/unitree/go2_ws/build/go2_rviz
