[0.105s] Invoking command in '/home/unitree/go2_ws/build/go2_hardware': CMAKE_PREFIX_PATH=${CMAKE_PREFIX_PATH}:/home/unitree/go2_ws/install/go2_slam:/opt/ros/foxy /usr/bin/cmake --build /home/unitree/go2_ws/build/go2_hardware -- -j8 -l8
[0.259s] Invoked command in '/home/unitree/go2_ws/build/go2_hardware' returned '0': CMAKE_PREFIX_PATH=${CMAKE_PREFIX_PATH}:/home/unitree/go2_ws/install/go2_slam:/opt/ros/foxy /usr/bin/cmake --build /home/unitree/go2_ws/build/go2_hardware -- -j8 -l8
[0.268s] Invoking command in '/home/unitree/go2_ws/build/go2_hardware': CMAKE_PREFIX_PATH=${CMAKE_PREFIX_PATH}:/home/unitree/go2_ws/install/go2_slam:/opt/ros/foxy /usr/bin/cmake --install /home/unitree/go2_ws/build/go2_hardware
[0.320s] -- Install configuration: ""
[0.323s] -- Execute custom install script
[0.324s] -- Up-to-date symlink: /home/unitree/go2_ws/install/go2_hardware/share/ament_index/resource_index/package_run_dependencies/go2_hardware
[0.324s] -- Up-to-date symlink: /home/unitree/go2_ws/install/go2_hardware/share/ament_index/resource_index/parent_prefix_path/go2_hardware
[0.327s] -- Up-to-date symlink: /home/unitree/go2_ws/install/go2_hardware/share/go2_hardware/environment/ament_prefix_path.sh
[0.327s] -- Up-to-date symlink: /home/unitree/go2_ws/install/go2_hardware/share/go2_hardware/environment/ament_prefix_path.dsv
[0.329s] -- Up-to-date symlink: /home/unitree/go2_ws/install/go2_hardware/share/go2_hardware/environment/path.sh
[0.330s] -- Up-to-date symlink: /home/unitree/go2_ws/install/go2_hardware/share/go2_hardware/environment/path.dsv
[0.331s] -- Up-to-date symlink: /home/unitree/go2_ws/install/go2_hardware/share/go2_hardware/local_setup.bash
[0.333s] -- Up-to-date symlink: /home/unitree/go2_ws/install/go2_hardware/share/go2_hardware/local_setup.sh
[0.337s] -- Up-to-date symlink: /home/unitree/go2_ws/install/go2_hardware/share/go2_hardware/local_setup.zsh
[0.344s] -- Up-to-date symlink: /home/unitree/go2_ws/install/go2_hardware/share/go2_hardware/local_setup.dsv
[0.344s] -- Symlinking: /home/unitree/go2_ws/install/go2_hardware/share/go2_hardware/package.dsv
[0.363s] -- Up-to-date symlink: /home/unitree/go2_ws/install/go2_hardware/share/ament_index/resource_index/packages/go2_hardware
[0.364s] -- Up-to-date symlink: /home/unitree/go2_ws/install/go2_hardware/share/go2_hardware/cmake/go2_hardwareConfig.cmake
[0.364s] -- Up-to-date symlink: /home/unitree/go2_ws/install/go2_hardware/share/go2_hardware/cmake/go2_hardwareConfig-version.cmake
[0.373s] -- Up-to-date symlink: /home/unitree/go2_ws/install/go2_hardware/share/go2_hardware/package.xml
[0.453s] Invoked command in '/home/unitree/go2_ws/build/go2_hardware' returned '0': CMAKE_PREFIX_PATH=${CMAKE_PREFIX_PATH}:/home/unitree/go2_ws/install/go2_slam:/opt/ros/foxy /usr/bin/cmake --install /home/unitree/go2_ws/build/go2_hardware
