[0.032s] Invoking command in '/home/unitree/go2_ws/build/go2_robot': CMAKE_PREFIX_PATH=/home/unitree/go2_ws/install/go2_description:/home/unitree/go2_ws/install/go2_bringup:/home/unitree/go2_ws/install/go2_driver:/home/unitree/go2_ws/install/unitree_go:/home/unitree/go2_ws/install/unitree_api:/home/unitree/go2_ws/install/hesai_ros_driver:/home/unitree/go2_ws/install/go2_simulation:/home/unitree/go2_ws/install/go2_rviz:/home/unitree/go2_ws/install/go2_robot:/home/unitree/go2_ws/install/go2_nav:/home/unitree/go2_ws/install/go2_interfaces:/home/unitree/go2_ws/install/go2_hardware:/home/unitree/unitree_ros2/install/unitree_ros2_example:/home/unitree/unitree_ros2/install/unitree_hg:/home/unitree/unitree_ros2/install/unitree_go:/home/unitree/unitree_ros2/install/unitree_api:/home/unitree/unitree_ros2/install/rmw_cyclonedds_cpp:/home/unitree/unitree_ros2/install/cyclonedds:/home/unitree/cyclonedds_ws/install/rmw_cyclonedds_cpp:/home/unitree/cyclonedds_ws/install/cyclonedds:/home/unitree/unitree_ros2/cyclonedds_ws/install/unitree_hg:/home/unitree/unitree_ros2/cyclonedds_ws/install/unitree_go:/home/unitree/unitree_ros2/cyclonedds_ws/install/unitree_api:/home/unitree/unitree_ros2/cyclonedds_ws/install/rmw_cyclonedds_cpp:/home/unitree/unitree_ros2/cyclonedds_ws/install/cyclonedds:/opt/ros/foxy /usr/bin/cmake /home/unitree/go2_ws/src/go2_robot/go2_robot -DAMENT_CMAKE_SYMLINK_INSTALL=1 -DCMAKE_INSTALL_PREFIX=/home/unitree/go2_ws/install/go2_robot
[0.140s] -- The C compiler identification is GNU 11.4.0
[0.238s] -- The CXX compiler identification is GNU 11.4.0
[0.246s] -- Check for working C compiler: /usr/bin/cc
[0.380s] -- Check for working C compiler: /usr/bin/cc -- works
[0.382s] -- Detecting C compiler ABI info
[0.519s] -- Detecting C compiler ABI info - done
[0.533s] -- Detecting C compile features
[0.534s] -- Detecting C compile features - done
[0.537s] -- Check for working CXX compiler: /usr/bin/c++
[0.686s] -- Check for working CXX compiler: /usr/bin/c++ -- works
[0.688s] -- Detecting CXX compiler ABI info
[0.850s] -- Detecting CXX compiler ABI info - done
[0.866s] -- Detecting CXX compile features
[0.866s] -- Detecting CXX compile features - done
[0.873s] -- Found ament_cmake: 0.9.12 (/opt/ros/foxy/share/ament_cmake/cmake)
[0.925s] -- Found PythonInterp: /usr/bin/python3 (found suitable version "3.8.10", minimum required is "3") 
[0.925s] -- Using PYTHON_EXECUTABLE: /usr/bin/python3
[1.294s] -- Override CMake install command with custom implementation using symlinks instead of copying resources
[1.552s] -- Configuring done
[1.556s] -- Generating done
[1.559s] -- Build files have been written to: /home/unitree/go2_ws/build/go2_robot
[1.574s] Invoked command in '/home/unitree/go2_ws/build/go2_robot' returned '0': CMAKE_PREFIX_PATH=/home/unitree/go2_ws/install/go2_description:/home/unitree/go2_ws/install/go2_bringup:/home/unitree/go2_ws/install/go2_driver:/home/unitree/go2_ws/install/unitree_go:/home/unitree/go2_ws/install/unitree_api:/home/unitree/go2_ws/install/hesai_ros_driver:/home/unitree/go2_ws/install/go2_simulation:/home/unitree/go2_ws/install/go2_rviz:/home/unitree/go2_ws/install/go2_robot:/home/unitree/go2_ws/install/go2_nav:/home/unitree/go2_ws/install/go2_interfaces:/home/unitree/go2_ws/install/go2_hardware:/home/unitree/unitree_ros2/install/unitree_ros2_example:/home/unitree/unitree_ros2/install/unitree_hg:/home/unitree/unitree_ros2/install/unitree_go:/home/unitree/unitree_ros2/install/unitree_api:/home/unitree/unitree_ros2/install/rmw_cyclonedds_cpp:/home/unitree/unitree_ros2/install/cyclonedds:/home/unitree/cyclonedds_ws/install/rmw_cyclonedds_cpp:/home/unitree/cyclonedds_ws/install/cyclonedds:/home/unitree/unitree_ros2/cyclonedds_ws/install/unitree_hg:/home/unitree/unitree_ros2/cyclonedds_ws/install/unitree_go:/home/unitree/unitree_ros2/cyclonedds_ws/install/unitree_api:/home/unitree/unitree_ros2/cyclonedds_ws/install/rmw_cyclonedds_cpp:/home/unitree/unitree_ros2/cyclonedds_ws/install/cyclonedds:/opt/ros/foxy /usr/bin/cmake /home/unitree/go2_ws/src/go2_robot/go2_robot -DAMENT_CMAKE_SYMLINK_INSTALL=1 -DCMAKE_INSTALL_PREFIX=/home/unitree/go2_ws/install/go2_robot
[1.576s] Invoking command in '/home/unitree/go2_ws/build/go2_robot': CMAKE_PREFIX_PATH=/home/unitree/go2_ws/install/go2_description:/home/unitree/go2_ws/install/go2_bringup:/home/unitree/go2_ws/install/go2_driver:/home/unitree/go2_ws/install/unitree_go:/home/unitree/go2_ws/install/unitree_api:/home/unitree/go2_ws/install/hesai_ros_driver:/home/unitree/go2_ws/install/go2_simulation:/home/unitree/go2_ws/install/go2_rviz:/home/unitree/go2_ws/install/go2_robot:/home/unitree/go2_ws/install/go2_nav:/home/unitree/go2_ws/install/go2_interfaces:/home/unitree/go2_ws/install/go2_hardware:/home/unitree/unitree_ros2/install/unitree_ros2_example:/home/unitree/unitree_ros2/install/unitree_hg:/home/unitree/unitree_ros2/install/unitree_go:/home/unitree/unitree_ros2/install/unitree_api:/home/unitree/unitree_ros2/install/rmw_cyclonedds_cpp:/home/unitree/unitree_ros2/install/cyclonedds:/home/unitree/cyclonedds_ws/install/rmw_cyclonedds_cpp:/home/unitree/cyclonedds_ws/install/cyclonedds:/home/unitree/unitree_ros2/cyclonedds_ws/install/unitree_hg:/home/unitree/unitree_ros2/cyclonedds_ws/install/unitree_go:/home/unitree/unitree_ros2/cyclonedds_ws/install/unitree_api:/home/unitree/unitree_ros2/cyclonedds_ws/install/rmw_cyclonedds_cpp:/home/unitree/unitree_ros2/cyclonedds_ws/install/cyclonedds:/opt/ros/foxy /usr/bin/cmake --build /home/unitree/go2_ws/build/go2_robot -- -j8 -l8
[1.826s] Invoked command in '/home/unitree/go2_ws/build/go2_robot' returned '0': CMAKE_PREFIX_PATH=/home/unitree/go2_ws/install/go2_description:/home/unitree/go2_ws/install/go2_bringup:/home/unitree/go2_ws/install/go2_driver:/home/unitree/go2_ws/install/unitree_go:/home/unitree/go2_ws/install/unitree_api:/home/unitree/go2_ws/install/hesai_ros_driver:/home/unitree/go2_ws/install/go2_simulation:/home/unitree/go2_ws/install/go2_rviz:/home/unitree/go2_ws/install/go2_robot:/home/unitree/go2_ws/install/go2_nav:/home/unitree/go2_ws/install/go2_interfaces:/home/unitree/go2_ws/install/go2_hardware:/home/unitree/unitree_ros2/install/unitree_ros2_example:/home/unitree/unitree_ros2/install/unitree_hg:/home/unitree/unitree_ros2/install/unitree_go:/home/unitree/unitree_ros2/install/unitree_api:/home/unitree/unitree_ros2/install/rmw_cyclonedds_cpp:/home/unitree/unitree_ros2/install/cyclonedds:/home/unitree/cyclonedds_ws/install/rmw_cyclonedds_cpp:/home/unitree/cyclonedds_ws/install/cyclonedds:/home/unitree/unitree_ros2/cyclonedds_ws/install/unitree_hg:/home/unitree/unitree_ros2/cyclonedds_ws/install/unitree_go:/home/unitree/unitree_ros2/cyclonedds_ws/install/unitree_api:/home/unitree/unitree_ros2/cyclonedds_ws/install/rmw_cyclonedds_cpp:/home/unitree/unitree_ros2/cyclonedds_ws/install/cyclonedds:/opt/ros/foxy /usr/bin/cmake --build /home/unitree/go2_ws/build/go2_robot -- -j8 -l8
[1.832s] Invoking command in '/home/unitree/go2_ws/build/go2_robot': CMAKE_PREFIX_PATH=/home/unitree/go2_ws/install/go2_description:/home/unitree/go2_ws/install/go2_bringup:/home/unitree/go2_ws/install/go2_driver:/home/unitree/go2_ws/install/unitree_go:/home/unitree/go2_ws/install/unitree_api:/home/unitree/go2_ws/install/hesai_ros_driver:/home/unitree/go2_ws/install/go2_simulation:/home/unitree/go2_ws/install/go2_rviz:/home/unitree/go2_ws/install/go2_robot:/home/unitree/go2_ws/install/go2_nav:/home/unitree/go2_ws/install/go2_interfaces:/home/unitree/go2_ws/install/go2_hardware:/home/unitree/unitree_ros2/install/unitree_ros2_example:/home/unitree/unitree_ros2/install/unitree_hg:/home/unitree/unitree_ros2/install/unitree_go:/home/unitree/unitree_ros2/install/unitree_api:/home/unitree/unitree_ros2/install/rmw_cyclonedds_cpp:/home/unitree/unitree_ros2/install/cyclonedds:/home/unitree/cyclonedds_ws/install/rmw_cyclonedds_cpp:/home/unitree/cyclonedds_ws/install/cyclonedds:/home/unitree/unitree_ros2/cyclonedds_ws/install/unitree_hg:/home/unitree/unitree_ros2/cyclonedds_ws/install/unitree_go:/home/unitree/unitree_ros2/cyclonedds_ws/install/unitree_api:/home/unitree/unitree_ros2/cyclonedds_ws/install/rmw_cyclonedds_cpp:/home/unitree/unitree_ros2/cyclonedds_ws/install/cyclonedds:/opt/ros/foxy /usr/bin/cmake --install /home/unitree/go2_ws/build/go2_robot
[1.892s] -- Install configuration: ""
[1.892s] -- Execute custom install script
[1.894s] -- Symlinking: /home/unitree/go2_ws/install/go2_robot/share/ament_index/resource_index/package_run_dependencies/go2_robot
[1.969s] -- Symlinking: /home/unitree/go2_ws/install/go2_robot/share/ament_index/resource_index/parent_prefix_path/go2_robot
[2.029s] -- Symlinking: /home/unitree/go2_ws/install/go2_robot/share/go2_robot/environment/ament_prefix_path.sh
[2.078s] -- Symlinking: /home/unitree/go2_ws/install/go2_robot/share/go2_robot/environment/ament_prefix_path.dsv
[2.157s] -- Symlinking: /home/unitree/go2_ws/install/go2_robot/share/go2_robot/environment/path.sh
[2.195s] -- Symlinking: /home/unitree/go2_ws/install/go2_robot/share/go2_robot/environment/path.dsv
[2.233s] -- Symlinking: /home/unitree/go2_ws/install/go2_robot/share/go2_robot/local_setup.bash
[2.282s] -- Symlinking: /home/unitree/go2_ws/install/go2_robot/share/go2_robot/local_setup.sh
[2.333s] -- Symlinking: /home/unitree/go2_ws/install/go2_robot/share/go2_robot/local_setup.zsh
[2.382s] -- Symlinking: /home/unitree/go2_ws/install/go2_robot/share/go2_robot/local_setup.dsv
[2.421s] -- Symlinking: /home/unitree/go2_ws/install/go2_robot/share/go2_robot/package.dsv
[2.473s] -- Symlinking: /home/unitree/go2_ws/install/go2_robot/share/ament_index/resource_index/packages/go2_robot
[2.518s] -- Symlinking: /home/unitree/go2_ws/install/go2_robot/share/go2_robot/cmake/go2_robotConfig.cmake
[2.582s] -- Symlinking: /home/unitree/go2_ws/install/go2_robot/share/go2_robot/cmake/go2_robotConfig-version.cmake
[2.640s] -- Symlinking: /home/unitree/go2_ws/install/go2_robot/share/go2_robot/package.xml
[2.686s] Invoked command in '/home/unitree/go2_ws/build/go2_robot' returned '0': CMAKE_PREFIX_PATH=/home/unitree/go2_ws/install/go2_description:/home/unitree/go2_ws/install/go2_bringup:/home/unitree/go2_ws/install/go2_driver:/home/unitree/go2_ws/install/unitree_go:/home/unitree/go2_ws/install/unitree_api:/home/unitree/go2_ws/install/hesai_ros_driver:/home/unitree/go2_ws/install/go2_simulation:/home/unitree/go2_ws/install/go2_rviz:/home/unitree/go2_ws/install/go2_robot:/home/unitree/go2_ws/install/go2_nav:/home/unitree/go2_ws/install/go2_interfaces:/home/unitree/go2_ws/install/go2_hardware:/home/unitree/unitree_ros2/install/unitree_ros2_example:/home/unitree/unitree_ros2/install/unitree_hg:/home/unitree/unitree_ros2/install/unitree_go:/home/unitree/unitree_ros2/install/unitree_api:/home/unitree/unitree_ros2/install/rmw_cyclonedds_cpp:/home/unitree/unitree_ros2/install/cyclonedds:/home/unitree/cyclonedds_ws/install/rmw_cyclonedds_cpp:/home/unitree/cyclonedds_ws/install/cyclonedds:/home/unitree/unitree_ros2/cyclonedds_ws/install/unitree_hg:/home/unitree/unitree_ros2/cyclonedds_ws/install/unitree_go:/home/unitree/unitree_ros2/cyclonedds_ws/install/unitree_api:/home/unitree/unitree_ros2/cyclonedds_ws/install/rmw_cyclonedds_cpp:/home/unitree/unitree_ros2/cyclonedds_ws/install/cyclonedds:/opt/ros/foxy /usr/bin/cmake --install /home/unitree/go2_ws/build/go2_robot
