-- The C compiler identification is GNU 11.4.0
-- The CXX compiler identification is GNU 11.4.0
-- Check for working C compiler: /usr/bin/cc
-- Check for working C compiler: /usr/bin/cc -- works
-- Detecting C compiler ABI info
-- Detecting C compiler ABI info - done
-- Detecting C compile features
-- Detecting C compile features - done
-- Check for working CXX compiler: /usr/bin/c++
-- Check for working CXX compiler: /usr/bin/c++ -- works
-- Detecting CXX compiler ABI info
-- Detecting CXX compiler ABI info - done
-- Detecting CXX compile features
-- Detecting CXX compile features - done
-- Found rosidl_default_generators: 1.0.1 (/opt/ros/foxy/share/rosidl_default_generators/cmake)
-- Found ament_cmake_core: 0.9.12 (/opt/ros/foxy/share/ament_cmake_core/cmake)
-- Found PythonInterp: /usr/bin/python3 (found suitable version "3.8.10", minimum required is "3") 
-- Using PYTHON_EXECUTABLE: /usr/bin/python3
-- Override CMake install command with custom implementation using symlinks instead of copying resources
-- Using all available rosidl_typesupport_c: rosidl_typesupport_fastrtps_c;rosidl_typesupport_introspection_c
-- Found rosidl_adapter: 1.3.1 (/opt/ros/foxy/share/rosidl_adapter/cmake)
-- Found OpenSSL: /usr/lib/aarch64-linux-gnu/libcrypto.so (found version "1.1.1f")  
-- Found FastRTPS: /opt/ros/foxy/include  
-- Using all available rosidl_typesupport_cpp: rosidl_typesupport_fastrtps_cpp;rosidl_typesupport_introspection_cpp
-- Found std_msgs: 2.0.5 (/opt/ros/foxy/share/std_msgs/cmake)
-- Found PythonInterp: /usr/bin/python3 (found version "3.8.10") 
-- Found ament_cmake_ros: 0.9.2 (/opt/ros/foxy/share/ament_cmake_ros/cmake)
-- Using all available rosidl_typesupport_c: rosidl_typesupport_fastrtps_c;rosidl_typesupport_introspection_c
-- Using all available rosidl_typesupport_cpp: rosidl_typesupport_fastrtps_cpp;rosidl_typesupport_introspection_cpp
-- Found PythonInterp: /usr/bin/python3 (found suitable version "3.8.10", minimum required is "3.5") 
-- Found python_cmake_module: 0.8.1 (/opt/ros/foxy/share/python_cmake_module/cmake)
-- Found PythonLibs: /usr/lib/aarch64-linux-gnu/libpython3.8.so (found suitable version "3.8.10", minimum required is "3.5") 
-- Using PYTHON_EXECUTABLE: /usr/bin/python3
-- Using PYTHON_INCLUDE_DIRS: /usr/include/python3.8
-- Using PYTHON_LIBRARIES: /usr/lib/aarch64-linux-gnu/libpython3.8.so
-- Found PythonExtra: .so  
-- Found ament_lint_auto: 0.9.8 (/opt/ros/foxy/share/ament_lint_auto/cmake)
-- Added test 'lint_cmake' to check CMake code style
-- Added test 'xmllint' to check XML markup files
-- Configuring done
-- Generating done
-- Build files have been written to: /home/unitree/go2_ws/build/go2_interfaces
[  1%] [34m[1mGenerating C code for ROS interfaces[0m
[35m[1mScanning dependencies of target go2_interfaces__cpp[0m
[  2%] [34m[1mGenerating C++ code for ROS interfaces[0m
[  2%] Built target go2_interfaces__cpp
[  3%] [34m[1mGenerating C++ type support for eProsima Fast-RTPS[0m
[  4%] [34m[1mGenerating C++ introspection for ROS interfaces[0m
[  5%] [34m[1mGenerating C++ type support dispatch for ROS interfaces[0m
[35m[1mScanning dependencies of target go2_interfaces__rosidl_generator_c[0m
[  6%] [32mBuilding C object CMakeFiles/go2_interfaces__rosidl_generator_c.dir/rosidl_generator_c/go2_interfaces/srv/detail/body_height__functions.c.o[0m
[  7%] [32mBuilding C object CMakeFiles/go2_interfaces__rosidl_generator_c.dir/rosidl_generator_c/go2_interfaces/srv/detail/euler__functions.c.o[0m
[  8%] [32mBuilding C object CMakeFiles/go2_interfaces__rosidl_generator_c.dir/rosidl_generator_c/go2_interfaces/srv/detail/continuous_gait__functions.c.o[0m
[  9%] [32mBuilding C object CMakeFiles/go2_interfaces__rosidl_generator_c.dir/rosidl_generator_c/go2_interfaces/srv/detail/foot_raise_height__functions.c.o[0m
[ 10%] [32mBuilding C object CMakeFiles/go2_interfaces__rosidl_generator_c.dir/rosidl_generator_c/go2_interfaces/srv/detail/mode__functions.c.o[0m
[ 11%] [32mBuilding C object CMakeFiles/go2_interfaces__rosidl_generator_c.dir/rosidl_generator_c/go2_interfaces/srv/detail/pose__functions.c.o[0m
[ 12%] [32mBuilding C object CMakeFiles/go2_interfaces__rosidl_generator_c.dir/rosidl_generator_c/go2_interfaces/srv/detail/speed_level__functions.c.o[0m
[ 13%] [32mBuilding C object CMakeFiles/go2_interfaces__rosidl_generator_c.dir/rosidl_generator_c/go2_interfaces/srv/detail/switch_gait__functions.c.o[0m
[ 14%] [32mBuilding C object CMakeFiles/go2_interfaces__rosidl_generator_c.dir/rosidl_generator_c/go2_interfaces/srv/detail/switch_joystick__functions.c.o[0m
[ 15%] [32m[1mLinking C shared library libgo2_interfaces__rosidl_generator_c.so[0m
[ 15%] Built target go2_interfaces__rosidl_generator_c
[ 16%] [34m[1mGenerating C introspection for ROS interfaces[0m
[ 17%] [34m[1mGenerating C type support dispatch for ROS interfaces[0m
[35m[1mScanning dependencies of target go2_interfaces__rosidl_typesupport_cpp[0m
[ 18%] [32mBuilding CXX object CMakeFiles/go2_interfaces__rosidl_typesupport_cpp.dir/rosidl_typesupport_cpp/go2_interfaces/srv/body_height__type_support.cpp.o[0m
[ 20%] [32mBuilding CXX object CMakeFiles/go2_interfaces__rosidl_typesupport_cpp.dir/rosidl_typesupport_cpp/go2_interfaces/srv/continuous_gait__type_support.cpp.o[0m
[ 21%] [32mBuilding CXX object CMakeFiles/go2_interfaces__rosidl_typesupport_cpp.dir/rosidl_typesupport_cpp/go2_interfaces/srv/euler__type_support.cpp.o[0m
[35m[1mScanning dependencies of target go2_interfaces__rosidl_typesupport_introspection_cpp[0m
[ 22%] [32mBuilding CXX object CMakeFiles/go2_interfaces__rosidl_typesupport_introspection_cpp.dir/rosidl_typesupport_introspection_cpp/go2_interfaces/srv/detail/body_height__type_support.cpp.o[0m
[ 23%] [32mBuilding CXX object CMakeFiles/go2_interfaces__rosidl_typesupport_cpp.dir/rosidl_typesupport_cpp/go2_interfaces/srv/foot_raise_height__type_support.cpp.o[0m
[35m[1mScanning dependencies of target go2_interfaces__rosidl_typesupport_fastrtps_cpp[0m
[ 24%] [32mBuilding CXX object CMakeFiles/go2_interfaces__rosidl_typesupport_fastrtps_cpp.dir/rosidl_typesupport_fastrtps_cpp/go2_interfaces/srv/detail/dds_fastrtps/body_height__type_support.cpp.o[0m
[ 25%] [32mBuilding CXX object CMakeFiles/go2_interfaces__rosidl_typesupport_cpp.dir/rosidl_typesupport_cpp/go2_interfaces/srv/pose__type_support.cpp.o[0m
[ 26%] [32mBuilding CXX object CMakeFiles/go2_interfaces__rosidl_typesupport_cpp.dir/rosidl_typesupport_cpp/go2_interfaces/srv/mode__type_support.cpp.o[0m
[ 27%] [32mBuilding CXX object CMakeFiles/go2_interfaces__rosidl_typesupport_fastrtps_cpp.dir/rosidl_typesupport_fastrtps_cpp/go2_interfaces/srv/detail/dds_fastrtps/continuous_gait__type_support.cpp.o[0m
[35m[1mScanning dependencies of target go2_interfaces__rosidl_typesupport_c[0m
[ 28%] [32mBuilding CXX object CMakeFiles/go2_interfaces__rosidl_typesupport_cpp.dir/rosidl_typesupport_cpp/go2_interfaces/srv/speed_level__type_support.cpp.o[0m
[ 29%] [32mBuilding CXX object CMakeFiles/go2_interfaces__rosidl_typesupport_introspection_cpp.dir/rosidl_typesupport_introspection_cpp/go2_interfaces/srv/detail/continuous_gait__type_support.cpp.o[0m
[ 30%] [32mBuilding CXX object CMakeFiles/go2_interfaces__rosidl_typesupport_c.dir/rosidl_typesupport_c/go2_interfaces/srv/body_height__type_support.cpp.o[0m
[ 31%] [32mBuilding CXX object CMakeFiles/go2_interfaces__rosidl_typesupport_c.dir/rosidl_typesupport_c/go2_interfaces/srv/continuous_gait__type_support.cpp.o[0m
[ 32%] [32mBuilding CXX object CMakeFiles/go2_interfaces__rosidl_typesupport_c.dir/rosidl_typesupport_c/go2_interfaces/srv/euler__type_support.cpp.o[0m
[ 33%] [32mBuilding CXX object CMakeFiles/go2_interfaces__rosidl_typesupport_c.dir/rosidl_typesupport_c/go2_interfaces/srv/foot_raise_height__type_support.cpp.o[0m
[ 34%] [32mBuilding CXX object CMakeFiles/go2_interfaces__rosidl_typesupport_fastrtps_cpp.dir/rosidl_typesupport_fastrtps_cpp/go2_interfaces/srv/detail/dds_fastrtps/euler__type_support.cpp.o[0m
[ 35%] [32mBuilding CXX object CMakeFiles/go2_interfaces__rosidl_typesupport_cpp.dir/rosidl_typesupport_cpp/go2_interfaces/srv/switch_gait__type_support.cpp.o[0m
[ 36%] [32mBuilding CXX object CMakeFiles/go2_interfaces__rosidl_typesupport_c.dir/rosidl_typesupport_c/go2_interfaces/srv/mode__type_support.cpp.o[0m
[ 37%] [32mBuilding CXX object CMakeFiles/go2_interfaces__rosidl_typesupport_fastrtps_cpp.dir/rosidl_typesupport_fastrtps_cpp/go2_interfaces/srv/detail/dds_fastrtps/foot_raise_height__type_support.cpp.o[0m
[ 38%] [32mBuilding CXX object CMakeFiles/go2_interfaces__rosidl_typesupport_c.dir/rosidl_typesupport_c/go2_interfaces/srv/pose__type_support.cpp.o[0m
[35m[1mScanning dependencies of target go2_interfaces__rosidl_typesupport_introspection_c[0m
[ 40%] [32mBuilding CXX object CMakeFiles/go2_interfaces__rosidl_typesupport_c.dir/rosidl_typesupport_c/go2_interfaces/srv/speed_level__type_support.cpp.o[0m
[ 41%] [32mBuilding CXX object CMakeFiles/go2_interfaces__rosidl_typesupport_introspection_cpp.dir/rosidl_typesupport_introspection_cpp/go2_interfaces/srv/detail/euler__type_support.cpp.o[0m
[ 42%] [32mBuilding C object CMakeFiles/go2_interfaces__rosidl_typesupport_introspection_c.dir/rosidl_typesupport_introspection_c/go2_interfaces/srv/detail/body_height__type_support.c.o[0m
[ 43%] [32mBuilding CXX object CMakeFiles/go2_interfaces__rosidl_typesupport_fastrtps_cpp.dir/rosidl_typesupport_fastrtps_cpp/go2_interfaces/srv/detail/dds_fastrtps/mode__type_support.cpp.o[0m
[ 44%] [32mBuilding CXX object CMakeFiles/go2_interfaces__rosidl_typesupport_c.dir/rosidl_typesupport_c/go2_interfaces/srv/switch_gait__type_support.cpp.o[0m
[ 45%] [32mBuilding C object CMakeFiles/go2_interfaces__rosidl_typesupport_introspection_c.dir/rosidl_typesupport_introspection_c/go2_interfaces/srv/detail/continuous_gait__type_support.c.o[0m
[ 46%] [32mBuilding CXX object CMakeFiles/go2_interfaces__rosidl_typesupport_c.dir/rosidl_typesupport_c/go2_interfaces/srv/switch_joystick__type_support.cpp.o[0m
[ 47%] [32mBuilding C object CMakeFiles/go2_interfaces__rosidl_typesupport_introspection_c.dir/rosidl_typesupport_introspection_c/go2_interfaces/srv/detail/euler__type_support.c.o[0m
[ 48%] [32mBuilding CXX object CMakeFiles/go2_interfaces__rosidl_typesupport_introspection_cpp.dir/rosidl_typesupport_introspection_cpp/go2_interfaces/srv/detail/foot_raise_height__type_support.cpp.o[0m
[ 49%] [32m[1mLinking CXX shared library libgo2_interfaces__rosidl_typesupport_c.so[0m
[ 50%] [32mBuilding C object CMakeFiles/go2_interfaces__rosidl_typesupport_introspection_c.dir/rosidl_typesupport_introspection_c/go2_interfaces/srv/detail/foot_raise_height__type_support.c.o[0m
[ 51%] [32mBuilding CXX object CMakeFiles/go2_interfaces__rosidl_typesupport_cpp.dir/rosidl_typesupport_cpp/go2_interfaces/srv/switch_joystick__type_support.cpp.o[0m
[ 51%] Built target go2_interfaces__rosidl_typesupport_c
[ 52%] [32mBuilding C object CMakeFiles/go2_interfaces__rosidl_typesupport_introspection_c.dir/rosidl_typesupport_introspection_c/go2_interfaces/srv/detail/mode__type_support.c.o[0m
[ 53%] [32mBuilding CXX object CMakeFiles/go2_interfaces__rosidl_typesupport_fastrtps_cpp.dir/rosidl_typesupport_fastrtps_cpp/go2_interfaces/srv/detail/dds_fastrtps/pose__type_support.cpp.o[0m
[ 54%] [32mBuilding C object CMakeFiles/go2_interfaces__rosidl_typesupport_introspection_c.dir/rosidl_typesupport_introspection_c/go2_interfaces/srv/detail/pose__type_support.c.o[0m
[ 55%] [32mBuilding C object CMakeFiles/go2_interfaces__rosidl_typesupport_introspection_c.dir/rosidl_typesupport_introspection_c/go2_interfaces/srv/detail/speed_level__type_support.c.o[0m
[ 56%] [32mBuilding C object CMakeFiles/go2_interfaces__rosidl_typesupport_introspection_c.dir/rosidl_typesupport_introspection_c/go2_interfaces/srv/detail/switch_gait__type_support.c.o[0m
[ 57%] [32mBuilding CXX object CMakeFiles/go2_interfaces__rosidl_typesupport_introspection_cpp.dir/rosidl_typesupport_introspection_cpp/go2_interfaces/srv/detail/mode__type_support.cpp.o[0m
[ 58%] [32mBuilding CXX object CMakeFiles/go2_interfaces__rosidl_typesupport_introspection_cpp.dir/rosidl_typesupport_introspection_cpp/go2_interfaces/srv/detail/speed_level__type_support.cpp.o[0m
[ 60%] [32mBuilding CXX object CMakeFiles/go2_interfaces__rosidl_typesupport_introspection_cpp.dir/rosidl_typesupport_introspection_cpp/go2_interfaces/srv/detail/pose__type_support.cpp.o[0m
[ 61%] [32mBuilding C object CMakeFiles/go2_interfaces__rosidl_typesupport_introspection_c.dir/rosidl_typesupport_introspection_c/go2_interfaces/srv/detail/switch_joystick__type_support.c.o[0m
[ 62%] [32m[1mLinking C shared library libgo2_interfaces__rosidl_typesupport_introspection_c.so[0m
[ 63%] [32mBuilding CXX object CMakeFiles/go2_interfaces__rosidl_typesupport_fastrtps_cpp.dir/rosidl_typesupport_fastrtps_cpp/go2_interfaces/srv/detail/dds_fastrtps/speed_level__type_support.cpp.o[0m
[ 63%] Built target go2_interfaces__rosidl_typesupport_introspection_c
[ 64%] [32mBuilding CXX object CMakeFiles/go2_interfaces__rosidl_typesupport_introspection_cpp.dir/rosidl_typesupport_introspection_cpp/go2_interfaces/srv/detail/switch_gait__type_support.cpp.o[0m
[ 65%] [32mBuilding CXX object CMakeFiles/go2_interfaces__rosidl_typesupport_introspection_cpp.dir/rosidl_typesupport_introspection_cpp/go2_interfaces/srv/detail/switch_joystick__type_support.cpp.o[0m
[ 66%] [32m[1mLinking CXX shared library libgo2_interfaces__rosidl_typesupport_cpp.so[0m
[ 67%] [32mBuilding CXX object CMakeFiles/go2_interfaces__rosidl_typesupport_fastrtps_cpp.dir/rosidl_typesupport_fastrtps_cpp/go2_interfaces/srv/detail/dds_fastrtps/switch_gait__type_support.cpp.o[0m
[ 68%] [32mBuilding CXX object CMakeFiles/go2_interfaces__rosidl_typesupport_fastrtps_cpp.dir/rosidl_typesupport_fastrtps_cpp/go2_interfaces/srv/detail/dds_fastrtps/switch_joystick__type_support.cpp.o[0m
[ 68%] Built target go2_interfaces__rosidl_typesupport_cpp
[ 69%] [32m[1mLinking CXX shared library libgo2_interfaces__rosidl_typesupport_introspection_cpp.so[0m
[ 69%] Built target go2_interfaces__rosidl_typesupport_introspection_cpp
[ 70%] [32m[1mLinking CXX shared library libgo2_interfaces__rosidl_typesupport_fastrtps_cpp.so[0m
[ 70%] Built target go2_interfaces__rosidl_typesupport_fastrtps_cpp
[ 71%] [34m[1mGenerating C type support for eProsima Fast-RTPS[0m
[35m[1mScanning dependencies of target go2_interfaces__rosidl_typesupport_fastrtps_c[0m
[ 72%] [32mBuilding CXX object CMakeFiles/go2_interfaces__rosidl_typesupport_fastrtps_c.dir/rosidl_typesupport_fastrtps_c/go2_interfaces/srv/detail/euler__type_support_c.cpp.o[0m
[ 73%] [32mBuilding CXX object CMakeFiles/go2_interfaces__rosidl_typesupport_fastrtps_c.dir/rosidl_typesupport_fastrtps_c/go2_interfaces/srv/detail/body_height__type_support_c.cpp.o[0m
[ 74%] [32mBuilding CXX object CMakeFiles/go2_interfaces__rosidl_typesupport_fastrtps_c.dir/rosidl_typesupport_fastrtps_c/go2_interfaces/srv/detail/continuous_gait__type_support_c.cpp.o[0m
[ 75%] [32mBuilding CXX object CMakeFiles/go2_interfaces__rosidl_typesupport_fastrtps_c.dir/rosidl_typesupport_fastrtps_c/go2_interfaces/srv/detail/foot_raise_height__type_support_c.cpp.o[0m
[ 76%] [32mBuilding CXX object CMakeFiles/go2_interfaces__rosidl_typesupport_fastrtps_c.dir/rosidl_typesupport_fastrtps_c/go2_interfaces/srv/detail/mode__type_support_c.cpp.o[0m
[ 77%] [32mBuilding CXX object CMakeFiles/go2_interfaces__rosidl_typesupport_fastrtps_c.dir/rosidl_typesupport_fastrtps_c/go2_interfaces/srv/detail/pose__type_support_c.cpp.o[0m
[ 78%] [32mBuilding CXX object CMakeFiles/go2_interfaces__rosidl_typesupport_fastrtps_c.dir/rosidl_typesupport_fastrtps_c/go2_interfaces/srv/detail/speed_level__type_support_c.cpp.o[0m
[ 80%] [32mBuilding CXX object CMakeFiles/go2_interfaces__rosidl_typesupport_fastrtps_c.dir/rosidl_typesupport_fastrtps_c/go2_interfaces/srv/detail/switch_gait__type_support_c.cpp.o[0m
[ 81%] [32mBuilding CXX object CMakeFiles/go2_interfaces__rosidl_typesupport_fastrtps_c.dir/rosidl_typesupport_fastrtps_c/go2_interfaces/srv/detail/switch_joystick__type_support_c.cpp.o[0m
[ 82%] [32m[1mLinking CXX shared library libgo2_interfaces__rosidl_typesupport_fastrtps_c.so[0m
[ 82%] Built target go2_interfaces__rosidl_typesupport_fastrtps_c
[35m[1mScanning dependencies of target go2_interfaces[0m
[ 82%] Built target go2_interfaces
[35m[1mScanning dependencies of target go2_interfaces__py[0m
[ 83%] [34m[1mGenerating Python code for ROS interfaces[0m
[ 83%] Built target go2_interfaces__py
[35m[1mScanning dependencies of target go2_interfaces__python[0m
[ 84%] [32mBuilding C object CMakeFiles/go2_interfaces__python.dir/rosidl_generator_py/go2_interfaces/srv/_body_height_s.c.o[0m
[ 85%] [32mBuilding C object CMakeFiles/go2_interfaces__python.dir/rosidl_generator_py/go2_interfaces/srv/_switch_gait_s.c.o[0m
[ 86%] [32mBuilding C object CMakeFiles/go2_interfaces__python.dir/rosidl_generator_py/go2_interfaces/srv/_switch_joystick_s.c.o[0m
[ 87%] [32mBuilding C object CMakeFiles/go2_interfaces__python.dir/rosidl_generator_py/go2_interfaces/srv/_speed_level_s.c.o[0m
[ 88%] [32mBuilding C object CMakeFiles/go2_interfaces__python.dir/rosidl_generator_py/go2_interfaces/srv/_pose_s.c.o[0m
[ 89%] [32mBuilding C object CMakeFiles/go2_interfaces__python.dir/rosidl_generator_py/go2_interfaces/srv/_mode_s.c.o[0m
[ 90%] [32mBuilding C object CMakeFiles/go2_interfaces__python.dir/rosidl_generator_py/go2_interfaces/srv/_foot_raise_height_s.c.o[0m
[ 91%] [32mBuilding C object CMakeFiles/go2_interfaces__python.dir/rosidl_generator_py/go2_interfaces/srv/_euler_s.c.o[0m
[ 92%] [32mBuilding C object CMakeFiles/go2_interfaces__python.dir/rosidl_generator_py/go2_interfaces/srv/_continuous_gait_s.c.o[0m
[ 93%] [32m[1mLinking C shared library rosidl_generator_py/go2_interfaces/libgo2_interfaces__python.so[0m
[ 93%] Built target go2_interfaces__python
[35m[1mScanning dependencies of target go2_interfaces__rosidl_typesupport_introspection_c__pyext[0m
[35m[1mScanning dependencies of target go2_interfaces__rosidl_typesupport_c__pyext[0m
[ 95%] [32mBuilding C object CMakeFiles/go2_interfaces__rosidl_typesupport_c__pyext.dir/rosidl_generator_py/go2_interfaces/_go2_interfaces_s.ep.rosidl_typesupport_c.c.o[0m
[ 95%] [32mBuilding C object CMakeFiles/go2_interfaces__rosidl_typesupport_introspection_c__pyext.dir/rosidl_generator_py/go2_interfaces/_go2_interfaces_s.ep.rosidl_typesupport_introspection_c.c.o[0m
[ 96%] [32m[1mLinking C shared library rosidl_generator_py/go2_interfaces/go2_interfaces_s__rosidl_typesupport_c.cpython-38-aarch64-linux-gnu.so[0m
[ 97%] [32m[1mLinking C shared library rosidl_generator_py/go2_interfaces/go2_interfaces_s__rosidl_typesupport_introspection_c.cpython-38-aarch64-linux-gnu.so[0m
[ 97%] Built target go2_interfaces__rosidl_typesupport_c__pyext
[35m[1mScanning dependencies of target go2_interfaces__rosidl_typesupport_fastrtps_c__pyext[0m
[ 97%] Built target go2_interfaces__rosidl_typesupport_introspection_c__pyext
[ 98%] [32mBuilding C object CMakeFiles/go2_interfaces__rosidl_typesupport_fastrtps_c__pyext.dir/rosidl_generator_py/go2_interfaces/_go2_interfaces_s.ep.rosidl_typesupport_fastrtps_c.c.o[0m
[100%] [32m[1mLinking CXX shared library rosidl_generator_py/go2_interfaces/go2_interfaces_s__rosidl_typesupport_fastrtps_c.cpython-38-aarch64-linux-gnu.so[0m
[100%] Built target go2_interfaces__rosidl_typesupport_fastrtps_c__pyext
-- Install configuration: ""
-- Execute custom install script
-- Symlinking: /home/unitree/go2_ws/install/go2_interfaces/share/ament_index/resource_index/rosidl_interfaces/go2_interfaces
-- Symlinking: /home/unitree/go2_ws/install/go2_interfaces/include/go2_interfaces/msg/rosidl_generator_c__visibility_control.h
-- Symlinking: /home/unitree/go2_ws/install/go2_interfaces/include/go2_interfaces/srv/body_height.h
-- Symlinking: /home/unitree/go2_ws/install/go2_interfaces/include/go2_interfaces/srv/continuous_gait.h
-- Symlinking: /home/unitree/go2_ws/install/go2_interfaces/include/go2_interfaces/srv/detail/body_height__functions.h
-- Symlinking: /home/unitree/go2_ws/install/go2_interfaces/include/go2_interfaces/srv/detail/body_height__struct.h
-- Symlinking: /home/unitree/go2_ws/install/go2_interfaces/include/go2_interfaces/srv/detail/body_height__type_support.h
-- Symlinking: /home/unitree/go2_ws/install/go2_interfaces/include/go2_interfaces/srv/detail/continuous_gait__functions.h
-- Symlinking: /home/unitree/go2_ws/install/go2_interfaces/include/go2_interfaces/srv/detail/continuous_gait__struct.h
-- Symlinking: /home/unitree/go2_ws/install/go2_interfaces/include/go2_interfaces/srv/detail/continuous_gait__type_support.h
-- Symlinking: /home/unitree/go2_ws/install/go2_interfaces/include/go2_interfaces/srv/detail/euler__functions.h
-- Symlinking: /home/unitree/go2_ws/install/go2_interfaces/include/go2_interfaces/srv/detail/euler__struct.h
-- Symlinking: /home/unitree/go2_ws/install/go2_interfaces/include/go2_interfaces/srv/detail/euler__type_support.h
-- Symlinking: /home/unitree/go2_ws/install/go2_interfaces/include/go2_interfaces/srv/detail/foot_raise_height__functions.h
-- Symlinking: /home/unitree/go2_ws/install/go2_interfaces/include/go2_interfaces/srv/detail/foot_raise_height__struct.h
-- Symlinking: /home/unitree/go2_ws/install/go2_interfaces/include/go2_interfaces/srv/detail/foot_raise_height__type_support.h
-- Symlinking: /home/unitree/go2_ws/install/go2_interfaces/include/go2_interfaces/srv/detail/mode__functions.h
-- Symlinking: /home/unitree/go2_ws/install/go2_interfaces/include/go2_interfaces/srv/detail/mode__struct.h
-- Symlinking: /home/unitree/go2_ws/install/go2_interfaces/include/go2_interfaces/srv/detail/mode__type_support.h
-- Symlinking: /home/unitree/go2_ws/install/go2_interfaces/include/go2_interfaces/srv/detail/pose__functions.h
-- Symlinking: /home/unitree/go2_ws/install/go2_interfaces/include/go2_interfaces/srv/detail/pose__struct.h
-- Symlinking: /home/unitree/go2_ws/install/go2_interfaces/include/go2_interfaces/srv/detail/pose__type_support.h
-- Symlinking: /home/unitree/go2_ws/install/go2_interfaces/include/go2_interfaces/srv/detail/speed_level__functions.h
-- Symlinking: /home/unitree/go2_ws/install/go2_interfaces/include/go2_interfaces/srv/detail/speed_level__struct.h
-- Symlinking: /home/unitree/go2_ws/install/go2_interfaces/include/go2_interfaces/srv/detail/speed_level__type_support.h
-- Symlinking: /home/unitree/go2_ws/install/go2_interfaces/include/go2_interfaces/srv/detail/switch_gait__functions.h
-- Symlinking: /home/unitree/go2_ws/install/go2_interfaces/include/go2_interfaces/srv/detail/switch_gait__struct.h
-- Symlinking: /home/unitree/go2_ws/install/go2_interfaces/include/go2_interfaces/srv/detail/switch_gait__type_support.h
-- Symlinking: /home/unitree/go2_ws/install/go2_interfaces/include/go2_interfaces/srv/detail/switch_joystick__functions.h
-- Symlinking: /home/unitree/go2_ws/install/go2_interfaces/include/go2_interfaces/srv/detail/switch_joystick__struct.h
-- Symlinking: /home/unitree/go2_ws/install/go2_interfaces/include/go2_interfaces/srv/detail/switch_joystick__type_support.h
-- Symlinking: /home/unitree/go2_ws/install/go2_interfaces/include/go2_interfaces/srv/euler.h
-- Symlinking: /home/unitree/go2_ws/install/go2_interfaces/include/go2_interfaces/srv/foot_raise_height.h
-- Symlinking: /home/unitree/go2_ws/install/go2_interfaces/include/go2_interfaces/srv/mode.h
-- Symlinking: /home/unitree/go2_ws/install/go2_interfaces/include/go2_interfaces/srv/pose.h
-- Symlinking: /home/unitree/go2_ws/install/go2_interfaces/include/go2_interfaces/srv/speed_level.h
-- Symlinking: /home/unitree/go2_ws/install/go2_interfaces/include/go2_interfaces/srv/switch_gait.h
-- Symlinking: /home/unitree/go2_ws/install/go2_interfaces/include/go2_interfaces/srv/switch_joystick.h
-- Symlinking: /home/unitree/go2_ws/install/go2_interfaces/share/go2_interfaces/environment/library_path.sh
-- Symlinking: /home/unitree/go2_ws/install/go2_interfaces/share/go2_interfaces/environment/library_path.dsv
-- Symlinking: /home/unitree/go2_ws/install/go2_interfaces/include/go2_interfaces/msg/rosidl_typesupport_fastrtps_c__visibility_control.h
-- Symlinking: /home/unitree/go2_ws/install/go2_interfaces/include/go2_interfaces/srv/detail/body_height__rosidl_typesupport_fastrtps_c.h
-- Symlinking: /home/unitree/go2_ws/install/go2_interfaces/include/go2_interfaces/srv/detail/continuous_gait__rosidl_typesupport_fastrtps_c.h
-- Symlinking: /home/unitree/go2_ws/install/go2_interfaces/include/go2_interfaces/srv/detail/euler__rosidl_typesupport_fastrtps_c.h
-- Symlinking: /home/unitree/go2_ws/install/go2_interfaces/include/go2_interfaces/srv/detail/foot_raise_height__rosidl_typesupport_fastrtps_c.h
-- Symlinking: /home/unitree/go2_ws/install/go2_interfaces/include/go2_interfaces/srv/detail/mode__rosidl_typesupport_fastrtps_c.h
-- Symlinking: /home/unitree/go2_ws/install/go2_interfaces/include/go2_interfaces/srv/detail/pose__rosidl_typesupport_fastrtps_c.h
-- Symlinking: /home/unitree/go2_ws/install/go2_interfaces/include/go2_interfaces/srv/detail/speed_level__rosidl_typesupport_fastrtps_c.h
-- Symlinking: /home/unitree/go2_ws/install/go2_interfaces/include/go2_interfaces/srv/detail/switch_gait__rosidl_typesupport_fastrtps_c.h
-- Symlinking: /home/unitree/go2_ws/install/go2_interfaces/include/go2_interfaces/srv/detail/switch_joystick__rosidl_typesupport_fastrtps_c.h
-- Symlinking: /home/unitree/go2_ws/install/go2_interfaces/lib/libgo2_interfaces__rosidl_typesupport_fastrtps_c.so
-- Symlinking: /home/unitree/go2_ws/install/go2_interfaces/include/go2_interfaces/msg/rosidl_typesupport_fastrtps_cpp__visibility_control.h
-- Symlinking: /home/unitree/go2_ws/install/go2_interfaces/include/go2_interfaces/srv/detail/body_height__rosidl_typesupport_fastrtps_cpp.hpp
-- Symlinking: /home/unitree/go2_ws/install/go2_interfaces/include/go2_interfaces/srv/detail/continuous_gait__rosidl_typesupport_fastrtps_cpp.hpp
-- Symlinking: /home/unitree/go2_ws/install/go2_interfaces/include/go2_interfaces/srv/detail/euler__rosidl_typesupport_fastrtps_cpp.hpp
-- Symlinking: /home/unitree/go2_ws/install/go2_interfaces/include/go2_interfaces/srv/detail/foot_raise_height__rosidl_typesupport_fastrtps_cpp.hpp
-- Symlinking: /home/unitree/go2_ws/install/go2_interfaces/include/go2_interfaces/srv/detail/mode__rosidl_typesupport_fastrtps_cpp.hpp
-- Symlinking: /home/unitree/go2_ws/install/go2_interfaces/include/go2_interfaces/srv/detail/pose__rosidl_typesupport_fastrtps_cpp.hpp
-- Symlinking: /home/unitree/go2_ws/install/go2_interfaces/include/go2_interfaces/srv/detail/speed_level__rosidl_typesupport_fastrtps_cpp.hpp
-- Symlinking: /home/unitree/go2_ws/install/go2_interfaces/include/go2_interfaces/srv/detail/switch_gait__rosidl_typesupport_fastrtps_cpp.hpp
-- Symlinking: /home/unitree/go2_ws/install/go2_interfaces/include/go2_interfaces/srv/detail/switch_joystick__rosidl_typesupport_fastrtps_cpp.hpp
-- Symlinking: /home/unitree/go2_ws/install/go2_interfaces/lib/libgo2_interfaces__rosidl_typesupport_fastrtps_cpp.so
-- Symlinking: /home/unitree/go2_ws/install/go2_interfaces/include/go2_interfaces/msg/rosidl_typesupport_introspection_c__visibility_control.h
-- Symlinking: /home/unitree/go2_ws/install/go2_interfaces/include/go2_interfaces/srv/detail/body_height__rosidl_typesupport_introspection_c.h
-- Symlinking: /home/unitree/go2_ws/install/go2_interfaces/include/go2_interfaces/srv/detail/continuous_gait__rosidl_typesupport_introspection_c.h
-- Symlinking: /home/unitree/go2_ws/install/go2_interfaces/include/go2_interfaces/srv/detail/euler__rosidl_typesupport_introspection_c.h
-- Symlinking: /home/unitree/go2_ws/install/go2_interfaces/include/go2_interfaces/srv/detail/foot_raise_height__rosidl_typesupport_introspection_c.h
-- Symlinking: /home/unitree/go2_ws/install/go2_interfaces/include/go2_interfaces/srv/detail/mode__rosidl_typesupport_introspection_c.h
-- Symlinking: /home/unitree/go2_ws/install/go2_interfaces/include/go2_interfaces/srv/detail/pose__rosidl_typesupport_introspection_c.h
-- Symlinking: /home/unitree/go2_ws/install/go2_interfaces/include/go2_interfaces/srv/detail/speed_level__rosidl_typesupport_introspection_c.h
-- Symlinking: /home/unitree/go2_ws/install/go2_interfaces/include/go2_interfaces/srv/detail/switch_gait__rosidl_typesupport_introspection_c.h
-- Symlinking: /home/unitree/go2_ws/install/go2_interfaces/include/go2_interfaces/srv/detail/switch_joystick__rosidl_typesupport_introspection_c.h
-- Symlinking: /home/unitree/go2_ws/install/go2_interfaces/include/go2_interfaces/msg/rosidl_generator_cpp__visibility_control.hpp
-- Symlinking: /home/unitree/go2_ws/install/go2_interfaces/include/go2_interfaces/srv/body_height.hpp
-- Symlinking: /home/unitree/go2_ws/install/go2_interfaces/include/go2_interfaces/srv/continuous_gait.hpp
-- Symlinking: /home/unitree/go2_ws/install/go2_interfaces/include/go2_interfaces/srv/detail/body_height__builder.hpp
-- Symlinking: /home/unitree/go2_ws/install/go2_interfaces/include/go2_interfaces/srv/detail/body_height__struct.hpp
-- Symlinking: /home/unitree/go2_ws/install/go2_interfaces/include/go2_interfaces/srv/detail/body_height__traits.hpp
-- Symlinking: /home/unitree/go2_ws/install/go2_interfaces/include/go2_interfaces/srv/detail/body_height__type_support.hpp
-- Symlinking: /home/unitree/go2_ws/install/go2_interfaces/include/go2_interfaces/srv/detail/continuous_gait__builder.hpp
-- Symlinking: /home/unitree/go2_ws/install/go2_interfaces/include/go2_interfaces/srv/detail/continuous_gait__struct.hpp
-- Symlinking: /home/unitree/go2_ws/install/go2_interfaces/include/go2_interfaces/srv/detail/continuous_gait__traits.hpp
-- Symlinking: /home/unitree/go2_ws/install/go2_interfaces/include/go2_interfaces/srv/detail/continuous_gait__type_support.hpp
-- Symlinking: /home/unitree/go2_ws/install/go2_interfaces/include/go2_interfaces/srv/detail/euler__builder.hpp
-- Symlinking: /home/unitree/go2_ws/install/go2_interfaces/include/go2_interfaces/srv/detail/euler__struct.hpp
-- Symlinking: /home/unitree/go2_ws/install/go2_interfaces/include/go2_interfaces/srv/detail/euler__traits.hpp
-- Symlinking: /home/unitree/go2_ws/install/go2_interfaces/include/go2_interfaces/srv/detail/euler__type_support.hpp
-- Symlinking: /home/unitree/go2_ws/install/go2_interfaces/include/go2_interfaces/srv/detail/foot_raise_height__builder.hpp
-- Symlinking: /home/unitree/go2_ws/install/go2_interfaces/include/go2_interfaces/srv/detail/foot_raise_height__struct.hpp
-- Symlinking: /home/unitree/go2_ws/install/go2_interfaces/include/go2_interfaces/srv/detail/foot_raise_height__traits.hpp
-- Symlinking: /home/unitree/go2_ws/install/go2_interfaces/include/go2_interfaces/srv/detail/foot_raise_height__type_support.hpp
-- Symlinking: /home/unitree/go2_ws/install/go2_interfaces/include/go2_interfaces/srv/detail/mode__builder.hpp
-- Symlinking: /home/unitree/go2_ws/install/go2_interfaces/include/go2_interfaces/srv/detail/mode__struct.hpp
-- Symlinking: /home/unitree/go2_ws/install/go2_interfaces/include/go2_interfaces/srv/detail/mode__traits.hpp
-- Symlinking: /home/unitree/go2_ws/install/go2_interfaces/include/go2_interfaces/srv/detail/mode__type_support.hpp
-- Symlinking: /home/unitree/go2_ws/install/go2_interfaces/include/go2_interfaces/srv/detail/pose__builder.hpp
-- Symlinking: /home/unitree/go2_ws/install/go2_interfaces/include/go2_interfaces/srv/detail/pose__struct.hpp
-- Symlinking: /home/unitree/go2_ws/install/go2_interfaces/include/go2_interfaces/srv/detail/pose__traits.hpp
-- Symlinking: /home/unitree/go2_ws/install/go2_interfaces/include/go2_interfaces/srv/detail/pose__type_support.hpp
-- Symlinking: /home/unitree/go2_ws/install/go2_interfaces/include/go2_interfaces/srv/detail/speed_level__builder.hpp
-- Symlinking: /home/unitree/go2_ws/install/go2_interfaces/include/go2_interfaces/srv/detail/speed_level__struct.hpp
-- Symlinking: /home/unitree/go2_ws/install/go2_interfaces/include/go2_interfaces/srv/detail/speed_level__traits.hpp
-- Symlinking: /home/unitree/go2_ws/install/go2_interfaces/include/go2_interfaces/srv/detail/speed_level__type_support.hpp
-- Symlinking: /home/unitree/go2_ws/install/go2_interfaces/include/go2_interfaces/srv/detail/switch_gait__builder.hpp
-- Symlinking: /home/unitree/go2_ws/install/go2_interfaces/include/go2_interfaces/srv/detail/switch_gait__struct.hpp
-- Symlinking: /home/unitree/go2_ws/install/go2_interfaces/include/go2_interfaces/srv/detail/switch_gait__traits.hpp
-- Symlinking: /home/unitree/go2_ws/install/go2_interfaces/include/go2_interfaces/srv/detail/switch_gait__type_support.hpp
-- Symlinking: /home/unitree/go2_ws/install/go2_interfaces/include/go2_interfaces/srv/detail/switch_joystick__builder.hpp
-- Symlinking: /home/unitree/go2_ws/install/go2_interfaces/include/go2_interfaces/srv/detail/switch_joystick__struct.hpp
-- Symlinking: /home/unitree/go2_ws/install/go2_interfaces/include/go2_interfaces/srv/detail/switch_joystick__traits.hpp
-- Symlinking: /home/unitree/go2_ws/install/go2_interfaces/include/go2_interfaces/srv/detail/switch_joystick__type_support.hpp
-- Symlinking: /home/unitree/go2_ws/install/go2_interfaces/include/go2_interfaces/srv/euler.hpp
-- Symlinking: /home/unitree/go2_ws/install/go2_interfaces/include/go2_interfaces/srv/foot_raise_height.hpp
-- Symlinking: /home/unitree/go2_ws/install/go2_interfaces/include/go2_interfaces/srv/mode.hpp
-- Symlinking: /home/unitree/go2_ws/install/go2_interfaces/include/go2_interfaces/srv/pose.hpp
-- Symlinking: /home/unitree/go2_ws/install/go2_interfaces/include/go2_interfaces/srv/speed_level.hpp
-- Symlinking: /home/unitree/go2_ws/install/go2_interfaces/include/go2_interfaces/srv/switch_gait.hpp
-- Symlinking: /home/unitree/go2_ws/install/go2_interfaces/include/go2_interfaces/srv/switch_joystick.hpp
-- Symlinking: /home/unitree/go2_ws/install/go2_interfaces/include/go2_interfaces/srv/detail/body_height__rosidl_typesupport_introspection_cpp.hpp
-- Symlinking: /home/unitree/go2_ws/install/go2_interfaces/include/go2_interfaces/srv/detail/continuous_gait__rosidl_typesupport_introspection_cpp.hpp
-- Symlinking: /home/unitree/go2_ws/install/go2_interfaces/include/go2_interfaces/srv/detail/euler__rosidl_typesupport_introspection_cpp.hpp
-- Symlinking: /home/unitree/go2_ws/install/go2_interfaces/include/go2_interfaces/srv/detail/foot_raise_height__rosidl_typesupport_introspection_cpp.hpp
-- Symlinking: /home/unitree/go2_ws/install/go2_interfaces/include/go2_interfaces/srv/detail/mode__rosidl_typesupport_introspection_cpp.hpp
-- Symlinking: /home/unitree/go2_ws/install/go2_interfaces/include/go2_interfaces/srv/detail/pose__rosidl_typesupport_introspection_cpp.hpp
-- Symlinking: /home/unitree/go2_ws/install/go2_interfaces/include/go2_interfaces/srv/detail/speed_level__rosidl_typesupport_introspection_cpp.hpp
-- Symlinking: /home/unitree/go2_ws/install/go2_interfaces/include/go2_interfaces/srv/detail/switch_gait__rosidl_typesupport_introspection_cpp.hpp
-- Symlinking: /home/unitree/go2_ws/install/go2_interfaces/include/go2_interfaces/srv/detail/switch_joystick__rosidl_typesupport_introspection_cpp.hpp
-- Symlinking: /home/unitree/go2_ws/install/go2_interfaces/share/go2_interfaces/environment/pythonpath.sh
-- Symlinking: /home/unitree/go2_ws/install/go2_interfaces/share/go2_interfaces/environment/pythonpath.dsv
-- Symlinking: /home/unitree/go2_ws/install/go2_interfaces/lib/python3.8/site-packages/go2_interfaces/__init__.py
-- Symlinking: /home/unitree/go2_ws/install/go2_interfaces/lib/python3.8/site-packages/go2_interfaces/srv/__init__.py
-- Symlinking: /home/unitree/go2_ws/install/go2_interfaces/lib/python3.8/site-packages/go2_interfaces/srv/_body_height.py
-- Symlinking: /home/unitree/go2_ws/install/go2_interfaces/lib/python3.8/site-packages/go2_interfaces/srv/_continuous_gait.py
-- Symlinking: /home/unitree/go2_ws/install/go2_interfaces/lib/python3.8/site-packages/go2_interfaces/srv/_euler.py
-- Symlinking: /home/unitree/go2_ws/install/go2_interfaces/lib/python3.8/site-packages/go2_interfaces/srv/_foot_raise_height.py
-- Symlinking: /home/unitree/go2_ws/install/go2_interfaces/lib/python3.8/site-packages/go2_interfaces/srv/_mode.py
-- Symlinking: /home/unitree/go2_ws/install/go2_interfaces/lib/python3.8/site-packages/go2_interfaces/srv/_pose.py
-- Symlinking: /home/unitree/go2_ws/install/go2_interfaces/lib/python3.8/site-packages/go2_interfaces/srv/_speed_level.py
-- Symlinking: /home/unitree/go2_ws/install/go2_interfaces/lib/python3.8/site-packages/go2_interfaces/srv/_switch_gait.py
-- Symlinking: /home/unitree/go2_ws/install/go2_interfaces/lib/python3.8/site-packages/go2_interfaces/srv/_switch_joystick.py
-- Symlinking: /home/unitree/go2_ws/install/go2_interfaces/lib/python3.8/site-packages/go2_interfaces/go2_interfaces_s__rosidl_typesupport_fastrtps_c.cpython-38-aarch64-linux-gnu.so
-- Symlinking: /home/unitree/go2_ws/install/go2_interfaces/lib/python3.8/site-packages/go2_interfaces/go2_interfaces_s__rosidl_typesupport_introspection_c.cpython-38-aarch64-linux-gnu.so
-- Symlinking: /home/unitree/go2_ws/install/go2_interfaces/lib/python3.8/site-packages/go2_interfaces/go2_interfaces_s__rosidl_typesupport_c.cpython-38-aarch64-linux-gnu.so
-- Symlinking: /home/unitree/go2_ws/install/go2_interfaces/lib/libgo2_interfaces__python.so
-- Symlinking: /home/unitree/go2_ws/install/go2_interfaces/share/go2_interfaces/srv/BodyHeight.idl
-- Symlinking: /home/unitree/go2_ws/install/go2_interfaces/share/go2_interfaces/srv/ContinuousGait.idl
-- Symlinking: /home/unitree/go2_ws/install/go2_interfaces/share/go2_interfaces/srv/Euler.idl
-- Symlinking: /home/unitree/go2_ws/install/go2_interfaces/share/go2_interfaces/srv/FootRaiseHeight.idl
-- Symlinking: /home/unitree/go2_ws/install/go2_interfaces/share/go2_interfaces/srv/Mode.idl
-- Symlinking: /home/unitree/go2_ws/install/go2_interfaces/share/go2_interfaces/srv/Pose.idl
-- Symlinking: /home/unitree/go2_ws/install/go2_interfaces/share/go2_interfaces/srv/SpeedLevel.idl
-- Symlinking: /home/unitree/go2_ws/install/go2_interfaces/share/go2_interfaces/srv/SwitchGait.idl
-- Symlinking: /home/unitree/go2_ws/install/go2_interfaces/share/go2_interfaces/srv/SwitchJoystick.idl
-- Symlinking: /home/unitree/go2_ws/install/go2_interfaces/share/go2_interfaces/srv/BodyHeight.srv
-- Symlinking: /home/unitree/go2_ws/install/go2_interfaces/share/go2_interfaces/srv/BodyHeight_Request.msg
-- Symlinking: /home/unitree/go2_ws/install/go2_interfaces/share/go2_interfaces/srv/BodyHeight_Response.msg
-- Symlinking: /home/unitree/go2_ws/install/go2_interfaces/share/go2_interfaces/srv/ContinuousGait.srv
-- Symlinking: /home/unitree/go2_ws/install/go2_interfaces/share/go2_interfaces/srv/ContinuousGait_Request.msg
-- Symlinking: /home/unitree/go2_ws/install/go2_interfaces/share/go2_interfaces/srv/ContinuousGait_Response.msg
-- Symlinking: /home/unitree/go2_ws/install/go2_interfaces/share/go2_interfaces/srv/Euler.srv
-- Symlinking: /home/unitree/go2_ws/install/go2_interfaces/share/go2_interfaces/srv/Euler_Request.msg
-- Symlinking: /home/unitree/go2_ws/install/go2_interfaces/share/go2_interfaces/srv/Euler_Response.msg
-- Symlinking: /home/unitree/go2_ws/install/go2_interfaces/share/go2_interfaces/srv/FootRaiseHeight.srv
-- Symlinking: /home/unitree/go2_ws/install/go2_interfaces/share/go2_interfaces/srv/FootRaiseHeight_Request.msg
-- Symlinking: /home/unitree/go2_ws/install/go2_interfaces/share/go2_interfaces/srv/FootRaiseHeight_Response.msg
-- Symlinking: /home/unitree/go2_ws/install/go2_interfaces/share/go2_interfaces/srv/Mode.srv
-- Symlinking: /home/unitree/go2_ws/install/go2_interfaces/share/go2_interfaces/srv/Mode_Request.msg
-- Symlinking: /home/unitree/go2_ws/install/go2_interfaces/share/go2_interfaces/srv/Mode_Response.msg
-- Symlinking: /home/unitree/go2_ws/install/go2_interfaces/share/go2_interfaces/srv/Pose.srv
-- Symlinking: /home/unitree/go2_ws/install/go2_interfaces/share/go2_interfaces/srv/Pose_Request.msg
-- Symlinking: /home/unitree/go2_ws/install/go2_interfaces/share/go2_interfaces/srv/Pose_Response.msg
-- Symlinking: /home/unitree/go2_ws/install/go2_interfaces/share/go2_interfaces/srv/SpeedLevel.srv
-- Symlinking: /home/unitree/go2_ws/install/go2_interfaces/share/go2_interfaces/srv/SpeedLevel_Request.msg
-- Symlinking: /home/unitree/go2_ws/install/go2_interfaces/share/go2_interfaces/srv/SpeedLevel_Response.msg
-- Symlinking: /home/unitree/go2_ws/install/go2_interfaces/share/go2_interfaces/srv/SwitchGait.srv
-- Symlinking: /home/unitree/go2_ws/install/go2_interfaces/share/go2_interfaces/srv/SwitchGait_Request.msg
-- Symlinking: /home/unitree/go2_ws/install/go2_interfaces/share/go2_interfaces/srv/SwitchGait_Response.msg
-- Symlinking: /home/unitree/go2_ws/install/go2_interfaces/share/go2_interfaces/srv/SwitchJoystick.srv
-- Symlinking: /home/unitree/go2_ws/install/go2_interfaces/share/go2_interfaces/srv/SwitchJoystick_Request.msg
-- Symlinking: /home/unitree/go2_ws/install/go2_interfaces/share/go2_interfaces/srv/SwitchJoystick_Response.msg
-- Symlinking: /home/unitree/go2_ws/install/go2_interfaces/share/ament_index/resource_index/package_run_dependencies/go2_interfaces
-- Symlinking: /home/unitree/go2_ws/install/go2_interfaces/share/ament_index/resource_index/parent_prefix_path/go2_interfaces
-- Symlinking: /home/unitree/go2_ws/install/go2_interfaces/share/go2_interfaces/environment/ament_prefix_path.sh
-- Symlinking: /home/unitree/go2_ws/install/go2_interfaces/share/go2_interfaces/environment/ament_prefix_path.dsv
-- Symlinking: /home/unitree/go2_ws/install/go2_interfaces/share/go2_interfaces/environment/path.sh
-- Symlinking: /home/unitree/go2_ws/install/go2_interfaces/share/go2_interfaces/environment/path.dsv
-- Symlinking: /home/unitree/go2_ws/install/go2_interfaces/share/go2_interfaces/local_setup.bash
-- Symlinking: /home/unitree/go2_ws/install/go2_interfaces/share/go2_interfaces/local_setup.sh
-- Symlinking: /home/unitree/go2_ws/install/go2_interfaces/share/go2_interfaces/local_setup.zsh
-- Symlinking: /home/unitree/go2_ws/install/go2_interfaces/share/go2_interfaces/local_setup.dsv
-- Symlinking: /home/unitree/go2_ws/install/go2_interfaces/share/go2_interfaces/package.dsv
-- Symlinking: /home/unitree/go2_ws/install/go2_interfaces/share/ament_index/resource_index/packages/go2_interfaces
-- Symlinking: /home/unitree/go2_ws/install/go2_interfaces/share/go2_interfaces/cmake/rosidl_cmake-extras.cmake
-- Symlinking: /home/unitree/go2_ws/install/go2_interfaces/share/go2_interfaces/cmake/ament_cmake_export_dependencies-extras.cmake
-- Symlinking: /home/unitree/go2_ws/install/go2_interfaces/share/go2_interfaces/cmake/ament_cmake_export_libraries-extras.cmake
-- Symlinking: /home/unitree/go2_ws/install/go2_interfaces/share/go2_interfaces/cmake/ament_cmake_export_targets-extras.cmake
-- Symlinking: /home/unitree/go2_ws/install/go2_interfaces/share/go2_interfaces/cmake/ament_cmake_export_include_directories-extras.cmake
-- Symlinking: /home/unitree/go2_ws/install/go2_interfaces/share/go2_interfaces/cmake/rosidl_cmake_export_typesupport_libraries-extras.cmake
-- Symlinking: /home/unitree/go2_ws/install/go2_interfaces/share/go2_interfaces/cmake/rosidl_cmake_export_typesupport_targets-extras.cmake
-- Symlinking: /home/unitree/go2_ws/install/go2_interfaces/share/go2_interfaces/cmake/go2_interfacesConfig.cmake
-- Symlinking: /home/unitree/go2_ws/install/go2_interfaces/share/go2_interfaces/cmake/go2_interfacesConfig-version.cmake
-- Symlinking: /home/unitree/go2_ws/install/go2_interfaces/share/go2_interfaces/package.xml
-- Installing: /home/unitree/go2_ws/install/go2_interfaces/lib/libgo2_interfaces__rosidl_generator_c.so
-- Set runtime path of "/home/unitree/go2_ws/install/go2_interfaces/lib/libgo2_interfaces__rosidl_generator_c.so" to ""
-- Installing: /home/unitree/go2_ws/install/go2_interfaces/lib/libgo2_interfaces__rosidl_typesupport_introspection_c.so
-- Set runtime path of "/home/unitree/go2_ws/install/go2_interfaces/lib/libgo2_interfaces__rosidl_typesupport_introspection_c.so" to ""
-- Installing: /home/unitree/go2_ws/install/go2_interfaces/lib/libgo2_interfaces__rosidl_typesupport_c.so
-- Set runtime path of "/home/unitree/go2_ws/install/go2_interfaces/lib/libgo2_interfaces__rosidl_typesupport_c.so" to ""
-- Installing: /home/unitree/go2_ws/install/go2_interfaces/lib/libgo2_interfaces__rosidl_typesupport_introspection_cpp.so
-- Set runtime path of "/home/unitree/go2_ws/install/go2_interfaces/lib/libgo2_interfaces__rosidl_typesupport_introspection_cpp.so" to ""
-- Installing: /home/unitree/go2_ws/install/go2_interfaces/lib/libgo2_interfaces__rosidl_typesupport_cpp.so
-- Set runtime path of "/home/unitree/go2_ws/install/go2_interfaces/lib/libgo2_interfaces__rosidl_typesupport_cpp.so" to ""
Compiling '/home/unitree/go2_ws/install/go2_interfaces/lib/python3.8/site-packages/go2_interfaces/__init__.py'...
-- Installing: /home/unitree/go2_ws/install/go2_interfaces/share/go2_interfaces/cmake/go2_interfaces__rosidl_generator_cExport.cmake
-- Installing: /home/unitree/go2_ws/install/go2_interfaces/share/go2_interfaces/cmake/go2_interfaces__rosidl_generator_cExport-noconfig.cmake
-- Installing: /home/unitree/go2_ws/install/go2_interfaces/share/go2_interfaces/cmake/go2_interfaces__rosidl_typesupport_introspection_cExport.cmake
-- Installing: /home/unitree/go2_ws/install/go2_interfaces/share/go2_interfaces/cmake/go2_interfaces__rosidl_typesupport_introspection_cExport-noconfig.cmake
-- Installing: /home/unitree/go2_ws/install/go2_interfaces/share/go2_interfaces/cmake/go2_interfaces__rosidl_typesupport_cExport.cmake
-- Installing: /home/unitree/go2_ws/install/go2_interfaces/share/go2_interfaces/cmake/go2_interfaces__rosidl_typesupport_cExport-noconfig.cmake
-- Installing: /home/unitree/go2_ws/install/go2_interfaces/share/go2_interfaces/cmake/go2_interfaces__rosidl_generator_cppExport.cmake
-- Installing: /home/unitree/go2_ws/install/go2_interfaces/share/go2_interfaces/cmake/go2_interfaces__rosidl_typesupport_introspection_cppExport.cmake
-- Installing: /home/unitree/go2_ws/install/go2_interfaces/share/go2_interfaces/cmake/go2_interfaces__rosidl_typesupport_introspection_cppExport-noconfig.cmake
-- Installing: /home/unitree/go2_ws/install/go2_interfaces/share/go2_interfaces/cmake/go2_interfaces__rosidl_typesupport_cppExport.cmake
-- Installing: /home/unitree/go2_ws/install/go2_interfaces/share/go2_interfaces/cmake/go2_interfaces__rosidl_typesupport_cppExport-noconfig.cmake
