[0.123s] Invoking command in '/home/unitree/go2_ws/build/go2_interfaces': CMAKE_PREFIX_PATH=${CMAKE_PREFIX_PATH}:/opt/ros/foxy /usr/bin/cmake /home/unitree/go2_ws/src/go2_robot/go2_interfaces -DAMENT_CMAKE_SYMLINK_INSTALL=1 -DCMAKE_INSTALL_PREFIX=/home/unitree/go2_ws/install/go2_interfaces
[0.251s] -- The C compiler identification is GNU 11.4.0
[0.367s] -- The CXX compiler identification is GNU 11.4.0
[0.377s] -- Check for working C compiler: /usr/bin/cc
[0.535s] -- Check for working C compiler: /usr/bin/cc -- works
[0.537s] -- Detecting C compiler ABI info
[0.686s] -- Detecting C compiler ABI info - done
[0.702s] -- Detecting C compile features
[0.703s] -- Detecting C compile features - done
[0.707s] -- Check for working CXX compiler: /usr/bin/c++
[0.878s] -- Check for working CXX compiler: /usr/bin/c++ -- works
[0.880s] -- Detecting CXX compiler ABI info
[1.054s] -- Detecting CXX compiler ABI info - done
[1.072s] -- Detecting CXX compile features
[1.073s] -- Detecting CXX compile features - done
[1.078s] -- Found rosidl_default_generators: 1.0.1 (/opt/ros/foxy/share/rosidl_default_generators/cmake)
[1.084s] -- Found ament_cmake_core: 0.9.12 (/opt/ros/foxy/share/ament_cmake_core/cmake)
[1.134s] -- Found PythonInterp: /usr/bin/python3 (found suitable version "3.8.10", minimum required is "3") 
[1.135s] -- Using PYTHON_EXECUTABLE: /usr/bin/python3
[1.546s] -- Override CMake install command with custom implementation using symlinks instead of copying resources
[1.559s] -- Using all available rosidl_typesupport_c: rosidl_typesupport_fastrtps_c;rosidl_typesupport_introspection_c
[1.580s] -- Found rosidl_adapter: 1.3.1 (/opt/ros/foxy/share/rosidl_adapter/cmake)
[1.932s] -- Found OpenSSL: /usr/lib/aarch64-linux-gnu/libcrypto.so (found version "1.1.1f")  
[1.994s] -- Found FastRTPS: /opt/ros/foxy/include  
[2.158s] -- Using all available rosidl_typesupport_cpp: rosidl_typesupport_fastrtps_cpp;rosidl_typesupport_introspection_cpp
[2.211s] -- Found std_msgs: 2.0.5 (/opt/ros/foxy/share/std_msgs/cmake)
[2.322s] -- Found PythonInterp: /usr/bin/python3 (found version "3.8.10") 
[2.727s] -- Found ament_cmake_ros: 0.9.2 (/opt/ros/foxy/share/ament_cmake_ros/cmake)
[2.943s] -- Using all available rosidl_typesupport_c: rosidl_typesupport_fastrtps_c;rosidl_typesupport_introspection_c
[2.963s] -- Using all available rosidl_typesupport_cpp: rosidl_typesupport_fastrtps_cpp;rosidl_typesupport_introspection_cpp
[3.011s] -- Found PythonInterp: /usr/bin/python3 (found suitable version "3.8.10", minimum required is "3.5") 
[3.015s] -- Found python_cmake_module: 0.8.1 (/opt/ros/foxy/share/python_cmake_module/cmake)
[3.075s] -- Found PythonLibs: /usr/lib/aarch64-linux-gnu/libpython3.8.so (found suitable version "3.8.10", minimum required is "3.5") 
[3.075s] -- Using PYTHON_EXECUTABLE: /usr/bin/python3
[3.075s] -- Using PYTHON_INCLUDE_DIRS: /usr/include/python3.8
[3.075s] -- Using PYTHON_LIBRARIES: /usr/lib/aarch64-linux-gnu/libpython3.8.so
[3.117s] -- Found PythonExtra: .so  
[3.222s] -- Found ament_lint_auto: 0.9.8 (/opt/ros/foxy/share/ament_lint_auto/cmake)
[3.269s] -- Added test 'lint_cmake' to check CMake code style
[3.272s] -- Added test 'xmllint' to check XML markup files
[3.285s] -- Configuring done
[3.359s] -- Generating done
[3.377s] -- Build files have been written to: /home/unitree/go2_ws/build/go2_interfaces
[3.408s] Invoked command in '/home/unitree/go2_ws/build/go2_interfaces' returned '0': CMAKE_PREFIX_PATH=${CMAKE_PREFIX_PATH}:/opt/ros/foxy /usr/bin/cmake /home/unitree/go2_ws/src/go2_robot/go2_interfaces -DAMENT_CMAKE_SYMLINK_INSTALL=1 -DCMAKE_INSTALL_PREFIX=/home/unitree/go2_ws/install/go2_interfaces
[3.413s] Invoking command in '/home/unitree/go2_ws/build/go2_interfaces': CMAKE_PREFIX_PATH=${CMAKE_PREFIX_PATH}:/opt/ros/foxy /usr/bin/cmake --build /home/unitree/go2_ws/build/go2_interfaces -- -j8 -l8
[3.506s] [  1%] [34m[1mGenerating C code for ROS interfaces[0m
[3.506s] [35m[1mScanning dependencies of target go2_interfaces__cpp[0m
[3.530s] [  2%] [34m[1mGenerating C++ code for ROS interfaces[0m
[5.559s] [  2%] Built target go2_interfaces__cpp
[5.598s] [  3%] [34m[1mGenerating C++ type support for eProsima Fast-RTPS[0m
[5.625s] [  4%] [34m[1mGenerating C++ introspection for ROS interfaces[0m
[5.633s] [  5%] [34m[1mGenerating C++ type support dispatch for ROS interfaces[0m
[5.696s] [35m[1mScanning dependencies of target go2_interfaces__rosidl_generator_c[0m
[5.733s] [  6%] [32mBuilding C object CMakeFiles/go2_interfaces__rosidl_generator_c.dir/rosidl_generator_c/go2_interfaces/srv/detail/body_height__functions.c.o[0m
[5.743s] [  7%] [32mBuilding C object CMakeFiles/go2_interfaces__rosidl_generator_c.dir/rosidl_generator_c/go2_interfaces/srv/detail/euler__functions.c.o[0m
[5.750s] [  8%] [32mBuilding C object CMakeFiles/go2_interfaces__rosidl_generator_c.dir/rosidl_generator_c/go2_interfaces/srv/detail/continuous_gait__functions.c.o[0m
[5.768s] [  9%] [32mBuilding C object CMakeFiles/go2_interfaces__rosidl_generator_c.dir/rosidl_generator_c/go2_interfaces/srv/detail/foot_raise_height__functions.c.o[0m
[5.912s] [ 10%] [32mBuilding C object CMakeFiles/go2_interfaces__rosidl_generator_c.dir/rosidl_generator_c/go2_interfaces/srv/detail/mode__functions.c.o[0m
[5.961s] [ 11%] [32mBuilding C object CMakeFiles/go2_interfaces__rosidl_generator_c.dir/rosidl_generator_c/go2_interfaces/srv/detail/pose__functions.c.o[0m
[6.006s] [ 12%] [32mBuilding C object CMakeFiles/go2_interfaces__rosidl_generator_c.dir/rosidl_generator_c/go2_interfaces/srv/detail/speed_level__functions.c.o[0m
[6.084s] [ 13%] [32mBuilding C object CMakeFiles/go2_interfaces__rosidl_generator_c.dir/rosidl_generator_c/go2_interfaces/srv/detail/switch_gait__functions.c.o[0m
[6.135s] [ 14%] [32mBuilding C object CMakeFiles/go2_interfaces__rosidl_generator_c.dir/rosidl_generator_c/go2_interfaces/srv/detail/switch_joystick__functions.c.o[0m
[6.456s] [ 15%] [32m[1mLinking C shared library libgo2_interfaces__rosidl_generator_c.so[0m
[6.607s] [ 15%] Built target go2_interfaces__rosidl_generator_c
[6.693s] [ 16%] [34m[1mGenerating C introspection for ROS interfaces[0m
[6.706s] [ 17%] [34m[1mGenerating C type support dispatch for ROS interfaces[0m
[7.417s] [35m[1mScanning dependencies of target go2_interfaces__rosidl_typesupport_cpp[0m
[7.507s] [ 18%] [32mBuilding CXX object CMakeFiles/go2_interfaces__rosidl_typesupport_cpp.dir/rosidl_typesupport_cpp/go2_interfaces/srv/body_height__type_support.cpp.o[0m
[7.542s] [ 20%] [32mBuilding CXX object CMakeFiles/go2_interfaces__rosidl_typesupport_cpp.dir/rosidl_typesupport_cpp/go2_interfaces/srv/continuous_gait__type_support.cpp.o[0m
[7.686s] [ 21%] [32mBuilding CXX object CMakeFiles/go2_interfaces__rosidl_typesupport_cpp.dir/rosidl_typesupport_cpp/go2_interfaces/srv/euler__type_support.cpp.o[0m
[7.744s] [35m[1mScanning dependencies of target go2_interfaces__rosidl_typesupport_introspection_cpp[0m
[7.891s] [ 22%] [32mBuilding CXX object CMakeFiles/go2_interfaces__rosidl_typesupport_introspection_cpp.dir/rosidl_typesupport_introspection_cpp/go2_interfaces/srv/detail/body_height__type_support.cpp.o[0m
[7.941s] [ 23%] [32mBuilding CXX object CMakeFiles/go2_interfaces__rosidl_typesupport_cpp.dir/rosidl_typesupport_cpp/go2_interfaces/srv/foot_raise_height__type_support.cpp.o[0m
[8.184s] [35m[1mScanning dependencies of target go2_interfaces__rosidl_typesupport_fastrtps_cpp[0m
[8.378s] [ 24%] [32mBuilding CXX object CMakeFiles/go2_interfaces__rosidl_typesupport_fastrtps_cpp.dir/rosidl_typesupport_fastrtps_cpp/go2_interfaces/srv/detail/dds_fastrtps/body_height__type_support.cpp.o[0m
[8.944s] [ 25%] [32mBuilding CXX object CMakeFiles/go2_interfaces__rosidl_typesupport_cpp.dir/rosidl_typesupport_cpp/go2_interfaces/srv/pose__type_support.cpp.o[0m
[8.975s] [ 26%] [32mBuilding CXX object CMakeFiles/go2_interfaces__rosidl_typesupport_cpp.dir/rosidl_typesupport_cpp/go2_interfaces/srv/mode__type_support.cpp.o[0m
[9.179s] [ 27%] [32mBuilding CXX object CMakeFiles/go2_interfaces__rosidl_typesupport_fastrtps_cpp.dir/rosidl_typesupport_fastrtps_cpp/go2_interfaces/srv/detail/dds_fastrtps/continuous_gait__type_support.cpp.o[0m
[9.371s] [35m[1mScanning dependencies of target go2_interfaces__rosidl_typesupport_c[0m
[9.446s] [ 28%] [32mBuilding CXX object CMakeFiles/go2_interfaces__rosidl_typesupport_cpp.dir/rosidl_typesupport_cpp/go2_interfaces/srv/speed_level__type_support.cpp.o[0m
[9.494s] [ 29%] [32mBuilding CXX object CMakeFiles/go2_interfaces__rosidl_typesupport_introspection_cpp.dir/rosidl_typesupport_introspection_cpp/go2_interfaces/srv/detail/continuous_gait__type_support.cpp.o[0m
[9.541s] [ 30%] [32mBuilding CXX object CMakeFiles/go2_interfaces__rosidl_typesupport_c.dir/rosidl_typesupport_c/go2_interfaces/srv/body_height__type_support.cpp.o[0m
[9.749s] [ 31%] [32mBuilding CXX object CMakeFiles/go2_interfaces__rosidl_typesupport_c.dir/rosidl_typesupport_c/go2_interfaces/srv/continuous_gait__type_support.cpp.o[0m
[10.015s] [ 32%] [32mBuilding CXX object CMakeFiles/go2_interfaces__rosidl_typesupport_c.dir/rosidl_typesupport_c/go2_interfaces/srv/euler__type_support.cpp.o[0m
[10.268s] [ 33%] [32mBuilding CXX object CMakeFiles/go2_interfaces__rosidl_typesupport_c.dir/rosidl_typesupport_c/go2_interfaces/srv/foot_raise_height__type_support.cpp.o[0m
[10.367s] [ 34%] [32mBuilding CXX object CMakeFiles/go2_interfaces__rosidl_typesupport_fastrtps_cpp.dir/rosidl_typesupport_fastrtps_cpp/go2_interfaces/srv/detail/dds_fastrtps/euler__type_support.cpp.o[0m
[10.413s] [ 35%] [32mBuilding CXX object CMakeFiles/go2_interfaces__rosidl_typesupport_cpp.dir/rosidl_typesupport_cpp/go2_interfaces/srv/switch_gait__type_support.cpp.o[0m
[10.464s] [ 36%] [32mBuilding CXX object CMakeFiles/go2_interfaces__rosidl_typesupport_c.dir/rosidl_typesupport_c/go2_interfaces/srv/mode__type_support.cpp.o[0m
[10.479s] [ 37%] [32mBuilding CXX object CMakeFiles/go2_interfaces__rosidl_typesupport_fastrtps_cpp.dir/rosidl_typesupport_fastrtps_cpp/go2_interfaces/srv/detail/dds_fastrtps/foot_raise_height__type_support.cpp.o[0m
[10.632s] [ 38%] [32mBuilding CXX object CMakeFiles/go2_interfaces__rosidl_typesupport_c.dir/rosidl_typesupport_c/go2_interfaces/srv/pose__type_support.cpp.o[0m
[10.947s] [35m[1mScanning dependencies of target go2_interfaces__rosidl_typesupport_introspection_c[0m
[10.947s] [ 40%] [32mBuilding CXX object CMakeFiles/go2_interfaces__rosidl_typesupport_c.dir/rosidl_typesupport_c/go2_interfaces/srv/speed_level__type_support.cpp.o[0m
[11.013s] [ 41%] [32mBuilding CXX object CMakeFiles/go2_interfaces__rosidl_typesupport_introspection_cpp.dir/rosidl_typesupport_introspection_cpp/go2_interfaces/srv/detail/euler__type_support.cpp.o[0m
[11.059s] [ 42%] [32mBuilding C object CMakeFiles/go2_interfaces__rosidl_typesupport_introspection_c.dir/rosidl_typesupport_introspection_c/go2_interfaces/srv/detail/body_height__type_support.c.o[0m
[11.122s] [ 43%] [32mBuilding CXX object CMakeFiles/go2_interfaces__rosidl_typesupport_fastrtps_cpp.dir/rosidl_typesupport_fastrtps_cpp/go2_interfaces/srv/detail/dds_fastrtps/mode__type_support.cpp.o[0m
[11.189s] [ 44%] [32mBuilding CXX object CMakeFiles/go2_interfaces__rosidl_typesupport_c.dir/rosidl_typesupport_c/go2_interfaces/srv/switch_gait__type_support.cpp.o[0m
[11.281s] [ 45%] [32mBuilding C object CMakeFiles/go2_interfaces__rosidl_typesupport_introspection_c.dir/rosidl_typesupport_introspection_c/go2_interfaces/srv/detail/continuous_gait__type_support.c.o[0m
[11.415s] [ 46%] [32mBuilding CXX object CMakeFiles/go2_interfaces__rosidl_typesupport_c.dir/rosidl_typesupport_c/go2_interfaces/srv/switch_joystick__type_support.cpp.o[0m
[11.525s] [ 47%] [32mBuilding C object CMakeFiles/go2_interfaces__rosidl_typesupport_introspection_c.dir/rosidl_typesupport_introspection_c/go2_interfaces/srv/detail/euler__type_support.c.o[0m
[11.621s] [ 48%] [32mBuilding CXX object CMakeFiles/go2_interfaces__rosidl_typesupport_introspection_cpp.dir/rosidl_typesupport_introspection_cpp/go2_interfaces/srv/detail/foot_raise_height__type_support.cpp.o[0m
[11.698s] [ 49%] [32m[1mLinking CXX shared library libgo2_interfaces__rosidl_typesupport_c.so[0m
[11.864s] [ 50%] [32mBuilding C object CMakeFiles/go2_interfaces__rosidl_typesupport_introspection_c.dir/rosidl_typesupport_introspection_c/go2_interfaces/srv/detail/foot_raise_height__type_support.c.o[0m
[11.954s] [ 51%] [32mBuilding CXX object CMakeFiles/go2_interfaces__rosidl_typesupport_cpp.dir/rosidl_typesupport_cpp/go2_interfaces/srv/switch_joystick__type_support.cpp.o[0m
[12.044s] [ 51%] Built target go2_interfaces__rosidl_typesupport_c
[12.128s] [ 52%] [32mBuilding C object CMakeFiles/go2_interfaces__rosidl_typesupport_introspection_c.dir/rosidl_typesupport_introspection_c/go2_interfaces/srv/detail/mode__type_support.c.o[0m
[12.193s] [ 53%] [32mBuilding CXX object CMakeFiles/go2_interfaces__rosidl_typesupport_fastrtps_cpp.dir/rosidl_typesupport_fastrtps_cpp/go2_interfaces/srv/detail/dds_fastrtps/pose__type_support.cpp.o[0m
[12.441s] [ 54%] [32mBuilding C object CMakeFiles/go2_interfaces__rosidl_typesupport_introspection_c.dir/rosidl_typesupport_introspection_c/go2_interfaces/srv/detail/pose__type_support.c.o[0m
[12.722s] [ 55%] [32mBuilding C object CMakeFiles/go2_interfaces__rosidl_typesupport_introspection_c.dir/rosidl_typesupport_introspection_c/go2_interfaces/srv/detail/speed_level__type_support.c.o[0m
[12.782s] [ 56%] [32mBuilding C object CMakeFiles/go2_interfaces__rosidl_typesupport_introspection_c.dir/rosidl_typesupport_introspection_c/go2_interfaces/srv/detail/switch_gait__type_support.c.o[0m
[12.805s] [ 57%] [32mBuilding CXX object CMakeFiles/go2_interfaces__rosidl_typesupport_introspection_cpp.dir/rosidl_typesupport_introspection_cpp/go2_interfaces/srv/detail/mode__type_support.cpp.o[0m
[12.850s] [ 58%] [32mBuilding CXX object CMakeFiles/go2_interfaces__rosidl_typesupport_introspection_cpp.dir/rosidl_typesupport_introspection_cpp/go2_interfaces/srv/detail/speed_level__type_support.cpp.o[0m
[12.875s] [ 60%] [32mBuilding CXX object CMakeFiles/go2_interfaces__rosidl_typesupport_introspection_cpp.dir/rosidl_typesupport_introspection_cpp/go2_interfaces/srv/detail/pose__type_support.cpp.o[0m
[13.013s] [ 61%] [32mBuilding C object CMakeFiles/go2_interfaces__rosidl_typesupport_introspection_c.dir/rosidl_typesupport_introspection_c/go2_interfaces/srv/detail/switch_joystick__type_support.c.o[0m
[13.262s] [ 62%] [32m[1mLinking C shared library libgo2_interfaces__rosidl_typesupport_introspection_c.so[0m
[13.464s] [ 63%] [32mBuilding CXX object CMakeFiles/go2_interfaces__rosidl_typesupport_fastrtps_cpp.dir/rosidl_typesupport_fastrtps_cpp/go2_interfaces/srv/detail/dds_fastrtps/speed_level__type_support.cpp.o[0m
[13.469s] [ 63%] Built target go2_interfaces__rosidl_typesupport_introspection_c
[13.478s] [ 64%] [32mBuilding CXX object CMakeFiles/go2_interfaces__rosidl_typesupport_introspection_cpp.dir/rosidl_typesupport_introspection_cpp/go2_interfaces/srv/detail/switch_gait__type_support.cpp.o[0m
[13.553s] [ 65%] [32mBuilding CXX object CMakeFiles/go2_interfaces__rosidl_typesupport_introspection_cpp.dir/rosidl_typesupport_introspection_cpp/go2_interfaces/srv/detail/switch_joystick__type_support.cpp.o[0m
[14.111s] [ 66%] [32m[1mLinking CXX shared library libgo2_interfaces__rosidl_typesupport_cpp.so[0m
[14.137s] [ 67%] [32mBuilding CXX object CMakeFiles/go2_interfaces__rosidl_typesupport_fastrtps_cpp.dir/rosidl_typesupport_fastrtps_cpp/go2_interfaces/srv/detail/dds_fastrtps/switch_gait__type_support.cpp.o[0m
[14.171s] [ 68%] [32mBuilding CXX object CMakeFiles/go2_interfaces__rosidl_typesupport_fastrtps_cpp.dir/rosidl_typesupport_fastrtps_cpp/go2_interfaces/srv/detail/dds_fastrtps/switch_joystick__type_support.cpp.o[0m
[14.331s] [ 68%] Built target go2_interfaces__rosidl_typesupport_cpp
[14.688s] [ 69%] [32m[1mLinking CXX shared library libgo2_interfaces__rosidl_typesupport_introspection_cpp.so[0m
[15.043s] [ 69%] Built target go2_interfaces__rosidl_typesupport_introspection_cpp
[15.603s] [ 70%] [32m[1mLinking CXX shared library libgo2_interfaces__rosidl_typesupport_fastrtps_cpp.so[0m
[15.897s] [ 70%] Built target go2_interfaces__rosidl_typesupport_fastrtps_cpp
[15.986s] [ 71%] [34m[1mGenerating C type support for eProsima Fast-RTPS[0m
[20.055s] [35m[1mScanning dependencies of target go2_interfaces__rosidl_typesupport_fastrtps_c[0m
[20.175s] [ 72%] [32mBuilding CXX object CMakeFiles/go2_interfaces__rosidl_typesupport_fastrtps_c.dir/rosidl_typesupport_fastrtps_c/go2_interfaces/srv/detail/euler__type_support_c.cpp.o[0m
[20.182s] [ 73%] [32mBuilding CXX object CMakeFiles/go2_interfaces__rosidl_typesupport_fastrtps_c.dir/rosidl_typesupport_fastrtps_c/go2_interfaces/srv/detail/body_height__type_support_c.cpp.o[0m
[20.208s] [ 74%] [32mBuilding CXX object CMakeFiles/go2_interfaces__rosidl_typesupport_fastrtps_c.dir/rosidl_typesupport_fastrtps_c/go2_interfaces/srv/detail/continuous_gait__type_support_c.cpp.o[0m
[20.231s] [ 75%] [32mBuilding CXX object CMakeFiles/go2_interfaces__rosidl_typesupport_fastrtps_c.dir/rosidl_typesupport_fastrtps_c/go2_interfaces/srv/detail/foot_raise_height__type_support_c.cpp.o[0m
[20.242s] [ 76%] [32mBuilding CXX object CMakeFiles/go2_interfaces__rosidl_typesupport_fastrtps_c.dir/rosidl_typesupport_fastrtps_c/go2_interfaces/srv/detail/mode__type_support_c.cpp.o[0m
[20.321s] [ 77%] [32mBuilding CXX object CMakeFiles/go2_interfaces__rosidl_typesupport_fastrtps_c.dir/rosidl_typesupport_fastrtps_c/go2_interfaces/srv/detail/pose__type_support_c.cpp.o[0m
[20.359s] [ 78%] [32mBuilding CXX object CMakeFiles/go2_interfaces__rosidl_typesupport_fastrtps_c.dir/rosidl_typesupport_fastrtps_c/go2_interfaces/srv/detail/speed_level__type_support_c.cpp.o[0m
[20.379s] [ 80%] [32mBuilding CXX object CMakeFiles/go2_interfaces__rosidl_typesupport_fastrtps_c.dir/rosidl_typesupport_fastrtps_c/go2_interfaces/srv/detail/switch_gait__type_support_c.cpp.o[0m
[22.037s] [ 81%] [32mBuilding CXX object CMakeFiles/go2_interfaces__rosidl_typesupport_fastrtps_c.dir/rosidl_typesupport_fastrtps_c/go2_interfaces/srv/detail/switch_joystick__type_support_c.cpp.o[0m
[23.696s] [ 82%] [32m[1mLinking CXX shared library libgo2_interfaces__rosidl_typesupport_fastrtps_c.so[0m
[24.151s] [ 82%] Built target go2_interfaces__rosidl_typesupport_fastrtps_c
[24.242s] [35m[1mScanning dependencies of target go2_interfaces[0m
[24.332s] [ 82%] Built target go2_interfaces
[24.405s] [35m[1mScanning dependencies of target go2_interfaces__py[0m
[24.520s] [ 83%] [34m[1mGenerating Python code for ROS interfaces[0m
[29.284s] [ 83%] Built target go2_interfaces__py
[29.327s] [35m[1mScanning dependencies of target go2_interfaces__python[0m
[29.389s] [ 84%] [32mBuilding C object CMakeFiles/go2_interfaces__python.dir/rosidl_generator_py/go2_interfaces/srv/_body_height_s.c.o[0m
[29.577s] [ 85%] [32mBuilding C object CMakeFiles/go2_interfaces__python.dir/rosidl_generator_py/go2_interfaces/srv/_switch_gait_s.c.o[0m
[29.759s] [ 86%] [32mBuilding C object CMakeFiles/go2_interfaces__python.dir/rosidl_generator_py/go2_interfaces/srv/_switch_joystick_s.c.o[0m
[29.937s] [ 87%] [32mBuilding C object CMakeFiles/go2_interfaces__python.dir/rosidl_generator_py/go2_interfaces/srv/_speed_level_s.c.o[0m
[30.123s] [ 88%] [32mBuilding C object CMakeFiles/go2_interfaces__python.dir/rosidl_generator_py/go2_interfaces/srv/_pose_s.c.o[0m
[30.305s] [ 89%] [32mBuilding C object CMakeFiles/go2_interfaces__python.dir/rosidl_generator_py/go2_interfaces/srv/_mode_s.c.o[0m
[30.477s] [ 90%] [32mBuilding C object CMakeFiles/go2_interfaces__python.dir/rosidl_generator_py/go2_interfaces/srv/_foot_raise_height_s.c.o[0m
[30.675s] [ 91%] [32mBuilding C object CMakeFiles/go2_interfaces__python.dir/rosidl_generator_py/go2_interfaces/srv/_euler_s.c.o[0m
[30.851s] [ 92%] [32mBuilding C object CMakeFiles/go2_interfaces__python.dir/rosidl_generator_py/go2_interfaces/srv/_continuous_gait_s.c.o[0m
[31.035s] [ 93%] [32m[1mLinking C shared library rosidl_generator_py/go2_interfaces/libgo2_interfaces__python.so[0m
[31.121s] [ 93%] Built target go2_interfaces__python
[31.143s] [35m[1mScanning dependencies of target go2_interfaces__rosidl_typesupport_introspection_c__pyext[0m
[31.143s] [35m[1mScanning dependencies of target go2_interfaces__rosidl_typesupport_c__pyext[0m
[31.181s] [ 95%] [32mBuilding C object CMakeFiles/go2_interfaces__rosidl_typesupport_c__pyext.dir/rosidl_generator_py/go2_interfaces/_go2_interfaces_s.ep.rosidl_typesupport_c.c.o[0m
[31.182s] [ 95%] [32mBuilding C object CMakeFiles/go2_interfaces__rosidl_typesupport_introspection_c__pyext.dir/rosidl_generator_py/go2_interfaces/_go2_interfaces_s.ep.rosidl_typesupport_introspection_c.c.o[0m
[31.430s] [ 96%] [32m[1mLinking C shared library rosidl_generator_py/go2_interfaces/go2_interfaces_s__rosidl_typesupport_c.cpython-38-aarch64-linux-gnu.so[0m
[31.461s] [ 97%] [32m[1mLinking C shared library rosidl_generator_py/go2_interfaces/go2_interfaces_s__rosidl_typesupport_introspection_c.cpython-38-aarch64-linux-gnu.so[0m
[31.503s] [ 97%] Built target go2_interfaces__rosidl_typesupport_c__pyext
[31.528s] [35m[1mScanning dependencies of target go2_interfaces__rosidl_typesupport_fastrtps_c__pyext[0m
[31.538s] [ 97%] Built target go2_interfaces__rosidl_typesupport_introspection_c__pyext
[31.565s] [ 98%] [32mBuilding C object CMakeFiles/go2_interfaces__rosidl_typesupport_fastrtps_c__pyext.dir/rosidl_generator_py/go2_interfaces/_go2_interfaces_s.ep.rosidl_typesupport_fastrtps_c.c.o[0m
[31.813s] [100%] [32m[1mLinking CXX shared library rosidl_generator_py/go2_interfaces/go2_interfaces_s__rosidl_typesupport_fastrtps_c.cpython-38-aarch64-linux-gnu.so[0m
[31.920s] [100%] Built target go2_interfaces__rosidl_typesupport_fastrtps_c__pyext
[31.949s] Invoked command in '/home/unitree/go2_ws/build/go2_interfaces' returned '0': CMAKE_PREFIX_PATH=${CMAKE_PREFIX_PATH}:/opt/ros/foxy /usr/bin/cmake --build /home/unitree/go2_ws/build/go2_interfaces -- -j8 -l8
[31.956s] Invoking command in '/home/unitree/go2_ws/build/go2_interfaces': CMAKE_PREFIX_PATH=${CMAKE_PREFIX_PATH}:/opt/ros/foxy /usr/bin/cmake --install /home/unitree/go2_ws/build/go2_interfaces
[31.978s] -- Install configuration: ""
[31.979s] -- Execute custom install script
[31.980s] -- Symlinking: /home/unitree/go2_ws/install/go2_interfaces/share/ament_index/resource_index/rosidl_interfaces/go2_interfaces
[32.002s] -- Symlinking: /home/unitree/go2_ws/install/go2_interfaces/include/go2_interfaces/msg/rosidl_generator_c__visibility_control.h
[32.024s] -- Symlinking: /home/unitree/go2_ws/install/go2_interfaces/include/go2_interfaces/srv/body_height.h
[32.044s] -- Symlinking: /home/unitree/go2_ws/install/go2_interfaces/include/go2_interfaces/srv/continuous_gait.h
[32.065s] -- Symlinking: /home/unitree/go2_ws/install/go2_interfaces/include/go2_interfaces/srv/detail/body_height__functions.h
[32.085s] -- Symlinking: /home/unitree/go2_ws/install/go2_interfaces/include/go2_interfaces/srv/detail/body_height__struct.h
[32.106s] -- Symlinking: /home/unitree/go2_ws/install/go2_interfaces/include/go2_interfaces/srv/detail/body_height__type_support.h
[32.126s] -- Symlinking: /home/unitree/go2_ws/install/go2_interfaces/include/go2_interfaces/srv/detail/continuous_gait__functions.h
[32.146s] -- Symlinking: /home/unitree/go2_ws/install/go2_interfaces/include/go2_interfaces/srv/detail/continuous_gait__struct.h
[32.167s] -- Symlinking: /home/unitree/go2_ws/install/go2_interfaces/include/go2_interfaces/srv/detail/continuous_gait__type_support.h
[32.188s] -- Symlinking: /home/unitree/go2_ws/install/go2_interfaces/include/go2_interfaces/srv/detail/euler__functions.h
[32.210s] -- Symlinking: /home/unitree/go2_ws/install/go2_interfaces/include/go2_interfaces/srv/detail/euler__struct.h
[32.231s] -- Symlinking: /home/unitree/go2_ws/install/go2_interfaces/include/go2_interfaces/srv/detail/euler__type_support.h
[32.251s] -- Symlinking: /home/unitree/go2_ws/install/go2_interfaces/include/go2_interfaces/srv/detail/foot_raise_height__functions.h
[32.272s] -- Symlinking: /home/unitree/go2_ws/install/go2_interfaces/include/go2_interfaces/srv/detail/foot_raise_height__struct.h
[32.292s] -- Symlinking: /home/unitree/go2_ws/install/go2_interfaces/include/go2_interfaces/srv/detail/foot_raise_height__type_support.h
[32.311s] -- Symlinking: /home/unitree/go2_ws/install/go2_interfaces/include/go2_interfaces/srv/detail/mode__functions.h
[32.328s] -- Symlinking: /home/unitree/go2_ws/install/go2_interfaces/include/go2_interfaces/srv/detail/mode__struct.h
[32.348s] -- Symlinking: /home/unitree/go2_ws/install/go2_interfaces/include/go2_interfaces/srv/detail/mode__type_support.h
[32.368s] -- Symlinking: /home/unitree/go2_ws/install/go2_interfaces/include/go2_interfaces/srv/detail/pose__functions.h
[32.388s] -- Symlinking: /home/unitree/go2_ws/install/go2_interfaces/include/go2_interfaces/srv/detail/pose__struct.h
[32.408s] -- Symlinking: /home/unitree/go2_ws/install/go2_interfaces/include/go2_interfaces/srv/detail/pose__type_support.h
[32.429s] -- Symlinking: /home/unitree/go2_ws/install/go2_interfaces/include/go2_interfaces/srv/detail/speed_level__functions.h
[32.450s] -- Symlinking: /home/unitree/go2_ws/install/go2_interfaces/include/go2_interfaces/srv/detail/speed_level__struct.h
[32.470s] -- Symlinking: /home/unitree/go2_ws/install/go2_interfaces/include/go2_interfaces/srv/detail/speed_level__type_support.h
[32.490s] -- Symlinking: /home/unitree/go2_ws/install/go2_interfaces/include/go2_interfaces/srv/detail/switch_gait__functions.h
[32.510s] -- Symlinking: /home/unitree/go2_ws/install/go2_interfaces/include/go2_interfaces/srv/detail/switch_gait__struct.h
[32.531s] -- Symlinking: /home/unitree/go2_ws/install/go2_interfaces/include/go2_interfaces/srv/detail/switch_gait__type_support.h
[32.552s] -- Symlinking: /home/unitree/go2_ws/install/go2_interfaces/include/go2_interfaces/srv/detail/switch_joystick__functions.h
[32.572s] -- Symlinking: /home/unitree/go2_ws/install/go2_interfaces/include/go2_interfaces/srv/detail/switch_joystick__struct.h
[32.593s] -- Symlinking: /home/unitree/go2_ws/install/go2_interfaces/include/go2_interfaces/srv/detail/switch_joystick__type_support.h
[32.614s] -- Symlinking: /home/unitree/go2_ws/install/go2_interfaces/include/go2_interfaces/srv/euler.h
[32.635s] -- Symlinking: /home/unitree/go2_ws/install/go2_interfaces/include/go2_interfaces/srv/foot_raise_height.h
[32.655s] -- Symlinking: /home/unitree/go2_ws/install/go2_interfaces/include/go2_interfaces/srv/mode.h
[32.676s] -- Symlinking: /home/unitree/go2_ws/install/go2_interfaces/include/go2_interfaces/srv/pose.h
[32.696s] -- Symlinking: /home/unitree/go2_ws/install/go2_interfaces/include/go2_interfaces/srv/speed_level.h
[32.717s] -- Symlinking: /home/unitree/go2_ws/install/go2_interfaces/include/go2_interfaces/srv/switch_gait.h
[32.738s] -- Symlinking: /home/unitree/go2_ws/install/go2_interfaces/include/go2_interfaces/srv/switch_joystick.h
[32.758s] -- Symlinking: /home/unitree/go2_ws/install/go2_interfaces/share/go2_interfaces/environment/library_path.sh
[32.780s] -- Symlinking: /home/unitree/go2_ws/install/go2_interfaces/share/go2_interfaces/environment/library_path.dsv
[32.801s] -- Symlinking: /home/unitree/go2_ws/install/go2_interfaces/include/go2_interfaces/msg/rosidl_typesupport_fastrtps_c__visibility_control.h
[32.821s] -- Symlinking: /home/unitree/go2_ws/install/go2_interfaces/include/go2_interfaces/srv/detail/body_height__rosidl_typesupport_fastrtps_c.h
[32.841s] -- Symlinking: /home/unitree/go2_ws/install/go2_interfaces/include/go2_interfaces/srv/detail/continuous_gait__rosidl_typesupport_fastrtps_c.h
[32.860s] -- Symlinking: /home/unitree/go2_ws/install/go2_interfaces/include/go2_interfaces/srv/detail/euler__rosidl_typesupport_fastrtps_c.h
[32.880s] -- Symlinking: /home/unitree/go2_ws/install/go2_interfaces/include/go2_interfaces/srv/detail/foot_raise_height__rosidl_typesupport_fastrtps_c.h
[32.900s] -- Symlinking: /home/unitree/go2_ws/install/go2_interfaces/include/go2_interfaces/srv/detail/mode__rosidl_typesupport_fastrtps_c.h
[32.921s] -- Symlinking: /home/unitree/go2_ws/install/go2_interfaces/include/go2_interfaces/srv/detail/pose__rosidl_typesupport_fastrtps_c.h
[32.942s] -- Symlinking: /home/unitree/go2_ws/install/go2_interfaces/include/go2_interfaces/srv/detail/speed_level__rosidl_typesupport_fastrtps_c.h
[32.963s] -- Symlinking: /home/unitree/go2_ws/install/go2_interfaces/include/go2_interfaces/srv/detail/switch_gait__rosidl_typesupport_fastrtps_c.h
[32.984s] -- Symlinking: /home/unitree/go2_ws/install/go2_interfaces/include/go2_interfaces/srv/detail/switch_joystick__rosidl_typesupport_fastrtps_c.h
[33.005s] -- Symlinking: /home/unitree/go2_ws/install/go2_interfaces/lib/libgo2_interfaces__rosidl_typesupport_fastrtps_c.so
[33.027s] -- Symlinking: /home/unitree/go2_ws/install/go2_interfaces/include/go2_interfaces/msg/rosidl_typesupport_fastrtps_cpp__visibility_control.h
[33.048s] -- Symlinking: /home/unitree/go2_ws/install/go2_interfaces/include/go2_interfaces/srv/detail/body_height__rosidl_typesupport_fastrtps_cpp.hpp
[33.069s] -- Symlinking: /home/unitree/go2_ws/install/go2_interfaces/include/go2_interfaces/srv/detail/continuous_gait__rosidl_typesupport_fastrtps_cpp.hpp
[33.090s] -- Symlinking: /home/unitree/go2_ws/install/go2_interfaces/include/go2_interfaces/srv/detail/euler__rosidl_typesupport_fastrtps_cpp.hpp
[33.110s] -- Symlinking: /home/unitree/go2_ws/install/go2_interfaces/include/go2_interfaces/srv/detail/foot_raise_height__rosidl_typesupport_fastrtps_cpp.hpp
[33.132s] -- Symlinking: /home/unitree/go2_ws/install/go2_interfaces/include/go2_interfaces/srv/detail/mode__rosidl_typesupport_fastrtps_cpp.hpp
[33.152s] -- Symlinking: /home/unitree/go2_ws/install/go2_interfaces/include/go2_interfaces/srv/detail/pose__rosidl_typesupport_fastrtps_cpp.hpp
[33.173s] -- Symlinking: /home/unitree/go2_ws/install/go2_interfaces/include/go2_interfaces/srv/detail/speed_level__rosidl_typesupport_fastrtps_cpp.hpp
[33.194s] -- Symlinking: /home/unitree/go2_ws/install/go2_interfaces/include/go2_interfaces/srv/detail/switch_gait__rosidl_typesupport_fastrtps_cpp.hpp
[33.215s] -- Symlinking: /home/unitree/go2_ws/install/go2_interfaces/include/go2_interfaces/srv/detail/switch_joystick__rosidl_typesupport_fastrtps_cpp.hpp
[33.236s] -- Symlinking: /home/unitree/go2_ws/install/go2_interfaces/lib/libgo2_interfaces__rosidl_typesupport_fastrtps_cpp.so
[33.258s] -- Symlinking: /home/unitree/go2_ws/install/go2_interfaces/include/go2_interfaces/msg/rosidl_typesupport_introspection_c__visibility_control.h
[33.279s] -- Symlinking: /home/unitree/go2_ws/install/go2_interfaces/include/go2_interfaces/srv/detail/body_height__rosidl_typesupport_introspection_c.h
[33.298s] -- Symlinking: /home/unitree/go2_ws/install/go2_interfaces/include/go2_interfaces/srv/detail/continuous_gait__rosidl_typesupport_introspection_c.h
[33.319s] -- Symlinking: /home/unitree/go2_ws/install/go2_interfaces/include/go2_interfaces/srv/detail/euler__rosidl_typesupport_introspection_c.h
[33.339s] -- Symlinking: /home/unitree/go2_ws/install/go2_interfaces/include/go2_interfaces/srv/detail/foot_raise_height__rosidl_typesupport_introspection_c.h
[33.360s] -- Symlinking: /home/unitree/go2_ws/install/go2_interfaces/include/go2_interfaces/srv/detail/mode__rosidl_typesupport_introspection_c.h
[33.380s] -- Symlinking: /home/unitree/go2_ws/install/go2_interfaces/include/go2_interfaces/srv/detail/pose__rosidl_typesupport_introspection_c.h
[33.401s] -- Symlinking: /home/unitree/go2_ws/install/go2_interfaces/include/go2_interfaces/srv/detail/speed_level__rosidl_typesupport_introspection_c.h
[33.422s] -- Symlinking: /home/unitree/go2_ws/install/go2_interfaces/include/go2_interfaces/srv/detail/switch_gait__rosidl_typesupport_introspection_c.h
[33.442s] -- Symlinking: /home/unitree/go2_ws/install/go2_interfaces/include/go2_interfaces/srv/detail/switch_joystick__rosidl_typesupport_introspection_c.h
[33.464s] -- Symlinking: /home/unitree/go2_ws/install/go2_interfaces/include/go2_interfaces/msg/rosidl_generator_cpp__visibility_control.hpp
[33.486s] -- Symlinking: /home/unitree/go2_ws/install/go2_interfaces/include/go2_interfaces/srv/body_height.hpp
[33.507s] -- Symlinking: /home/unitree/go2_ws/install/go2_interfaces/include/go2_interfaces/srv/continuous_gait.hpp
[33.527s] -- Symlinking: /home/unitree/go2_ws/install/go2_interfaces/include/go2_interfaces/srv/detail/body_height__builder.hpp
[33.548s] -- Symlinking: /home/unitree/go2_ws/install/go2_interfaces/include/go2_interfaces/srv/detail/body_height__struct.hpp
[33.569s] -- Symlinking: /home/unitree/go2_ws/install/go2_interfaces/include/go2_interfaces/srv/detail/body_height__traits.hpp
[33.589s] -- Symlinking: /home/unitree/go2_ws/install/go2_interfaces/include/go2_interfaces/srv/detail/body_height__type_support.hpp
[33.611s] -- Symlinking: /home/unitree/go2_ws/install/go2_interfaces/include/go2_interfaces/srv/detail/continuous_gait__builder.hpp
[33.631s] -- Symlinking: /home/unitree/go2_ws/install/go2_interfaces/include/go2_interfaces/srv/detail/continuous_gait__struct.hpp
[33.651s] -- Symlinking: /home/unitree/go2_ws/install/go2_interfaces/include/go2_interfaces/srv/detail/continuous_gait__traits.hpp
[33.672s] -- Symlinking: /home/unitree/go2_ws/install/go2_interfaces/include/go2_interfaces/srv/detail/continuous_gait__type_support.hpp
[33.692s] -- Symlinking: /home/unitree/go2_ws/install/go2_interfaces/include/go2_interfaces/srv/detail/euler__builder.hpp
[33.714s] -- Symlinking: /home/unitree/go2_ws/install/go2_interfaces/include/go2_interfaces/srv/detail/euler__struct.hpp
[33.734s] -- Symlinking: /home/unitree/go2_ws/install/go2_interfaces/include/go2_interfaces/srv/detail/euler__traits.hpp
[33.754s] -- Symlinking: /home/unitree/go2_ws/install/go2_interfaces/include/go2_interfaces/srv/detail/euler__type_support.hpp
[33.773s] -- Symlinking: /home/unitree/go2_ws/install/go2_interfaces/include/go2_interfaces/srv/detail/foot_raise_height__builder.hpp
[33.793s] -- Symlinking: /home/unitree/go2_ws/install/go2_interfaces/include/go2_interfaces/srv/detail/foot_raise_height__struct.hpp
[33.813s] -- Symlinking: /home/unitree/go2_ws/install/go2_interfaces/include/go2_interfaces/srv/detail/foot_raise_height__traits.hpp
[33.833s] -- Symlinking: /home/unitree/go2_ws/install/go2_interfaces/include/go2_interfaces/srv/detail/foot_raise_height__type_support.hpp
[33.854s] -- Symlinking: /home/unitree/go2_ws/install/go2_interfaces/include/go2_interfaces/srv/detail/mode__builder.hpp
[33.874s] -- Symlinking: /home/unitree/go2_ws/install/go2_interfaces/include/go2_interfaces/srv/detail/mode__struct.hpp
[33.895s] -- Symlinking: /home/unitree/go2_ws/install/go2_interfaces/include/go2_interfaces/srv/detail/mode__traits.hpp
[33.916s] -- Symlinking: /home/unitree/go2_ws/install/go2_interfaces/include/go2_interfaces/srv/detail/mode__type_support.hpp
[33.936s] -- Symlinking: /home/unitree/go2_ws/install/go2_interfaces/include/go2_interfaces/srv/detail/pose__builder.hpp
[33.957s] -- Symlinking: /home/unitree/go2_ws/install/go2_interfaces/include/go2_interfaces/srv/detail/pose__struct.hpp
[33.977s] -- Symlinking: /home/unitree/go2_ws/install/go2_interfaces/include/go2_interfaces/srv/detail/pose__traits.hpp
[33.998s] -- Symlinking: /home/unitree/go2_ws/install/go2_interfaces/include/go2_interfaces/srv/detail/pose__type_support.hpp
[34.019s] -- Symlinking: /home/unitree/go2_ws/install/go2_interfaces/include/go2_interfaces/srv/detail/speed_level__builder.hpp
[34.040s] -- Symlinking: /home/unitree/go2_ws/install/go2_interfaces/include/go2_interfaces/srv/detail/speed_level__struct.hpp
[34.060s] -- Symlinking: /home/unitree/go2_ws/install/go2_interfaces/include/go2_interfaces/srv/detail/speed_level__traits.hpp
[34.082s] -- Symlinking: /home/unitree/go2_ws/install/go2_interfaces/include/go2_interfaces/srv/detail/speed_level__type_support.hpp
[34.103s] -- Symlinking: /home/unitree/go2_ws/install/go2_interfaces/include/go2_interfaces/srv/detail/switch_gait__builder.hpp
[34.123s] -- Symlinking: /home/unitree/go2_ws/install/go2_interfaces/include/go2_interfaces/srv/detail/switch_gait__struct.hpp
[34.144s] -- Symlinking: /home/unitree/go2_ws/install/go2_interfaces/include/go2_interfaces/srv/detail/switch_gait__traits.hpp
[34.165s] -- Symlinking: /home/unitree/go2_ws/install/go2_interfaces/include/go2_interfaces/srv/detail/switch_gait__type_support.hpp
[34.185s] -- Symlinking: /home/unitree/go2_ws/install/go2_interfaces/include/go2_interfaces/srv/detail/switch_joystick__builder.hpp
[34.203s] -- Symlinking: /home/unitree/go2_ws/install/go2_interfaces/include/go2_interfaces/srv/detail/switch_joystick__struct.hpp
[34.223s] -- Symlinking: /home/unitree/go2_ws/install/go2_interfaces/include/go2_interfaces/srv/detail/switch_joystick__traits.hpp
[34.243s] -- Symlinking: /home/unitree/go2_ws/install/go2_interfaces/include/go2_interfaces/srv/detail/switch_joystick__type_support.hpp
[34.264s] -- Symlinking: /home/unitree/go2_ws/install/go2_interfaces/include/go2_interfaces/srv/euler.hpp
[34.284s] -- Symlinking: /home/unitree/go2_ws/install/go2_interfaces/include/go2_interfaces/srv/foot_raise_height.hpp
[34.305s] -- Symlinking: /home/unitree/go2_ws/install/go2_interfaces/include/go2_interfaces/srv/mode.hpp
[34.326s] -- Symlinking: /home/unitree/go2_ws/install/go2_interfaces/include/go2_interfaces/srv/pose.hpp
[34.350s] -- Symlinking: /home/unitree/go2_ws/install/go2_interfaces/include/go2_interfaces/srv/speed_level.hpp
[34.373s] -- Symlinking: /home/unitree/go2_ws/install/go2_interfaces/include/go2_interfaces/srv/switch_gait.hpp
[34.392s] -- Symlinking: /home/unitree/go2_ws/install/go2_interfaces/include/go2_interfaces/srv/switch_joystick.hpp
[34.415s] -- Symlinking: /home/unitree/go2_ws/install/go2_interfaces/include/go2_interfaces/srv/detail/body_height__rosidl_typesupport_introspection_cpp.hpp
[34.437s] -- Symlinking: /home/unitree/go2_ws/install/go2_interfaces/include/go2_interfaces/srv/detail/continuous_gait__rosidl_typesupport_introspection_cpp.hpp
[34.460s] -- Symlinking: /home/unitree/go2_ws/install/go2_interfaces/include/go2_interfaces/srv/detail/euler__rosidl_typesupport_introspection_cpp.hpp
[34.482s] -- Symlinking: /home/unitree/go2_ws/install/go2_interfaces/include/go2_interfaces/srv/detail/foot_raise_height__rosidl_typesupport_introspection_cpp.hpp
[34.505s] -- Symlinking: /home/unitree/go2_ws/install/go2_interfaces/include/go2_interfaces/srv/detail/mode__rosidl_typesupport_introspection_cpp.hpp
[34.526s] -- Symlinking: /home/unitree/go2_ws/install/go2_interfaces/include/go2_interfaces/srv/detail/pose__rosidl_typesupport_introspection_cpp.hpp
[34.548s] -- Symlinking: /home/unitree/go2_ws/install/go2_interfaces/include/go2_interfaces/srv/detail/speed_level__rosidl_typesupport_introspection_cpp.hpp
[34.569s] -- Symlinking: /home/unitree/go2_ws/install/go2_interfaces/include/go2_interfaces/srv/detail/switch_gait__rosidl_typesupport_introspection_cpp.hpp
[34.592s] -- Symlinking: /home/unitree/go2_ws/install/go2_interfaces/include/go2_interfaces/srv/detail/switch_joystick__rosidl_typesupport_introspection_cpp.hpp
[34.614s] -- Symlinking: /home/unitree/go2_ws/install/go2_interfaces/share/go2_interfaces/environment/pythonpath.sh
[34.637s] -- Symlinking: /home/unitree/go2_ws/install/go2_interfaces/share/go2_interfaces/environment/pythonpath.dsv
[34.661s] -- Symlinking: /home/unitree/go2_ws/install/go2_interfaces/lib/python3.8/site-packages/go2_interfaces/__init__.py
[34.683s] -- Symlinking: /home/unitree/go2_ws/install/go2_interfaces/lib/python3.8/site-packages/go2_interfaces/srv/__init__.py
[34.702s] -- Symlinking: /home/unitree/go2_ws/install/go2_interfaces/lib/python3.8/site-packages/go2_interfaces/srv/_body_height.py
[34.726s] -- Symlinking: /home/unitree/go2_ws/install/go2_interfaces/lib/python3.8/site-packages/go2_interfaces/srv/_continuous_gait.py
[34.752s] -- Symlinking: /home/unitree/go2_ws/install/go2_interfaces/lib/python3.8/site-packages/go2_interfaces/srv/_euler.py
[34.776s] -- Symlinking: /home/unitree/go2_ws/install/go2_interfaces/lib/python3.8/site-packages/go2_interfaces/srv/_foot_raise_height.py
[34.800s] -- Symlinking: /home/unitree/go2_ws/install/go2_interfaces/lib/python3.8/site-packages/go2_interfaces/srv/_mode.py
[34.825s] -- Symlinking: /home/unitree/go2_ws/install/go2_interfaces/lib/python3.8/site-packages/go2_interfaces/srv/_pose.py
[34.852s] -- Symlinking: /home/unitree/go2_ws/install/go2_interfaces/lib/python3.8/site-packages/go2_interfaces/srv/_speed_level.py
[34.876s] -- Symlinking: /home/unitree/go2_ws/install/go2_interfaces/lib/python3.8/site-packages/go2_interfaces/srv/_switch_gait.py
[34.897s] -- Symlinking: /home/unitree/go2_ws/install/go2_interfaces/lib/python3.8/site-packages/go2_interfaces/srv/_switch_joystick.py
[34.917s] -- Symlinking: /home/unitree/go2_ws/install/go2_interfaces/lib/python3.8/site-packages/go2_interfaces/go2_interfaces_s__rosidl_typesupport_fastrtps_c.cpython-38-aarch64-linux-gnu.so
[34.937s] -- Symlinking: /home/unitree/go2_ws/install/go2_interfaces/lib/python3.8/site-packages/go2_interfaces/go2_interfaces_s__rosidl_typesupport_introspection_c.cpython-38-aarch64-linux-gnu.so
[34.960s] -- Symlinking: /home/unitree/go2_ws/install/go2_interfaces/lib/python3.8/site-packages/go2_interfaces/go2_interfaces_s__rosidl_typesupport_c.cpython-38-aarch64-linux-gnu.so
[35.008s] -- Symlinking: /home/unitree/go2_ws/install/go2_interfaces/lib/libgo2_interfaces__python.so
[35.040s] -- Symlinking: /home/unitree/go2_ws/install/go2_interfaces/share/go2_interfaces/srv/BodyHeight.idl
[35.061s] -- Symlinking: /home/unitree/go2_ws/install/go2_interfaces/share/go2_interfaces/srv/ContinuousGait.idl
[35.081s] -- Symlinking: /home/unitree/go2_ws/install/go2_interfaces/share/go2_interfaces/srv/Euler.idl
[35.102s] -- Symlinking: /home/unitree/go2_ws/install/go2_interfaces/share/go2_interfaces/srv/FootRaiseHeight.idl
[35.123s] -- Symlinking: /home/unitree/go2_ws/install/go2_interfaces/share/go2_interfaces/srv/Mode.idl
[35.143s] -- Symlinking: /home/unitree/go2_ws/install/go2_interfaces/share/go2_interfaces/srv/Pose.idl
[35.163s] -- Symlinking: /home/unitree/go2_ws/install/go2_interfaces/share/go2_interfaces/srv/SpeedLevel.idl
[35.184s] -- Symlinking: /home/unitree/go2_ws/install/go2_interfaces/share/go2_interfaces/srv/SwitchGait.idl
[35.204s] -- Symlinking: /home/unitree/go2_ws/install/go2_interfaces/share/go2_interfaces/srv/SwitchJoystick.idl
[35.224s] -- Symlinking: /home/unitree/go2_ws/install/go2_interfaces/share/go2_interfaces/srv/BodyHeight.srv
[35.244s] -- Symlinking: /home/unitree/go2_ws/install/go2_interfaces/share/go2_interfaces/srv/BodyHeight_Request.msg
[35.264s] -- Symlinking: /home/unitree/go2_ws/install/go2_interfaces/share/go2_interfaces/srv/BodyHeight_Response.msg
[35.285s] -- Symlinking: /home/unitree/go2_ws/install/go2_interfaces/share/go2_interfaces/srv/ContinuousGait.srv
[35.306s] -- Symlinking: /home/unitree/go2_ws/install/go2_interfaces/share/go2_interfaces/srv/ContinuousGait_Request.msg
[35.326s] -- Symlinking: /home/unitree/go2_ws/install/go2_interfaces/share/go2_interfaces/srv/ContinuousGait_Response.msg
[35.346s] -- Symlinking: /home/unitree/go2_ws/install/go2_interfaces/share/go2_interfaces/srv/Euler.srv
[35.366s] -- Symlinking: /home/unitree/go2_ws/install/go2_interfaces/share/go2_interfaces/srv/Euler_Request.msg
[35.387s] -- Symlinking: /home/unitree/go2_ws/install/go2_interfaces/share/go2_interfaces/srv/Euler_Response.msg
[35.407s] -- Symlinking: /home/unitree/go2_ws/install/go2_interfaces/share/go2_interfaces/srv/FootRaiseHeight.srv
[35.427s] -- Symlinking: /home/unitree/go2_ws/install/go2_interfaces/share/go2_interfaces/srv/FootRaiseHeight_Request.msg
[35.447s] -- Symlinking: /home/unitree/go2_ws/install/go2_interfaces/share/go2_interfaces/srv/FootRaiseHeight_Response.msg
[35.468s] -- Symlinking: /home/unitree/go2_ws/install/go2_interfaces/share/go2_interfaces/srv/Mode.srv
[35.490s] -- Symlinking: /home/unitree/go2_ws/install/go2_interfaces/share/go2_interfaces/srv/Mode_Request.msg
[35.510s] -- Symlinking: /home/unitree/go2_ws/install/go2_interfaces/share/go2_interfaces/srv/Mode_Response.msg
[35.530s] -- Symlinking: /home/unitree/go2_ws/install/go2_interfaces/share/go2_interfaces/srv/Pose.srv
[35.551s] -- Symlinking: /home/unitree/go2_ws/install/go2_interfaces/share/go2_interfaces/srv/Pose_Request.msg
[35.571s] -- Symlinking: /home/unitree/go2_ws/install/go2_interfaces/share/go2_interfaces/srv/Pose_Response.msg
[35.592s] -- Symlinking: /home/unitree/go2_ws/install/go2_interfaces/share/go2_interfaces/srv/SpeedLevel.srv
[35.614s] -- Symlinking: /home/unitree/go2_ws/install/go2_interfaces/share/go2_interfaces/srv/SpeedLevel_Request.msg
[35.635s] -- Symlinking: /home/unitree/go2_ws/install/go2_interfaces/share/go2_interfaces/srv/SpeedLevel_Response.msg
[35.656s] -- Symlinking: /home/unitree/go2_ws/install/go2_interfaces/share/go2_interfaces/srv/SwitchGait.srv
[35.679s] -- Symlinking: /home/unitree/go2_ws/install/go2_interfaces/share/go2_interfaces/srv/SwitchGait_Request.msg
[35.702s] -- Symlinking: /home/unitree/go2_ws/install/go2_interfaces/share/go2_interfaces/srv/SwitchGait_Response.msg
[35.725s] -- Symlinking: /home/unitree/go2_ws/install/go2_interfaces/share/go2_interfaces/srv/SwitchJoystick.srv
[35.747s] -- Symlinking: /home/unitree/go2_ws/install/go2_interfaces/share/go2_interfaces/srv/SwitchJoystick_Request.msg
[35.766s] -- Symlinking: /home/unitree/go2_ws/install/go2_interfaces/share/go2_interfaces/srv/SwitchJoystick_Response.msg
[35.786s] -- Symlinking: /home/unitree/go2_ws/install/go2_interfaces/share/ament_index/resource_index/package_run_dependencies/go2_interfaces
[35.804s] -- Symlinking: /home/unitree/go2_ws/install/go2_interfaces/share/ament_index/resource_index/parent_prefix_path/go2_interfaces
[35.826s] -- Symlinking: /home/unitree/go2_ws/install/go2_interfaces/share/go2_interfaces/environment/ament_prefix_path.sh
[35.844s] -- Symlinking: /home/unitree/go2_ws/install/go2_interfaces/share/go2_interfaces/environment/ament_prefix_path.dsv
[35.861s] -- Symlinking: /home/unitree/go2_ws/install/go2_interfaces/share/go2_interfaces/environment/path.sh
[35.878s] -- Symlinking: /home/unitree/go2_ws/install/go2_interfaces/share/go2_interfaces/environment/path.dsv
[35.896s] -- Symlinking: /home/unitree/go2_ws/install/go2_interfaces/share/go2_interfaces/local_setup.bash
[35.913s] -- Symlinking: /home/unitree/go2_ws/install/go2_interfaces/share/go2_interfaces/local_setup.sh
[35.931s] -- Symlinking: /home/unitree/go2_ws/install/go2_interfaces/share/go2_interfaces/local_setup.zsh
[35.948s] -- Symlinking: /home/unitree/go2_ws/install/go2_interfaces/share/go2_interfaces/local_setup.dsv
[35.969s] -- Symlinking: /home/unitree/go2_ws/install/go2_interfaces/share/go2_interfaces/package.dsv
[35.991s] -- Symlinking: /home/unitree/go2_ws/install/go2_interfaces/share/ament_index/resource_index/packages/go2_interfaces
[36.016s] -- Symlinking: /home/unitree/go2_ws/install/go2_interfaces/share/go2_interfaces/cmake/rosidl_cmake-extras.cmake
[36.037s] -- Symlinking: /home/unitree/go2_ws/install/go2_interfaces/share/go2_interfaces/cmake/ament_cmake_export_dependencies-extras.cmake
[36.058s] -- Symlinking: /home/unitree/go2_ws/install/go2_interfaces/share/go2_interfaces/cmake/ament_cmake_export_libraries-extras.cmake
[36.079s] -- Symlinking: /home/unitree/go2_ws/install/go2_interfaces/share/go2_interfaces/cmake/ament_cmake_export_targets-extras.cmake
[36.101s] -- Symlinking: /home/unitree/go2_ws/install/go2_interfaces/share/go2_interfaces/cmake/ament_cmake_export_include_directories-extras.cmake
[36.125s] -- Symlinking: /home/unitree/go2_ws/install/go2_interfaces/share/go2_interfaces/cmake/rosidl_cmake_export_typesupport_libraries-extras.cmake
[36.147s] -- Symlinking: /home/unitree/go2_ws/install/go2_interfaces/share/go2_interfaces/cmake/rosidl_cmake_export_typesupport_targets-extras.cmake
[36.169s] -- Symlinking: /home/unitree/go2_ws/install/go2_interfaces/share/go2_interfaces/cmake/go2_interfacesConfig.cmake
[36.192s] -- Symlinking: /home/unitree/go2_ws/install/go2_interfaces/share/go2_interfaces/cmake/go2_interfacesConfig-version.cmake
[36.215s] -- Symlinking: /home/unitree/go2_ws/install/go2_interfaces/share/go2_interfaces/package.xml
[36.242s] -- Installing: /home/unitree/go2_ws/install/go2_interfaces/lib/libgo2_interfaces__rosidl_generator_c.so
[36.244s] -- Set runtime path of "/home/unitree/go2_ws/install/go2_interfaces/lib/libgo2_interfaces__rosidl_generator_c.so" to ""
[36.244s] -- Installing: /home/unitree/go2_ws/install/go2_interfaces/lib/libgo2_interfaces__rosidl_typesupport_introspection_c.so
[36.245s] -- Set runtime path of "/home/unitree/go2_ws/install/go2_interfaces/lib/libgo2_interfaces__rosidl_typesupport_introspection_c.so" to ""
[36.245s] -- Installing: /home/unitree/go2_ws/install/go2_interfaces/lib/libgo2_interfaces__rosidl_typesupport_c.so
[36.245s] -- Set runtime path of "/home/unitree/go2_ws/install/go2_interfaces/lib/libgo2_interfaces__rosidl_typesupport_c.so" to ""
[36.246s] -- Installing: /home/unitree/go2_ws/install/go2_interfaces/lib/libgo2_interfaces__rosidl_typesupport_introspection_cpp.so
[36.246s] -- Set runtime path of "/home/unitree/go2_ws/install/go2_interfaces/lib/libgo2_interfaces__rosidl_typesupport_introspection_cpp.so" to ""
[36.247s] -- Installing: /home/unitree/go2_ws/install/go2_interfaces/lib/libgo2_interfaces__rosidl_typesupport_cpp.so
[36.247s] -- Set runtime path of "/home/unitree/go2_ws/install/go2_interfaces/lib/libgo2_interfaces__rosidl_typesupport_cpp.so" to ""
[36.312s] Compiling '/home/unitree/go2_ws/install/go2_interfaces/lib/python3.8/site-packages/go2_interfaces/__init__.py'...
[36.323s] -- Installing: /home/unitree/go2_ws/install/go2_interfaces/share/go2_interfaces/cmake/go2_interfaces__rosidl_generator_cExport.cmake
[36.323s] -- Installing: /home/unitree/go2_ws/install/go2_interfaces/share/go2_interfaces/cmake/go2_interfaces__rosidl_generator_cExport-noconfig.cmake
[36.324s] -- Installing: /home/unitree/go2_ws/install/go2_interfaces/share/go2_interfaces/cmake/go2_interfaces__rosidl_typesupport_introspection_cExport.cmake
[36.324s] -- Installing: /home/unitree/go2_ws/install/go2_interfaces/share/go2_interfaces/cmake/go2_interfaces__rosidl_typesupport_introspection_cExport-noconfig.cmake
[36.324s] -- Installing: /home/unitree/go2_ws/install/go2_interfaces/share/go2_interfaces/cmake/go2_interfaces__rosidl_typesupport_cExport.cmake
[36.324s] -- Installing: /home/unitree/go2_ws/install/go2_interfaces/share/go2_interfaces/cmake/go2_interfaces__rosidl_typesupport_cExport-noconfig.cmake
[36.325s] -- Installing: /home/unitree/go2_ws/install/go2_interfaces/share/go2_interfaces/cmake/go2_interfaces__rosidl_generator_cppExport.cmake
[36.325s] -- Installing: /home/unitree/go2_ws/install/go2_interfaces/share/go2_interfaces/cmake/go2_interfaces__rosidl_typesupport_introspection_cppExport.cmake
[36.325s] -- Installing: /home/unitree/go2_ws/install/go2_interfaces/share/go2_interfaces/cmake/go2_interfaces__rosidl_typesupport_introspection_cppExport-noconfig.cmake
[36.325s] -- Installing: /home/unitree/go2_ws/install/go2_interfaces/share/go2_interfaces/cmake/go2_interfaces__rosidl_typesupport_cppExport.cmake
[36.326s] -- Installing: /home/unitree/go2_ws/install/go2_interfaces/share/go2_interfaces/cmake/go2_interfaces__rosidl_typesupport_cppExport-noconfig.cmake
[36.347s] Invoked command in '/home/unitree/go2_ws/build/go2_interfaces' returned '0': CMAKE_PREFIX_PATH=${CMAKE_PREFIX_PATH}:/opt/ros/foxy /usr/bin/cmake --install /home/unitree/go2_ws/build/go2_interfaces
