[0.094s] Invoking command in '/home/unitree/go2_ws/build/go2_nav': CMAKE_PREFIX_PATH=${CMAKE_PREFIX_PATH}:/opt/ros/foxy /usr/bin/cmake /home/unitree/go2_ws/src/go2_robot/go2_nav -DAMENT_CMAKE_SYMLINK_INSTALL=1 -DCMAKE_INSTALL_PREFIX=/home/unitree/go2_ws/install/go2_nav
[1.841s] -- The C compiler identification is GNU 11.4.0
[1.841s] -- The CXX compiler identification is GNU 11.4.0
[1.841s] -- Check for working C compiler: /usr/bin/cc
[1.842s] -- Check for working C compiler: /usr/bin/cc -- works
[1.842s] -- Detecting C compiler ABI info
[1.842s] -- Detecting C compiler ABI info - done
[1.842s] -- Detecting C compile features
[1.853s] -- Detecting C compile features - done
[1.853s] -- Check for working CXX compiler: /usr/bin/c++
[1.853s] -- Check for working CXX compiler: /usr/bin/c++ -- works
[1.853s] -- Detecting CXX compiler ABI info
[1.853s] -- Detecting CXX compiler ABI info - done
[1.853s] -- Detecting CXX compile features
[1.854s] -- Detecting CXX compile features - done
[1.854s] -- Found ament_cmake: 0.9.12 (/opt/ros/foxy/share/ament_cmake/cmake)
[1.854s] -- Found PythonInterp: /usr/bin/python3 (found suitable version "3.8.10", minimum required is "3") 
[1.854s] -- Using PYTHON_EXECUTABLE: /usr/bin/python3
[1.854s] -- Override CMake install command with custom implementation using symlinks instead of copying resources
[1.854s] -- Found ament_lint_auto: 0.9.8 (/opt/ros/foxy/share/ament_lint_auto/cmake)
[1.873s] -- Added test 'flake8' to check Python code syntax and style conventions
[1.873s] -- Added test 'lint_cmake' to check CMake code style
[1.873s] -- Added test 'pep257' to check Python code against some of the style conventions in PEP 257
[1.875s] -- Added test 'xmllint' to check XML markup files
[1.881s] -- Configuring done
[1.891s] -- Generating done
[1.891s] -- Build files have been written to: /home/unitree/go2_ws/build/go2_nav
[1.901s] Invoked command in '/home/unitree/go2_ws/build/go2_nav' returned '0': CMAKE_PREFIX_PATH=${CMAKE_PREFIX_PATH}:/opt/ros/foxy /usr/bin/cmake /home/unitree/go2_ws/src/go2_robot/go2_nav -DAMENT_CMAKE_SYMLINK_INSTALL=1 -DCMAKE_INSTALL_PREFIX=/home/unitree/go2_ws/install/go2_nav
[1.909s] Invoking command in '/home/unitree/go2_ws/build/go2_nav': CMAKE_PREFIX_PATH=${CMAKE_PREFIX_PATH}:/opt/ros/foxy /usr/bin/cmake --build /home/unitree/go2_ws/build/go2_nav -- -j8 -l8
[2.032s] Invoked command in '/home/unitree/go2_ws/build/go2_nav' returned '0': CMAKE_PREFIX_PATH=${CMAKE_PREFIX_PATH}:/opt/ros/foxy /usr/bin/cmake --build /home/unitree/go2_ws/build/go2_nav -- -j8 -l8
[2.034s] Invoking command in '/home/unitree/go2_ws/build/go2_nav': CMAKE_PREFIX_PATH=${CMAKE_PREFIX_PATH}:/opt/ros/foxy /usr/bin/cmake --install /home/unitree/go2_ws/build/go2_nav
[2.308s] -- Install configuration: ""
[2.308s] -- Execute custom install script
[2.308s] -- Symlinking: /home/unitree/go2_ws/install/go2_nav/share/go2_nav/launch/navigation.launch.foxy.py
[2.308s] -- Symlinking: /home/unitree/go2_ws/install/go2_nav/share/go2_nav/launch/navigation.launch.py
[2.308s] -- Symlinking: /home/unitree/go2_ws/install/go2_nav/share/go2_nav/launch/slam.launch.py
[2.308s] -- Symlinking: /home/unitree/go2_ws/install/go2_nav/share/go2_nav/params/go2_nav_params.yaml
[2.309s] -- Symlinking: /home/unitree/go2_ws/install/go2_nav/share/go2_nav/params/go2_nav_params_foxy.yaml
[2.309s] -- Symlinking: /home/unitree/go2_ws/install/go2_nav/share/ament_index/resource_index/package_run_dependencies/go2_nav
[2.309s] -- Symlinking: /home/unitree/go2_ws/install/go2_nav/share/ament_index/resource_index/parent_prefix_path/go2_nav
[2.309s] -- Symlinking: /home/unitree/go2_ws/install/go2_nav/share/go2_nav/environment/ament_prefix_path.sh
[2.309s] -- Symlinking: /home/unitree/go2_ws/install/go2_nav/share/go2_nav/environment/ament_prefix_path.dsv
[2.309s] -- Symlinking: /home/unitree/go2_ws/install/go2_nav/share/go2_nav/environment/path.sh
[2.309s] -- Symlinking: /home/unitree/go2_ws/install/go2_nav/share/go2_nav/environment/path.dsv
[2.309s] -- Symlinking: /home/unitree/go2_ws/install/go2_nav/share/go2_nav/local_setup.bash
[2.309s] -- Symlinking: /home/unitree/go2_ws/install/go2_nav/share/go2_nav/local_setup.sh
[2.327s] -- Symlinking: /home/unitree/go2_ws/install/go2_nav/share/go2_nav/local_setup.zsh
[2.349s] -- Symlinking: /home/unitree/go2_ws/install/go2_nav/share/go2_nav/local_setup.dsv
[2.369s] -- Symlinking: /home/unitree/go2_ws/install/go2_nav/share/go2_nav/package.dsv
[2.395s] -- Symlinking: /home/unitree/go2_ws/install/go2_nav/share/ament_index/resource_index/packages/go2_nav
[2.421s] -- Symlinking: /home/unitree/go2_ws/install/go2_nav/share/go2_nav/cmake/go2_navConfig.cmake
[2.435s] -- Symlinking: /home/unitree/go2_ws/install/go2_nav/share/go2_nav/cmake/go2_navConfig-version.cmake
[2.457s] -- Symlinking: /home/unitree/go2_ws/install/go2_nav/share/go2_nav/package.xml
[2.480s] Invoked command in '/home/unitree/go2_ws/build/go2_nav' returned '0': CMAKE_PREFIX_PATH=${CMAKE_PREFIX_PATH}:/opt/ros/foxy /usr/bin/cmake --install /home/unitree/go2_ws/build/go2_nav
