-- cuda not found!
-- Found PythonInterp: /usr/bin/python3 (found suitable version "3.8.10", minimum required is "3") 
-- Using PYTHON_EXECUTABLE: /usr/bin/python3
-- Override CMake install command with custom implementation using symlinks instead of copying resources
-- Using all available rosidl_typesupport_c: rosidl_typesupport_fastrtps_c;rosidl_typesupport_introspection_c
-- Found rosidl_adapter: 1.3.1 (/opt/ros/foxy/share/rosidl_adapter/cmake)
-- Using all available rosidl_typesupport_cpp: rosidl_typesupport_fastrtps_cpp;rosidl_typesupport_introspection_cpp
-- Found rmw_implementation_cmake: 1.0.4 (/opt/ros/foxy/share/rmw_implementation_cmake/cmake)
-- Using RMW implementation 'rmw_cyclonedds_cpp' as default
-- Found sensor_msgs: 2.0.5 (/opt/ros/foxy/share/sensor_msgs/cmake)
-- Found rclcpp_action: 2.4.3 (/opt/ros/foxy/share/rclcpp_action/cmake)
-- Found rosidl_default_generators: 1.0.1 (/opt/ros/foxy/share/rosidl_default_generators/cmake)
-- Found PythonInterp: /usr/bin/python3 (found version "3.8.10") 
-- Found ament_cmake_ros: 0.9.2 (/opt/ros/foxy/share/ament_cmake_ros/cmake)
-- Using all available rosidl_typesupport_c: rosidl_typesupport_fastrtps_c;rosidl_typesupport_introspection_c
-- Using all available rosidl_typesupport_cpp: rosidl_typesupport_fastrtps_cpp;rosidl_typesupport_introspection_cpp
-- Found PythonInterp: /usr/bin/python3 (found suitable version "3.8.10", minimum required is "3.5") 
-- Found python_cmake_module: 0.8.1 (/opt/ros/foxy/share/python_cmake_module/cmake)
-- Using PYTHON_EXECUTABLE: /usr/bin/python3
-- Using PYTHON_INCLUDE_DIRS: /usr/include/python3.8
-- Using PYTHON_LIBRARIES: /usr/lib/aarch64-linux-gnu/libpython3.8.so
-- Found ament_index_cpp: 1.1.0 (/opt/ros/foxy/share/ament_index_cpp/cmake)
-- Configuring done
-- Generating done
-- Build files have been written to: /home/unitree/go2_ws/build/hesai_ros_driver
[  2%] Built target log_lib
[  3%] Built target hesai_ros_driver__cpp
[ 10%] Built target hesai_ros_driver__rosidl_generator_c
[ 18%] Built target hesai_ros_driver__rosidl_typesupport_introspection_cpp
[ 27%] Built target hesai_ros_driver__rosidl_typesupport_cpp
[ 32%] Built target hesai_ros_driver__rosidl_typesupport_c
[ 36%] Built target platutils_lib
[ 43%] Built target hesai_ros_driver__rosidl_typesupport_fastrtps_cpp
[ 51%] Built target hesai_ros_driver__rosidl_typesupport_introspection_c
[ 53%] Built target udpParser_lib
[ 61%] Built target ptcClient_lib
[ 69%] Built target source_lib
[ 76%] Built target hesai_ros_driver__rosidl_typesupport_fastrtps_c
[ 78%] Built target serialClient_lib
[ 78%] Built target hesai_ros_driver
[ 80%] Built target lidar_lib
[ 81%] Built target hesai_ros_driver__py
[ 84%] Built target hesai_sdk_lib
[ 90%] Built target hesai_ros_driver__python
[ 93%] Built target hesai_ros_driver_node
[ 97%] Built target hesai_ros_driver__rosidl_typesupport_fastrtps_c__pyext
[ 97%] Built target hesai_ros_driver__rosidl_typesupport_introspection_c__pyext
[100%] Built target hesai_ros_driver__rosidl_typesupport_c__pyext
-- Install configuration: "Release"
-- Execute custom install script
-- Up-to-date symlink: /home/unitree/go2_ws/install/hesai_ros_driver/share/ament_index/resource_index/rosidl_interfaces/hesai_ros_driver
-- Up-to-date symlink: /home/unitree/go2_ws/install/hesai_ros_driver/include/hesai_ros_driver/msg/detail/firetime__functions.h
-- Up-to-date symlink: /home/unitree/go2_ws/install/hesai_ros_driver/include/hesai_ros_driver/msg/detail/firetime__struct.h
-- Up-to-date symlink: /home/unitree/go2_ws/install/hesai_ros_driver/include/hesai_ros_driver/msg/detail/firetime__type_support.h
-- Up-to-date symlink: /home/unitree/go2_ws/install/hesai_ros_driver/include/hesai_ros_driver/msg/detail/loss_packet__functions.h
-- Up-to-date symlink: /home/unitree/go2_ws/install/hesai_ros_driver/include/hesai_ros_driver/msg/detail/loss_packet__struct.h
-- Up-to-date symlink: /home/unitree/go2_ws/install/hesai_ros_driver/include/hesai_ros_driver/msg/detail/loss_packet__type_support.h
-- Up-to-date symlink: /home/unitree/go2_ws/install/hesai_ros_driver/include/hesai_ros_driver/msg/detail/ptp__functions.h
-- Up-to-date symlink: /home/unitree/go2_ws/install/hesai_ros_driver/include/hesai_ros_driver/msg/detail/ptp__struct.h
-- Up-to-date symlink: /home/unitree/go2_ws/install/hesai_ros_driver/include/hesai_ros_driver/msg/detail/ptp__type_support.h
-- Up-to-date symlink: /home/unitree/go2_ws/install/hesai_ros_driver/include/hesai_ros_driver/msg/detail/udp_frame__functions.h
-- Up-to-date symlink: /home/unitree/go2_ws/install/hesai_ros_driver/include/hesai_ros_driver/msg/detail/udp_frame__struct.h
-- Up-to-date symlink: /home/unitree/go2_ws/install/hesai_ros_driver/include/hesai_ros_driver/msg/detail/udp_frame__type_support.h
-- Up-to-date symlink: /home/unitree/go2_ws/install/hesai_ros_driver/include/hesai_ros_driver/msg/detail/udp_packet__functions.h
-- Up-to-date symlink: /home/unitree/go2_ws/install/hesai_ros_driver/include/hesai_ros_driver/msg/detail/udp_packet__struct.h
-- Up-to-date symlink: /home/unitree/go2_ws/install/hesai_ros_driver/include/hesai_ros_driver/msg/detail/udp_packet__type_support.h
-- Up-to-date symlink: /home/unitree/go2_ws/install/hesai_ros_driver/include/hesai_ros_driver/msg/firetime.h
-- Up-to-date symlink: /home/unitree/go2_ws/install/hesai_ros_driver/include/hesai_ros_driver/msg/loss_packet.h
-- Up-to-date symlink: /home/unitree/go2_ws/install/hesai_ros_driver/include/hesai_ros_driver/msg/ptp.h
-- Up-to-date symlink: /home/unitree/go2_ws/install/hesai_ros_driver/include/hesai_ros_driver/msg/rosidl_generator_c__visibility_control.h
-- Up-to-date symlink: /home/unitree/go2_ws/install/hesai_ros_driver/include/hesai_ros_driver/msg/udp_frame.h
-- Up-to-date symlink: /home/unitree/go2_ws/install/hesai_ros_driver/include/hesai_ros_driver/msg/udp_packet.h
-- Up-to-date symlink: /home/unitree/go2_ws/install/hesai_ros_driver/share/hesai_ros_driver/environment/library_path.sh
-- Up-to-date symlink: /home/unitree/go2_ws/install/hesai_ros_driver/share/hesai_ros_driver/environment/library_path.dsv
-- Up-to-date symlink: /home/unitree/go2_ws/install/hesai_ros_driver/include/hesai_ros_driver/msg/detail/firetime__rosidl_typesupport_fastrtps_c.h
-- Up-to-date symlink: /home/unitree/go2_ws/install/hesai_ros_driver/include/hesai_ros_driver/msg/detail/loss_packet__rosidl_typesupport_fastrtps_c.h
-- Up-to-date symlink: /home/unitree/go2_ws/install/hesai_ros_driver/include/hesai_ros_driver/msg/detail/ptp__rosidl_typesupport_fastrtps_c.h
-- Up-to-date symlink: /home/unitree/go2_ws/install/hesai_ros_driver/include/hesai_ros_driver/msg/detail/udp_frame__rosidl_typesupport_fastrtps_c.h
-- Up-to-date symlink: /home/unitree/go2_ws/install/hesai_ros_driver/include/hesai_ros_driver/msg/detail/udp_packet__rosidl_typesupport_fastrtps_c.h
-- Up-to-date symlink: /home/unitree/go2_ws/install/hesai_ros_driver/include/hesai_ros_driver/msg/rosidl_typesupport_fastrtps_c__visibility_control.h
-- Up-to-date symlink: /home/unitree/go2_ws/install/hesai_ros_driver/lib/libhesai_ros_driver__rosidl_typesupport_fastrtps_c.so
-- Up-to-date symlink: /home/unitree/go2_ws/install/hesai_ros_driver/include/hesai_ros_driver/msg/detail/firetime__rosidl_typesupport_fastrtps_cpp.hpp
-- Up-to-date symlink: /home/unitree/go2_ws/install/hesai_ros_driver/include/hesai_ros_driver/msg/detail/loss_packet__rosidl_typesupport_fastrtps_cpp.hpp
-- Up-to-date symlink: /home/unitree/go2_ws/install/hesai_ros_driver/include/hesai_ros_driver/msg/detail/ptp__rosidl_typesupport_fastrtps_cpp.hpp
-- Up-to-date symlink: /home/unitree/go2_ws/install/hesai_ros_driver/include/hesai_ros_driver/msg/detail/udp_frame__rosidl_typesupport_fastrtps_cpp.hpp
-- Up-to-date symlink: /home/unitree/go2_ws/install/hesai_ros_driver/include/hesai_ros_driver/msg/detail/udp_packet__rosidl_typesupport_fastrtps_cpp.hpp
-- Up-to-date symlink: /home/unitree/go2_ws/install/hesai_ros_driver/include/hesai_ros_driver/msg/rosidl_typesupport_fastrtps_cpp__visibility_control.h
-- Up-to-date symlink: /home/unitree/go2_ws/install/hesai_ros_driver/lib/libhesai_ros_driver__rosidl_typesupport_fastrtps_cpp.so
-- Up-to-date symlink: /home/unitree/go2_ws/install/hesai_ros_driver/include/hesai_ros_driver/msg/detail/firetime__rosidl_typesupport_introspection_c.h
-- Up-to-date symlink: /home/unitree/go2_ws/install/hesai_ros_driver/include/hesai_ros_driver/msg/detail/loss_packet__rosidl_typesupport_introspection_c.h
-- Up-to-date symlink: /home/unitree/go2_ws/install/hesai_ros_driver/include/hesai_ros_driver/msg/detail/ptp__rosidl_typesupport_introspection_c.h
-- Up-to-date symlink: /home/unitree/go2_ws/install/hesai_ros_driver/include/hesai_ros_driver/msg/detail/udp_frame__rosidl_typesupport_introspection_c.h
-- Up-to-date symlink: /home/unitree/go2_ws/install/hesai_ros_driver/include/hesai_ros_driver/msg/detail/udp_packet__rosidl_typesupport_introspection_c.h
-- Up-to-date symlink: /home/unitree/go2_ws/install/hesai_ros_driver/include/hesai_ros_driver/msg/rosidl_typesupport_introspection_c__visibility_control.h
-- Up-to-date symlink: /home/unitree/go2_ws/install/hesai_ros_driver/include/hesai_ros_driver/msg/detail/firetime__builder.hpp
-- Up-to-date symlink: /home/unitree/go2_ws/install/hesai_ros_driver/include/hesai_ros_driver/msg/detail/firetime__struct.hpp
-- Up-to-date symlink: /home/unitree/go2_ws/install/hesai_ros_driver/include/hesai_ros_driver/msg/detail/firetime__traits.hpp
-- Up-to-date symlink: /home/unitree/go2_ws/install/hesai_ros_driver/include/hesai_ros_driver/msg/detail/firetime__type_support.hpp
-- Up-to-date symlink: /home/unitree/go2_ws/install/hesai_ros_driver/include/hesai_ros_driver/msg/detail/loss_packet__builder.hpp
-- Up-to-date symlink: /home/unitree/go2_ws/install/hesai_ros_driver/include/hesai_ros_driver/msg/detail/loss_packet__struct.hpp
-- Up-to-date symlink: /home/unitree/go2_ws/install/hesai_ros_driver/include/hesai_ros_driver/msg/detail/loss_packet__traits.hpp
-- Up-to-date symlink: /home/unitree/go2_ws/install/hesai_ros_driver/include/hesai_ros_driver/msg/detail/loss_packet__type_support.hpp
-- Up-to-date symlink: /home/unitree/go2_ws/install/hesai_ros_driver/include/hesai_ros_driver/msg/detail/ptp__builder.hpp
-- Up-to-date symlink: /home/unitree/go2_ws/install/hesai_ros_driver/include/hesai_ros_driver/msg/detail/ptp__struct.hpp
-- Up-to-date symlink: /home/unitree/go2_ws/install/hesai_ros_driver/include/hesai_ros_driver/msg/detail/ptp__traits.hpp
-- Up-to-date symlink: /home/unitree/go2_ws/install/hesai_ros_driver/include/hesai_ros_driver/msg/detail/ptp__type_support.hpp
-- Up-to-date symlink: /home/unitree/go2_ws/install/hesai_ros_driver/include/hesai_ros_driver/msg/detail/udp_frame__builder.hpp
-- Up-to-date symlink: /home/unitree/go2_ws/install/hesai_ros_driver/include/hesai_ros_driver/msg/detail/udp_frame__struct.hpp
-- Up-to-date symlink: /home/unitree/go2_ws/install/hesai_ros_driver/include/hesai_ros_driver/msg/detail/udp_frame__traits.hpp
-- Up-to-date symlink: /home/unitree/go2_ws/install/hesai_ros_driver/include/hesai_ros_driver/msg/detail/udp_frame__type_support.hpp
-- Up-to-date symlink: /home/unitree/go2_ws/install/hesai_ros_driver/include/hesai_ros_driver/msg/detail/udp_packet__builder.hpp
-- Up-to-date symlink: /home/unitree/go2_ws/install/hesai_ros_driver/include/hesai_ros_driver/msg/detail/udp_packet__struct.hpp
-- Up-to-date symlink: /home/unitree/go2_ws/install/hesai_ros_driver/include/hesai_ros_driver/msg/detail/udp_packet__traits.hpp
-- Up-to-date symlink: /home/unitree/go2_ws/install/hesai_ros_driver/include/hesai_ros_driver/msg/detail/udp_packet__type_support.hpp
-- Up-to-date symlink: /home/unitree/go2_ws/install/hesai_ros_driver/include/hesai_ros_driver/msg/firetime.hpp
-- Up-to-date symlink: /home/unitree/go2_ws/install/hesai_ros_driver/include/hesai_ros_driver/msg/loss_packet.hpp
-- Up-to-date symlink: /home/unitree/go2_ws/install/hesai_ros_driver/include/hesai_ros_driver/msg/ptp.hpp
-- Up-to-date symlink: /home/unitree/go2_ws/install/hesai_ros_driver/include/hesai_ros_driver/msg/rosidl_generator_cpp__visibility_control.hpp
-- Up-to-date symlink: /home/unitree/go2_ws/install/hesai_ros_driver/include/hesai_ros_driver/msg/udp_frame.hpp
-- Up-to-date symlink: /home/unitree/go2_ws/install/hesai_ros_driver/include/hesai_ros_driver/msg/udp_packet.hpp
-- Up-to-date symlink: /home/unitree/go2_ws/install/hesai_ros_driver/include/hesai_ros_driver/msg/detail/firetime__rosidl_typesupport_introspection_cpp.hpp
-- Up-to-date symlink: /home/unitree/go2_ws/install/hesai_ros_driver/include/hesai_ros_driver/msg/detail/loss_packet__rosidl_typesupport_introspection_cpp.hpp
-- Up-to-date symlink: /home/unitree/go2_ws/install/hesai_ros_driver/include/hesai_ros_driver/msg/detail/ptp__rosidl_typesupport_introspection_cpp.hpp
-- Up-to-date symlink: /home/unitree/go2_ws/install/hesai_ros_driver/include/hesai_ros_driver/msg/detail/udp_frame__rosidl_typesupport_introspection_cpp.hpp
-- Up-to-date symlink: /home/unitree/go2_ws/install/hesai_ros_driver/include/hesai_ros_driver/msg/detail/udp_packet__rosidl_typesupport_introspection_cpp.hpp
-- Up-to-date symlink: /home/unitree/go2_ws/install/hesai_ros_driver/share/hesai_ros_driver/environment/pythonpath.sh
-- Up-to-date symlink: /home/unitree/go2_ws/install/hesai_ros_driver/share/hesai_ros_driver/environment/pythonpath.dsv
-- Up-to-date symlink: /home/unitree/go2_ws/install/hesai_ros_driver/lib/python3.8/site-packages/hesai_ros_driver/__init__.py
-- Up-to-date symlink: /home/unitree/go2_ws/install/hesai_ros_driver/lib/python3.8/site-packages/hesai_ros_driver/msg/__init__.py
-- Up-to-date symlink: /home/unitree/go2_ws/install/hesai_ros_driver/lib/python3.8/site-packages/hesai_ros_driver/msg/_firetime.py
-- Up-to-date symlink: /home/unitree/go2_ws/install/hesai_ros_driver/lib/python3.8/site-packages/hesai_ros_driver/msg/_loss_packet.py
-- Up-to-date symlink: /home/unitree/go2_ws/install/hesai_ros_driver/lib/python3.8/site-packages/hesai_ros_driver/msg/_ptp.py
-- Up-to-date symlink: /home/unitree/go2_ws/install/hesai_ros_driver/lib/python3.8/site-packages/hesai_ros_driver/msg/_udp_frame.py
-- Up-to-date symlink: /home/unitree/go2_ws/install/hesai_ros_driver/lib/python3.8/site-packages/hesai_ros_driver/msg/_udp_packet.py
-- Up-to-date symlink: /home/unitree/go2_ws/install/hesai_ros_driver/lib/python3.8/site-packages/hesai_ros_driver/hesai_ros_driver_s__rosidl_typesupport_fastrtps_c.cpython-38-aarch64-linux-gnu.so
-- Up-to-date symlink: /home/unitree/go2_ws/install/hesai_ros_driver/lib/python3.8/site-packages/hesai_ros_driver/hesai_ros_driver_s__rosidl_typesupport_introspection_c.cpython-38-aarch64-linux-gnu.so
-- Up-to-date symlink: /home/unitree/go2_ws/install/hesai_ros_driver/lib/python3.8/site-packages/hesai_ros_driver/hesai_ros_driver_s__rosidl_typesupport_c.cpython-38-aarch64-linux-gnu.so
-- Up-to-date symlink: /home/unitree/go2_ws/install/hesai_ros_driver/lib/libhesai_ros_driver__python.so
-- Up-to-date symlink: /home/unitree/go2_ws/install/hesai_ros_driver/share/hesai_ros_driver/msg/UdpPacket.idl
-- Up-to-date symlink: /home/unitree/go2_ws/install/hesai_ros_driver/share/hesai_ros_driver/msg/UdpFrame.idl
-- Up-to-date symlink: /home/unitree/go2_ws/install/hesai_ros_driver/share/hesai_ros_driver/msg/Firetime.idl
-- Up-to-date symlink: /home/unitree/go2_ws/install/hesai_ros_driver/share/hesai_ros_driver/msg/Ptp.idl
-- Up-to-date symlink: /home/unitree/go2_ws/install/hesai_ros_driver/share/hesai_ros_driver/msg/LossPacket.idl
-- Up-to-date symlink: /home/unitree/go2_ws/install/hesai_ros_driver/share/hesai_ros_driver/msg_ros2/UdpPacket.msg
-- Up-to-date symlink: /home/unitree/go2_ws/install/hesai_ros_driver/share/hesai_ros_driver/msg_ros2/UdpFrame.msg
-- Up-to-date symlink: /home/unitree/go2_ws/install/hesai_ros_driver/share/hesai_ros_driver/msg_ros2/Firetime.msg
-- Up-to-date symlink: /home/unitree/go2_ws/install/hesai_ros_driver/share/hesai_ros_driver/msg_ros2/Ptp.msg
-- Up-to-date symlink: /home/unitree/go2_ws/install/hesai_ros_driver/share/hesai_ros_driver/msg_ros2/LossPacket.msg
-- Up-to-date symlink: /home/unitree/go2_ws/install/hesai_ros_driver/lib/hesai_ros_driver/hesai_ros_driver_node
-- Up-to-date symlink: /home/unitree/go2_ws/install/hesai_ros_driver/lib/libhesai_sdk_lib.so
-- Up-to-date symlink: /home/unitree/go2_ws/install/hesai_ros_driver/lib/liblog_lib.so
-- Up-to-date symlink: /home/unitree/go2_ws/install/hesai_ros_driver/lib/liblidar_lib.so
-- Up-to-date symlink: /home/unitree/go2_ws/install/hesai_ros_driver/lib/libptcClient_lib.so
-- Up-to-date symlink: /home/unitree/go2_ws/install/hesai_ros_driver/lib/libsource_lib.so
-- Up-to-date symlink: /home/unitree/go2_ws/install/hesai_ros_driver/lib/libplatutils_lib.so
-- Up-to-date symlink: /home/unitree/go2_ws/install/hesai_ros_driver/lib/libserialClient_lib.so
-- Up-to-date symlink: /home/unitree/go2_ws/install/hesai_ros_driver/lib/libudpParser_lib.so
-- Up-to-date symlink: /home/unitree/go2_ws/install/hesai_ros_driver/share/hesai_ros_driver/launch/dashing_start.py
-- Up-to-date symlink: /home/unitree/go2_ws/install/hesai_ros_driver/share/hesai_ros_driver/launch/start.launch
-- Up-to-date symlink: /home/unitree/go2_ws/install/hesai_ros_driver/share/hesai_ros_driver/launch/start.py
-- Up-to-date symlink: /home/unitree/go2_ws/install/hesai_ros_driver/share/hesai_ros_driver/rviz/rviz.rviz
-- Up-to-date symlink: /home/unitree/go2_ws/install/hesai_ros_driver/share/hesai_ros_driver/rviz/rviz2.rviz
-- Up-to-date symlink: /home/unitree/go2_ws/install/hesai_ros_driver/share/ament_index/resource_index/package_run_dependencies/hesai_ros_driver
-- Up-to-date symlink: /home/unitree/go2_ws/install/hesai_ros_driver/share/ament_index/resource_index/parent_prefix_path/hesai_ros_driver
-- Up-to-date symlink: /home/unitree/go2_ws/install/hesai_ros_driver/share/hesai_ros_driver/environment/ament_prefix_path.sh
-- Up-to-date symlink: /home/unitree/go2_ws/install/hesai_ros_driver/share/hesai_ros_driver/environment/ament_prefix_path.dsv
-- Up-to-date symlink: /home/unitree/go2_ws/install/hesai_ros_driver/share/hesai_ros_driver/environment/path.sh
-- Up-to-date symlink: /home/unitree/go2_ws/install/hesai_ros_driver/share/hesai_ros_driver/environment/path.dsv
-- Up-to-date symlink: /home/unitree/go2_ws/install/hesai_ros_driver/share/hesai_ros_driver/local_setup.bash
-- Up-to-date symlink: /home/unitree/go2_ws/install/hesai_ros_driver/share/hesai_ros_driver/local_setup.sh
-- Up-to-date symlink: /home/unitree/go2_ws/install/hesai_ros_driver/share/hesai_ros_driver/local_setup.zsh
-- Up-to-date symlink: /home/unitree/go2_ws/install/hesai_ros_driver/share/hesai_ros_driver/local_setup.dsv
-- Symlinking: /home/unitree/go2_ws/install/hesai_ros_driver/share/hesai_ros_driver/package.dsv
-- Up-to-date symlink: /home/unitree/go2_ws/install/hesai_ros_driver/share/ament_index/resource_index/packages/hesai_ros_driver
-- Up-to-date symlink: /home/unitree/go2_ws/install/hesai_ros_driver/share/hesai_ros_driver/cmake/rosidl_cmake-extras.cmake
-- Up-to-date symlink: /home/unitree/go2_ws/install/hesai_ros_driver/share/hesai_ros_driver/cmake/ament_cmake_export_dependencies-extras.cmake
-- Up-to-date symlink: /home/unitree/go2_ws/install/hesai_ros_driver/share/hesai_ros_driver/cmake/ament_cmake_export_libraries-extras.cmake
-- Up-to-date symlink: /home/unitree/go2_ws/install/hesai_ros_driver/share/hesai_ros_driver/cmake/ament_cmake_export_targets-extras.cmake
-- Up-to-date symlink: /home/unitree/go2_ws/install/hesai_ros_driver/share/hesai_ros_driver/cmake/ament_cmake_export_include_directories-extras.cmake
-- Up-to-date symlink: /home/unitree/go2_ws/install/hesai_ros_driver/share/hesai_ros_driver/cmake/rosidl_cmake_export_typesupport_libraries-extras.cmake
-- Up-to-date symlink: /home/unitree/go2_ws/install/hesai_ros_driver/share/hesai_ros_driver/cmake/rosidl_cmake_export_typesupport_targets-extras.cmake
-- Up-to-date symlink: /home/unitree/go2_ws/install/hesai_ros_driver/share/hesai_ros_driver/cmake/hesai_ros_driverConfig.cmake
-- Up-to-date symlink: /home/unitree/go2_ws/install/hesai_ros_driver/share/hesai_ros_driver/cmake/hesai_ros_driverConfig-version.cmake
-- Up-to-date symlink: /home/unitree/go2_ws/install/hesai_ros_driver/share/hesai_ros_driver/package.xml
-- Up-to-date: /home/unitree/go2_ws/install/hesai_ros_driver/lib/libhesai_ros_driver__rosidl_generator_c.so
-- Up-to-date: /home/unitree/go2_ws/install/hesai_ros_driver/lib/libhesai_ros_driver__rosidl_typesupport_introspection_c.so
-- Up-to-date: /home/unitree/go2_ws/install/hesai_ros_driver/lib/libhesai_ros_driver__rosidl_typesupport_c.so
-- Up-to-date: /home/unitree/go2_ws/install/hesai_ros_driver/lib/libhesai_ros_driver__rosidl_typesupport_introspection_cpp.so
-- Up-to-date: /home/unitree/go2_ws/install/hesai_ros_driver/lib/libhesai_ros_driver__rosidl_typesupport_cpp.so
Compiling '/home/unitree/go2_ws/install/hesai_ros_driver/lib/python3.8/site-packages/hesai_ros_driver/__init__.py'...
-- Up-to-date: /home/unitree/go2_ws/install/hesai_ros_driver/share/hesai_ros_driver/cmake/hesai_ros_driver__rosidl_generator_cExport.cmake
-- Installing: /home/unitree/go2_ws/install/hesai_ros_driver/share/hesai_ros_driver/cmake/hesai_ros_driver__rosidl_generator_cExport-release.cmake
-- Up-to-date: /home/unitree/go2_ws/install/hesai_ros_driver/share/hesai_ros_driver/cmake/hesai_ros_driver__rosidl_typesupport_introspection_cExport.cmake
-- Installing: /home/unitree/go2_ws/install/hesai_ros_driver/share/hesai_ros_driver/cmake/hesai_ros_driver__rosidl_typesupport_introspection_cExport-release.cmake
-- Up-to-date: /home/unitree/go2_ws/install/hesai_ros_driver/share/hesai_ros_driver/cmake/hesai_ros_driver__rosidl_typesupport_cExport.cmake
-- Installing: /home/unitree/go2_ws/install/hesai_ros_driver/share/hesai_ros_driver/cmake/hesai_ros_driver__rosidl_typesupport_cExport-release.cmake
-- Up-to-date: /home/unitree/go2_ws/install/hesai_ros_driver/share/hesai_ros_driver/cmake/hesai_ros_driver__rosidl_generator_cppExport.cmake
-- Up-to-date: /home/unitree/go2_ws/install/hesai_ros_driver/share/hesai_ros_driver/cmake/hesai_ros_driver__rosidl_typesupport_introspection_cppExport.cmake
-- Installing: /home/unitree/go2_ws/install/hesai_ros_driver/share/hesai_ros_driver/cmake/hesai_ros_driver__rosidl_typesupport_introspection_cppExport-release.cmake
-- Up-to-date: /home/unitree/go2_ws/install/hesai_ros_driver/share/hesai_ros_driver/cmake/hesai_ros_driver__rosidl_typesupport_cppExport.cmake
-- Installing: /home/unitree/go2_ws/install/hesai_ros_driver/share/hesai_ros_driver/cmake/hesai_ros_driver__rosidl_typesupport_cppExport-release.cmake
