[0.133s] Invoking command in '/home/unitree/go2_ws/build/hesai_ros_driver': CMAKE_PREFIX_PATH=${CMAKE_PREFIX_PATH}:/opt/ros/foxy /usr/bin/cmake /home/unitree/go2_ws/src/HesaiLidar_ROS_2.0 -DCMAKE_INSTALL_PREFIX=/home/unitree/go2_ws/install/hesai_ros_driver
[0.174s] =============================================================
[0.175s] -- ROS_VERSION is 2
[0.175s] =============================================================
[0.175s] -- cuda not found!
[0.227s] -- Found PythonInterp: /usr/bin/python3 (found suitable version "3.8.10", minimum required is "3") 
[0.227s] -- Using PYTHON_EXECUTABLE: /usr/bin/python3
[0.608s] -- Override CMake install command with custom implementation using symlinks instead of copying resources
[0.682s] -- Using all available rosidl_typesupport_c: rosidl_typesupport_fastrtps_c;rosidl_typesupport_introspection_c
[0.687s] -- Found rosidl_adapter: 1.3.1 (/opt/ros/foxy/share/rosidl_adapter/cmake)
[0.906s] -- Using all available rosidl_typesupport_cpp: rosidl_typesupport_fastrtps_cpp;rosidl_typesupport_introspection_cpp
[0.985s] -- Found rmw_implementation_cmake: 1.0.4 (/opt/ros/foxy/share/rmw_implementation_cmake/cmake)
[0.990s] -- Using RMW implementation 'rmw_cyclonedds_cpp' as default
[1.208s] =============================================================
[1.209s] -- ROS2 Found. ROS2 Support is turned On.
[1.209s] =============================================================
[1.209s] -- Found sensor_msgs: 2.0.5 (/opt/ros/foxy/share/sensor_msgs/cmake)
[1.369s] -- Found rclcpp_action: 2.4.3 (/opt/ros/foxy/share/rclcpp_action/cmake)
[1.488s] -- Found rosidl_default_generators: 1.0.1 (/opt/ros/foxy/share/rosidl_default_generators/cmake)
[1.548s] -- Found PythonInterp: /usr/bin/python3 (found version "3.8.10") 
[1.934s] -- Found ament_cmake_ros: 0.9.2 (/opt/ros/foxy/share/ament_cmake_ros/cmake)
[2.281s] -- Using all available rosidl_typesupport_c: rosidl_typesupport_fastrtps_c;rosidl_typesupport_introspection_c
[2.395s] -- Using all available rosidl_typesupport_cpp: rosidl_typesupport_fastrtps_cpp;rosidl_typesupport_introspection_cpp
[2.449s] -- Found PythonInterp: /usr/bin/python3 (found suitable version "3.8.10", minimum required is "3.5") 
[2.450s] -- Found python_cmake_module: 0.8.1 (/opt/ros/foxy/share/python_cmake_module/cmake)
[2.507s] -- Using PYTHON_EXECUTABLE: /usr/bin/python3
[2.508s] -- Using PYTHON_INCLUDE_DIRS: /usr/include/python3.8
[2.508s] -- Using PYTHON_LIBRARIES: /usr/lib/aarch64-linux-gnu/libpython3.8.so
[2.634s] -- Found ament_index_cpp: 1.1.0 (/opt/ros/foxy/share/ament_index_cpp/cmake)
[2.678s] -- Configuring done
[2.848s] -- Generating done
[2.897s] -- Build files have been written to: /home/unitree/go2_ws/build/hesai_ros_driver
[2.929s] Invoked command in '/home/unitree/go2_ws/build/hesai_ros_driver' returned '0': CMAKE_PREFIX_PATH=${CMAKE_PREFIX_PATH}:/opt/ros/foxy /usr/bin/cmake /home/unitree/go2_ws/src/HesaiLidar_ROS_2.0 -DCMAKE_INSTALL_PREFIX=/home/unitree/go2_ws/install/hesai_ros_driver
[2.934s] Invoking command in '/home/unitree/go2_ws/build/hesai_ros_driver': CMAKE_PREFIX_PATH=${CMAKE_PREFIX_PATH}:/opt/ros/foxy /usr/bin/cmake --build /home/unitree/go2_ws/build/hesai_ros_driver -- -j8 -l8
[3.065s] [  2%] Built target log_lib
[3.066s] [  3%] Built target hesai_ros_driver__cpp
[3.079s] [ 10%] Built target hesai_ros_driver__rosidl_generator_c
[3.134s] [ 18%] Built target hesai_ros_driver__rosidl_typesupport_introspection_cpp
[3.146s] [ 27%] Built target hesai_ros_driver__rosidl_typesupport_cpp
[3.148s] [ 32%] Built target hesai_ros_driver__rosidl_typesupport_c
[3.166s] [ 36%] Built target platutils_lib
[3.191s] [ 43%] Built target hesai_ros_driver__rosidl_typesupport_fastrtps_cpp
[3.209s] [ 51%] Built target hesai_ros_driver__rosidl_typesupport_introspection_c
[3.239s] [ 53%] Built target udpParser_lib
[3.239s] [ 61%] Built target ptcClient_lib
[3.242s] [ 69%] Built target source_lib
[3.278s] [ 76%] Built target hesai_ros_driver__rosidl_typesupport_fastrtps_c
[3.297s] [ 78%] Built target serialClient_lib
[3.328s] [ 78%] Built target hesai_ros_driver
[3.352s] [ 80%] Built target lidar_lib
[3.380s] [ 81%] Built target hesai_ros_driver__py
[3.409s] [ 84%] Built target hesai_sdk_lib
[3.442s] [ 90%] Built target hesai_ros_driver__python
[3.491s] [ 93%] Built target hesai_ros_driver_node
[3.503s] [ 97%] Built target hesai_ros_driver__rosidl_typesupport_fastrtps_c__pyext
[3.503s] [ 97%] Built target hesai_ros_driver__rosidl_typesupport_introspection_c__pyext
[3.510s] [100%] Built target hesai_ros_driver__rosidl_typesupport_c__pyext
[3.540s] Invoked command in '/home/unitree/go2_ws/build/hesai_ros_driver' returned '0': CMAKE_PREFIX_PATH=${CMAKE_PREFIX_PATH}:/opt/ros/foxy /usr/bin/cmake --build /home/unitree/go2_ws/build/hesai_ros_driver -- -j8 -l8
[3.547s] Invoking command in '/home/unitree/go2_ws/build/hesai_ros_driver': CMAKE_PREFIX_PATH=${CMAKE_PREFIX_PATH}:/opt/ros/foxy /usr/bin/cmake --install /home/unitree/go2_ws/build/hesai_ros_driver
[3.567s] -- Install configuration: "Release"
[3.568s] -- Execute custom install script
[3.569s] -- Up-to-date symlink: /home/unitree/go2_ws/install/hesai_ros_driver/share/ament_index/resource_index/rosidl_interfaces/hesai_ros_driver
[3.571s] -- Up-to-date symlink: /home/unitree/go2_ws/install/hesai_ros_driver/include/hesai_ros_driver/msg/detail/firetime__functions.h
[3.572s] -- Up-to-date symlink: /home/unitree/go2_ws/install/hesai_ros_driver/include/hesai_ros_driver/msg/detail/firetime__struct.h
[3.572s] -- Up-to-date symlink: /home/unitree/go2_ws/install/hesai_ros_driver/include/hesai_ros_driver/msg/detail/firetime__type_support.h
[3.572s] -- Up-to-date symlink: /home/unitree/go2_ws/install/hesai_ros_driver/include/hesai_ros_driver/msg/detail/loss_packet__functions.h
[3.572s] -- Up-to-date symlink: /home/unitree/go2_ws/install/hesai_ros_driver/include/hesai_ros_driver/msg/detail/loss_packet__struct.h
[3.573s] -- Up-to-date symlink: /home/unitree/go2_ws/install/hesai_ros_driver/include/hesai_ros_driver/msg/detail/loss_packet__type_support.h
[3.573s] -- Up-to-date symlink: /home/unitree/go2_ws/install/hesai_ros_driver/include/hesai_ros_driver/msg/detail/ptp__functions.h
[3.573s] -- Up-to-date symlink: /home/unitree/go2_ws/install/hesai_ros_driver/include/hesai_ros_driver/msg/detail/ptp__struct.h
[3.574s] -- Up-to-date symlink: /home/unitree/go2_ws/install/hesai_ros_driver/include/hesai_ros_driver/msg/detail/ptp__type_support.h
[3.574s] -- Up-to-date symlink: /home/unitree/go2_ws/install/hesai_ros_driver/include/hesai_ros_driver/msg/detail/udp_frame__functions.h
[3.574s] -- Up-to-date symlink: /home/unitree/go2_ws/install/hesai_ros_driver/include/hesai_ros_driver/msg/detail/udp_frame__struct.h
[3.575s] -- Up-to-date symlink: /home/unitree/go2_ws/install/hesai_ros_driver/include/hesai_ros_driver/msg/detail/udp_frame__type_support.h
[3.575s] -- Up-to-date symlink: /home/unitree/go2_ws/install/hesai_ros_driver/include/hesai_ros_driver/msg/detail/udp_packet__functions.h
[3.575s] -- Up-to-date symlink: /home/unitree/go2_ws/install/hesai_ros_driver/include/hesai_ros_driver/msg/detail/udp_packet__struct.h
[3.576s] -- Up-to-date symlink: /home/unitree/go2_ws/install/hesai_ros_driver/include/hesai_ros_driver/msg/detail/udp_packet__type_support.h
[3.576s] -- Up-to-date symlink: /home/unitree/go2_ws/install/hesai_ros_driver/include/hesai_ros_driver/msg/firetime.h
[3.576s] -- Up-to-date symlink: /home/unitree/go2_ws/install/hesai_ros_driver/include/hesai_ros_driver/msg/loss_packet.h
[3.577s] -- Up-to-date symlink: /home/unitree/go2_ws/install/hesai_ros_driver/include/hesai_ros_driver/msg/ptp.h
[3.577s] -- Up-to-date symlink: /home/unitree/go2_ws/install/hesai_ros_driver/include/hesai_ros_driver/msg/rosidl_generator_c__visibility_control.h
[3.577s] -- Up-to-date symlink: /home/unitree/go2_ws/install/hesai_ros_driver/include/hesai_ros_driver/msg/udp_frame.h
[3.578s] -- Up-to-date symlink: /home/unitree/go2_ws/install/hesai_ros_driver/include/hesai_ros_driver/msg/udp_packet.h
[3.578s] -- Up-to-date symlink: /home/unitree/go2_ws/install/hesai_ros_driver/share/hesai_ros_driver/environment/library_path.sh
[3.578s] -- Up-to-date symlink: /home/unitree/go2_ws/install/hesai_ros_driver/share/hesai_ros_driver/environment/library_path.dsv
[3.580s] -- Up-to-date symlink: /home/unitree/go2_ws/install/hesai_ros_driver/include/hesai_ros_driver/msg/detail/firetime__rosidl_typesupport_fastrtps_c.h
[3.580s] -- Up-to-date symlink: /home/unitree/go2_ws/install/hesai_ros_driver/include/hesai_ros_driver/msg/detail/loss_packet__rosidl_typesupport_fastrtps_c.h
[3.580s] -- Up-to-date symlink: /home/unitree/go2_ws/install/hesai_ros_driver/include/hesai_ros_driver/msg/detail/ptp__rosidl_typesupport_fastrtps_c.h
[3.581s] -- Up-to-date symlink: /home/unitree/go2_ws/install/hesai_ros_driver/include/hesai_ros_driver/msg/detail/udp_frame__rosidl_typesupport_fastrtps_c.h
[3.581s] -- Up-to-date symlink: /home/unitree/go2_ws/install/hesai_ros_driver/include/hesai_ros_driver/msg/detail/udp_packet__rosidl_typesupport_fastrtps_c.h
[3.582s] -- Up-to-date symlink: /home/unitree/go2_ws/install/hesai_ros_driver/include/hesai_ros_driver/msg/rosidl_typesupport_fastrtps_c__visibility_control.h
[3.582s] -- Up-to-date symlink: /home/unitree/go2_ws/install/hesai_ros_driver/lib/libhesai_ros_driver__rosidl_typesupport_fastrtps_c.so
[3.583s] -- Up-to-date symlink: /home/unitree/go2_ws/install/hesai_ros_driver/include/hesai_ros_driver/msg/detail/firetime__rosidl_typesupport_fastrtps_cpp.hpp
[3.584s] -- Up-to-date symlink: /home/unitree/go2_ws/install/hesai_ros_driver/include/hesai_ros_driver/msg/detail/loss_packet__rosidl_typesupport_fastrtps_cpp.hpp
[3.584s] -- Up-to-date symlink: /home/unitree/go2_ws/install/hesai_ros_driver/include/hesai_ros_driver/msg/detail/ptp__rosidl_typesupport_fastrtps_cpp.hpp
[3.584s] -- Up-to-date symlink: /home/unitree/go2_ws/install/hesai_ros_driver/include/hesai_ros_driver/msg/detail/udp_frame__rosidl_typesupport_fastrtps_cpp.hpp
[3.584s] -- Up-to-date symlink: /home/unitree/go2_ws/install/hesai_ros_driver/include/hesai_ros_driver/msg/detail/udp_packet__rosidl_typesupport_fastrtps_cpp.hpp
[3.585s] -- Up-to-date symlink: /home/unitree/go2_ws/install/hesai_ros_driver/include/hesai_ros_driver/msg/rosidl_typesupport_fastrtps_cpp__visibility_control.h
[3.586s] -- Up-to-date symlink: /home/unitree/go2_ws/install/hesai_ros_driver/lib/libhesai_ros_driver__rosidl_typesupport_fastrtps_cpp.so
[3.586s] -- Up-to-date symlink: /home/unitree/go2_ws/install/hesai_ros_driver/include/hesai_ros_driver/msg/detail/firetime__rosidl_typesupport_introspection_c.h
[3.587s] -- Up-to-date symlink: /home/unitree/go2_ws/install/hesai_ros_driver/include/hesai_ros_driver/msg/detail/loss_packet__rosidl_typesupport_introspection_c.h
[3.587s] -- Up-to-date symlink: /home/unitree/go2_ws/install/hesai_ros_driver/include/hesai_ros_driver/msg/detail/ptp__rosidl_typesupport_introspection_c.h
[3.587s] -- Up-to-date symlink: /home/unitree/go2_ws/install/hesai_ros_driver/include/hesai_ros_driver/msg/detail/udp_frame__rosidl_typesupport_introspection_c.h
[3.588s] -- Up-to-date symlink: /home/unitree/go2_ws/install/hesai_ros_driver/include/hesai_ros_driver/msg/detail/udp_packet__rosidl_typesupport_introspection_c.h
[3.588s] -- Up-to-date symlink: /home/unitree/go2_ws/install/hesai_ros_driver/include/hesai_ros_driver/msg/rosidl_typesupport_introspection_c__visibility_control.h
[3.590s] -- Up-to-date symlink: /home/unitree/go2_ws/install/hesai_ros_driver/include/hesai_ros_driver/msg/detail/firetime__builder.hpp
[3.590s] -- Up-to-date symlink: /home/unitree/go2_ws/install/hesai_ros_driver/include/hesai_ros_driver/msg/detail/firetime__struct.hpp
[3.590s] -- Up-to-date symlink: /home/unitree/go2_ws/install/hesai_ros_driver/include/hesai_ros_driver/msg/detail/firetime__traits.hpp
[3.591s] -- Up-to-date symlink: /home/unitree/go2_ws/install/hesai_ros_driver/include/hesai_ros_driver/msg/detail/firetime__type_support.hpp
[3.591s] -- Up-to-date symlink: /home/unitree/go2_ws/install/hesai_ros_driver/include/hesai_ros_driver/msg/detail/loss_packet__builder.hpp
[3.591s] -- Up-to-date symlink: /home/unitree/go2_ws/install/hesai_ros_driver/include/hesai_ros_driver/msg/detail/loss_packet__struct.hpp
[3.591s] -- Up-to-date symlink: /home/unitree/go2_ws/install/hesai_ros_driver/include/hesai_ros_driver/msg/detail/loss_packet__traits.hpp
[3.592s] -- Up-to-date symlink: /home/unitree/go2_ws/install/hesai_ros_driver/include/hesai_ros_driver/msg/detail/loss_packet__type_support.hpp
[3.593s] -- Up-to-date symlink: /home/unitree/go2_ws/install/hesai_ros_driver/include/hesai_ros_driver/msg/detail/ptp__builder.hpp
[3.594s] -- Up-to-date symlink: /home/unitree/go2_ws/install/hesai_ros_driver/include/hesai_ros_driver/msg/detail/ptp__struct.hpp
[3.594s] -- Up-to-date symlink: /home/unitree/go2_ws/install/hesai_ros_driver/include/hesai_ros_driver/msg/detail/ptp__traits.hpp
[3.594s] -- Up-to-date symlink: /home/unitree/go2_ws/install/hesai_ros_driver/include/hesai_ros_driver/msg/detail/ptp__type_support.hpp
[3.595s] -- Up-to-date symlink: /home/unitree/go2_ws/install/hesai_ros_driver/include/hesai_ros_driver/msg/detail/udp_frame__builder.hpp
[3.595s] -- Up-to-date symlink: /home/unitree/go2_ws/install/hesai_ros_driver/include/hesai_ros_driver/msg/detail/udp_frame__struct.hpp
[3.595s] -- Up-to-date symlink: /home/unitree/go2_ws/install/hesai_ros_driver/include/hesai_ros_driver/msg/detail/udp_frame__traits.hpp
[3.595s] -- Up-to-date symlink: /home/unitree/go2_ws/install/hesai_ros_driver/include/hesai_ros_driver/msg/detail/udp_frame__type_support.hpp
[3.595s] -- Up-to-date symlink: /home/unitree/go2_ws/install/hesai_ros_driver/include/hesai_ros_driver/msg/detail/udp_packet__builder.hpp
[3.595s] -- Up-to-date symlink: /home/unitree/go2_ws/install/hesai_ros_driver/include/hesai_ros_driver/msg/detail/udp_packet__struct.hpp
[3.595s] -- Up-to-date symlink: /home/unitree/go2_ws/install/hesai_ros_driver/include/hesai_ros_driver/msg/detail/udp_packet__traits.hpp
[3.595s] -- Up-to-date symlink: /home/unitree/go2_ws/install/hesai_ros_driver/include/hesai_ros_driver/msg/detail/udp_packet__type_support.hpp
[3.596s] -- Up-to-date symlink: /home/unitree/go2_ws/install/hesai_ros_driver/include/hesai_ros_driver/msg/firetime.hpp
[3.596s] -- Up-to-date symlink: /home/unitree/go2_ws/install/hesai_ros_driver/include/hesai_ros_driver/msg/loss_packet.hpp
[3.596s] -- Up-to-date symlink: /home/unitree/go2_ws/install/hesai_ros_driver/include/hesai_ros_driver/msg/ptp.hpp
[3.597s] -- Up-to-date symlink: /home/unitree/go2_ws/install/hesai_ros_driver/include/hesai_ros_driver/msg/rosidl_generator_cpp__visibility_control.hpp
[3.597s] -- Up-to-date symlink: /home/unitree/go2_ws/install/hesai_ros_driver/include/hesai_ros_driver/msg/udp_frame.hpp
[3.597s] -- Up-to-date symlink: /home/unitree/go2_ws/install/hesai_ros_driver/include/hesai_ros_driver/msg/udp_packet.hpp
[3.598s] -- Up-to-date symlink: /home/unitree/go2_ws/install/hesai_ros_driver/include/hesai_ros_driver/msg/detail/firetime__rosidl_typesupport_introspection_cpp.hpp
[3.599s] -- Up-to-date symlink: /home/unitree/go2_ws/install/hesai_ros_driver/include/hesai_ros_driver/msg/detail/loss_packet__rosidl_typesupport_introspection_cpp.hpp
[3.599s] -- Up-to-date symlink: /home/unitree/go2_ws/install/hesai_ros_driver/include/hesai_ros_driver/msg/detail/ptp__rosidl_typesupport_introspection_cpp.hpp
[3.599s] -- Up-to-date symlink: /home/unitree/go2_ws/install/hesai_ros_driver/include/hesai_ros_driver/msg/detail/udp_frame__rosidl_typesupport_introspection_cpp.hpp
[3.599s] -- Up-to-date symlink: /home/unitree/go2_ws/install/hesai_ros_driver/include/hesai_ros_driver/msg/detail/udp_packet__rosidl_typesupport_introspection_cpp.hpp
[3.600s] -- Up-to-date symlink: /home/unitree/go2_ws/install/hesai_ros_driver/share/hesai_ros_driver/environment/pythonpath.sh
[3.600s] -- Up-to-date symlink: /home/unitree/go2_ws/install/hesai_ros_driver/share/hesai_ros_driver/environment/pythonpath.dsv
[3.601s] -- Up-to-date symlink: /home/unitree/go2_ws/install/hesai_ros_driver/lib/python3.8/site-packages/hesai_ros_driver/__init__.py
[3.602s] -- Up-to-date symlink: /home/unitree/go2_ws/install/hesai_ros_driver/lib/python3.8/site-packages/hesai_ros_driver/msg/__init__.py
[3.602s] -- Up-to-date symlink: /home/unitree/go2_ws/install/hesai_ros_driver/lib/python3.8/site-packages/hesai_ros_driver/msg/_firetime.py
[3.602s] -- Up-to-date symlink: /home/unitree/go2_ws/install/hesai_ros_driver/lib/python3.8/site-packages/hesai_ros_driver/msg/_loss_packet.py
[3.603s] -- Up-to-date symlink: /home/unitree/go2_ws/install/hesai_ros_driver/lib/python3.8/site-packages/hesai_ros_driver/msg/_ptp.py
[3.603s] -- Up-to-date symlink: /home/unitree/go2_ws/install/hesai_ros_driver/lib/python3.8/site-packages/hesai_ros_driver/msg/_udp_frame.py
[3.603s] -- Up-to-date symlink: /home/unitree/go2_ws/install/hesai_ros_driver/lib/python3.8/site-packages/hesai_ros_driver/msg/_udp_packet.py
[3.604s] -- Up-to-date symlink: /home/unitree/go2_ws/install/hesai_ros_driver/lib/python3.8/site-packages/hesai_ros_driver/hesai_ros_driver_s__rosidl_typesupport_fastrtps_c.cpython-38-aarch64-linux-gnu.so
[3.605s] -- Up-to-date symlink: /home/unitree/go2_ws/install/hesai_ros_driver/lib/python3.8/site-packages/hesai_ros_driver/hesai_ros_driver_s__rosidl_typesupport_introspection_c.cpython-38-aarch64-linux-gnu.so
[3.605s] -- Up-to-date symlink: /home/unitree/go2_ws/install/hesai_ros_driver/lib/python3.8/site-packages/hesai_ros_driver/hesai_ros_driver_s__rosidl_typesupport_c.cpython-38-aarch64-linux-gnu.so
[3.606s] -- Up-to-date symlink: /home/unitree/go2_ws/install/hesai_ros_driver/lib/libhesai_ros_driver__python.so
[3.606s] -- Up-to-date symlink: /home/unitree/go2_ws/install/hesai_ros_driver/share/hesai_ros_driver/msg/UdpPacket.idl
[3.607s] -- Up-to-date symlink: /home/unitree/go2_ws/install/hesai_ros_driver/share/hesai_ros_driver/msg/UdpFrame.idl
[3.607s] -- Up-to-date symlink: /home/unitree/go2_ws/install/hesai_ros_driver/share/hesai_ros_driver/msg/Firetime.idl
[3.608s] -- Up-to-date symlink: /home/unitree/go2_ws/install/hesai_ros_driver/share/hesai_ros_driver/msg/Ptp.idl
[3.608s] -- Up-to-date symlink: /home/unitree/go2_ws/install/hesai_ros_driver/share/hesai_ros_driver/msg/LossPacket.idl
[3.609s] -- Up-to-date symlink: /home/unitree/go2_ws/install/hesai_ros_driver/share/hesai_ros_driver/msg_ros2/UdpPacket.msg
[3.609s] -- Up-to-date symlink: /home/unitree/go2_ws/install/hesai_ros_driver/share/hesai_ros_driver/msg_ros2/UdpFrame.msg
[3.610s] -- Up-to-date symlink: /home/unitree/go2_ws/install/hesai_ros_driver/share/hesai_ros_driver/msg_ros2/Firetime.msg
[3.610s] -- Up-to-date symlink: /home/unitree/go2_ws/install/hesai_ros_driver/share/hesai_ros_driver/msg_ros2/Ptp.msg
[3.611s] -- Up-to-date symlink: /home/unitree/go2_ws/install/hesai_ros_driver/share/hesai_ros_driver/msg_ros2/LossPacket.msg
[3.611s] -- Up-to-date symlink: /home/unitree/go2_ws/install/hesai_ros_driver/lib/hesai_ros_driver/hesai_ros_driver_node
[3.612s] -- Up-to-date symlink: /home/unitree/go2_ws/install/hesai_ros_driver/lib/libhesai_sdk_lib.so
[3.612s] -- Up-to-date symlink: /home/unitree/go2_ws/install/hesai_ros_driver/lib/liblog_lib.so
[3.612s] -- Up-to-date symlink: /home/unitree/go2_ws/install/hesai_ros_driver/lib/liblidar_lib.so
[3.613s] -- Up-to-date symlink: /home/unitree/go2_ws/install/hesai_ros_driver/lib/libptcClient_lib.so
[3.613s] -- Up-to-date symlink: /home/unitree/go2_ws/install/hesai_ros_driver/lib/libsource_lib.so
[3.613s] -- Up-to-date symlink: /home/unitree/go2_ws/install/hesai_ros_driver/lib/libplatutils_lib.so
[3.614s] -- Up-to-date symlink: /home/unitree/go2_ws/install/hesai_ros_driver/lib/libserialClient_lib.so
[3.614s] -- Up-to-date symlink: /home/unitree/go2_ws/install/hesai_ros_driver/lib/libudpParser_lib.so
[3.615s] -- Up-to-date symlink: /home/unitree/go2_ws/install/hesai_ros_driver/share/hesai_ros_driver/launch/dashing_start.py
[3.615s] -- Up-to-date symlink: /home/unitree/go2_ws/install/hesai_ros_driver/share/hesai_ros_driver/launch/start.launch
[3.616s] -- Up-to-date symlink: /home/unitree/go2_ws/install/hesai_ros_driver/share/hesai_ros_driver/launch/start.py
[3.616s] -- Up-to-date symlink: /home/unitree/go2_ws/install/hesai_ros_driver/share/hesai_ros_driver/rviz/rviz.rviz
[3.616s] -- Up-to-date symlink: /home/unitree/go2_ws/install/hesai_ros_driver/share/hesai_ros_driver/rviz/rviz2.rviz
[3.617s] -- Up-to-date symlink: /home/unitree/go2_ws/install/hesai_ros_driver/share/ament_index/resource_index/package_run_dependencies/hesai_ros_driver
[3.617s] -- Up-to-date symlink: /home/unitree/go2_ws/install/hesai_ros_driver/share/ament_index/resource_index/parent_prefix_path/hesai_ros_driver
[3.618s] -- Up-to-date symlink: /home/unitree/go2_ws/install/hesai_ros_driver/share/hesai_ros_driver/environment/ament_prefix_path.sh
[3.618s] -- Up-to-date symlink: /home/unitree/go2_ws/install/hesai_ros_driver/share/hesai_ros_driver/environment/ament_prefix_path.dsv
[3.619s] -- Up-to-date symlink: /home/unitree/go2_ws/install/hesai_ros_driver/share/hesai_ros_driver/environment/path.sh
[3.619s] -- Up-to-date symlink: /home/unitree/go2_ws/install/hesai_ros_driver/share/hesai_ros_driver/environment/path.dsv
[3.619s] -- Up-to-date symlink: /home/unitree/go2_ws/install/hesai_ros_driver/share/hesai_ros_driver/local_setup.bash
[3.620s] -- Up-to-date symlink: /home/unitree/go2_ws/install/hesai_ros_driver/share/hesai_ros_driver/local_setup.sh
[3.620s] -- Up-to-date symlink: /home/unitree/go2_ws/install/hesai_ros_driver/share/hesai_ros_driver/local_setup.zsh
[3.621s] -- Up-to-date symlink: /home/unitree/go2_ws/install/hesai_ros_driver/share/hesai_ros_driver/local_setup.dsv
[3.621s] -- Symlinking: /home/unitree/go2_ws/install/hesai_ros_driver/share/hesai_ros_driver/package.dsv
[3.642s] -- Up-to-date symlink: /home/unitree/go2_ws/install/hesai_ros_driver/share/ament_index/resource_index/packages/hesai_ros_driver
[3.643s] -- Up-to-date symlink: /home/unitree/go2_ws/install/hesai_ros_driver/share/hesai_ros_driver/cmake/rosidl_cmake-extras.cmake
[3.643s] -- Up-to-date symlink: /home/unitree/go2_ws/install/hesai_ros_driver/share/hesai_ros_driver/cmake/ament_cmake_export_dependencies-extras.cmake
[3.643s] -- Up-to-date symlink: /home/unitree/go2_ws/install/hesai_ros_driver/share/hesai_ros_driver/cmake/ament_cmake_export_libraries-extras.cmake
[3.644s] -- Up-to-date symlink: /home/unitree/go2_ws/install/hesai_ros_driver/share/hesai_ros_driver/cmake/ament_cmake_export_targets-extras.cmake
[3.644s] -- Up-to-date symlink: /home/unitree/go2_ws/install/hesai_ros_driver/share/hesai_ros_driver/cmake/ament_cmake_export_include_directories-extras.cmake
[3.645s] -- Up-to-date symlink: /home/unitree/go2_ws/install/hesai_ros_driver/share/hesai_ros_driver/cmake/rosidl_cmake_export_typesupport_libraries-extras.cmake
[3.645s] -- Up-to-date symlink: /home/unitree/go2_ws/install/hesai_ros_driver/share/hesai_ros_driver/cmake/rosidl_cmake_export_typesupport_targets-extras.cmake
[3.645s] -- Up-to-date symlink: /home/unitree/go2_ws/install/hesai_ros_driver/share/hesai_ros_driver/cmake/hesai_ros_driverConfig.cmake
[3.646s] -- Up-to-date symlink: /home/unitree/go2_ws/install/hesai_ros_driver/share/hesai_ros_driver/cmake/hesai_ros_driverConfig-version.cmake
[3.646s] -- Up-to-date symlink: /home/unitree/go2_ws/install/hesai_ros_driver/share/hesai_ros_driver/package.xml
[3.647s] -- Up-to-date: /home/unitree/go2_ws/install/hesai_ros_driver/lib/libhesai_ros_driver__rosidl_generator_c.so
[3.648s] -- Up-to-date: /home/unitree/go2_ws/install/hesai_ros_driver/lib/libhesai_ros_driver__rosidl_typesupport_introspection_c.so
[3.648s] -- Up-to-date: /home/unitree/go2_ws/install/hesai_ros_driver/lib/libhesai_ros_driver__rosidl_typesupport_c.so
[3.649s] -- Up-to-date: /home/unitree/go2_ws/install/hesai_ros_driver/lib/libhesai_ros_driver__rosidl_typesupport_introspection_cpp.so
[3.649s] -- Up-to-date: /home/unitree/go2_ws/install/hesai_ros_driver/lib/libhesai_ros_driver__rosidl_typesupport_cpp.so
[3.707s] Compiling '/home/unitree/go2_ws/install/hesai_ros_driver/lib/python3.8/site-packages/hesai_ros_driver/__init__.py'...
[3.717s] -- Up-to-date: /home/unitree/go2_ws/install/hesai_ros_driver/share/hesai_ros_driver/cmake/hesai_ros_driver__rosidl_generator_cExport.cmake
[3.717s] -- Installing: /home/unitree/go2_ws/install/hesai_ros_driver/share/hesai_ros_driver/cmake/hesai_ros_driver__rosidl_generator_cExport-release.cmake
[3.717s] -- Up-to-date: /home/unitree/go2_ws/install/hesai_ros_driver/share/hesai_ros_driver/cmake/hesai_ros_driver__rosidl_typesupport_introspection_cExport.cmake
[3.717s] -- Installing: /home/unitree/go2_ws/install/hesai_ros_driver/share/hesai_ros_driver/cmake/hesai_ros_driver__rosidl_typesupport_introspection_cExport-release.cmake
[3.718s] -- Up-to-date: /home/unitree/go2_ws/install/hesai_ros_driver/share/hesai_ros_driver/cmake/hesai_ros_driver__rosidl_typesupport_cExport.cmake
[3.718s] -- Installing: /home/unitree/go2_ws/install/hesai_ros_driver/share/hesai_ros_driver/cmake/hesai_ros_driver__rosidl_typesupport_cExport-release.cmake
[3.718s] -- Up-to-date: /home/unitree/go2_ws/install/hesai_ros_driver/share/hesai_ros_driver/cmake/hesai_ros_driver__rosidl_generator_cppExport.cmake
[3.719s] -- Up-to-date: /home/unitree/go2_ws/install/hesai_ros_driver/share/hesai_ros_driver/cmake/hesai_ros_driver__rosidl_typesupport_introspection_cppExport.cmake
[3.719s] -- Installing: /home/unitree/go2_ws/install/hesai_ros_driver/share/hesai_ros_driver/cmake/hesai_ros_driver__rosidl_typesupport_introspection_cppExport-release.cmake
[3.719s] -- Up-to-date: /home/unitree/go2_ws/install/hesai_ros_driver/share/hesai_ros_driver/cmake/hesai_ros_driver__rosidl_typesupport_cppExport.cmake
[3.720s] -- Installing: /home/unitree/go2_ws/install/hesai_ros_driver/share/hesai_ros_driver/cmake/hesai_ros_driver__rosidl_typesupport_cppExport-release.cmake
[3.727s] Invoked command in '/home/unitree/go2_ws/build/hesai_ros_driver' returned '0': CMAKE_PREFIX_PATH=${CMAKE_PREFIX_PATH}:/opt/ros/foxy /usr/bin/cmake --install /home/unitree/go2_ws/build/hesai_ros_driver
