[0.149s] Invoking command in '/home/unitree/go2_ws/build/go2_hardware': CMAKE_PREFIX_PATH=${CMAKE_PREFIX_PATH}:/opt/ros/foxy /usr/bin/cmake /home/unitree/go2_ws/src/go2_robot/go2_hardware -DCMAKE_INSTALL_PREFIX=/home/unitree/go2_ws/install/go2_hardware
[0.401s] -- Found ament_cmake: 0.9.12 (/opt/ros/foxy/share/ament_cmake/cmake)
[0.401s] -- Using PYTHON_EXECUTABLE: /usr/bin/python3
[0.767s] -- Override CMake install command with custom implementation using symlinks instead of copying resources
[0.784s] -- Found ament_lint_auto: 0.9.8 (/opt/ros/foxy/share/ament_lint_auto/cmake)
[1.003s] -- Added test 'lint_cmake' to check CMake code style
[1.004s] -- Added test 'xmllint' to check XML markup files
[1.008s] -- Configuring done
[1.014s] -- Generating done
[1.018s] -- Build files have been written to: /home/unitree/go2_ws/build/go2_hardware
[1.045s] Invoked command in '/home/unitree/go2_ws/build/go2_hardware' returned '0': CMAKE_PREFIX_PATH=${CMAKE_PREFIX_PATH}:/opt/ros/foxy /usr/bin/cmake /home/unitree/go2_ws/src/go2_robot/go2_hardware -DCMAKE_INSTALL_PREFIX=/home/unitree/go2_ws/install/go2_hardware
[1.052s] Invoking command in '/home/unitree/go2_ws/build/go2_hardware': CMAKE_PREFIX_PATH=${CMAKE_PREFIX_PATH}:/opt/ros/foxy /usr/bin/cmake --build /home/unitree/go2_ws/build/go2_hardware -- -j8 -l8
[1.213s] Invoked command in '/home/unitree/go2_ws/build/go2_hardware' returned '0': CMAKE_PREFIX_PATH=${CMAKE_PREFIX_PATH}:/opt/ros/foxy /usr/bin/cmake --build /home/unitree/go2_ws/build/go2_hardware -- -j8 -l8
[1.223s] Invoking command in '/home/unitree/go2_ws/build/go2_hardware': CMAKE_PREFIX_PATH=${CMAKE_PREFIX_PATH}:/opt/ros/foxy /usr/bin/cmake --install /home/unitree/go2_ws/build/go2_hardware
[1.262s] -- Install configuration: ""
[1.262s] -- Execute custom install script
[1.262s] -- Up-to-date symlink: /home/unitree/go2_ws/install/go2_hardware/share/ament_index/resource_index/package_run_dependencies/go2_hardware
[1.263s] -- Up-to-date symlink: /home/unitree/go2_ws/install/go2_hardware/share/ament_index/resource_index/parent_prefix_path/go2_hardware
[1.263s] -- Up-to-date symlink: /home/unitree/go2_ws/install/go2_hardware/share/go2_hardware/environment/ament_prefix_path.sh
[1.263s] -- Up-to-date symlink: /home/unitree/go2_ws/install/go2_hardware/share/go2_hardware/environment/ament_prefix_path.dsv
[1.263s] -- Up-to-date symlink: /home/unitree/go2_ws/install/go2_hardware/share/go2_hardware/environment/path.sh
[1.264s] -- Up-to-date symlink: /home/unitree/go2_ws/install/go2_hardware/share/go2_hardware/environment/path.dsv
[1.264s] -- Up-to-date symlink: /home/unitree/go2_ws/install/go2_hardware/share/go2_hardware/local_setup.bash
[1.264s] -- Up-to-date symlink: /home/unitree/go2_ws/install/go2_hardware/share/go2_hardware/local_setup.sh
[1.264s] -- Up-to-date symlink: /home/unitree/go2_ws/install/go2_hardware/share/go2_hardware/local_setup.zsh
[1.264s] -- Up-to-date symlink: /home/unitree/go2_ws/install/go2_hardware/share/go2_hardware/local_setup.dsv
[1.264s] -- Symlinking: /home/unitree/go2_ws/install/go2_hardware/share/go2_hardware/package.dsv
[1.280s] -- Up-to-date symlink: /home/unitree/go2_ws/install/go2_hardware/share/ament_index/resource_index/packages/go2_hardware
[1.281s] -- Up-to-date symlink: /home/unitree/go2_ws/install/go2_hardware/share/go2_hardware/cmake/go2_hardwareConfig.cmake
[1.281s] -- Up-to-date symlink: /home/unitree/go2_ws/install/go2_hardware/share/go2_hardware/cmake/go2_hardwareConfig-version.cmake
[1.291s] -- Up-to-date symlink: /home/unitree/go2_ws/install/go2_hardware/share/go2_hardware/package.xml
[1.432s] Invoked command in '/home/unitree/go2_ws/build/go2_hardware' returned '0': CMAKE_PREFIX_PATH=${CMAKE_PREFIX_PATH}:/opt/ros/foxy /usr/bin/cmake --install /home/unitree/go2_ws/build/go2_hardware
