[0.147s] Invoking command in '/home/unitree/go2_ws/build/go2_nav': CMAKE_PREFIX_PATH=${CMAKE_PREFIX_PATH}:/opt/ros/foxy /usr/bin/cmake /home/unitree/go2_ws/src/go2_robot/go2_nav -DCMAKE_INSTALL_PREFIX=/home/unitree/go2_ws/install/go2_nav
[1.006s] -- Found ament_cmake: 0.9.12 (/opt/ros/foxy/share/ament_cmake/cmake)
[1.007s] -- Using PYTHON_EXECUTABLE: /usr/bin/python3
[1.008s] -- Override CMake install command with custom implementation using symlinks instead of copying resources
[1.009s] -- Found ament_lint_auto: 0.9.8 (/opt/ros/foxy/share/ament_lint_auto/cmake)
[1.010s] -- Added test 'flake8' to check Python code syntax and style conventions
[1.016s] -- Added test 'lint_cmake' to check CMake code style
[1.018s] -- Added test 'pep257' to check Python code against some of the style conventions in PEP 257
[1.018s] -- Added test 'xmllint' to check XML markup files
[1.018s] -- Configuring done
[1.026s] -- Generating done
[1.026s] -- Build files have been written to: /home/unitree/go2_ws/build/go2_nav
[1.050s] Invoked command in '/home/unitree/go2_ws/build/go2_nav' returned '0': CMAKE_PREFIX_PATH=${CMAKE_PREFIX_PATH}:/opt/ros/foxy /usr/bin/cmake /home/unitree/go2_ws/src/go2_robot/go2_nav -DCMAKE_INSTALL_PREFIX=/home/unitree/go2_ws/install/go2_nav
[1.056s] Invoking command in '/home/unitree/go2_ws/build/go2_nav': CMAKE_PREFIX_PATH=${CMAKE_PREFIX_PATH}:/opt/ros/foxy /usr/bin/cmake --build /home/unitree/go2_ws/build/go2_nav -- -j8 -l8
[1.214s] Invoked command in '/home/unitree/go2_ws/build/go2_nav' returned '0': CMAKE_PREFIX_PATH=${CMAKE_PREFIX_PATH}:/opt/ros/foxy /usr/bin/cmake --build /home/unitree/go2_ws/build/go2_nav -- -j8 -l8
[1.232s] Invoking command in '/home/unitree/go2_ws/build/go2_nav': CMAKE_PREFIX_PATH=${CMAKE_PREFIX_PATH}:/opt/ros/foxy /usr/bin/cmake --install /home/unitree/go2_ws/build/go2_nav
[1.275s] -- Install configuration: ""
[1.275s] -- Execute custom install script
[1.275s] -- Up-to-date symlink: /home/unitree/go2_ws/install/go2_nav/share/go2_nav/launch/navigation.launch.foxy.py
[1.275s] -- Up-to-date symlink: /home/unitree/go2_ws/install/go2_nav/share/go2_nav/launch/navigation.launch.py
[1.275s] -- Up-to-date symlink: /home/unitree/go2_ws/install/go2_nav/share/go2_nav/launch/slam.launch.py
[1.276s] -- Up-to-date symlink: /home/unitree/go2_ws/install/go2_nav/share/go2_nav/params/go2_nav_params.yaml
[1.276s] -- Up-to-date symlink: /home/unitree/go2_ws/install/go2_nav/share/go2_nav/params/go2_nav_params_foxy.yaml
[1.276s] -- Up-to-date symlink: /home/unitree/go2_ws/install/go2_nav/share/ament_index/resource_index/package_run_dependencies/go2_nav
[1.276s] -- Up-to-date symlink: /home/unitree/go2_ws/install/go2_nav/share/ament_index/resource_index/parent_prefix_path/go2_nav
[1.276s] -- Up-to-date symlink: /home/unitree/go2_ws/install/go2_nav/share/go2_nav/environment/ament_prefix_path.sh
[1.276s] -- Up-to-date symlink: /home/unitree/go2_ws/install/go2_nav/share/go2_nav/environment/ament_prefix_path.dsv
[1.276s] -- Up-to-date symlink: /home/unitree/go2_ws/install/go2_nav/share/go2_nav/environment/path.sh
[1.276s] -- Up-to-date symlink: /home/unitree/go2_ws/install/go2_nav/share/go2_nav/environment/path.dsv
[1.276s] -- Up-to-date symlink: /home/unitree/go2_ws/install/go2_nav/share/go2_nav/local_setup.bash
[1.276s] -- Up-to-date symlink: /home/unitree/go2_ws/install/go2_nav/share/go2_nav/local_setup.sh
[1.276s] -- Up-to-date symlink: /home/unitree/go2_ws/install/go2_nav/share/go2_nav/local_setup.zsh
[1.277s] -- Up-to-date symlink: /home/unitree/go2_ws/install/go2_nav/share/go2_nav/local_setup.dsv
[1.277s] -- Symlinking: /home/unitree/go2_ws/install/go2_nav/share/go2_nav/package.dsv
[1.286s] -- Up-to-date symlink: /home/unitree/go2_ws/install/go2_nav/share/ament_index/resource_index/packages/go2_nav
[1.287s] -- Up-to-date symlink: /home/unitree/go2_ws/install/go2_nav/share/go2_nav/cmake/go2_navConfig.cmake
[1.287s] -- Up-to-date symlink: /home/unitree/go2_ws/install/go2_nav/share/go2_nav/cmake/go2_navConfig-version.cmake
[1.288s] -- Up-to-date symlink: /home/unitree/go2_ws/install/go2_nav/share/go2_nav/package.xml
[1.442s] Invoked command in '/home/unitree/go2_ws/build/go2_nav' returned '0': CMAKE_PREFIX_PATH=${CMAKE_PREFIX_PATH}:/opt/ros/foxy /usr/bin/cmake --install /home/unitree/go2_ws/build/go2_nav
