[0.042s] Invoking command in '/home/unitree/go2_ws/build/go2_driver': CMAKE_PREFIX_PATH=/home/unitree/go2_ws/install/unitree_go:/home/unitree/go2_ws/install/unitree_api:/home/unitree/go2_ws/install/go2_interfaces:/home/unitree/go2_ws/install/go2_bringup:/home/unitree/go2_ws/install/go2_driver:/home/unitree/go2_ws/install/hesai_ros_driver:/home/unitree/go2_ws/install/go2_simulation:/home/unitree/go2_ws/install/go2_rviz:/home/unitree/go2_ws/install/go2_robot:/home/unitree/go2_ws/install/go2_nav:/home/unitree/go2_ws/install/go2_hardware:/home/unitree/go2_ws/install/go2_description:/home/unitree/unitree_ros2/install/unitree_ros2_example:/home/unitree/unitree_ros2/install/unitree_hg:/home/unitree/unitree_ros2/install/unitree_go:/home/unitree/unitree_ros2/install/unitree_api:/home/unitree/unitree_ros2/install/rmw_cyclonedds_cpp:/home/unitree/unitree_ros2/install/cyclonedds:/home/unitree/cyclonedds_ws/install/rmw_cyclonedds_cpp:/home/unitree/cyclonedds_ws/install/cyclonedds:/home/unitree/unitree_ros2/cyclonedds_ws/install/unitree_hg:/home/unitree/unitree_ros2/cyclonedds_ws/install/unitree_go:/home/unitree/unitree_ros2/cyclonedds_ws/install/unitree_api:/home/unitree/unitree_ros2/cyclonedds_ws/install/rmw_cyclonedds_cpp:/home/unitree/unitree_ros2/cyclonedds_ws/install/cyclonedds:/opt/ros/foxy LD_LIBRARY_PATH=/home/unitree/go2_ws/install/unitree_go/lib:/home/unitree/go2_ws/install/unitree_api/lib:/home/unitree/go2_ws/install/go2_interfaces/lib:/home/unitree/go2_ws/install/go2_driver/lib:/home/unitree/go2_ws/install/hesai_ros_driver/lib:/home/unitree/unitree_ros2/install/unitree_hg/lib:/home/unitree/unitree_ros2/install/unitree_go/lib:/home/unitree/unitree_ros2/install/unitree_api/lib:/home/unitree/unitree_ros2/install/rmw_cyclonedds_cpp/lib:/home/unitree/unitree_ros2/install/cyclonedds/lib:/home/unitree/cyclonedds_ws/install/rmw_cyclonedds_cpp/lib:/home/unitree/cyclonedds_ws/install/cyclonedds/lib:/usr/local/cuda/lib64:/usr/local/cuda-11.4/lib64:/home/unitree/unitree_ros2/cyclonedds_ws/install/unitree_hg/lib:/home/unitree/unitree_ros2/cyclonedds_ws/install/unitree_go/lib:/home/unitree/unitree_ros2/cyclonedds_ws/install/unitree_api/lib:/home/unitree/unitree_ros2/cyclonedds_ws/install/rmw_cyclonedds_cpp/lib:/home/unitree/unitree_ros2/cyclonedds_ws/install/cyclonedds/lib:/opt/ros/foxy/opt/yaml_cpp_vendor/lib:/opt/ros/foxy/opt/rviz_ogre_vendor/lib:/opt/ros/foxy/lib/aarch64-linux-gnu:/opt/ros/foxy/lib PYTHONPATH=/home/unitree/go2_ws/install/unitree_go/lib/python3.8/site-packages:/home/unitree/go2_ws/install/unitree_api/lib/python3.8/site-packages:/home/unitree/go2_ws/install/go2_interfaces/lib/python3.8/site-packages:/home/unitree/go2_ws/install/hesai_ros_driver/lib/python3.8/site-packages:/home/unitree/unitree_ros2/install/unitree_hg/lib/python3.8/site-packages:/home/unitree/unitree_ros2/install/unitree_go/lib/python3.8/site-packages:/home/unitree/unitree_ros2/install/unitree_api/lib/python3.8/site-packages:/home/unitree/unitree_ros2/cyclonedds_ws/install/unitree_hg/lib/python3.8/site-packages:/home/unitree/unitree_ros2/cyclonedds_ws/install/unitree_go/lib/python3.8/site-packages:/home/unitree/unitree_ros2/cyclonedds_ws/install/unitree_api/lib/python3.8/site-packages:/opt/ros/foxy/lib/python3.8/site-packages /usr/bin/cmake /home/unitree/go2_ws/src/go2_robot/go2_driver -DAMENT_CMAKE_SYMLINK_INSTALL=1 -DCMAKE_INSTALL_PREFIX=/home/unitree/go2_ws/install/go2_driver
[0.140s] -- The C compiler identification is GNU 11.4.0
[0.231s] -- The CXX compiler identification is GNU 11.4.0
[0.240s] -- Check for working C compiler: /usr/bin/cc
[0.374s] -- Check for working C compiler: /usr/bin/cc -- works
[0.376s] -- Detecting C compiler ABI info
[0.513s] -- Detecting C compiler ABI info - done
[0.547s] -- Detecting C compile features
[0.547s] -- Detecting C compile features - done
[0.552s] -- Check for working CXX compiler: /usr/bin/c++
[0.695s] -- Check for working CXX compiler: /usr/bin/c++ -- works
[0.698s] -- Detecting CXX compiler ABI info
[0.859s] -- Detecting CXX compiler ABI info - done
[0.882s] -- Detecting CXX compile features
[0.883s] -- Detecting CXX compile features - done
[0.891s] -- Found ament_cmake: 0.9.12 (/opt/ros/foxy/share/ament_cmake/cmake)
[0.941s] -- Found PythonInterp: /usr/bin/python3 (found suitable version "3.8.10", minimum required is "3") 
[0.941s] -- Using PYTHON_EXECUTABLE: /usr/bin/python3
[1.347s] -- Override CMake install command with custom implementation using symlinks instead of copying resources
[1.418s] -- Found rclcpp: 2.4.3 (/opt/ros/foxy/share/rclcpp/cmake)
[1.509s] -- Using all available rosidl_typesupport_c: rosidl_typesupport_fastrtps_c;rosidl_typesupport_introspection_c
[1.524s] -- Found rosidl_adapter: 1.3.1 (/opt/ros/foxy/share/rosidl_adapter/cmake)
[1.701s] -- Found OpenSSL: /usr/lib/aarch64-linux-gnu/libcrypto.so (found version "1.1.1f")  
[1.755s] -- Found FastRTPS: /opt/ros/foxy/include  
[1.894s] -- Using all available rosidl_typesupport_cpp: rosidl_typesupport_fastrtps_cpp;rosidl_typesupport_introspection_cpp
[1.989s] -- Found rmw_implementation_cmake: 1.0.4 (/opt/ros/foxy/share/rmw_implementation_cmake/cmake)
[1.993s] -- Using RMW implementation 'rmw_cyclonedds_cpp' as default
[1.994s] -- Looking for pthread.h
[2.127s] -- Looking for pthread.h - found
[2.127s] -- Performing Test CMAKE_HAVE_LIBC_PTHREAD
[2.263s] -- Performing Test CMAKE_HAVE_LIBC_PTHREAD - Failed
[2.263s] -- Looking for pthread_create in pthreads
[2.394s] -- Looking for pthread_create in pthreads - not found
[2.394s] -- Looking for pthread_create in pthread
[2.536s] -- Looking for pthread_create in pthread - found
[2.538s] -- Found Threads: TRUE  
[2.776s] -- Found rclcpp_lifecycle: 2.4.3 (/opt/ros/foxy/share/rclcpp_lifecycle/cmake)
[2.825s] -- Found rclcpp_components: 2.4.3 (/opt/ros/foxy/share/rclcpp_components/cmake)
[2.919s] -- Found sensor_msgs: 2.0.5 (/opt/ros/foxy/share/sensor_msgs/cmake)
[3.084s] -- Found nav_msgs: 2.0.5 (/opt/ros/foxy/share/nav_msgs/cmake)
[3.184s] -- Found unitree_go: 0.0.1 (/home/unitree/go2_ws/install/unitree_go/share/unitree_go/cmake)
[3.265s] -- Found unitree_api: 0.0.0 (/home/unitree/go2_ws/install/unitree_api/share/unitree_api/cmake)
[3.352s] -- Found tf2_ros: 0.13.14 (/opt/ros/foxy/share/tf2_ros/cmake)
[3.755s] -- Found go2_interfaces: 1.0.0 (/home/unitree/go2_ws/install/go2_interfaces/share/go2_interfaces/cmake)
[3.778s] -- Found ament_lint_auto: 0.9.8 (/opt/ros/foxy/share/ament_lint_auto/cmake)
[3.966s] -- Added test 'cppcheck' to perform static code analysis on C / C++ code
[3.967s] -- Configured cppcheck include dirs: /home/unitree/go2_ws/src/go2_robot/go2_driver/include
[3.967s] -- Configured cppcheck exclude dirs and/or files: 
[3.968s] -- Added test 'flake8' to check Python code syntax and style conventions
[3.969s] -- Added test 'lint_cmake' to check CMake code style
[3.970s] -- Added test 'pep257' to check Python code against some of the style conventions in PEP 257
[3.971s] -- Added test 'uncrustify' to check C / C++ code style
[3.971s] -- Configured uncrustify additional arguments: 
[3.972s] -- Added test 'xmllint' to check XML markup files
[3.983s] -- Configuring done
[4.008s] -- Generating done
[4.019s] -- Build files have been written to: /home/unitree/go2_ws/build/go2_driver
[4.044s] Invoked command in '/home/unitree/go2_ws/build/go2_driver' returned '0': CMAKE_PREFIX_PATH=/home/unitree/go2_ws/install/unitree_go:/home/unitree/go2_ws/install/unitree_api:/home/unitree/go2_ws/install/go2_interfaces:/home/unitree/go2_ws/install/go2_bringup:/home/unitree/go2_ws/install/go2_driver:/home/unitree/go2_ws/install/hesai_ros_driver:/home/unitree/go2_ws/install/go2_simulation:/home/unitree/go2_ws/install/go2_rviz:/home/unitree/go2_ws/install/go2_robot:/home/unitree/go2_ws/install/go2_nav:/home/unitree/go2_ws/install/go2_hardware:/home/unitree/go2_ws/install/go2_description:/home/unitree/unitree_ros2/install/unitree_ros2_example:/home/unitree/unitree_ros2/install/unitree_hg:/home/unitree/unitree_ros2/install/unitree_go:/home/unitree/unitree_ros2/install/unitree_api:/home/unitree/unitree_ros2/install/rmw_cyclonedds_cpp:/home/unitree/unitree_ros2/install/cyclonedds:/home/unitree/cyclonedds_ws/install/rmw_cyclonedds_cpp:/home/unitree/cyclonedds_ws/install/cyclonedds:/home/unitree/unitree_ros2/cyclonedds_ws/install/unitree_hg:/home/unitree/unitree_ros2/cyclonedds_ws/install/unitree_go:/home/unitree/unitree_ros2/cyclonedds_ws/install/unitree_api:/home/unitree/unitree_ros2/cyclonedds_ws/install/rmw_cyclonedds_cpp:/home/unitree/unitree_ros2/cyclonedds_ws/install/cyclonedds:/opt/ros/foxy LD_LIBRARY_PATH=/home/unitree/go2_ws/install/unitree_go/lib:/home/unitree/go2_ws/install/unitree_api/lib:/home/unitree/go2_ws/install/go2_interfaces/lib:/home/unitree/go2_ws/install/go2_driver/lib:/home/unitree/go2_ws/install/hesai_ros_driver/lib:/home/unitree/unitree_ros2/install/unitree_hg/lib:/home/unitree/unitree_ros2/install/unitree_go/lib:/home/unitree/unitree_ros2/install/unitree_api/lib:/home/unitree/unitree_ros2/install/rmw_cyclonedds_cpp/lib:/home/unitree/unitree_ros2/install/cyclonedds/lib:/home/unitree/cyclonedds_ws/install/rmw_cyclonedds_cpp/lib:/home/unitree/cyclonedds_ws/install/cyclonedds/lib:/usr/local/cuda/lib64:/usr/local/cuda-11.4/lib64:/home/unitree/unitree_ros2/cyclonedds_ws/install/unitree_hg/lib:/home/unitree/unitree_ros2/cyclonedds_ws/install/unitree_go/lib:/home/unitree/unitree_ros2/cyclonedds_ws/install/unitree_api/lib:/home/unitree/unitree_ros2/cyclonedds_ws/install/rmw_cyclonedds_cpp/lib:/home/unitree/unitree_ros2/cyclonedds_ws/install/cyclonedds/lib:/opt/ros/foxy/opt/yaml_cpp_vendor/lib:/opt/ros/foxy/opt/rviz_ogre_vendor/lib:/opt/ros/foxy/lib/aarch64-linux-gnu:/opt/ros/foxy/lib PYTHONPATH=/home/unitree/go2_ws/install/unitree_go/lib/python3.8/site-packages:/home/unitree/go2_ws/install/unitree_api/lib/python3.8/site-packages:/home/unitree/go2_ws/install/go2_interfaces/lib/python3.8/site-packages:/home/unitree/go2_ws/install/hesai_ros_driver/lib/python3.8/site-packages:/home/unitree/unitree_ros2/install/unitree_hg/lib/python3.8/site-packages:/home/unitree/unitree_ros2/install/unitree_go/lib/python3.8/site-packages:/home/unitree/unitree_ros2/install/unitree_api/lib/python3.8/site-packages:/home/unitree/unitree_ros2/cyclonedds_ws/install/unitree_hg/lib/python3.8/site-packages:/home/unitree/unitree_ros2/cyclonedds_ws/install/unitree_go/lib/python3.8/site-packages:/home/unitree/unitree_ros2/cyclonedds_ws/install/unitree_api/lib/python3.8/site-packages:/opt/ros/foxy/lib/python3.8/site-packages /usr/bin/cmake /home/unitree/go2_ws/src/go2_robot/go2_driver -DAMENT_CMAKE_SYMLINK_INSTALL=1 -DCMAKE_INSTALL_PREFIX=/home/unitree/go2_ws/install/go2_driver
[4.050s] Invoking command in '/home/unitree/go2_ws/build/go2_driver': CMAKE_PREFIX_PATH=/home/unitree/go2_ws/install/unitree_go:/home/unitree/go2_ws/install/unitree_api:/home/unitree/go2_ws/install/go2_interfaces:/home/unitree/go2_ws/install/go2_bringup:/home/unitree/go2_ws/install/go2_driver:/home/unitree/go2_ws/install/hesai_ros_driver:/home/unitree/go2_ws/install/go2_simulation:/home/unitree/go2_ws/install/go2_rviz:/home/unitree/go2_ws/install/go2_robot:/home/unitree/go2_ws/install/go2_nav:/home/unitree/go2_ws/install/go2_hardware:/home/unitree/go2_ws/install/go2_description:/home/unitree/unitree_ros2/install/unitree_ros2_example:/home/unitree/unitree_ros2/install/unitree_hg:/home/unitree/unitree_ros2/install/unitree_go:/home/unitree/unitree_ros2/install/unitree_api:/home/unitree/unitree_ros2/install/rmw_cyclonedds_cpp:/home/unitree/unitree_ros2/install/cyclonedds:/home/unitree/cyclonedds_ws/install/rmw_cyclonedds_cpp:/home/unitree/cyclonedds_ws/install/cyclonedds:/home/unitree/unitree_ros2/cyclonedds_ws/install/unitree_hg:/home/unitree/unitree_ros2/cyclonedds_ws/install/unitree_go:/home/unitree/unitree_ros2/cyclonedds_ws/install/unitree_api:/home/unitree/unitree_ros2/cyclonedds_ws/install/rmw_cyclonedds_cpp:/home/unitree/unitree_ros2/cyclonedds_ws/install/cyclonedds:/opt/ros/foxy LD_LIBRARY_PATH=/home/unitree/go2_ws/install/unitree_go/lib:/home/unitree/go2_ws/install/unitree_api/lib:/home/unitree/go2_ws/install/go2_interfaces/lib:/home/unitree/go2_ws/install/go2_driver/lib:/home/unitree/go2_ws/install/hesai_ros_driver/lib:/home/unitree/unitree_ros2/install/unitree_hg/lib:/home/unitree/unitree_ros2/install/unitree_go/lib:/home/unitree/unitree_ros2/install/unitree_api/lib:/home/unitree/unitree_ros2/install/rmw_cyclonedds_cpp/lib:/home/unitree/unitree_ros2/install/cyclonedds/lib:/home/unitree/cyclonedds_ws/install/rmw_cyclonedds_cpp/lib:/home/unitree/cyclonedds_ws/install/cyclonedds/lib:/usr/local/cuda/lib64:/usr/local/cuda-11.4/lib64:/home/unitree/unitree_ros2/cyclonedds_ws/install/unitree_hg/lib:/home/unitree/unitree_ros2/cyclonedds_ws/install/unitree_go/lib:/home/unitree/unitree_ros2/cyclonedds_ws/install/unitree_api/lib:/home/unitree/unitree_ros2/cyclonedds_ws/install/rmw_cyclonedds_cpp/lib:/home/unitree/unitree_ros2/cyclonedds_ws/install/cyclonedds/lib:/opt/ros/foxy/opt/yaml_cpp_vendor/lib:/opt/ros/foxy/opt/rviz_ogre_vendor/lib:/opt/ros/foxy/lib/aarch64-linux-gnu:/opt/ros/foxy/lib PYTHONPATH=/home/unitree/go2_ws/install/unitree_go/lib/python3.8/site-packages:/home/unitree/go2_ws/install/unitree_api/lib/python3.8/site-packages:/home/unitree/go2_ws/install/go2_interfaces/lib/python3.8/site-packages:/home/unitree/go2_ws/install/hesai_ros_driver/lib/python3.8/site-packages:/home/unitree/unitree_ros2/install/unitree_hg/lib/python3.8/site-packages:/home/unitree/unitree_ros2/install/unitree_go/lib/python3.8/site-packages:/home/unitree/unitree_ros2/install/unitree_api/lib/python3.8/site-packages:/home/unitree/unitree_ros2/cyclonedds_ws/install/unitree_hg/lib/python3.8/site-packages:/home/unitree/unitree_ros2/cyclonedds_ws/install/unitree_go/lib/python3.8/site-packages:/home/unitree/unitree_ros2/cyclonedds_ws/install/unitree_api/lib/python3.8/site-packages:/opt/ros/foxy/lib/python3.8/site-packages /usr/bin/cmake --build /home/unitree/go2_ws/build/go2_driver -- -j8 -l8
[4.146s] [35m[1mScanning dependencies of target go2_driver[0m
[4.236s] [ 50%] [32mBuilding CXX object CMakeFiles/go2_driver.dir/src/go2_driver/go2_driver.cpp.o[0m
[37.608s] [100%] [32m[1mLinking CXX shared library libgo2_driver.so[0m
[39.416s] [100%] Built target go2_driver
[39.443s] Invoked command in '/home/unitree/go2_ws/build/go2_driver' returned '0': CMAKE_PREFIX_PATH=/home/unitree/go2_ws/install/unitree_go:/home/unitree/go2_ws/install/unitree_api:/home/unitree/go2_ws/install/go2_interfaces:/home/unitree/go2_ws/install/go2_bringup:/home/unitree/go2_ws/install/go2_driver:/home/unitree/go2_ws/install/hesai_ros_driver:/home/unitree/go2_ws/install/go2_simulation:/home/unitree/go2_ws/install/go2_rviz:/home/unitree/go2_ws/install/go2_robot:/home/unitree/go2_ws/install/go2_nav:/home/unitree/go2_ws/install/go2_hardware:/home/unitree/go2_ws/install/go2_description:/home/unitree/unitree_ros2/install/unitree_ros2_example:/home/unitree/unitree_ros2/install/unitree_hg:/home/unitree/unitree_ros2/install/unitree_go:/home/unitree/unitree_ros2/install/unitree_api:/home/unitree/unitree_ros2/install/rmw_cyclonedds_cpp:/home/unitree/unitree_ros2/install/cyclonedds:/home/unitree/cyclonedds_ws/install/rmw_cyclonedds_cpp:/home/unitree/cyclonedds_ws/install/cyclonedds:/home/unitree/unitree_ros2/cyclonedds_ws/install/unitree_hg:/home/unitree/unitree_ros2/cyclonedds_ws/install/unitree_go:/home/unitree/unitree_ros2/cyclonedds_ws/install/unitree_api:/home/unitree/unitree_ros2/cyclonedds_ws/install/rmw_cyclonedds_cpp:/home/unitree/unitree_ros2/cyclonedds_ws/install/cyclonedds:/opt/ros/foxy LD_LIBRARY_PATH=/home/unitree/go2_ws/install/unitree_go/lib:/home/unitree/go2_ws/install/unitree_api/lib:/home/unitree/go2_ws/install/go2_interfaces/lib:/home/unitree/go2_ws/install/go2_driver/lib:/home/unitree/go2_ws/install/hesai_ros_driver/lib:/home/unitree/unitree_ros2/install/unitree_hg/lib:/home/unitree/unitree_ros2/install/unitree_go/lib:/home/unitree/unitree_ros2/install/unitree_api/lib:/home/unitree/unitree_ros2/install/rmw_cyclonedds_cpp/lib:/home/unitree/unitree_ros2/install/cyclonedds/lib:/home/unitree/cyclonedds_ws/install/rmw_cyclonedds_cpp/lib:/home/unitree/cyclonedds_ws/install/cyclonedds/lib:/usr/local/cuda/lib64:/usr/local/cuda-11.4/lib64:/home/unitree/unitree_ros2/cyclonedds_ws/install/unitree_hg/lib:/home/unitree/unitree_ros2/cyclonedds_ws/install/unitree_go/lib:/home/unitree/unitree_ros2/cyclonedds_ws/install/unitree_api/lib:/home/unitree/unitree_ros2/cyclonedds_ws/install/rmw_cyclonedds_cpp/lib:/home/unitree/unitree_ros2/cyclonedds_ws/install/cyclonedds/lib:/opt/ros/foxy/opt/yaml_cpp_vendor/lib:/opt/ros/foxy/opt/rviz_ogre_vendor/lib:/opt/ros/foxy/lib/aarch64-linux-gnu:/opt/ros/foxy/lib PYTHONPATH=/home/unitree/go2_ws/install/unitree_go/lib/python3.8/site-packages:/home/unitree/go2_ws/install/unitree_api/lib/python3.8/site-packages:/home/unitree/go2_ws/install/go2_interfaces/lib/python3.8/site-packages:/home/unitree/go2_ws/install/hesai_ros_driver/lib/python3.8/site-packages:/home/unitree/unitree_ros2/install/unitree_hg/lib/python3.8/site-packages:/home/unitree/unitree_ros2/install/unitree_go/lib/python3.8/site-packages:/home/unitree/unitree_ros2/install/unitree_api/lib/python3.8/site-packages:/home/unitree/unitree_ros2/cyclonedds_ws/install/unitree_hg/lib/python3.8/site-packages:/home/unitree/unitree_ros2/cyclonedds_ws/install/unitree_go/lib/python3.8/site-packages:/home/unitree/unitree_ros2/cyclonedds_ws/install/unitree_api/lib/python3.8/site-packages:/opt/ros/foxy/lib/python3.8/site-packages /usr/bin/cmake --build /home/unitree/go2_ws/build/go2_driver -- -j8 -l8
[39.450s] Invoking command in '/home/unitree/go2_ws/build/go2_driver': CMAKE_PREFIX_PATH=/home/unitree/go2_ws/install/unitree_go:/home/unitree/go2_ws/install/unitree_api:/home/unitree/go2_ws/install/go2_interfaces:/home/unitree/go2_ws/install/go2_bringup:/home/unitree/go2_ws/install/go2_driver:/home/unitree/go2_ws/install/hesai_ros_driver:/home/unitree/go2_ws/install/go2_simulation:/home/unitree/go2_ws/install/go2_rviz:/home/unitree/go2_ws/install/go2_robot:/home/unitree/go2_ws/install/go2_nav:/home/unitree/go2_ws/install/go2_hardware:/home/unitree/go2_ws/install/go2_description:/home/unitree/unitree_ros2/install/unitree_ros2_example:/home/unitree/unitree_ros2/install/unitree_hg:/home/unitree/unitree_ros2/install/unitree_go:/home/unitree/unitree_ros2/install/unitree_api:/home/unitree/unitree_ros2/install/rmw_cyclonedds_cpp:/home/unitree/unitree_ros2/install/cyclonedds:/home/unitree/cyclonedds_ws/install/rmw_cyclonedds_cpp:/home/unitree/cyclonedds_ws/install/cyclonedds:/home/unitree/unitree_ros2/cyclonedds_ws/install/unitree_hg:/home/unitree/unitree_ros2/cyclonedds_ws/install/unitree_go:/home/unitree/unitree_ros2/cyclonedds_ws/install/unitree_api:/home/unitree/unitree_ros2/cyclonedds_ws/install/rmw_cyclonedds_cpp:/home/unitree/unitree_ros2/cyclonedds_ws/install/cyclonedds:/opt/ros/foxy LD_LIBRARY_PATH=/home/unitree/go2_ws/install/unitree_go/lib:/home/unitree/go2_ws/install/unitree_api/lib:/home/unitree/go2_ws/install/go2_interfaces/lib:/home/unitree/go2_ws/install/go2_driver/lib:/home/unitree/go2_ws/install/hesai_ros_driver/lib:/home/unitree/unitree_ros2/install/unitree_hg/lib:/home/unitree/unitree_ros2/install/unitree_go/lib:/home/unitree/unitree_ros2/install/unitree_api/lib:/home/unitree/unitree_ros2/install/rmw_cyclonedds_cpp/lib:/home/unitree/unitree_ros2/install/cyclonedds/lib:/home/unitree/cyclonedds_ws/install/rmw_cyclonedds_cpp/lib:/home/unitree/cyclonedds_ws/install/cyclonedds/lib:/usr/local/cuda/lib64:/usr/local/cuda-11.4/lib64:/home/unitree/unitree_ros2/cyclonedds_ws/install/unitree_hg/lib:/home/unitree/unitree_ros2/cyclonedds_ws/install/unitree_go/lib:/home/unitree/unitree_ros2/cyclonedds_ws/install/unitree_api/lib:/home/unitree/unitree_ros2/cyclonedds_ws/install/rmw_cyclonedds_cpp/lib:/home/unitree/unitree_ros2/cyclonedds_ws/install/cyclonedds/lib:/opt/ros/foxy/opt/yaml_cpp_vendor/lib:/opt/ros/foxy/opt/rviz_ogre_vendor/lib:/opt/ros/foxy/lib/aarch64-linux-gnu:/opt/ros/foxy/lib PYTHONPATH=/home/unitree/go2_ws/install/unitree_go/lib/python3.8/site-packages:/home/unitree/go2_ws/install/unitree_api/lib/python3.8/site-packages:/home/unitree/go2_ws/install/go2_interfaces/lib/python3.8/site-packages:/home/unitree/go2_ws/install/hesai_ros_driver/lib/python3.8/site-packages:/home/unitree/unitree_ros2/install/unitree_hg/lib/python3.8/site-packages:/home/unitree/unitree_ros2/install/unitree_go/lib/python3.8/site-packages:/home/unitree/unitree_ros2/install/unitree_api/lib/python3.8/site-packages:/home/unitree/unitree_ros2/cyclonedds_ws/install/unitree_hg/lib/python3.8/site-packages:/home/unitree/unitree_ros2/cyclonedds_ws/install/unitree_go/lib/python3.8/site-packages:/home/unitree/unitree_ros2/cyclonedds_ws/install/unitree_api/lib/python3.8/site-packages:/opt/ros/foxy/lib/python3.8/site-packages /usr/bin/cmake --install /home/unitree/go2_ws/build/go2_driver
[39.470s] -- Install configuration: ""
[39.471s] -- Execute custom install script
[39.472s] -- Symlinking: /home/unitree/go2_ws/install/go2_driver/lib/libgo2_driver.so
[39.492s] -- Symlinking: /home/unitree/go2_ws/install/go2_driver/include/go2_driver/go2_api_id.hpp
[39.511s] -- Symlinking: /home/unitree/go2_ws/install/go2_driver/include/go2_driver/go2_driver.hpp
[39.532s] -- Symlinking: /home/unitree/go2_ws/install/go2_driver/share/go2_driver/launch/go2_driver.launch.py
[39.551s] -- Symlinking: /home/unitree/go2_ws/install/go2_driver/share/go2_driver/environment/library_path.sh
[39.571s] -- Symlinking: /home/unitree/go2_ws/install/go2_driver/share/go2_driver/environment/library_path.dsv
[39.594s] -- Symlinking: /home/unitree/go2_ws/install/go2_driver/share/ament_index/resource_index/package_run_dependencies/go2_driver
[39.614s] -- Symlinking: /home/unitree/go2_ws/install/go2_driver/share/ament_index/resource_index/parent_prefix_path/go2_driver
[39.636s] -- Symlinking: /home/unitree/go2_ws/install/go2_driver/share/go2_driver/environment/ament_prefix_path.sh
[39.655s] -- Symlinking: /home/unitree/go2_ws/install/go2_driver/share/go2_driver/environment/ament_prefix_path.dsv
[39.675s] -- Symlinking: /home/unitree/go2_ws/install/go2_driver/share/go2_driver/environment/path.sh
[39.694s] -- Symlinking: /home/unitree/go2_ws/install/go2_driver/share/go2_driver/environment/path.dsv
[39.715s] -- Symlinking: /home/unitree/go2_ws/install/go2_driver/share/go2_driver/local_setup.bash
[39.735s] -- Symlinking: /home/unitree/go2_ws/install/go2_driver/share/go2_driver/local_setup.sh
[39.758s] -- Symlinking: /home/unitree/go2_ws/install/go2_driver/share/go2_driver/local_setup.zsh
[39.776s] -- Symlinking: /home/unitree/go2_ws/install/go2_driver/share/go2_driver/local_setup.dsv
[39.795s] -- Symlinking: /home/unitree/go2_ws/install/go2_driver/share/go2_driver/package.dsv
[39.815s] -- Symlinking: /home/unitree/go2_ws/install/go2_driver/share/ament_index/resource_index/packages/go2_driver
[39.835s] -- Symlinking: /home/unitree/go2_ws/install/go2_driver/share/ament_index/resource_index/rclcpp_components/go2_driver
[39.857s] -- Symlinking: /home/unitree/go2_ws/install/go2_driver/share/go2_driver/cmake/ament_cmake_export_include_directories-extras.cmake
[39.878s] -- Symlinking: /home/unitree/go2_ws/install/go2_driver/share/go2_driver/cmake/ament_cmake_export_libraries-extras.cmake
[39.900s] -- Symlinking: /home/unitree/go2_ws/install/go2_driver/share/go2_driver/cmake/ament_cmake_export_dependencies-extras.cmake
[39.919s] -- Symlinking: /home/unitree/go2_ws/install/go2_driver/share/go2_driver/cmake/go2_driverConfig.cmake
[39.937s] -- Symlinking: /home/unitree/go2_ws/install/go2_driver/share/go2_driver/cmake/go2_driverConfig-version.cmake
[39.957s] -- Symlinking: /home/unitree/go2_ws/install/go2_driver/share/go2_driver/package.xml
[39.987s] Invoked command in '/home/unitree/go2_ws/build/go2_driver' returned '0': CMAKE_PREFIX_PATH=/home/unitree/go2_ws/install/unitree_go:/home/unitree/go2_ws/install/unitree_api:/home/unitree/go2_ws/install/go2_interfaces:/home/unitree/go2_ws/install/go2_bringup:/home/unitree/go2_ws/install/go2_driver:/home/unitree/go2_ws/install/hesai_ros_driver:/home/unitree/go2_ws/install/go2_simulation:/home/unitree/go2_ws/install/go2_rviz:/home/unitree/go2_ws/install/go2_robot:/home/unitree/go2_ws/install/go2_nav:/home/unitree/go2_ws/install/go2_hardware:/home/unitree/go2_ws/install/go2_description:/home/unitree/unitree_ros2/install/unitree_ros2_example:/home/unitree/unitree_ros2/install/unitree_hg:/home/unitree/unitree_ros2/install/unitree_go:/home/unitree/unitree_ros2/install/unitree_api:/home/unitree/unitree_ros2/install/rmw_cyclonedds_cpp:/home/unitree/unitree_ros2/install/cyclonedds:/home/unitree/cyclonedds_ws/install/rmw_cyclonedds_cpp:/home/unitree/cyclonedds_ws/install/cyclonedds:/home/unitree/unitree_ros2/cyclonedds_ws/install/unitree_hg:/home/unitree/unitree_ros2/cyclonedds_ws/install/unitree_go:/home/unitree/unitree_ros2/cyclonedds_ws/install/unitree_api:/home/unitree/unitree_ros2/cyclonedds_ws/install/rmw_cyclonedds_cpp:/home/unitree/unitree_ros2/cyclonedds_ws/install/cyclonedds:/opt/ros/foxy LD_LIBRARY_PATH=/home/unitree/go2_ws/install/unitree_go/lib:/home/unitree/go2_ws/install/unitree_api/lib:/home/unitree/go2_ws/install/go2_interfaces/lib:/home/unitree/go2_ws/install/go2_driver/lib:/home/unitree/go2_ws/install/hesai_ros_driver/lib:/home/unitree/unitree_ros2/install/unitree_hg/lib:/home/unitree/unitree_ros2/install/unitree_go/lib:/home/unitree/unitree_ros2/install/unitree_api/lib:/home/unitree/unitree_ros2/install/rmw_cyclonedds_cpp/lib:/home/unitree/unitree_ros2/install/cyclonedds/lib:/home/unitree/cyclonedds_ws/install/rmw_cyclonedds_cpp/lib:/home/unitree/cyclonedds_ws/install/cyclonedds/lib:/usr/local/cuda/lib64:/usr/local/cuda-11.4/lib64:/home/unitree/unitree_ros2/cyclonedds_ws/install/unitree_hg/lib:/home/unitree/unitree_ros2/cyclonedds_ws/install/unitree_go/lib:/home/unitree/unitree_ros2/cyclonedds_ws/install/unitree_api/lib:/home/unitree/unitree_ros2/cyclonedds_ws/install/rmw_cyclonedds_cpp/lib:/home/unitree/unitree_ros2/cyclonedds_ws/install/cyclonedds/lib:/opt/ros/foxy/opt/yaml_cpp_vendor/lib:/opt/ros/foxy/opt/rviz_ogre_vendor/lib:/opt/ros/foxy/lib/aarch64-linux-gnu:/opt/ros/foxy/lib PYTHONPATH=/home/unitree/go2_ws/install/unitree_go/lib/python3.8/site-packages:/home/unitree/go2_ws/install/unitree_api/lib/python3.8/site-packages:/home/unitree/go2_ws/install/go2_interfaces/lib/python3.8/site-packages:/home/unitree/go2_ws/install/hesai_ros_driver/lib/python3.8/site-packages:/home/unitree/unitree_ros2/install/unitree_hg/lib/python3.8/site-packages:/home/unitree/unitree_ros2/install/unitree_go/lib/python3.8/site-packages:/home/unitree/unitree_ros2/install/unitree_api/lib/python3.8/site-packages:/home/unitree/unitree_ros2/cyclonedds_ws/install/unitree_hg/lib/python3.8/site-packages:/home/unitree/unitree_ros2/cyclonedds_ws/install/unitree_go/lib/python3.8/site-packages:/home/unitree/unitree_ros2/cyclonedds_ws/install/unitree_api/lib/python3.8/site-packages:/opt/ros/foxy/lib/python3.8/site-packages /usr/bin/cmake --install /home/unitree/go2_ws/build/go2_driver
