[0.152s] Invoking command in '/home/unitree/go2_ws/build/go2_interfaces': CMAKE_PREFIX_PATH=${CMAKE_PREFIX_PATH}:/opt/ros/foxy /usr/bin/cmake /home/unitree/go2_ws/src/go2_robot/go2_interfaces -DCMAKE_INSTALL_PREFIX=/home/unitree/go2_ws/install/go2_interfaces
[0.324s] -- Found rosidl_default_generators: 1.0.1 (/opt/ros/foxy/share/rosidl_default_generators/cmake)
[0.324s] -- Found ament_cmake_core: 0.9.12 (/opt/ros/foxy/share/ament_cmake_core/cmake)
[0.325s] -- Found PythonInterp: /usr/bin/python3 (found suitable version "3.8.10", minimum required is "3") 
[0.325s] -- Using PYTHON_EXECUTABLE: /usr/bin/python3
[0.904s] -- Override CMake install command with custom implementation using symlinks instead of copying resources
[0.915s] -- Using all available rosidl_typesupport_c: rosidl_typesupport_fastrtps_c;rosidl_typesupport_introspection_c
[0.922s] -- Found rosidl_adapter: 1.3.1 (/opt/ros/foxy/share/rosidl_adapter/cmake)
[1.224s] -- Using all available rosidl_typesupport_cpp: rosidl_typesupport_fastrtps_cpp;rosidl_typesupport_introspection_cpp
[1.264s] -- Found std_msgs: 2.0.5 (/opt/ros/foxy/share/std_msgs/cmake)
[1.383s] -- Found PythonInterp: /usr/bin/python3 (found version "3.8.10") 
[1.819s] -- Found ament_cmake_ros: 0.9.2 (/opt/ros/foxy/share/ament_cmake_ros/cmake)
[2.032s] -- Using all available rosidl_typesupport_c: rosidl_typesupport_fastrtps_c;rosidl_typesupport_introspection_c
[2.055s] -- Using all available rosidl_typesupport_cpp: rosidl_typesupport_fastrtps_cpp;rosidl_typesupport_introspection_cpp
[2.106s] -- Found PythonInterp: /usr/bin/python3 (found suitable version "3.8.10", minimum required is "3.5") 
[2.107s] -- Found python_cmake_module: 0.8.1 (/opt/ros/foxy/share/python_cmake_module/cmake)
[2.157s] -- Using PYTHON_EXECUTABLE: /usr/bin/python3
[2.157s] -- Using PYTHON_INCLUDE_DIRS: /usr/include/python3.8
[2.158s] -- Using PYTHON_LIBRARIES: /usr/lib/aarch64-linux-gnu/libpython3.8.so
[2.202s] -- Found ament_lint_auto: 0.9.8 (/opt/ros/foxy/share/ament_lint_auto/cmake)
[2.226s] -- Added test 'lint_cmake' to check CMake code style
[2.227s] -- Added test 'xmllint' to check XML markup files
[2.238s] -- Configuring done
[2.344s] -- Generating done
[2.365s] -- Build files have been written to: /home/unitree/go2_ws/build/go2_interfaces
[2.397s] Invoked command in '/home/unitree/go2_ws/build/go2_interfaces' returned '0': CMAKE_PREFIX_PATH=${CMAKE_PREFIX_PATH}:/opt/ros/foxy /usr/bin/cmake /home/unitree/go2_ws/src/go2_robot/go2_interfaces -DCMAKE_INSTALL_PREFIX=/home/unitree/go2_ws/install/go2_interfaces
[2.398s] Invoking command in '/home/unitree/go2_ws/build/go2_interfaces': CMAKE_PREFIX_PATH=${CMAKE_PREFIX_PATH}:/opt/ros/foxy /usr/bin/cmake --build /home/unitree/go2_ws/build/go2_interfaces -- -j8 -l8
[2.526s] [  3%] Built target go2_interfaces__cpp
[2.527s] [ 12%] Built target go2_interfaces__rosidl_generator_c
[2.582s] [ 35%] Built target go2_interfaces__rosidl_typesupport_cpp
[2.583s] [ 35%] Built target go2_interfaces__rosidl_typesupport_introspection_cpp
[2.589s] [ 47%] Built target go2_interfaces__rosidl_typesupport_fastrtps_cpp
[2.640s] [ 58%] Built target go2_interfaces__rosidl_typesupport_introspection_c
[2.643s] [ 70%] Built target go2_interfaces__rosidl_typesupport_c
[2.660s] [ 82%] Built target go2_interfaces__rosidl_typesupport_fastrtps_c
[2.709s] [ 82%] Built target go2_interfaces
[2.760s] [ 83%] Built target go2_interfaces__py
[2.826s] [ 93%] Built target go2_interfaces__python
[2.885s] [100%] Built target go2_interfaces__rosidl_typesupport_introspection_c__pyext
[2.885s] [100%] Built target go2_interfaces__rosidl_typesupport_c__pyext
[2.885s] [100%] Built target go2_interfaces__rosidl_typesupport_fastrtps_c__pyext
[2.926s] Invoked command in '/home/unitree/go2_ws/build/go2_interfaces' returned '0': CMAKE_PREFIX_PATH=${CMAKE_PREFIX_PATH}:/opt/ros/foxy /usr/bin/cmake --build /home/unitree/go2_ws/build/go2_interfaces -- -j8 -l8
[2.933s] Invoking command in '/home/unitree/go2_ws/build/go2_interfaces': CMAKE_PREFIX_PATH=${CMAKE_PREFIX_PATH}:/opt/ros/foxy /usr/bin/cmake --install /home/unitree/go2_ws/build/go2_interfaces
[2.954s] -- Install configuration: ""
[2.955s] -- Execute custom install script
[2.956s] -- Up-to-date symlink: /home/unitree/go2_ws/install/go2_interfaces/share/ament_index/resource_index/rosidl_interfaces/go2_interfaces
[2.958s] -- Up-to-date symlink: /home/unitree/go2_ws/install/go2_interfaces/include/go2_interfaces/msg/rosidl_generator_c__visibility_control.h
[2.958s] -- Up-to-date symlink: /home/unitree/go2_ws/install/go2_interfaces/include/go2_interfaces/srv/body_height.h
[2.958s] -- Up-to-date symlink: /home/unitree/go2_ws/install/go2_interfaces/include/go2_interfaces/srv/continuous_gait.h
[2.959s] -- Up-to-date symlink: /home/unitree/go2_ws/install/go2_interfaces/include/go2_interfaces/srv/detail/body_height__functions.h
[2.959s] -- Up-to-date symlink: /home/unitree/go2_ws/install/go2_interfaces/include/go2_interfaces/srv/detail/body_height__struct.h
[2.960s] -- Up-to-date symlink: /home/unitree/go2_ws/install/go2_interfaces/include/go2_interfaces/srv/detail/body_height__type_support.h
[2.960s] -- Up-to-date symlink: /home/unitree/go2_ws/install/go2_interfaces/include/go2_interfaces/srv/detail/continuous_gait__functions.h
[2.960s] -- Up-to-date symlink: /home/unitree/go2_ws/install/go2_interfaces/include/go2_interfaces/srv/detail/continuous_gait__struct.h
[2.961s] -- Up-to-date symlink: /home/unitree/go2_ws/install/go2_interfaces/include/go2_interfaces/srv/detail/continuous_gait__type_support.h
[2.961s] -- Up-to-date symlink: /home/unitree/go2_ws/install/go2_interfaces/include/go2_interfaces/srv/detail/euler__functions.h
[2.962s] -- Up-to-date symlink: /home/unitree/go2_ws/install/go2_interfaces/include/go2_interfaces/srv/detail/euler__struct.h
[2.962s] -- Up-to-date symlink: /home/unitree/go2_ws/install/go2_interfaces/include/go2_interfaces/srv/detail/euler__type_support.h
[2.963s] -- Up-to-date symlink: /home/unitree/go2_ws/install/go2_interfaces/include/go2_interfaces/srv/detail/foot_raise_height__functions.h
[2.963s] -- Up-to-date symlink: /home/unitree/go2_ws/install/go2_interfaces/include/go2_interfaces/srv/detail/foot_raise_height__struct.h
[2.963s] -- Up-to-date symlink: /home/unitree/go2_ws/install/go2_interfaces/include/go2_interfaces/srv/detail/foot_raise_height__type_support.h
[2.964s] -- Up-to-date symlink: /home/unitree/go2_ws/install/go2_interfaces/include/go2_interfaces/srv/detail/mode__functions.h
[2.964s] -- Up-to-date symlink: /home/unitree/go2_ws/install/go2_interfaces/include/go2_interfaces/srv/detail/mode__struct.h
[2.964s] -- Up-to-date symlink: /home/unitree/go2_ws/install/go2_interfaces/include/go2_interfaces/srv/detail/mode__type_support.h
[2.965s] -- Up-to-date symlink: /home/unitree/go2_ws/install/go2_interfaces/include/go2_interfaces/srv/detail/pose__functions.h
[2.965s] -- Up-to-date symlink: /home/unitree/go2_ws/install/go2_interfaces/include/go2_interfaces/srv/detail/pose__struct.h
[2.965s] -- Up-to-date symlink: /home/unitree/go2_ws/install/go2_interfaces/include/go2_interfaces/srv/detail/pose__type_support.h
[2.966s] -- Up-to-date symlink: /home/unitree/go2_ws/install/go2_interfaces/include/go2_interfaces/srv/detail/speed_level__functions.h
[2.966s] -- Up-to-date symlink: /home/unitree/go2_ws/install/go2_interfaces/include/go2_interfaces/srv/detail/speed_level__struct.h
[2.966s] -- Up-to-date symlink: /home/unitree/go2_ws/install/go2_interfaces/include/go2_interfaces/srv/detail/speed_level__type_support.h
[2.967s] -- Up-to-date symlink: /home/unitree/go2_ws/install/go2_interfaces/include/go2_interfaces/srv/detail/switch_gait__functions.h
[2.967s] -- Up-to-date symlink: /home/unitree/go2_ws/install/go2_interfaces/include/go2_interfaces/srv/detail/switch_gait__struct.h
[2.967s] -- Up-to-date symlink: /home/unitree/go2_ws/install/go2_interfaces/include/go2_interfaces/srv/detail/switch_gait__type_support.h
[2.968s] -- Up-to-date symlink: /home/unitree/go2_ws/install/go2_interfaces/include/go2_interfaces/srv/detail/switch_joystick__functions.h
[2.968s] -- Up-to-date symlink: /home/unitree/go2_ws/install/go2_interfaces/include/go2_interfaces/srv/detail/switch_joystick__struct.h
[2.968s] -- Up-to-date symlink: /home/unitree/go2_ws/install/go2_interfaces/include/go2_interfaces/srv/detail/switch_joystick__type_support.h
[2.969s] -- Up-to-date symlink: /home/unitree/go2_ws/install/go2_interfaces/include/go2_interfaces/srv/euler.h
[2.969s] -- Up-to-date symlink: /home/unitree/go2_ws/install/go2_interfaces/include/go2_interfaces/srv/foot_raise_height.h
[2.970s] -- Up-to-date symlink: /home/unitree/go2_ws/install/go2_interfaces/include/go2_interfaces/srv/mode.h
[2.970s] -- Up-to-date symlink: /home/unitree/go2_ws/install/go2_interfaces/include/go2_interfaces/srv/pose.h
[2.971s] -- Up-to-date symlink: /home/unitree/go2_ws/install/go2_interfaces/include/go2_interfaces/srv/speed_level.h
[2.971s] -- Up-to-date symlink: /home/unitree/go2_ws/install/go2_interfaces/include/go2_interfaces/srv/switch_gait.h
[2.971s] -- Up-to-date symlink: /home/unitree/go2_ws/install/go2_interfaces/include/go2_interfaces/srv/switch_joystick.h
[2.972s] -- Up-to-date symlink: /home/unitree/go2_ws/install/go2_interfaces/share/go2_interfaces/environment/library_path.sh
[2.972s] -- Up-to-date symlink: /home/unitree/go2_ws/install/go2_interfaces/share/go2_interfaces/environment/library_path.dsv
[2.974s] -- Up-to-date symlink: /home/unitree/go2_ws/install/go2_interfaces/include/go2_interfaces/msg/rosidl_typesupport_fastrtps_c__visibility_control.h
[2.974s] -- Up-to-date symlink: /home/unitree/go2_ws/install/go2_interfaces/include/go2_interfaces/srv/detail/body_height__rosidl_typesupport_fastrtps_c.h
[2.974s] -- Up-to-date symlink: /home/unitree/go2_ws/install/go2_interfaces/include/go2_interfaces/srv/detail/continuous_gait__rosidl_typesupport_fastrtps_c.h
[2.975s] -- Up-to-date symlink: /home/unitree/go2_ws/install/go2_interfaces/include/go2_interfaces/srv/detail/euler__rosidl_typesupport_fastrtps_c.h
[2.975s] -- Up-to-date symlink: /home/unitree/go2_ws/install/go2_interfaces/include/go2_interfaces/srv/detail/foot_raise_height__rosidl_typesupport_fastrtps_c.h
[2.975s] -- Up-to-date symlink: /home/unitree/go2_ws/install/go2_interfaces/include/go2_interfaces/srv/detail/mode__rosidl_typesupport_fastrtps_c.h
[2.975s] -- Up-to-date symlink: /home/unitree/go2_ws/install/go2_interfaces/include/go2_interfaces/srv/detail/pose__rosidl_typesupport_fastrtps_c.h
[2.976s] -- Up-to-date symlink: /home/unitree/go2_ws/install/go2_interfaces/include/go2_interfaces/srv/detail/speed_level__rosidl_typesupport_fastrtps_c.h
[2.976s] -- Up-to-date symlink: /home/unitree/go2_ws/install/go2_interfaces/include/go2_interfaces/srv/detail/switch_gait__rosidl_typesupport_fastrtps_c.h
[2.976s] -- Up-to-date symlink: /home/unitree/go2_ws/install/go2_interfaces/include/go2_interfaces/srv/detail/switch_joystick__rosidl_typesupport_fastrtps_c.h
[2.977s] -- Up-to-date symlink: /home/unitree/go2_ws/install/go2_interfaces/lib/libgo2_interfaces__rosidl_typesupport_fastrtps_c.so
[2.978s] -- Up-to-date symlink: /home/unitree/go2_ws/install/go2_interfaces/include/go2_interfaces/msg/rosidl_typesupport_fastrtps_cpp__visibility_control.h
[2.979s] -- Up-to-date symlink: /home/unitree/go2_ws/install/go2_interfaces/include/go2_interfaces/srv/detail/body_height__rosidl_typesupport_fastrtps_cpp.hpp
[2.979s] -- Up-to-date symlink: /home/unitree/go2_ws/install/go2_interfaces/include/go2_interfaces/srv/detail/continuous_gait__rosidl_typesupport_fastrtps_cpp.hpp
[2.979s] -- Up-to-date symlink: /home/unitree/go2_ws/install/go2_interfaces/include/go2_interfaces/srv/detail/euler__rosidl_typesupport_fastrtps_cpp.hpp
[2.980s] -- Up-to-date symlink: /home/unitree/go2_ws/install/go2_interfaces/include/go2_interfaces/srv/detail/foot_raise_height__rosidl_typesupport_fastrtps_cpp.hpp
[2.980s] -- Up-to-date symlink: /home/unitree/go2_ws/install/go2_interfaces/include/go2_interfaces/srv/detail/mode__rosidl_typesupport_fastrtps_cpp.hpp
[2.981s] -- Up-to-date symlink: /home/unitree/go2_ws/install/go2_interfaces/include/go2_interfaces/srv/detail/pose__rosidl_typesupport_fastrtps_cpp.hpp
[2.981s] -- Up-to-date symlink: /home/unitree/go2_ws/install/go2_interfaces/include/go2_interfaces/srv/detail/speed_level__rosidl_typesupport_fastrtps_cpp.hpp
[2.981s] -- Up-to-date symlink: /home/unitree/go2_ws/install/go2_interfaces/include/go2_interfaces/srv/detail/switch_gait__rosidl_typesupport_fastrtps_cpp.hpp
[2.982s] -- Up-to-date symlink: /home/unitree/go2_ws/install/go2_interfaces/include/go2_interfaces/srv/detail/switch_joystick__rosidl_typesupport_fastrtps_cpp.hpp
[2.982s] -- Up-to-date symlink: /home/unitree/go2_ws/install/go2_interfaces/lib/libgo2_interfaces__rosidl_typesupport_fastrtps_cpp.so
[2.984s] -- Up-to-date symlink: /home/unitree/go2_ws/install/go2_interfaces/include/go2_interfaces/msg/rosidl_typesupport_introspection_c__visibility_control.h
[2.984s] -- Up-to-date symlink: /home/unitree/go2_ws/install/go2_interfaces/include/go2_interfaces/srv/detail/body_height__rosidl_typesupport_introspection_c.h
[2.984s] -- Up-to-date symlink: /home/unitree/go2_ws/install/go2_interfaces/include/go2_interfaces/srv/detail/continuous_gait__rosidl_typesupport_introspection_c.h
[2.985s] -- Up-to-date symlink: /home/unitree/go2_ws/install/go2_interfaces/include/go2_interfaces/srv/detail/euler__rosidl_typesupport_introspection_c.h
[2.985s] -- Up-to-date symlink: /home/unitree/go2_ws/install/go2_interfaces/include/go2_interfaces/srv/detail/foot_raise_height__rosidl_typesupport_introspection_c.h
[2.985s] -- Up-to-date symlink: /home/unitree/go2_ws/install/go2_interfaces/include/go2_interfaces/srv/detail/mode__rosidl_typesupport_introspection_c.h
[2.986s] -- Up-to-date symlink: /home/unitree/go2_ws/install/go2_interfaces/include/go2_interfaces/srv/detail/pose__rosidl_typesupport_introspection_c.h
[2.986s] -- Up-to-date symlink: /home/unitree/go2_ws/install/go2_interfaces/include/go2_interfaces/srv/detail/speed_level__rosidl_typesupport_introspection_c.h
[2.986s] -- Up-to-date symlink: /home/unitree/go2_ws/install/go2_interfaces/include/go2_interfaces/srv/detail/switch_gait__rosidl_typesupport_introspection_c.h
[2.987s] -- Up-to-date symlink: /home/unitree/go2_ws/install/go2_interfaces/include/go2_interfaces/srv/detail/switch_joystick__rosidl_typesupport_introspection_c.h
[2.988s] -- Up-to-date symlink: /home/unitree/go2_ws/install/go2_interfaces/include/go2_interfaces/msg/rosidl_generator_cpp__visibility_control.hpp
[2.989s] -- Up-to-date symlink: /home/unitree/go2_ws/install/go2_interfaces/include/go2_interfaces/srv/body_height.hpp
[2.989s] -- Up-to-date symlink: /home/unitree/go2_ws/install/go2_interfaces/include/go2_interfaces/srv/continuous_gait.hpp
[2.989s] -- Up-to-date symlink: /home/unitree/go2_ws/install/go2_interfaces/include/go2_interfaces/srv/detail/body_height__builder.hpp
[2.990s] -- Up-to-date symlink: /home/unitree/go2_ws/install/go2_interfaces/include/go2_interfaces/srv/detail/body_height__struct.hpp
[2.990s] -- Up-to-date symlink: /home/unitree/go2_ws/install/go2_interfaces/include/go2_interfaces/srv/detail/body_height__traits.hpp
[2.990s] -- Up-to-date symlink: /home/unitree/go2_ws/install/go2_interfaces/include/go2_interfaces/srv/detail/body_height__type_support.hpp
[2.991s] -- Up-to-date symlink: /home/unitree/go2_ws/install/go2_interfaces/include/go2_interfaces/srv/detail/continuous_gait__builder.hpp
[2.991s] -- Up-to-date symlink: /home/unitree/go2_ws/install/go2_interfaces/include/go2_interfaces/srv/detail/continuous_gait__struct.hpp
[2.991s] -- Up-to-date symlink: /home/unitree/go2_ws/install/go2_interfaces/include/go2_interfaces/srv/detail/continuous_gait__traits.hpp
[2.992s] -- Up-to-date symlink: /home/unitree/go2_ws/install/go2_interfaces/include/go2_interfaces/srv/detail/continuous_gait__type_support.hpp
[2.992s] -- Up-to-date symlink: /home/unitree/go2_ws/install/go2_interfaces/include/go2_interfaces/srv/detail/euler__builder.hpp
[2.992s] -- Up-to-date symlink: /home/unitree/go2_ws/install/go2_interfaces/include/go2_interfaces/srv/detail/euler__struct.hpp
[2.993s] -- Up-to-date symlink: /home/unitree/go2_ws/install/go2_interfaces/include/go2_interfaces/srv/detail/euler__traits.hpp
[2.993s] -- Up-to-date symlink: /home/unitree/go2_ws/install/go2_interfaces/include/go2_interfaces/srv/detail/euler__type_support.hpp
[2.993s] -- Up-to-date symlink: /home/unitree/go2_ws/install/go2_interfaces/include/go2_interfaces/srv/detail/foot_raise_height__builder.hpp
[2.994s] -- Up-to-date symlink: /home/unitree/go2_ws/install/go2_interfaces/include/go2_interfaces/srv/detail/foot_raise_height__struct.hpp
[2.994s] -- Up-to-date symlink: /home/unitree/go2_ws/install/go2_interfaces/include/go2_interfaces/srv/detail/foot_raise_height__traits.hpp
[2.995s] -- Up-to-date symlink: /home/unitree/go2_ws/install/go2_interfaces/include/go2_interfaces/srv/detail/foot_raise_height__type_support.hpp
[2.995s] -- Up-to-date symlink: /home/unitree/go2_ws/install/go2_interfaces/include/go2_interfaces/srv/detail/mode__builder.hpp
[2.996s] -- Up-to-date symlink: /home/unitree/go2_ws/install/go2_interfaces/include/go2_interfaces/srv/detail/mode__struct.hpp
[2.997s] -- Up-to-date symlink: /home/unitree/go2_ws/install/go2_interfaces/include/go2_interfaces/srv/detail/mode__traits.hpp
[2.997s] -- Up-to-date symlink: /home/unitree/go2_ws/install/go2_interfaces/include/go2_interfaces/srv/detail/mode__type_support.hpp
[2.998s] -- Up-to-date symlink: /home/unitree/go2_ws/install/go2_interfaces/include/go2_interfaces/srv/detail/pose__builder.hpp
[2.998s] -- Up-to-date symlink: /home/unitree/go2_ws/install/go2_interfaces/include/go2_interfaces/srv/detail/pose__struct.hpp
[2.999s] -- Up-to-date symlink: /home/unitree/go2_ws/install/go2_interfaces/include/go2_interfaces/srv/detail/pose__traits.hpp
[2.999s] -- Up-to-date symlink: /home/unitree/go2_ws/install/go2_interfaces/include/go2_interfaces/srv/detail/pose__type_support.hpp
[2.999s] -- Up-to-date symlink: /home/unitree/go2_ws/install/go2_interfaces/include/go2_interfaces/srv/detail/speed_level__builder.hpp
[3.000s] -- Up-to-date symlink: /home/unitree/go2_ws/install/go2_interfaces/include/go2_interfaces/srv/detail/speed_level__struct.hpp
[3.000s] -- Up-to-date symlink: /home/unitree/go2_ws/install/go2_interfaces/include/go2_interfaces/srv/detail/speed_level__traits.hpp
[3.001s] -- Up-to-date symlink: /home/unitree/go2_ws/install/go2_interfaces/include/go2_interfaces/srv/detail/speed_level__type_support.hpp
[3.002s] -- Up-to-date symlink: /home/unitree/go2_ws/install/go2_interfaces/include/go2_interfaces/srv/detail/switch_gait__builder.hpp
[3.002s] -- Up-to-date symlink: /home/unitree/go2_ws/install/go2_interfaces/include/go2_interfaces/srv/detail/switch_gait__struct.hpp
[3.003s] -- Up-to-date symlink: /home/unitree/go2_ws/install/go2_interfaces/include/go2_interfaces/srv/detail/switch_gait__traits.hpp
[3.003s] -- Up-to-date symlink: /home/unitree/go2_ws/install/go2_interfaces/include/go2_interfaces/srv/detail/switch_gait__type_support.hpp
[3.003s] -- Up-to-date symlink: /home/unitree/go2_ws/install/go2_interfaces/include/go2_interfaces/srv/detail/switch_joystick__builder.hpp
[3.004s] -- Up-to-date symlink: /home/unitree/go2_ws/install/go2_interfaces/include/go2_interfaces/srv/detail/switch_joystick__struct.hpp
[3.004s] -- Up-to-date symlink: /home/unitree/go2_ws/install/go2_interfaces/include/go2_interfaces/srv/detail/switch_joystick__traits.hpp
[3.004s] -- Up-to-date symlink: /home/unitree/go2_ws/install/go2_interfaces/include/go2_interfaces/srv/detail/switch_joystick__type_support.hpp
[3.005s] -- Up-to-date symlink: /home/unitree/go2_ws/install/go2_interfaces/include/go2_interfaces/srv/euler.hpp
[3.005s] -- Up-to-date symlink: /home/unitree/go2_ws/install/go2_interfaces/include/go2_interfaces/srv/foot_raise_height.hpp
[3.006s] -- Up-to-date symlink: /home/unitree/go2_ws/install/go2_interfaces/include/go2_interfaces/srv/mode.hpp
[3.006s] -- Up-to-date symlink: /home/unitree/go2_ws/install/go2_interfaces/include/go2_interfaces/srv/pose.hpp
[3.006s] -- Up-to-date symlink: /home/unitree/go2_ws/install/go2_interfaces/include/go2_interfaces/srv/speed_level.hpp
[3.007s] -- Up-to-date symlink: /home/unitree/go2_ws/install/go2_interfaces/include/go2_interfaces/srv/switch_gait.hpp
[3.007s] -- Up-to-date symlink: /home/unitree/go2_ws/install/go2_interfaces/include/go2_interfaces/srv/switch_joystick.hpp
[3.009s] -- Up-to-date symlink: /home/unitree/go2_ws/install/go2_interfaces/include/go2_interfaces/srv/detail/body_height__rosidl_typesupport_introspection_cpp.hpp
[3.009s] -- Up-to-date symlink: /home/unitree/go2_ws/install/go2_interfaces/include/go2_interfaces/srv/detail/continuous_gait__rosidl_typesupport_introspection_cpp.hpp
[3.009s] -- Up-to-date symlink: /home/unitree/go2_ws/install/go2_interfaces/include/go2_interfaces/srv/detail/euler__rosidl_typesupport_introspection_cpp.hpp
[3.010s] -- Up-to-date symlink: /home/unitree/go2_ws/install/go2_interfaces/include/go2_interfaces/srv/detail/foot_raise_height__rosidl_typesupport_introspection_cpp.hpp
[3.010s] -- Up-to-date symlink: /home/unitree/go2_ws/install/go2_interfaces/include/go2_interfaces/srv/detail/mode__rosidl_typesupport_introspection_cpp.hpp
[3.011s] -- Up-to-date symlink: /home/unitree/go2_ws/install/go2_interfaces/include/go2_interfaces/srv/detail/pose__rosidl_typesupport_introspection_cpp.hpp
[3.011s] -- Up-to-date symlink: /home/unitree/go2_ws/install/go2_interfaces/include/go2_interfaces/srv/detail/speed_level__rosidl_typesupport_introspection_cpp.hpp
[3.012s] -- Up-to-date symlink: /home/unitree/go2_ws/install/go2_interfaces/include/go2_interfaces/srv/detail/switch_gait__rosidl_typesupport_introspection_cpp.hpp
[3.012s] -- Up-to-date symlink: /home/unitree/go2_ws/install/go2_interfaces/include/go2_interfaces/srv/detail/switch_joystick__rosidl_typesupport_introspection_cpp.hpp
[3.013s] -- Up-to-date symlink: /home/unitree/go2_ws/install/go2_interfaces/share/go2_interfaces/environment/pythonpath.sh
[3.013s] -- Up-to-date symlink: /home/unitree/go2_ws/install/go2_interfaces/share/go2_interfaces/environment/pythonpath.dsv
[3.014s] -- Up-to-date symlink: /home/unitree/go2_ws/install/go2_interfaces/lib/python3.8/site-packages/go2_interfaces/__init__.py
[3.015s] -- Up-to-date symlink: /home/unitree/go2_ws/install/go2_interfaces/lib/python3.8/site-packages/go2_interfaces/srv/__init__.py
[3.016s] -- Up-to-date symlink: /home/unitree/go2_ws/install/go2_interfaces/lib/python3.8/site-packages/go2_interfaces/srv/_body_height.py
[3.016s] -- Up-to-date symlink: /home/unitree/go2_ws/install/go2_interfaces/lib/python3.8/site-packages/go2_interfaces/srv/_continuous_gait.py
[3.016s] -- Up-to-date symlink: /home/unitree/go2_ws/install/go2_interfaces/lib/python3.8/site-packages/go2_interfaces/srv/_euler.py
[3.017s] -- Up-to-date symlink: /home/unitree/go2_ws/install/go2_interfaces/lib/python3.8/site-packages/go2_interfaces/srv/_foot_raise_height.py
[3.017s] -- Up-to-date symlink: /home/unitree/go2_ws/install/go2_interfaces/lib/python3.8/site-packages/go2_interfaces/srv/_mode.py
[3.021s] -- Up-to-date symlink: /home/unitree/go2_ws/install/go2_interfaces/lib/python3.8/site-packages/go2_interfaces/srv/_pose.py
[3.022s] -- Up-to-date symlink: /home/unitree/go2_ws/install/go2_interfaces/lib/python3.8/site-packages/go2_interfaces/srv/_speed_level.py
[3.022s] -- Up-to-date symlink: /home/unitree/go2_ws/install/go2_interfaces/lib/python3.8/site-packages/go2_interfaces/srv/_switch_gait.py
[3.022s] -- Up-to-date symlink: /home/unitree/go2_ws/install/go2_interfaces/lib/python3.8/site-packages/go2_interfaces/srv/_switch_joystick.py
[3.022s] -- Up-to-date symlink: /home/unitree/go2_ws/install/go2_interfaces/lib/python3.8/site-packages/go2_interfaces/go2_interfaces_s__rosidl_typesupport_fastrtps_c.cpython-38-aarch64-linux-gnu.so
[3.022s] -- Up-to-date symlink: /home/unitree/go2_ws/install/go2_interfaces/lib/python3.8/site-packages/go2_interfaces/go2_interfaces_s__rosidl_typesupport_introspection_c.cpython-38-aarch64-linux-gnu.so
[3.022s] -- Up-to-date symlink: /home/unitree/go2_ws/install/go2_interfaces/lib/python3.8/site-packages/go2_interfaces/go2_interfaces_s__rosidl_typesupport_c.cpython-38-aarch64-linux-gnu.so
[3.023s] -- Up-to-date symlink: /home/unitree/go2_ws/install/go2_interfaces/lib/libgo2_interfaces__python.so
[3.023s] -- Up-to-date symlink: /home/unitree/go2_ws/install/go2_interfaces/share/go2_interfaces/srv/BodyHeight.idl
[3.023s] -- Up-to-date symlink: /home/unitree/go2_ws/install/go2_interfaces/share/go2_interfaces/srv/ContinuousGait.idl
[3.024s] -- Up-to-date symlink: /home/unitree/go2_ws/install/go2_interfaces/share/go2_interfaces/srv/Euler.idl
[3.025s] -- Up-to-date symlink: /home/unitree/go2_ws/install/go2_interfaces/share/go2_interfaces/srv/FootRaiseHeight.idl
[3.025s] -- Up-to-date symlink: /home/unitree/go2_ws/install/go2_interfaces/share/go2_interfaces/srv/Mode.idl
[3.025s] -- Up-to-date symlink: /home/unitree/go2_ws/install/go2_interfaces/share/go2_interfaces/srv/Pose.idl
[3.026s] -- Up-to-date symlink: /home/unitree/go2_ws/install/go2_interfaces/share/go2_interfaces/srv/SpeedLevel.idl
[3.026s] -- Up-to-date symlink: /home/unitree/go2_ws/install/go2_interfaces/share/go2_interfaces/srv/SwitchGait.idl
[3.027s] -- Up-to-date symlink: /home/unitree/go2_ws/install/go2_interfaces/share/go2_interfaces/srv/SwitchJoystick.idl
[3.028s] -- Up-to-date symlink: /home/unitree/go2_ws/install/go2_interfaces/share/go2_interfaces/srv/BodyHeight.srv
[3.028s] -- Up-to-date symlink: /home/unitree/go2_ws/install/go2_interfaces/share/go2_interfaces/srv/BodyHeight_Request.msg
[3.028s] -- Up-to-date symlink: /home/unitree/go2_ws/install/go2_interfaces/share/go2_interfaces/srv/BodyHeight_Response.msg
[3.029s] -- Up-to-date symlink: /home/unitree/go2_ws/install/go2_interfaces/share/go2_interfaces/srv/ContinuousGait.srv
[3.030s] -- Up-to-date symlink: /home/unitree/go2_ws/install/go2_interfaces/share/go2_interfaces/srv/ContinuousGait_Request.msg
[3.030s] -- Up-to-date symlink: /home/unitree/go2_ws/install/go2_interfaces/share/go2_interfaces/srv/ContinuousGait_Response.msg
[3.034s] -- Up-to-date symlink: /home/unitree/go2_ws/install/go2_interfaces/share/go2_interfaces/srv/Euler.srv
[3.034s] -- Up-to-date symlink: /home/unitree/go2_ws/install/go2_interfaces/share/go2_interfaces/srv/Euler_Request.msg
[3.034s] -- Up-to-date symlink: /home/unitree/go2_ws/install/go2_interfaces/share/go2_interfaces/srv/Euler_Response.msg
[3.034s] -- Up-to-date symlink: /home/unitree/go2_ws/install/go2_interfaces/share/go2_interfaces/srv/FootRaiseHeight.srv
[3.035s] -- Up-to-date symlink: /home/unitree/go2_ws/install/go2_interfaces/share/go2_interfaces/srv/FootRaiseHeight_Request.msg
[3.035s] -- Up-to-date symlink: /home/unitree/go2_ws/install/go2_interfaces/share/go2_interfaces/srv/FootRaiseHeight_Response.msg
[3.035s] -- Up-to-date symlink: /home/unitree/go2_ws/install/go2_interfaces/share/go2_interfaces/srv/Mode.srv
[3.035s] -- Up-to-date symlink: /home/unitree/go2_ws/install/go2_interfaces/share/go2_interfaces/srv/Mode_Request.msg
[3.036s] -- Up-to-date symlink: /home/unitree/go2_ws/install/go2_interfaces/share/go2_interfaces/srv/Mode_Response.msg
[3.036s] -- Up-to-date symlink: /home/unitree/go2_ws/install/go2_interfaces/share/go2_interfaces/srv/Pose.srv
[3.037s] -- Up-to-date symlink: /home/unitree/go2_ws/install/go2_interfaces/share/go2_interfaces/srv/Pose_Request.msg
[3.038s] -- Up-to-date symlink: /home/unitree/go2_ws/install/go2_interfaces/share/go2_interfaces/srv/Pose_Response.msg
[3.038s] -- Up-to-date symlink: /home/unitree/go2_ws/install/go2_interfaces/share/go2_interfaces/srv/SpeedLevel.srv
[3.039s] -- Up-to-date symlink: /home/unitree/go2_ws/install/go2_interfaces/share/go2_interfaces/srv/SpeedLevel_Request.msg
[3.040s] -- Up-to-date symlink: /home/unitree/go2_ws/install/go2_interfaces/share/go2_interfaces/srv/SpeedLevel_Response.msg
[3.040s] -- Up-to-date symlink: /home/unitree/go2_ws/install/go2_interfaces/share/go2_interfaces/srv/SwitchGait.srv
[3.041s] -- Up-to-date symlink: /home/unitree/go2_ws/install/go2_interfaces/share/go2_interfaces/srv/SwitchGait_Request.msg
[3.042s] -- Up-to-date symlink: /home/unitree/go2_ws/install/go2_interfaces/share/go2_interfaces/srv/SwitchGait_Response.msg
[3.042s] -- Up-to-date symlink: /home/unitree/go2_ws/install/go2_interfaces/share/go2_interfaces/srv/SwitchJoystick.srv
[3.043s] -- Up-to-date symlink: /home/unitree/go2_ws/install/go2_interfaces/share/go2_interfaces/srv/SwitchJoystick_Request.msg
[3.044s] -- Up-to-date symlink: /home/unitree/go2_ws/install/go2_interfaces/share/go2_interfaces/srv/SwitchJoystick_Response.msg
[3.044s] -- Up-to-date symlink: /home/unitree/go2_ws/install/go2_interfaces/share/ament_index/resource_index/package_run_dependencies/go2_interfaces
[3.045s] -- Up-to-date symlink: /home/unitree/go2_ws/install/go2_interfaces/share/ament_index/resource_index/parent_prefix_path/go2_interfaces
[3.046s] -- Up-to-date symlink: /home/unitree/go2_ws/install/go2_interfaces/share/go2_interfaces/environment/ament_prefix_path.sh
[3.046s] -- Up-to-date symlink: /home/unitree/go2_ws/install/go2_interfaces/share/go2_interfaces/environment/ament_prefix_path.dsv
[3.046s] -- Up-to-date symlink: /home/unitree/go2_ws/install/go2_interfaces/share/go2_interfaces/environment/path.sh
[3.047s] -- Up-to-date symlink: /home/unitree/go2_ws/install/go2_interfaces/share/go2_interfaces/environment/path.dsv
[3.048s] -- Up-to-date symlink: /home/unitree/go2_ws/install/go2_interfaces/share/go2_interfaces/local_setup.bash
[3.048s] -- Up-to-date symlink: /home/unitree/go2_ws/install/go2_interfaces/share/go2_interfaces/local_setup.sh
[3.049s] -- Up-to-date symlink: /home/unitree/go2_ws/install/go2_interfaces/share/go2_interfaces/local_setup.zsh
[3.049s] -- Up-to-date symlink: /home/unitree/go2_ws/install/go2_interfaces/share/go2_interfaces/local_setup.dsv
[3.050s] -- Symlinking: /home/unitree/go2_ws/install/go2_interfaces/share/go2_interfaces/package.dsv
[3.072s] -- Up-to-date symlink: /home/unitree/go2_ws/install/go2_interfaces/share/ament_index/resource_index/packages/go2_interfaces
[3.073s] -- Up-to-date symlink: /home/unitree/go2_ws/install/go2_interfaces/share/go2_interfaces/cmake/rosidl_cmake-extras.cmake
[3.073s] -- Up-to-date symlink: /home/unitree/go2_ws/install/go2_interfaces/share/go2_interfaces/cmake/ament_cmake_export_dependencies-extras.cmake
[3.075s] -- Up-to-date symlink: /home/unitree/go2_ws/install/go2_interfaces/share/go2_interfaces/cmake/ament_cmake_export_libraries-extras.cmake
[3.076s] -- Up-to-date symlink: /home/unitree/go2_ws/install/go2_interfaces/share/go2_interfaces/cmake/ament_cmake_export_targets-extras.cmake
[3.076s] -- Up-to-date symlink: /home/unitree/go2_ws/install/go2_interfaces/share/go2_interfaces/cmake/ament_cmake_export_include_directories-extras.cmake
[3.077s] -- Up-to-date symlink: /home/unitree/go2_ws/install/go2_interfaces/share/go2_interfaces/cmake/rosidl_cmake_export_typesupport_libraries-extras.cmake
[3.077s] -- Up-to-date symlink: /home/unitree/go2_ws/install/go2_interfaces/share/go2_interfaces/cmake/rosidl_cmake_export_typesupport_targets-extras.cmake
[3.078s] -- Up-to-date symlink: /home/unitree/go2_ws/install/go2_interfaces/share/go2_interfaces/cmake/go2_interfacesConfig.cmake
[3.078s] -- Up-to-date symlink: /home/unitree/go2_ws/install/go2_interfaces/share/go2_interfaces/cmake/go2_interfacesConfig-version.cmake
[3.079s] -- Up-to-date symlink: /home/unitree/go2_ws/install/go2_interfaces/share/go2_interfaces/package.xml
[3.080s] -- Up-to-date: /home/unitree/go2_ws/install/go2_interfaces/lib/libgo2_interfaces__rosidl_generator_c.so
[3.081s] -- Up-to-date: /home/unitree/go2_ws/install/go2_interfaces/lib/libgo2_interfaces__rosidl_typesupport_introspection_c.so
[3.083s] -- Up-to-date: /home/unitree/go2_ws/install/go2_interfaces/lib/libgo2_interfaces__rosidl_typesupport_c.so
[3.083s] -- Up-to-date: /home/unitree/go2_ws/install/go2_interfaces/lib/libgo2_interfaces__rosidl_typesupport_introspection_cpp.so
[3.084s] -- Up-to-date: /home/unitree/go2_ws/install/go2_interfaces/lib/libgo2_interfaces__rosidl_typesupport_cpp.so
[3.159s] Compiling '/home/unitree/go2_ws/install/go2_interfaces/lib/python3.8/site-packages/go2_interfaces/__init__.py'...
[3.169s] -- Up-to-date: /home/unitree/go2_ws/install/go2_interfaces/share/go2_interfaces/cmake/go2_interfaces__rosidl_generator_cExport.cmake
[3.169s] -- Installing: /home/unitree/go2_ws/install/go2_interfaces/share/go2_interfaces/cmake/go2_interfaces__rosidl_generator_cExport-noconfig.cmake
[3.170s] -- Up-to-date: /home/unitree/go2_ws/install/go2_interfaces/share/go2_interfaces/cmake/go2_interfaces__rosidl_typesupport_introspection_cExport.cmake
[3.170s] -- Installing: /home/unitree/go2_ws/install/go2_interfaces/share/go2_interfaces/cmake/go2_interfaces__rosidl_typesupport_introspection_cExport-noconfig.cmake
[3.171s] -- Up-to-date: /home/unitree/go2_ws/install/go2_interfaces/share/go2_interfaces/cmake/go2_interfaces__rosidl_typesupport_cExport.cmake
[3.171s] -- Installing: /home/unitree/go2_ws/install/go2_interfaces/share/go2_interfaces/cmake/go2_interfaces__rosidl_typesupport_cExport-noconfig.cmake
[3.171s] -- Up-to-date: /home/unitree/go2_ws/install/go2_interfaces/share/go2_interfaces/cmake/go2_interfaces__rosidl_generator_cppExport.cmake
[3.172s] -- Up-to-date: /home/unitree/go2_ws/install/go2_interfaces/share/go2_interfaces/cmake/go2_interfaces__rosidl_typesupport_introspection_cppExport.cmake
[3.172s] -- Installing: /home/unitree/go2_ws/install/go2_interfaces/share/go2_interfaces/cmake/go2_interfaces__rosidl_typesupport_introspection_cppExport-noconfig.cmake
[3.172s] -- Up-to-date: /home/unitree/go2_ws/install/go2_interfaces/share/go2_interfaces/cmake/go2_interfaces__rosidl_typesupport_cppExport.cmake
[3.173s] -- Installing: /home/unitree/go2_ws/install/go2_interfaces/share/go2_interfaces/cmake/go2_interfaces__rosidl_typesupport_cppExport-noconfig.cmake
[3.179s] Invoked command in '/home/unitree/go2_ws/build/go2_interfaces' returned '0': CMAKE_PREFIX_PATH=${CMAKE_PREFIX_PATH}:/opt/ros/foxy /usr/bin/cmake --install /home/unitree/go2_ws/build/go2_interfaces
