[0.139s] Invoking command in '/home/unitree/go2_ws/build/go2_rviz': CMAKE_PREFIX_PATH=${CMAKE_PREFIX_PATH}:/opt/ros/foxy /usr/bin/cmake /home/unitree/go2_ws/src/go2_robot/go2_rviz -DCMAKE_INSTALL_PREFIX=/home/unitree/go2_ws/install/go2_rviz
[0.347s] -- Found ament_cmake: 0.9.12 (/opt/ros/foxy/share/ament_cmake/cmake)
[0.348s] -- Using PYTHON_EXECUTABLE: /usr/bin/python3
[0.709s] -- Override CMake install command with custom implementation using symlinks instead of copying resources
[0.732s] -- Found ament_lint_auto: 0.9.8 (/opt/ros/foxy/share/ament_lint_auto/cmake)
[1.016s] -- Added test 'flake8' to check Python code syntax and style conventions
[1.017s] -- Added test 'lint_cmake' to check CMake code style
[1.018s] -- Added test 'pep257' to check Python code against some of the style conventions in PEP 257
[1.019s] -- Added test 'xmllint' to check XML markup files
[1.024s] -- Configuring done
[1.030s] -- Generating done
[1.034s] -- Build files have been written to: /home/unitree/go2_ws/build/go2_rviz
[1.053s] Invoked command in '/home/unitree/go2_ws/build/go2_rviz' returned '0': CMAKE_PREFIX_PATH=${CMAKE_PREFIX_PATH}:/opt/ros/foxy /usr/bin/cmake /home/unitree/go2_ws/src/go2_robot/go2_rviz -DCMAKE_INSTALL_PREFIX=/home/unitree/go2_ws/install/go2_rviz
[1.058s] Invoking command in '/home/unitree/go2_ws/build/go2_rviz': CMAKE_PREFIX_PATH=${CMAKE_PREFIX_PATH}:/opt/ros/foxy /usr/bin/cmake --build /home/unitree/go2_ws/build/go2_rviz -- -j8 -l8
[1.150s] Invoked command in '/home/unitree/go2_ws/build/go2_rviz' returned '0': CMAKE_PREFIX_PATH=${CMAKE_PREFIX_PATH}:/opt/ros/foxy /usr/bin/cmake --build /home/unitree/go2_ws/build/go2_rviz -- -j8 -l8
[1.209s] Invoking command in '/home/unitree/go2_ws/build/go2_rviz': CMAKE_PREFIX_PATH=${CMAKE_PREFIX_PATH}:/opt/ros/foxy /usr/bin/cmake --install /home/unitree/go2_ws/build/go2_rviz
[1.231s] -- Install configuration: ""
[1.232s] -- Execute custom install script
[1.232s] -- Up-to-date symlink: /home/unitree/go2_ws/install/go2_rviz/share/go2_rviz/launch/rviz.launch.py
[1.233s] -- Up-to-date symlink: /home/unitree/go2_ws/install/go2_rviz/share/go2_rviz/config/go2_rviz.rviz
[1.233s] -- Up-to-date symlink: /home/unitree/go2_ws/install/go2_rviz/share/ament_index/resource_index/package_run_dependencies/go2_rviz
[1.234s] -- Up-to-date symlink: /home/unitree/go2_ws/install/go2_rviz/share/ament_index/resource_index/parent_prefix_path/go2_rviz
[1.234s] -- Up-to-date symlink: /home/unitree/go2_ws/install/go2_rviz/share/go2_rviz/environment/ament_prefix_path.sh
[1.241s] -- Up-to-date symlink: /home/unitree/go2_ws/install/go2_rviz/share/go2_rviz/environment/ament_prefix_path.dsv
[1.241s] -- Up-to-date symlink: /home/unitree/go2_ws/install/go2_rviz/share/go2_rviz/environment/path.sh
[1.241s] -- Up-to-date symlink: /home/unitree/go2_ws/install/go2_rviz/share/go2_rviz/environment/path.dsv
[1.241s] -- Up-to-date symlink: /home/unitree/go2_ws/install/go2_rviz/share/go2_rviz/local_setup.bash
[1.242s] -- Up-to-date symlink: /home/unitree/go2_ws/install/go2_rviz/share/go2_rviz/local_setup.sh
[1.242s] -- Up-to-date symlink: /home/unitree/go2_ws/install/go2_rviz/share/go2_rviz/local_setup.zsh
[1.242s] -- Up-to-date symlink: /home/unitree/go2_ws/install/go2_rviz/share/go2_rviz/local_setup.dsv
[1.242s] -- Symlinking: /home/unitree/go2_ws/install/go2_rviz/share/go2_rviz/package.dsv
[1.278s] -- Up-to-date symlink: /home/unitree/go2_ws/install/go2_rviz/share/ament_index/resource_index/packages/go2_rviz
[1.278s] -- Up-to-date symlink: /home/unitree/go2_ws/install/go2_rviz/share/go2_rviz/cmake/go2_rvizConfig.cmake
[1.278s] -- Up-to-date symlink: /home/unitree/go2_ws/install/go2_rviz/share/go2_rviz/cmake/go2_rvizConfig-version.cmake
[1.278s] -- Up-to-date symlink: /home/unitree/go2_ws/install/go2_rviz/share/go2_rviz/package.xml
[1.373s] Invoked command in '/home/unitree/go2_ws/build/go2_rviz' returned '0': CMAKE_PREFIX_PATH=${CMAKE_PREFIX_PATH}:/opt/ros/foxy /usr/bin/cmake --install /home/unitree/go2_ws/build/go2_rviz
