[0.104s] Invoking command in '/home/unitree/go2_ws/build/go2_simulation': CMAKE_PREFIX_PATH=${CMAKE_PREFIX_PATH}:/home/unitree/go2_ws/install/go2_slam:/opt/ros/foxy /usr/bin/cmake --build /home/unitree/go2_ws/build/go2_simulation -- -j8 -l8
[0.330s] Invoked command in '/home/unitree/go2_ws/build/go2_simulation' returned '0': CMAKE_PREFIX_PATH=${CMAKE_PREFIX_PATH}:/home/unitree/go2_ws/install/go2_slam:/opt/ros/foxy /usr/bin/cmake --build /home/unitree/go2_ws/build/go2_simulation -- -j8 -l8
[0.342s] Invoking command in '/home/unitree/go2_ws/build/go2_simulation': CMAKE_PREFIX_PATH=${CMAKE_PREFIX_PATH}:/home/unitree/go2_ws/install/go2_slam:/opt/ros/foxy /usr/bin/cmake --install /home/unitree/go2_ws/build/go2_simulation
[0.377s] -- Install configuration: ""
[0.378s] -- Execute custom install script
[0.379s] -- Up-to-date symlink: /home/unitree/go2_ws/install/go2_simulation/share/ament_index/resource_index/package_run_dependencies/go2_simulation
[0.379s] -- Up-to-date symlink: /home/unitree/go2_ws/install/go2_simulation/share/ament_index/resource_index/parent_prefix_path/go2_simulation
[0.380s] -- Up-to-date symlink: /home/unitree/go2_ws/install/go2_simulation/share/go2_simulation/environment/ament_prefix_path.sh
[0.380s] -- Up-to-date symlink: /home/unitree/go2_ws/install/go2_simulation/share/go2_simulation/environment/ament_prefix_path.dsv
[0.381s] -- Up-to-date symlink: /home/unitree/go2_ws/install/go2_simulation/share/go2_simulation/environment/path.sh
[0.381s] -- Up-to-date symlink: /home/unitree/go2_ws/install/go2_simulation/share/go2_simulation/environment/path.dsv
[0.382s] -- Up-to-date symlink: /home/unitree/go2_ws/install/go2_simulation/share/go2_simulation/local_setup.bash
[0.382s] -- Up-to-date symlink: /home/unitree/go2_ws/install/go2_simulation/share/go2_simulation/local_setup.sh
[0.383s] -- Up-to-date symlink: /home/unitree/go2_ws/install/go2_simulation/share/go2_simulation/local_setup.zsh
[0.383s] -- Up-to-date symlink: /home/unitree/go2_ws/install/go2_simulation/share/go2_simulation/local_setup.dsv
[0.384s] -- Symlinking: /home/unitree/go2_ws/install/go2_simulation/share/go2_simulation/package.dsv
[0.414s] -- Up-to-date symlink: /home/unitree/go2_ws/install/go2_simulation/share/ament_index/resource_index/packages/go2_simulation
[0.415s] -- Up-to-date symlink: /home/unitree/go2_ws/install/go2_simulation/share/go2_simulation/cmake/go2_simulationConfig.cmake
[0.415s] -- Up-to-date symlink: /home/unitree/go2_ws/install/go2_simulation/share/go2_simulation/cmake/go2_simulationConfig-version.cmake
[0.415s] -- Up-to-date symlink: /home/unitree/go2_ws/install/go2_simulation/share/go2_simulation/package.xml
[0.545s] Invoked command in '/home/unitree/go2_ws/build/go2_simulation' returned '0': CMAKE_PREFIX_PATH=${CMAKE_PREFIX_PATH}:/home/unitree/go2_ws/install/go2_slam:/opt/ros/foxy /usr/bin/cmake --install /home/unitree/go2_ws/build/go2_simulation
