[0.108s] Invoking command in '/home/unitree/go2_ws/build/unitree_go': CMAKE_PREFIX_PATH=${CMAKE_PREFIX_PATH}:/opt/ros/foxy /usr/bin/cmake /home/unitree/go2_ws/src/go2_robot/unitree_go -DAMENT_CMAKE_SYMLINK_INSTALL=1 -DCMAKE_INSTALL_PREFIX=/home/unitree/go2_ws/install/unitree_go
[0.227s] -- The C compiler identification is GNU 11.4.0
[0.348s] -- The CXX compiler identification is GNU 11.4.0
[0.358s] -- Check for working C compiler: /usr/bin/cc
[0.515s] -- Check for working C compiler: /usr/bin/cc -- works
[0.517s] -- Detecting C compiler ABI info
[0.690s] -- Detecting C compiler ABI info - done
[0.721s] -- Detecting C compile features
[0.722s] -- Detecting C compile features - done
[0.722s] -- Check for working CXX compiler: /usr/bin/c++
[0.876s] -- Check for working CXX compiler: /usr/bin/c++ -- works
[0.879s] -- Detecting CXX compiler ABI info
[1.046s] -- Detecting CXX compiler ABI info - done
[1.063s] -- Detecting CXX compile features
[1.063s] -- Detecting CXX compile features - done
[1.070s] -- Found ament_cmake: 0.9.12 (/opt/ros/foxy/share/ament_cmake/cmake)
[1.130s] -- Found PythonInterp: /usr/bin/python3 (found suitable version "3.8.10", minimum required is "3") 
[1.130s] -- Using PYTHON_EXECUTABLE: /usr/bin/python3
[1.575s] -- Override CMake install command with custom implementation using symlinks instead of copying resources
[1.666s] -- Found geometry_msgs: 2.0.5 (/opt/ros/foxy/share/geometry_msgs/cmake)
[1.733s] -- Using all available rosidl_typesupport_c: rosidl_typesupport_fastrtps_c;rosidl_typesupport_introspection_c
[1.747s] -- Found rosidl_adapter: 1.3.1 (/opt/ros/foxy/share/rosidl_adapter/cmake)
[1.979s] -- Found OpenSSL: /usr/lib/aarch64-linux-gnu/libcrypto.so (found version "1.1.1f")  
[2.043s] -- Found FastRTPS: /opt/ros/foxy/include  
[2.192s] -- Using all available rosidl_typesupport_cpp: rosidl_typesupport_fastrtps_cpp;rosidl_typesupport_introspection_cpp
[2.325s] -- Found rosidl_default_generators: 1.0.1 (/opt/ros/foxy/share/rosidl_default_generators/cmake)
[2.350s] -- Found rosidl_generator_dds_idl: 0.7.1 (/opt/ros/foxy/share/rosidl_generator_dds_idl/cmake)
[2.405s] -- Found PythonInterp: /usr/bin/python3 (found version "3.8.10") 
[2.955s] -- Found ament_cmake_ros: 0.9.2 (/opt/ros/foxy/share/ament_cmake_ros/cmake)
[3.362s] -- Using all available rosidl_typesupport_c: rosidl_typesupport_fastrtps_c;rosidl_typesupport_introspection_c
[3.526s] -- Using all available rosidl_typesupport_cpp: rosidl_typesupport_fastrtps_cpp;rosidl_typesupport_introspection_cpp
[3.581s] -- Found PythonInterp: /usr/bin/python3 (found suitable version "3.8.10", minimum required is "3.5") 
[3.585s] -- Found python_cmake_module: 0.8.1 (/opt/ros/foxy/share/python_cmake_module/cmake)
[3.642s] -- Found PythonLibs: /usr/lib/aarch64-linux-gnu/libpython3.8.so (found suitable version "3.8.10", minimum required is "3.5") 
[3.642s] -- Using PYTHON_EXECUTABLE: /usr/bin/python3
[3.642s] -- Using PYTHON_INCLUDE_DIRS: /usr/include/python3.8
[3.643s] -- Using PYTHON_LIBRARIES: /usr/lib/aarch64-linux-gnu/libpython3.8.so
[3.702s] -- Found PythonExtra: .so  
[3.900s] -- Found ament_lint_auto: 0.9.8 (/opt/ros/foxy/share/ament_lint_auto/cmake)
[3.951s] -- Added test 'copyright' to check source files copyright and LICENSE
[3.956s] -- Added test 'lint_cmake' to check CMake code style
[3.959s] -- Added test 'xmllint' to check XML markup files
[3.971s] -- Configuring done
[4.118s] -- Generating done
[4.150s] -- Build files have been written to: /home/unitree/go2_ws/build/unitree_go
[4.183s] Invoked command in '/home/unitree/go2_ws/build/unitree_go' returned '0': CMAKE_PREFIX_PATH=${CMAKE_PREFIX_PATH}:/opt/ros/foxy /usr/bin/cmake /home/unitree/go2_ws/src/go2_robot/unitree_go -DAMENT_CMAKE_SYMLINK_INSTALL=1 -DCMAKE_INSTALL_PREFIX=/home/unitree/go2_ws/install/unitree_go
[4.189s] Invoking command in '/home/unitree/go2_ws/build/unitree_go': CMAKE_PREFIX_PATH=${CMAKE_PREFIX_PATH}:/opt/ros/foxy /usr/bin/cmake --build /home/unitree/go2_ws/build/unitree_go -- -j8 -l8
[4.310s] [35m[1mScanning dependencies of target unitree_go__dds_connext_idl[0m
[4.320s] [  1%] [34m[1mGenerating C code for ROS interfaces[0m
[4.341s] [  1%] [34m[1mGenerating DDS interfaces[0m
[4.348s] [35m[1mScanning dependencies of target unitree_go__cpp[0m
[4.393s] [  1%] [34m[1mGenerating C++ code for ROS interfaces[0m
[6.919s] [  1%] Built target unitree_go__dds_connext_idl
[11.901s] [35m[1mScanning dependencies of target unitree_go__rosidl_generator_c[0m
[11.926s] [  1%] Built target unitree_go__cpp
[12.011s] [  2%] [34m[1mGenerating C++ type support for eProsima Fast-RTPS[0m
[12.037s] [  3%] [34m[1mGenerating C++ type support dispatch for ROS interfaces[0m
[12.041s] [  3%] [32mBuilding C object CMakeFiles/unitree_go__rosidl_generator_c.dir/rosidl_generator_c/unitree_go/msg/detail/audio_data__functions.c.o[0m
[12.081s] [  4%] [34m[1mGenerating C++ introspection for ROS interfaces[0m
[12.089s] [  5%] [32mBuilding C object CMakeFiles/unitree_go__rosidl_generator_c.dir/rosidl_generator_c/unitree_go/msg/detail/error__functions.c.o[0m
[12.114s] [  5%] [32mBuilding C object CMakeFiles/unitree_go__rosidl_generator_c.dir/rosidl_generator_c/unitree_go/msg/detail/bms_state__functions.c.o[0m
[12.115s] [  6%] [32mBuilding C object CMakeFiles/unitree_go__rosidl_generator_c.dir/rosidl_generator_c/unitree_go/msg/detail/bms_cmd__functions.c.o[0m
[12.122s] [  6%] [32mBuilding C object CMakeFiles/unitree_go__rosidl_generator_c.dir/rosidl_generator_c/unitree_go/msg/detail/height_map__functions.c.o[0m
[12.468s] [  7%] [32mBuilding C object CMakeFiles/unitree_go__rosidl_generator_c.dir/rosidl_generator_c/unitree_go/msg/detail/imu_state__functions.c.o[0m
[12.506s] [  7%] [32mBuilding C object CMakeFiles/unitree_go__rosidl_generator_c.dir/rosidl_generator_c/unitree_go/msg/detail/interface_config__functions.c.o[0m
[12.561s] [  8%] [32mBuilding C object CMakeFiles/unitree_go__rosidl_generator_c.dir/rosidl_generator_c/unitree_go/msg/detail/lidar_state__functions.c.o[0m
[12.644s] [  8%] [32mBuilding C object CMakeFiles/unitree_go__rosidl_generator_c.dir/rosidl_generator_c/unitree_go/msg/detail/low_cmd__functions.c.o[0m
[12.762s] [  9%] [32mBuilding C object CMakeFiles/unitree_go__rosidl_generator_c.dir/rosidl_generator_c/unitree_go/msg/detail/motor_cmds__functions.c.o[0m
[12.784s] [  9%] [32mBuilding C object CMakeFiles/unitree_go__rosidl_generator_c.dir/rosidl_generator_c/unitree_go/msg/detail/motor_cmd__functions.c.o[0m
[12.787s] [ 10%] [32mBuilding C object CMakeFiles/unitree_go__rosidl_generator_c.dir/rosidl_generator_c/unitree_go/msg/detail/low_state__functions.c.o[0m
[12.918s] [ 10%] [32mBuilding C object CMakeFiles/unitree_go__rosidl_generator_c.dir/rosidl_generator_c/unitree_go/msg/detail/motor_state__functions.c.o[0m
[12.994s] [ 11%] [32mBuilding C object CMakeFiles/unitree_go__rosidl_generator_c.dir/rosidl_generator_c/unitree_go/msg/detail/motor_states__functions.c.o[0m
[13.028s] [ 11%] [32mBuilding C object CMakeFiles/unitree_go__rosidl_generator_c.dir/rosidl_generator_c/unitree_go/msg/detail/path_point__functions.c.o[0m
[13.078s] [ 12%] [32mBuilding C object CMakeFiles/unitree_go__rosidl_generator_c.dir/rosidl_generator_c/unitree_go/msg/detail/req__functions.c.o[0m
[13.208s] [ 12%] [32mBuilding C object CMakeFiles/unitree_go__rosidl_generator_c.dir/rosidl_generator_c/unitree_go/msg/detail/res__functions.c.o[0m
[13.296s] [ 13%] [32mBuilding C object CMakeFiles/unitree_go__rosidl_generator_c.dir/rosidl_generator_c/unitree_go/msg/detail/sport_mode_cmd__functions.c.o[0m
[13.303s] [ 13%] [32mBuilding C object CMakeFiles/unitree_go__rosidl_generator_c.dir/rosidl_generator_c/unitree_go/msg/detail/sport_mode_state__functions.c.o[0m
[13.337s] [ 14%] [32mBuilding C object CMakeFiles/unitree_go__rosidl_generator_c.dir/rosidl_generator_c/unitree_go/msg/detail/time_spec__functions.c.o[0m
[13.367s] [ 14%] [32mBuilding C object CMakeFiles/unitree_go__rosidl_generator_c.dir/rosidl_generator_c/unitree_go/msg/detail/uwb_state__functions.c.o[0m
[13.708s] [ 15%] [32mBuilding C object CMakeFiles/unitree_go__rosidl_generator_c.dir/rosidl_generator_c/unitree_go/msg/detail/uwb_switch__functions.c.o[0m
[13.718s] [ 15%] [32mBuilding C object CMakeFiles/unitree_go__rosidl_generator_c.dir/rosidl_generator_c/unitree_go/msg/detail/wireless_controller__functions.c.o[0m
[14.059s] [ 16%] [32m[1mLinking C shared library libunitree_go__rosidl_generator_c.so[0m
[14.412s] [ 16%] Built target unitree_go__rosidl_generator_c
[14.516s] [ 16%] [34m[1mGenerating C introspection for ROS interfaces[0m
[14.519s] [ 16%] [34m[1mGenerating C type support dispatch for ROS interfaces[0m
[17.101s] [35m[1mScanning dependencies of target unitree_go__rosidl_typesupport_cpp[0m
[17.222s] [ 16%] [32mBuilding CXX object CMakeFiles/unitree_go__rosidl_typesupport_cpp.dir/rosidl_typesupport_cpp/unitree_go/msg/audio_data__type_support.cpp.o[0m
[17.281s] [ 17%] [32mBuilding CXX object CMakeFiles/unitree_go__rosidl_typesupport_cpp.dir/rosidl_typesupport_cpp/unitree_go/msg/bms_cmd__type_support.cpp.o[0m
[17.338s] [ 17%] [32mBuilding CXX object CMakeFiles/unitree_go__rosidl_typesupport_cpp.dir/rosidl_typesupport_cpp/unitree_go/msg/bms_state__type_support.cpp.o[0m
[17.650s] [ 18%] [32mBuilding CXX object CMakeFiles/unitree_go__rosidl_typesupport_cpp.dir/rosidl_typesupport_cpp/unitree_go/msg/error__type_support.cpp.o[0m
[18.598s] [ 18%] [32mBuilding CXX object CMakeFiles/unitree_go__rosidl_typesupport_cpp.dir/rosidl_typesupport_cpp/unitree_go/msg/height_map__type_support.cpp.o[0m
[18.886s] [ 19%] [32mBuilding CXX object CMakeFiles/unitree_go__rosidl_typesupport_cpp.dir/rosidl_typesupport_cpp/unitree_go/msg/imu_state__type_support.cpp.o[0m
[19.102s] [ 19%] [32mBuilding CXX object CMakeFiles/unitree_go__rosidl_typesupport_cpp.dir/rosidl_typesupport_cpp/unitree_go/msg/interface_config__type_support.cpp.o[0m
[19.376s] [35m[1mScanning dependencies of target unitree_go__rosidl_typesupport_introspection_cpp[0m
[19.413s] [ 20%] [32mBuilding CXX object CMakeFiles/unitree_go__rosidl_typesupport_cpp.dir/rosidl_typesupport_cpp/unitree_go/msg/lidar_state__type_support.cpp.o[0m
[19.426s] [35m[1mScanning dependencies of target unitree_go__rosidl_typesupport_c[0m
[19.524s] [ 20%] [32mBuilding CXX object CMakeFiles/unitree_go__rosidl_typesupport_c.dir/rosidl_typesupport_c/unitree_go/msg/audio_data__type_support.cpp.o[0m
[19.535s] [ 20%] [32mBuilding CXX object CMakeFiles/unitree_go__rosidl_typesupport_introspection_cpp.dir/rosidl_typesupport_introspection_cpp/unitree_go/msg/detail/audio_data__type_support.cpp.o[0m
[19.744s] [ 21%] [32mBuilding CXX object CMakeFiles/unitree_go__rosidl_typesupport_c.dir/rosidl_typesupport_c/unitree_go/msg/bms_cmd__type_support.cpp.o[0m
[19.779s] [ 21%] [32mBuilding CXX object CMakeFiles/unitree_go__rosidl_typesupport_cpp.dir/rosidl_typesupport_cpp/unitree_go/msg/low_cmd__type_support.cpp.o[0m
[19.963s] [ 21%] [32mBuilding CXX object CMakeFiles/unitree_go__rosidl_typesupport_c.dir/rosidl_typesupport_c/unitree_go/msg/bms_state__type_support.cpp.o[0m
[20.191s] [ 22%] [32mBuilding CXX object CMakeFiles/unitree_go__rosidl_typesupport_c.dir/rosidl_typesupport_c/unitree_go/msg/error__type_support.cpp.o[0m
[20.208s] [ 23%] [32mBuilding CXX object CMakeFiles/unitree_go__rosidl_typesupport_cpp.dir/rosidl_typesupport_cpp/unitree_go/msg/low_state__type_support.cpp.o[0m
[20.375s] [ 23%] [32mBuilding CXX object CMakeFiles/unitree_go__rosidl_typesupport_cpp.dir/rosidl_typesupport_cpp/unitree_go/msg/motor_cmd__type_support.cpp.o[0m
[20.405s] [ 23%] [32mBuilding CXX object CMakeFiles/unitree_go__rosidl_typesupport_c.dir/rosidl_typesupport_c/unitree_go/msg/height_map__type_support.cpp.o[0m
[20.661s] [ 24%] [32mBuilding CXX object CMakeFiles/unitree_go__rosidl_typesupport_c.dir/rosidl_typesupport_c/unitree_go/msg/imu_state__type_support.cpp.o[0m
[20.721s] [ 24%] [32mBuilding CXX object CMakeFiles/unitree_go__rosidl_typesupport_c.dir/rosidl_typesupport_c/unitree_go/msg/interface_config__type_support.cpp.o[0m
[20.906s] [ 25%] [32mBuilding CXX object CMakeFiles/unitree_go__rosidl_typesupport_cpp.dir/rosidl_typesupport_cpp/unitree_go/msg/motor_cmds__type_support.cpp.o[0m
[20.952s] [ 26%] [32mBuilding CXX object CMakeFiles/unitree_go__rosidl_typesupport_c.dir/rosidl_typesupport_c/unitree_go/msg/lidar_state__type_support.cpp.o[0m
[21.039s] [ 27%] [32mBuilding CXX object CMakeFiles/unitree_go__rosidl_typesupport_introspection_cpp.dir/rosidl_typesupport_introspection_cpp/unitree_go/msg/detail/bms_cmd__type_support.cpp.o[0m
[21.081s] [ 27%] [32mBuilding CXX object CMakeFiles/unitree_go__rosidl_typesupport_introspection_cpp.dir/rosidl_typesupport_introspection_cpp/unitree_go/msg/detail/bms_state__type_support.cpp.o[0m
[21.115s] [35m[1mScanning dependencies of target unitree_go__rosidl_typesupport_fastrtps_cpp[0m
[21.216s] [ 27%] [32mBuilding CXX object CMakeFiles/unitree_go__rosidl_typesupport_c.dir/rosidl_typesupport_c/unitree_go/msg/low_cmd__type_support.cpp.o[0m
[21.322s] [ 27%] [32mBuilding CXX object CMakeFiles/unitree_go__rosidl_typesupport_fastrtps_cpp.dir/rosidl_typesupport_fastrtps_cpp/unitree_go/msg/detail/dds_fastrtps/audio_data__type_support.cpp.o[0m
[21.466s] [ 28%] [32mBuilding CXX object CMakeFiles/unitree_go__rosidl_typesupport_c.dir/rosidl_typesupport_c/unitree_go/msg/low_state__type_support.cpp.o[0m
[21.556s] [ 28%] [32mBuilding CXX object CMakeFiles/unitree_go__rosidl_typesupport_cpp.dir/rosidl_typesupport_cpp/unitree_go/msg/motor_state__type_support.cpp.o[0m
[21.767s] [ 28%] [32mBuilding CXX object CMakeFiles/unitree_go__rosidl_typesupport_c.dir/rosidl_typesupport_c/unitree_go/msg/motor_cmd__type_support.cpp.o[0m
[22.002s] [ 29%] [32mBuilding CXX object CMakeFiles/unitree_go__rosidl_typesupport_c.dir/rosidl_typesupport_c/unitree_go/msg/motor_cmds__type_support.cpp.o[0m
[22.134s] [ 30%] [32mBuilding CXX object CMakeFiles/unitree_go__rosidl_typesupport_cpp.dir/rosidl_typesupport_cpp/unitree_go/msg/motor_states__type_support.cpp.o[0m
[22.206s] [ 30%] [32mBuilding CXX object CMakeFiles/unitree_go__rosidl_typesupport_c.dir/rosidl_typesupport_c/unitree_go/msg/motor_state__type_support.cpp.o[0m
[22.253s] [ 31%] [32mBuilding CXX object CMakeFiles/unitree_go__rosidl_typesupport_fastrtps_cpp.dir/rosidl_typesupport_fastrtps_cpp/unitree_go/msg/detail/dds_fastrtps/bms_cmd__type_support.cpp.o[0m
[22.457s] [ 32%] [32mBuilding CXX object CMakeFiles/unitree_go__rosidl_typesupport_c.dir/rosidl_typesupport_c/unitree_go/msg/motor_states__type_support.cpp.o[0m
[22.606s] [ 32%] [32mBuilding CXX object CMakeFiles/unitree_go__rosidl_typesupport_c.dir/rosidl_typesupport_c/unitree_go/msg/path_point__type_support.cpp.o[0m
[22.607s] [ 33%] [32mBuilding CXX object CMakeFiles/unitree_go__rosidl_typesupport_introspection_cpp.dir/rosidl_typesupport_introspection_cpp/unitree_go/msg/detail/error__type_support.cpp.o[0m
[22.664s] [ 33%] [32mBuilding CXX object CMakeFiles/unitree_go__rosidl_typesupport_introspection_cpp.dir/rosidl_typesupport_introspection_cpp/unitree_go/msg/detail/height_map__type_support.cpp.o[0m
[22.708s] [35m[1mScanning dependencies of target unitree_go__rosidl_typesupport_introspection_c[0m
[22.793s] [ 34%] [32mBuilding CXX object CMakeFiles/unitree_go__rosidl_typesupport_c.dir/rosidl_typesupport_c/unitree_go/msg/req__type_support.cpp.o[0m
[22.844s] [ 34%] [32mBuilding C object CMakeFiles/unitree_go__rosidl_typesupport_introspection_c.dir/rosidl_typesupport_introspection_c/unitree_go/msg/detail/audio_data__type_support.c.o[0m
[22.901s] [ 34%] [32mBuilding CXX object CMakeFiles/unitree_go__rosidl_typesupport_fastrtps_cpp.dir/rosidl_typesupport_fastrtps_cpp/unitree_go/msg/detail/dds_fastrtps/bms_state__type_support.cpp.o[0m
[23.025s] [ 34%] [32mBuilding CXX object CMakeFiles/unitree_go__rosidl_typesupport_c.dir/rosidl_typesupport_c/unitree_go/msg/res__type_support.cpp.o[0m
[23.057s] [ 35%] [32mBuilding C object CMakeFiles/unitree_go__rosidl_typesupport_introspection_c.dir/rosidl_typesupport_introspection_c/unitree_go/msg/detail/bms_cmd__type_support.c.o[0m
[23.167s] [ 35%] [32mBuilding CXX object CMakeFiles/unitree_go__rosidl_typesupport_cpp.dir/rosidl_typesupport_cpp/unitree_go/msg/path_point__type_support.cpp.o[0m
[23.244s] [ 35%] [32mBuilding C object CMakeFiles/unitree_go__rosidl_typesupport_introspection_c.dir/rosidl_typesupport_introspection_c/unitree_go/msg/detail/bms_state__type_support.c.o[0m
[23.278s] [ 36%] [32mBuilding CXX object CMakeFiles/unitree_go__rosidl_typesupport_c.dir/rosidl_typesupport_c/unitree_go/msg/sport_mode_cmd__type_support.cpp.o[0m
[23.507s] [ 36%] [32mBuilding CXX object CMakeFiles/unitree_go__rosidl_typesupport_c.dir/rosidl_typesupport_c/unitree_go/msg/sport_mode_state__type_support.cpp.o[0m
[23.587s] [ 37%] [32mBuilding C object CMakeFiles/unitree_go__rosidl_typesupport_introspection_c.dir/rosidl_typesupport_introspection_c/unitree_go/msg/detail/error__type_support.c.o[0m
[23.624s] [ 38%] [32mBuilding CXX object CMakeFiles/unitree_go__rosidl_typesupport_introspection_cpp.dir/rosidl_typesupport_introspection_cpp/unitree_go/msg/detail/imu_state__type_support.cpp.o[0m
[23.768s] [ 39%] [32mBuilding CXX object CMakeFiles/unitree_go__rosidl_typesupport_c.dir/rosidl_typesupport_c/unitree_go/msg/time_spec__type_support.cpp.o[0m
[23.854s] [ 39%] [32mBuilding C object CMakeFiles/unitree_go__rosidl_typesupport_introspection_c.dir/rosidl_typesupport_introspection_c/unitree_go/msg/detail/height_map__type_support.c.o[0m
[23.876s] [ 40%] [32mBuilding CXX object CMakeFiles/unitree_go__rosidl_typesupport_fastrtps_cpp.dir/rosidl_typesupport_fastrtps_cpp/unitree_go/msg/detail/dds_fastrtps/error__type_support.cpp.o[0m
[23.975s] [ 40%] [32mBuilding CXX object CMakeFiles/unitree_go__rosidl_typesupport_c.dir/rosidl_typesupport_c/unitree_go/msg/uwb_state__type_support.cpp.o[0m
[24.091s] [ 41%] [32mBuilding C object CMakeFiles/unitree_go__rosidl_typesupport_introspection_c.dir/rosidl_typesupport_introspection_c/unitree_go/msg/detail/imu_state__type_support.c.o[0m
[24.146s] [ 42%] [32mBuilding CXX object CMakeFiles/unitree_go__rosidl_typesupport_c.dir/rosidl_typesupport_c/unitree_go/msg/uwb_switch__type_support.cpp.o[0m
[24.251s] [ 42%] [32mBuilding C object CMakeFiles/unitree_go__rosidl_typesupport_introspection_c.dir/rosidl_typesupport_introspection_c/unitree_go/msg/detail/interface_config__type_support.c.o[0m
[24.332s] [ 42%] [32mBuilding CXX object CMakeFiles/unitree_go__rosidl_typesupport_c.dir/rosidl_typesupport_c/unitree_go/msg/wireless_controller__type_support.cpp.o[0m
[24.353s] [ 43%] [32mBuilding C object CMakeFiles/unitree_go__rosidl_typesupport_introspection_c.dir/rosidl_typesupport_introspection_c/unitree_go/msg/detail/lidar_state__type_support.c.o[0m
[24.490s] [ 44%] [32mBuilding CXX object CMakeFiles/unitree_go__rosidl_typesupport_cpp.dir/rosidl_typesupport_cpp/unitree_go/msg/req__type_support.cpp.o[0m
[24.509s] [ 44%] [32mBuilding C object CMakeFiles/unitree_go__rosidl_typesupport_introspection_c.dir/rosidl_typesupport_introspection_c/unitree_go/msg/detail/low_cmd__type_support.c.o[0m
[24.545s] [ 44%] [32mBuilding CXX object CMakeFiles/unitree_go__rosidl_typesupport_fastrtps_cpp.dir/rosidl_typesupport_fastrtps_cpp/unitree_go/msg/detail/dds_fastrtps/height_map__type_support.cpp.o[0m
[24.605s] [ 45%] [32mBuilding C object CMakeFiles/unitree_go__rosidl_typesupport_introspection_c.dir/rosidl_typesupport_introspection_c/unitree_go/msg/detail/low_state__type_support.c.o[0m
[24.609s] [ 46%] [32m[1mLinking CXX shared library libunitree_go__rosidl_typesupport_c.so[0m
[24.754s] [ 46%] [32mBuilding CXX object CMakeFiles/unitree_go__rosidl_typesupport_introspection_cpp.dir/rosidl_typesupport_introspection_cpp/unitree_go/msg/detail/interface_config__type_support.cpp.o[0m
[24.808s] [ 46%] [32mBuilding C object CMakeFiles/unitree_go__rosidl_typesupport_introspection_c.dir/rosidl_typesupport_introspection_c/unitree_go/msg/detail/motor_cmd__type_support.c.o[0m
[24.862s] [ 47%] [32mBuilding C object CMakeFiles/unitree_go__rosidl_typesupport_introspection_c.dir/rosidl_typesupport_introspection_c/unitree_go/msg/detail/motor_cmds__type_support.c.o[0m
[24.930s] [ 47%] Built target unitree_go__rosidl_typesupport_c
[24.996s] [ 48%] [32mBuilding CXX object CMakeFiles/unitree_go__rosidl_typesupport_introspection_cpp.dir/rosidl_typesupport_introspection_cpp/unitree_go/msg/detail/lidar_state__type_support.cpp.o[0m
[25.034s] [ 48%] [32mBuilding C object CMakeFiles/unitree_go__rosidl_typesupport_introspection_c.dir/rosidl_typesupport_introspection_c/unitree_go/msg/detail/motor_state__type_support.c.o[0m
[25.093s] [ 49%] [32mBuilding CXX object CMakeFiles/unitree_go__rosidl_typesupport_fastrtps_cpp.dir/rosidl_typesupport_fastrtps_cpp/unitree_go/msg/detail/dds_fastrtps/imu_state__type_support.cpp.o[0m
[25.252s] [ 49%] [32mBuilding CXX object CMakeFiles/unitree_go__rosidl_typesupport_fastrtps_cpp.dir/rosidl_typesupport_fastrtps_cpp/unitree_go/msg/detail/dds_fastrtps/interface_config__type_support.cpp.o[0m
[25.258s] [ 50%] [32mBuilding C object CMakeFiles/unitree_go__rosidl_typesupport_introspection_c.dir/rosidl_typesupport_introspection_c/unitree_go/msg/detail/motor_states__type_support.c.o[0m
[25.392s] [ 50%] [32mBuilding C object CMakeFiles/unitree_go__rosidl_typesupport_introspection_c.dir/rosidl_typesupport_introspection_c/unitree_go/msg/detail/path_point__type_support.c.o[0m
[25.508s] [ 51%] [32mBuilding C object CMakeFiles/unitree_go__rosidl_typesupport_introspection_c.dir/rosidl_typesupport_introspection_c/unitree_go/msg/detail/req__type_support.c.o[0m
[25.682s] [ 51%] [32mBuilding C object CMakeFiles/unitree_go__rosidl_typesupport_introspection_c.dir/rosidl_typesupport_introspection_c/unitree_go/msg/detail/res__type_support.c.o[0m
[25.758s] [ 52%] [32mBuilding C object CMakeFiles/unitree_go__rosidl_typesupport_introspection_c.dir/rosidl_typesupport_introspection_c/unitree_go/msg/detail/sport_mode_cmd__type_support.c.o[0m
[25.918s] [ 52%] [32mBuilding CXX object CMakeFiles/unitree_go__rosidl_typesupport_introspection_cpp.dir/rosidl_typesupport_introspection_cpp/unitree_go/msg/detail/low_cmd__type_support.cpp.o[0m
[25.938s] [ 52%] [32mBuilding CXX object CMakeFiles/unitree_go__rosidl_typesupport_cpp.dir/rosidl_typesupport_cpp/unitree_go/msg/res__type_support.cpp.o[0m
[26.029s] [ 53%] [32mBuilding C object CMakeFiles/unitree_go__rosidl_typesupport_introspection_c.dir/rosidl_typesupport_introspection_c/unitree_go/msg/detail/time_spec__type_support.c.o[0m
[26.043s] [ 53%] [32mBuilding C object CMakeFiles/unitree_go__rosidl_typesupport_introspection_c.dir/rosidl_typesupport_introspection_c/unitree_go/msg/detail/sport_mode_state__type_support.c.o[0m
[26.312s] [ 53%] [32mBuilding C object CMakeFiles/unitree_go__rosidl_typesupport_introspection_c.dir/rosidl_typesupport_introspection_c/unitree_go/msg/detail/uwb_state__type_support.c.o[0m
[26.490s] [ 54%] [32mBuilding C object CMakeFiles/unitree_go__rosidl_typesupport_introspection_c.dir/rosidl_typesupport_introspection_c/unitree_go/msg/detail/uwb_switch__type_support.c.o[0m
[26.738s] [ 54%] [32mBuilding C object CMakeFiles/unitree_go__rosidl_typesupport_introspection_c.dir/rosidl_typesupport_introspection_c/unitree_go/msg/detail/wireless_controller__type_support.c.o[0m
[26.852s] [ 54%] [32mBuilding CXX object CMakeFiles/unitree_go__rosidl_typesupport_fastrtps_cpp.dir/rosidl_typesupport_fastrtps_cpp/unitree_go/msg/detail/dds_fastrtps/low_cmd__type_support.cpp.o[0m
[26.901s] [ 55%] [32m[1mLinking C shared library libunitree_go__rosidl_typesupport_introspection_c.so[0m
[26.915s] [ 55%] [32mBuilding CXX object CMakeFiles/unitree_go__rosidl_typesupport_cpp.dir/rosidl_typesupport_cpp/unitree_go/msg/sport_mode_state__type_support.cpp.o[0m
[27.094s] [ 55%] Built target unitree_go__rosidl_typesupport_introspection_c
[27.197s] [ 55%] [32mBuilding CXX object CMakeFiles/unitree_go__rosidl_typesupport_introspection_cpp.dir/rosidl_typesupport_introspection_cpp/unitree_go/msg/detail/motor_cmd__type_support.cpp.o[0m
[27.526s] [ 55%] [32mBuilding CXX object CMakeFiles/unitree_go__rosidl_typesupport_cpp.dir/rosidl_typesupport_cpp/unitree_go/msg/uwb_state__type_support.cpp.o[0m
[27.685s] [ 56%] [32mBuilding CXX object CMakeFiles/unitree_go__rosidl_typesupport_fastrtps_cpp.dir/rosidl_typesupport_fastrtps_cpp/unitree_go/msg/detail/dds_fastrtps/lidar_state__type_support.cpp.o[0m
[27.858s] [ 57%] [32mBuilding CXX object CMakeFiles/unitree_go__rosidl_typesupport_introspection_cpp.dir/rosidl_typesupport_introspection_cpp/unitree_go/msg/detail/motor_cmds__type_support.cpp.o[0m
[28.068s] [ 57%] [32mBuilding CXX object CMakeFiles/unitree_go__rosidl_typesupport_cpp.dir/rosidl_typesupport_cpp/unitree_go/msg/wireless_controller__type_support.cpp.o[0m
[28.447s] [ 58%] [32mBuilding CXX object CMakeFiles/unitree_go__rosidl_typesupport_introspection_cpp.dir/rosidl_typesupport_introspection_cpp/unitree_go/msg/detail/low_state__type_support.cpp.o[0m
[28.485s] [ 58%] [32mBuilding CXX object CMakeFiles/unitree_go__rosidl_typesupport_fastrtps_cpp.dir/rosidl_typesupport_fastrtps_cpp/unitree_go/msg/detail/dds_fastrtps/motor_cmd__type_support.cpp.o[0m
[28.556s] [ 59%] [32mBuilding CXX object CMakeFiles/unitree_go__rosidl_typesupport_cpp.dir/rosidl_typesupport_cpp/unitree_go/msg/uwb_switch__type_support.cpp.o[0m
[29.065s] [ 59%] [32mBuilding CXX object CMakeFiles/unitree_go__rosidl_typesupport_introspection_cpp.dir/rosidl_typesupport_introspection_cpp/unitree_go/msg/detail/motor_state__type_support.cpp.o[0m
[29.148s] [ 60%] [32mBuilding CXX object CMakeFiles/unitree_go__rosidl_typesupport_cpp.dir/rosidl_typesupport_cpp/unitree_go/msg/time_spec__type_support.cpp.o[0m
[29.254s] [ 61%] [32mBuilding CXX object CMakeFiles/unitree_go__rosidl_typesupport_fastrtps_cpp.dir/rosidl_typesupport_fastrtps_cpp/unitree_go/msg/detail/dds_fastrtps/motor_states__type_support.cpp.o[0m
[29.585s] [ 62%] [32mBuilding CXX object CMakeFiles/unitree_go__rosidl_typesupport_introspection_cpp.dir/rosidl_typesupport_introspection_cpp/unitree_go/msg/detail/motor_states__type_support.cpp.o[0m
[29.638s] [ 63%] [32mBuilding CXX object CMakeFiles/unitree_go__rosidl_typesupport_cpp.dir/rosidl_typesupport_cpp/unitree_go/msg/sport_mode_cmd__type_support.cpp.o[0m
[30.069s] [ 64%] [32mBuilding CXX object CMakeFiles/unitree_go__rosidl_typesupport_fastrtps_cpp.dir/rosidl_typesupport_fastrtps_cpp/unitree_go/msg/detail/dds_fastrtps/req__type_support.cpp.o[0m
[30.133s] [ 65%] [32m[1mLinking CXX shared library libunitree_go__rosidl_typesupport_cpp.so[0m
[30.237s] [ 65%] Built target unitree_go__rosidl_typesupport_cpp
[30.276s] [ 65%] [32mBuilding CXX object CMakeFiles/unitree_go__rosidl_typesupport_introspection_cpp.dir/rosidl_typesupport_introspection_cpp/unitree_go/msg/detail/path_point__type_support.cpp.o[0m
[30.759s] [ 66%] [32mBuilding CXX object CMakeFiles/unitree_go__rosidl_typesupport_introspection_cpp.dir/rosidl_typesupport_introspection_cpp/unitree_go/msg/detail/req__type_support.cpp.o[0m
[30.796s] [ 67%] [32mBuilding CXX object CMakeFiles/unitree_go__rosidl_typesupport_fastrtps_cpp.dir/rosidl_typesupport_fastrtps_cpp/unitree_go/msg/detail/dds_fastrtps/sport_mode_cmd__type_support.cpp.o[0m
[31.242s] [ 67%] [32mBuilding CXX object CMakeFiles/unitree_go__rosidl_typesupport_introspection_cpp.dir/rosidl_typesupport_introspection_cpp/unitree_go/msg/detail/res__type_support.cpp.o[0m
[31.541s] [ 67%] [32mBuilding CXX object CMakeFiles/unitree_go__rosidl_typesupport_fastrtps_cpp.dir/rosidl_typesupport_fastrtps_cpp/unitree_go/msg/detail/dds_fastrtps/sport_mode_state__type_support.cpp.o[0m
[31.796s] [ 68%] [32mBuilding CXX object CMakeFiles/unitree_go__rosidl_typesupport_introspection_cpp.dir/rosidl_typesupport_introspection_cpp/unitree_go/msg/detail/sport_mode_cmd__type_support.cpp.o[0m
[32.272s] [ 69%] [32mBuilding CXX object CMakeFiles/unitree_go__rosidl_typesupport_fastrtps_cpp.dir/rosidl_typesupport_fastrtps_cpp/unitree_go/msg/detail/dds_fastrtps/time_spec__type_support.cpp.o[0m
[32.297s] [ 69%] [32mBuilding CXX object CMakeFiles/unitree_go__rosidl_typesupport_introspection_cpp.dir/rosidl_typesupport_introspection_cpp/unitree_go/msg/detail/sport_mode_state__type_support.cpp.o[0m
[32.797s] [ 70%] [32mBuilding CXX object CMakeFiles/unitree_go__rosidl_typesupport_introspection_cpp.dir/rosidl_typesupport_introspection_cpp/unitree_go/msg/detail/time_spec__type_support.cpp.o[0m
[32.956s] [ 70%] [32mBuilding CXX object CMakeFiles/unitree_go__rosidl_typesupport_fastrtps_cpp.dir/rosidl_typesupport_fastrtps_cpp/unitree_go/msg/detail/dds_fastrtps/uwb_state__type_support.cpp.o[0m
[33.252s] [ 70%] [32mBuilding CXX object CMakeFiles/unitree_go__rosidl_typesupport_introspection_cpp.dir/rosidl_typesupport_introspection_cpp/unitree_go/msg/detail/uwb_state__type_support.cpp.o[0m
[33.668s] [ 71%] [32mBuilding CXX object CMakeFiles/unitree_go__rosidl_typesupport_fastrtps_cpp.dir/rosidl_typesupport_fastrtps_cpp/unitree_go/msg/detail/dds_fastrtps/uwb_switch__type_support.cpp.o[0m
[33.723s] [ 72%] [32mBuilding CXX object CMakeFiles/unitree_go__rosidl_typesupport_introspection_cpp.dir/rosidl_typesupport_introspection_cpp/unitree_go/msg/detail/uwb_switch__type_support.cpp.o[0m
[34.172s] [ 72%] [32mBuilding CXX object CMakeFiles/unitree_go__rosidl_typesupport_introspection_cpp.dir/rosidl_typesupport_introspection_cpp/unitree_go/msg/detail/wireless_controller__type_support.cpp.o[0m
[34.361s] [ 72%] [32mBuilding CXX object CMakeFiles/unitree_go__rosidl_typesupport_fastrtps_cpp.dir/rosidl_typesupport_fastrtps_cpp/unitree_go/msg/detail/dds_fastrtps/wireless_controller__type_support.cpp.o[0m
[34.651s] [ 73%] [32m[1mLinking CXX shared library libunitree_go__rosidl_typesupport_introspection_cpp.so[0m
[34.838s] [ 73%] Built target unitree_go__rosidl_typesupport_introspection_cpp
[35.074s] [ 73%] [32mBuilding CXX object CMakeFiles/unitree_go__rosidl_typesupport_fastrtps_cpp.dir/rosidl_typesupport_fastrtps_cpp/unitree_go/msg/detail/dds_fastrtps/res__type_support.cpp.o[0m
[35.959s] [ 73%] [32mBuilding CXX object CMakeFiles/unitree_go__rosidl_typesupport_fastrtps_cpp.dir/rosidl_typesupport_fastrtps_cpp/unitree_go/msg/detail/dds_fastrtps/path_point__type_support.cpp.o[0m
[36.648s] [ 74%] [32mBuilding CXX object CMakeFiles/unitree_go__rosidl_typesupport_fastrtps_cpp.dir/rosidl_typesupport_fastrtps_cpp/unitree_go/msg/detail/dds_fastrtps/motor_state__type_support.cpp.o[0m
[36.649s] [ 75%] [32mBuilding CXX object CMakeFiles/unitree_go__rosidl_typesupport_fastrtps_cpp.dir/rosidl_typesupport_fastrtps_cpp/unitree_go/msg/detail/dds_fastrtps/low_state__type_support.cpp.o[0m
[36.649s] [ 75%] [32mBuilding CXX object CMakeFiles/unitree_go__rosidl_typesupport_fastrtps_cpp.dir/rosidl_typesupport_fastrtps_cpp/unitree_go/msg/detail/dds_fastrtps/motor_cmds__type_support.cpp.o[0m
[37.453s] [ 76%] [32m[1mLinking CXX shared library libunitree_go__rosidl_typesupport_fastrtps_cpp.so[0m
[37.633s] [ 76%] Built target unitree_go__rosidl_typesupport_fastrtps_cpp
[37.657s] [ 76%] [34m[1mGenerating C type support for eProsima Fast-RTPS[0m
[39.959s] [35m[1mScanning dependencies of target unitree_go__rosidl_typesupport_fastrtps_c[0m
[40.022s] [ 77%] [32mBuilding CXX object CMakeFiles/unitree_go__rosidl_typesupport_fastrtps_c.dir/rosidl_typesupport_fastrtps_c/unitree_go/msg/detail/bms_state__type_support_c.cpp.o[0m
[40.022s] [ 77%] [32mBuilding CXX object CMakeFiles/unitree_go__rosidl_typesupport_fastrtps_c.dir/rosidl_typesupport_fastrtps_c/unitree_go/msg/detail/audio_data__type_support_c.cpp.o[0m
[40.022s] [ 77%] [32mBuilding CXX object CMakeFiles/unitree_go__rosidl_typesupport_fastrtps_c.dir/rosidl_typesupport_fastrtps_c/unitree_go/msg/detail/bms_cmd__type_support_c.cpp.o[0m
[40.587s] [ 78%] [32mBuilding CXX object CMakeFiles/unitree_go__rosidl_typesupport_fastrtps_c.dir/rosidl_typesupport_fastrtps_c/unitree_go/msg/detail/interface_config__type_support_c.cpp.o[0m
[40.587s] [ 78%] [32mBuilding CXX object CMakeFiles/unitree_go__rosidl_typesupport_fastrtps_c.dir/rosidl_typesupport_fastrtps_c/unitree_go/msg/detail/lidar_state__type_support_c.cpp.o[0m
[40.590s] [ 78%] [32mBuilding CXX object CMakeFiles/unitree_go__rosidl_typesupport_fastrtps_c.dir/rosidl_typesupport_fastrtps_c/unitree_go/msg/detail/low_cmd__type_support_c.cpp.o[0m
[40.629s] [ 79%] [32mBuilding CXX object CMakeFiles/unitree_go__rosidl_typesupport_fastrtps_c.dir/rosidl_typesupport_fastrtps_c/unitree_go/msg/detail/low_state__type_support_c.cpp.o[0m
[41.196s] [ 79%] [32mBuilding CXX object CMakeFiles/unitree_go__rosidl_typesupport_fastrtps_c.dir/rosidl_typesupport_fastrtps_c/unitree_go/msg/detail/motor_cmd__type_support_c.cpp.o[0m
[41.197s] [ 79%] [32mBuilding CXX object CMakeFiles/unitree_go__rosidl_typesupport_fastrtps_c.dir/rosidl_typesupport_fastrtps_c/unitree_go/msg/detail/height_map__type_support_c.cpp.o[0m
[41.197s] [ 80%] [32mBuilding CXX object CMakeFiles/unitree_go__rosidl_typesupport_fastrtps_c.dir/rosidl_typesupport_fastrtps_c/unitree_go/msg/detail/imu_state__type_support_c.cpp.o[0m
[41.244s] [ 80%] [32mBuilding CXX object CMakeFiles/unitree_go__rosidl_typesupport_fastrtps_c.dir/rosidl_typesupport_fastrtps_c/unitree_go/msg/detail/motor_state__type_support_c.cpp.o[0m
[41.250s] [ 81%] [32mBuilding CXX object CMakeFiles/unitree_go__rosidl_typesupport_fastrtps_c.dir/rosidl_typesupport_fastrtps_c/unitree_go/msg/detail/motor_states__type_support_c.cpp.o[0m
[41.796s] [ 82%] [32mBuilding CXX object CMakeFiles/unitree_go__rosidl_typesupport_fastrtps_c.dir/rosidl_typesupport_fastrtps_c/unitree_go/msg/detail/path_point__type_support_c.cpp.o[0m
[41.797s] [ 82%] [32mBuilding CXX object CMakeFiles/unitree_go__rosidl_typesupport_fastrtps_c.dir/rosidl_typesupport_fastrtps_c/unitree_go/msg/detail/req__type_support_c.cpp.o[0m
[41.831s] [ 82%] [32mBuilding CXX object CMakeFiles/unitree_go__rosidl_typesupport_fastrtps_c.dir/rosidl_typesupport_fastrtps_c/unitree_go/msg/detail/res__type_support_c.cpp.o[0m
[41.864s] [ 83%] [32mBuilding CXX object CMakeFiles/unitree_go__rosidl_typesupport_fastrtps_c.dir/rosidl_typesupport_fastrtps_c/unitree_go/msg/detail/sport_mode_cmd__type_support_c.cpp.o[0m
[41.869s] [ 83%] [32mBuilding CXX object CMakeFiles/unitree_go__rosidl_typesupport_fastrtps_c.dir/rosidl_typesupport_fastrtps_c/unitree_go/msg/detail/sport_mode_state__type_support_c.cpp.o[0m
[42.401s] [ 84%] [32mBuilding CXX object CMakeFiles/unitree_go__rosidl_typesupport_fastrtps_c.dir/rosidl_typesupport_fastrtps_c/unitree_go/msg/detail/motor_cmds__type_support_c.cpp.o[0m
[42.403s] [ 85%] [32mBuilding CXX object CMakeFiles/unitree_go__rosidl_typesupport_fastrtps_c.dir/rosidl_typesupport_fastrtps_c/unitree_go/msg/detail/time_spec__type_support_c.cpp.o[0m
[42.409s] [ 85%] [32mBuilding CXX object CMakeFiles/unitree_go__rosidl_typesupport_fastrtps_c.dir/rosidl_typesupport_fastrtps_c/unitree_go/msg/detail/uwb_state__type_support_c.cpp.o[0m
[42.502s] [ 86%] [32mBuilding CXX object CMakeFiles/unitree_go__rosidl_typesupport_fastrtps_c.dir/rosidl_typesupport_fastrtps_c/unitree_go/msg/detail/uwb_switch__type_support_c.cpp.o[0m
[42.512s] [ 86%] [32mBuilding CXX object CMakeFiles/unitree_go__rosidl_typesupport_fastrtps_c.dir/rosidl_typesupport_fastrtps_c/unitree_go/msg/detail/wireless_controller__type_support_c.cpp.o[0m
[42.522s] [ 87%] [32mBuilding CXX object CMakeFiles/unitree_go__rosidl_typesupport_fastrtps_c.dir/rosidl_typesupport_fastrtps_c/unitree_go/msg/detail/error__type_support_c.cpp.o[0m
[43.167s] [ 88%] [32m[1mLinking CXX shared library libunitree_go__rosidl_typesupport_fastrtps_c.so[0m
[43.341s] [ 88%] Built target unitree_go__rosidl_typesupport_fastrtps_c
[43.363s] [35m[1mScanning dependencies of target unitree_go[0m
[43.388s] [ 88%] Built target unitree_go
[43.411s] [35m[1mScanning dependencies of target unitree_go__py[0m
[43.437s] [ 89%] [34m[1mGenerating Python code for ROS interfaces[0m
[48.079s] [ 89%] Built target unitree_go__py
[48.102s] [35m[1mScanning dependencies of target unitree_go__python[0m
[48.191s] [ 91%] [32mBuilding C object CMakeFiles/unitree_go__python.dir/rosidl_generator_py/unitree_go/msg/_audio_data_s.c.o[0m
[48.191s] [ 91%] [32mBuilding C object CMakeFiles/unitree_go__python.dir/rosidl_generator_py/unitree_go/msg/_bms_cmd_s.c.o[0m
[48.192s] [ 91%] [32mBuilding C object CMakeFiles/unitree_go__python.dir/rosidl_generator_py/unitree_go/msg/_bms_state_s.c.o[0m
[48.192s] [ 91%] [32mBuilding C object CMakeFiles/unitree_go__python.dir/rosidl_generator_py/unitree_go/msg/_error_s.c.o[0m
[48.193s] [ 91%] [32mBuilding C object CMakeFiles/unitree_go__python.dir/rosidl_generator_py/unitree_go/msg/_height_map_s.c.o[0m
[48.354s] [ 92%] [32mBuilding C object CMakeFiles/unitree_go__python.dir/rosidl_generator_py/unitree_go/msg/_low_cmd_s.c.o[0m
[48.354s] [ 93%] [32mBuilding C object CMakeFiles/unitree_go__python.dir/rosidl_generator_py/unitree_go/msg/_low_state_s.c.o[0m
[48.355s] [ 93%] [32mBuilding C object CMakeFiles/unitree_go__python.dir/rosidl_generator_py/unitree_go/msg/_lidar_state_s.c.o[0m
[48.375s] [ 93%] [32mBuilding C object CMakeFiles/unitree_go__python.dir/rosidl_generator_py/unitree_go/msg/_motor_cmd_s.c.o[0m
[48.387s] [ 94%] [32mBuilding C object CMakeFiles/unitree_go__python.dir/rosidl_generator_py/unitree_go/msg/_motor_cmds_s.c.o[0m
[48.549s] [ 94%] [32mBuilding C object CMakeFiles/unitree_go__python.dir/rosidl_generator_py/unitree_go/msg/_motor_state_s.c.o[0m
[48.552s] [ 95%] [32mBuilding C object CMakeFiles/unitree_go__python.dir/rosidl_generator_py/unitree_go/msg/_motor_states_s.c.o[0m
[48.557s] [ 95%] [32mBuilding C object CMakeFiles/unitree_go__python.dir/rosidl_generator_py/unitree_go/msg/_path_point_s.c.o[0m
[48.562s] [ 96%] [32mBuilding C object CMakeFiles/unitree_go__python.dir/rosidl_generator_py/unitree_go/msg/_req_s.c.o[0m
[48.589s] [ 96%] [32mBuilding C object CMakeFiles/unitree_go__python.dir/rosidl_generator_py/unitree_go/msg/_res_s.c.o[0m
[48.713s] [ 97%] [32mBuilding C object CMakeFiles/unitree_go__python.dir/rosidl_generator_py/unitree_go/msg/_sport_mode_cmd_s.c.o[0m
[48.721s] [ 97%] [32mBuilding C object CMakeFiles/unitree_go__python.dir/rosidl_generator_py/unitree_go/msg/_sport_mode_state_s.c.o[0m
[48.725s] [ 98%] [32mBuilding C object CMakeFiles/unitree_go__python.dir/rosidl_generator_py/unitree_go/msg/_interface_config_s.c.o[0m
[48.726s] [ 98%] [32mBuilding C object CMakeFiles/unitree_go__python.dir/rosidl_generator_py/unitree_go/msg/_time_spec_s.c.o[0m
[48.785s] [ 99%] [32mBuilding C object CMakeFiles/unitree_go__python.dir/rosidl_generator_py/unitree_go/msg/_uwb_switch_s.c.o[0m
[48.891s] [ 99%] [32mBuilding C object CMakeFiles/unitree_go__python.dir/rosidl_generator_py/unitree_go/msg/_wireless_controller_s.c.o[0m
[48.894s] [ 99%] [32mBuilding C object CMakeFiles/unitree_go__python.dir/rosidl_generator_py/unitree_go/msg/_uwb_state_s.c.o[0m
[48.912s] [100%] [32mBuilding C object CMakeFiles/unitree_go__python.dir/rosidl_generator_py/unitree_go/msg/_imu_state_s.c.o[0m
[49.094s] [100%] [32m[1mLinking C shared library rosidl_generator_py/unitree_go/libunitree_go__python.so[0m
[49.189s] [100%] Built target unitree_go__python
[49.212s] [35m[1mScanning dependencies of target unitree_go__rosidl_typesupport_c__pyext[0m
[49.212s] [35m[1mScanning dependencies of target unitree_go__rosidl_typesupport_introspection_c__pyext[0m
[49.213s] [35m[1mScanning dependencies of target unitree_go__rosidl_typesupport_fastrtps_c__pyext[0m
[49.253s] [100%] [32mBuilding C object CMakeFiles/unitree_go__rosidl_typesupport_c__pyext.dir/rosidl_generator_py/unitree_go/_unitree_go_s.ep.rosidl_typesupport_c.c.o[0m
[49.254s] [100%] [32mBuilding C object CMakeFiles/unitree_go__rosidl_typesupport_introspection_c__pyext.dir/rosidl_generator_py/unitree_go/_unitree_go_s.ep.rosidl_typesupport_introspection_c.c.o[0m
[49.254s] [100%] [32mBuilding C object CMakeFiles/unitree_go__rosidl_typesupport_fastrtps_c__pyext.dir/rosidl_generator_py/unitree_go/_unitree_go_s.ep.rosidl_typesupport_fastrtps_c.c.o[0m
[49.501s] [100%] [32m[1mLinking C shared library rosidl_generator_py/unitree_go/unitree_go_s__rosidl_typesupport_introspection_c.cpython-38-aarch64-linux-gnu.so[0m
[49.517s] [100%] [32m[1mLinking C shared library rosidl_generator_py/unitree_go/unitree_go_s__rosidl_typesupport_c.cpython-38-aarch64-linux-gnu.so[0m
[49.533s] [100%] [32m[1mLinking CXX shared library rosidl_generator_py/unitree_go/unitree_go_s__rosidl_typesupport_fastrtps_c.cpython-38-aarch64-linux-gnu.so[0m
[49.587s] [100%] Built target unitree_go__rosidl_typesupport_introspection_c__pyext
[49.595s] [100%] Built target unitree_go__rosidl_typesupport_c__pyext
[49.655s] [100%] Built target unitree_go__rosidl_typesupport_fastrtps_c__pyext
[49.687s] Invoked command in '/home/unitree/go2_ws/build/unitree_go' returned '0': CMAKE_PREFIX_PATH=${CMAKE_PREFIX_PATH}:/opt/ros/foxy /usr/bin/cmake --build /home/unitree/go2_ws/build/unitree_go -- -j8 -l8
[49.695s] Invoking command in '/home/unitree/go2_ws/build/unitree_go': CMAKE_PREFIX_PATH=${CMAKE_PREFIX_PATH}:/opt/ros/foxy /usr/bin/cmake --install /home/unitree/go2_ws/build/unitree_go
[49.716s] -- Install configuration: ""
[49.716s] -- Execute custom install script
[49.717s] -- Symlinking: /home/unitree/go2_ws/install/unitree_go/share/ament_index/resource_index/rosidl_interfaces/unitree_go
[49.739s] -- Symlinking: /home/unitree/go2_ws/install/unitree_go/include/unitree_go/msg/audio_data.h
[49.758s] -- Symlinking: /home/unitree/go2_ws/install/unitree_go/include/unitree_go/msg/bms_cmd.h
[49.778s] -- Symlinking: /home/unitree/go2_ws/install/unitree_go/include/unitree_go/msg/bms_state.h
[49.798s] -- Symlinking: /home/unitree/go2_ws/install/unitree_go/include/unitree_go/msg/detail/audio_data__functions.h
[49.818s] -- Symlinking: /home/unitree/go2_ws/install/unitree_go/include/unitree_go/msg/detail/audio_data__struct.h
[49.838s] -- Symlinking: /home/unitree/go2_ws/install/unitree_go/include/unitree_go/msg/detail/audio_data__type_support.h
[49.858s] -- Symlinking: /home/unitree/go2_ws/install/unitree_go/include/unitree_go/msg/detail/bms_cmd__functions.h
[49.879s] -- Symlinking: /home/unitree/go2_ws/install/unitree_go/include/unitree_go/msg/detail/bms_cmd__struct.h
[49.899s] -- Symlinking: /home/unitree/go2_ws/install/unitree_go/include/unitree_go/msg/detail/bms_cmd__type_support.h
[49.920s] -- Symlinking: /home/unitree/go2_ws/install/unitree_go/include/unitree_go/msg/detail/bms_state__functions.h
[49.939s] -- Symlinking: /home/unitree/go2_ws/install/unitree_go/include/unitree_go/msg/detail/bms_state__struct.h
[49.958s] -- Symlinking: /home/unitree/go2_ws/install/unitree_go/include/unitree_go/msg/detail/bms_state__type_support.h
[49.979s] -- Symlinking: /home/unitree/go2_ws/install/unitree_go/include/unitree_go/msg/detail/error__functions.h
[49.999s] -- Symlinking: /home/unitree/go2_ws/install/unitree_go/include/unitree_go/msg/detail/error__struct.h
[50.019s] -- Symlinking: /home/unitree/go2_ws/install/unitree_go/include/unitree_go/msg/detail/error__type_support.h
[50.038s] -- Symlinking: /home/unitree/go2_ws/install/unitree_go/include/unitree_go/msg/detail/height_map__functions.h
[50.060s] -- Symlinking: /home/unitree/go2_ws/install/unitree_go/include/unitree_go/msg/detail/height_map__struct.h
[50.080s] -- Symlinking: /home/unitree/go2_ws/install/unitree_go/include/unitree_go/msg/detail/height_map__type_support.h
[50.099s] -- Symlinking: /home/unitree/go2_ws/install/unitree_go/include/unitree_go/msg/detail/imu_state__functions.h
[50.119s] -- Symlinking: /home/unitree/go2_ws/install/unitree_go/include/unitree_go/msg/detail/imu_state__struct.h
[50.138s] -- Symlinking: /home/unitree/go2_ws/install/unitree_go/include/unitree_go/msg/detail/imu_state__type_support.h
[50.159s] -- Symlinking: /home/unitree/go2_ws/install/unitree_go/include/unitree_go/msg/detail/interface_config__functions.h
[50.180s] -- Symlinking: /home/unitree/go2_ws/install/unitree_go/include/unitree_go/msg/detail/interface_config__struct.h
[50.200s] -- Symlinking: /home/unitree/go2_ws/install/unitree_go/include/unitree_go/msg/detail/interface_config__type_support.h
[50.220s] -- Symlinking: /home/unitree/go2_ws/install/unitree_go/include/unitree_go/msg/detail/lidar_state__functions.h
[50.239s] -- Symlinking: /home/unitree/go2_ws/install/unitree_go/include/unitree_go/msg/detail/lidar_state__struct.h
[50.259s] -- Symlinking: /home/unitree/go2_ws/install/unitree_go/include/unitree_go/msg/detail/lidar_state__type_support.h
[50.280s] -- Symlinking: /home/unitree/go2_ws/install/unitree_go/include/unitree_go/msg/detail/low_cmd__functions.h
[50.299s] -- Symlinking: /home/unitree/go2_ws/install/unitree_go/include/unitree_go/msg/detail/low_cmd__struct.h
[50.320s] -- Symlinking: /home/unitree/go2_ws/install/unitree_go/include/unitree_go/msg/detail/low_cmd__type_support.h
[50.339s] -- Symlinking: /home/unitree/go2_ws/install/unitree_go/include/unitree_go/msg/detail/low_state__functions.h
[50.359s] -- Symlinking: /home/unitree/go2_ws/install/unitree_go/include/unitree_go/msg/detail/low_state__struct.h
[50.380s] -- Symlinking: /home/unitree/go2_ws/install/unitree_go/include/unitree_go/msg/detail/low_state__type_support.h
[50.399s] -- Symlinking: /home/unitree/go2_ws/install/unitree_go/include/unitree_go/msg/detail/motor_cmd__functions.h
[50.419s] -- Symlinking: /home/unitree/go2_ws/install/unitree_go/include/unitree_go/msg/detail/motor_cmd__struct.h
[50.439s] -- Symlinking: /home/unitree/go2_ws/install/unitree_go/include/unitree_go/msg/detail/motor_cmd__type_support.h
[50.460s] -- Symlinking: /home/unitree/go2_ws/install/unitree_go/include/unitree_go/msg/detail/motor_cmds__functions.h
[50.479s] -- Symlinking: /home/unitree/go2_ws/install/unitree_go/include/unitree_go/msg/detail/motor_cmds__struct.h
[50.500s] -- Symlinking: /home/unitree/go2_ws/install/unitree_go/include/unitree_go/msg/detail/motor_cmds__type_support.h
[50.519s] -- Symlinking: /home/unitree/go2_ws/install/unitree_go/include/unitree_go/msg/detail/motor_state__functions.h
[50.540s] -- Symlinking: /home/unitree/go2_ws/install/unitree_go/include/unitree_go/msg/detail/motor_state__struct.h
[50.559s] -- Symlinking: /home/unitree/go2_ws/install/unitree_go/include/unitree_go/msg/detail/motor_state__type_support.h
[50.582s] -- Symlinking: /home/unitree/go2_ws/install/unitree_go/include/unitree_go/msg/detail/motor_states__functions.h
[50.604s] -- Symlinking: /home/unitree/go2_ws/install/unitree_go/include/unitree_go/msg/detail/motor_states__struct.h
[50.623s] -- Symlinking: /home/unitree/go2_ws/install/unitree_go/include/unitree_go/msg/detail/motor_states__type_support.h
[50.645s] -- Symlinking: /home/unitree/go2_ws/install/unitree_go/include/unitree_go/msg/detail/path_point__functions.h
[50.663s] -- Symlinking: /home/unitree/go2_ws/install/unitree_go/include/unitree_go/msg/detail/path_point__struct.h
[50.686s] -- Symlinking: /home/unitree/go2_ws/install/unitree_go/include/unitree_go/msg/detail/path_point__type_support.h
[50.708s] -- Symlinking: /home/unitree/go2_ws/install/unitree_go/include/unitree_go/msg/detail/req__functions.h
[50.726s] -- Symlinking: /home/unitree/go2_ws/install/unitree_go/include/unitree_go/msg/detail/req__struct.h
[50.748s] -- Symlinking: /home/unitree/go2_ws/install/unitree_go/include/unitree_go/msg/detail/req__type_support.h
[50.767s] -- Symlinking: /home/unitree/go2_ws/install/unitree_go/include/unitree_go/msg/detail/res__functions.h
[50.791s] -- Symlinking: /home/unitree/go2_ws/install/unitree_go/include/unitree_go/msg/detail/res__struct.h
[50.812s] -- Symlinking: /home/unitree/go2_ws/install/unitree_go/include/unitree_go/msg/detail/res__type_support.h
[50.834s] -- Symlinking: /home/unitree/go2_ws/install/unitree_go/include/unitree_go/msg/detail/sport_mode_cmd__functions.h
[50.858s] -- Symlinking: /home/unitree/go2_ws/install/unitree_go/include/unitree_go/msg/detail/sport_mode_cmd__struct.h
[50.882s] -- Symlinking: /home/unitree/go2_ws/install/unitree_go/include/unitree_go/msg/detail/sport_mode_cmd__type_support.h
[50.905s] -- Symlinking: /home/unitree/go2_ws/install/unitree_go/include/unitree_go/msg/detail/sport_mode_state__functions.h
[50.925s] -- Symlinking: /home/unitree/go2_ws/install/unitree_go/include/unitree_go/msg/detail/sport_mode_state__struct.h
[50.947s] -- Symlinking: /home/unitree/go2_ws/install/unitree_go/include/unitree_go/msg/detail/sport_mode_state__type_support.h
[50.966s] -- Symlinking: /home/unitree/go2_ws/install/unitree_go/include/unitree_go/msg/detail/time_spec__functions.h
[50.988s] -- Symlinking: /home/unitree/go2_ws/install/unitree_go/include/unitree_go/msg/detail/time_spec__struct.h
[51.008s] -- Symlinking: /home/unitree/go2_ws/install/unitree_go/include/unitree_go/msg/detail/time_spec__type_support.h
[51.029s] -- Symlinking: /home/unitree/go2_ws/install/unitree_go/include/unitree_go/msg/detail/uwb_state__functions.h
[51.051s] -- Symlinking: /home/unitree/go2_ws/install/unitree_go/include/unitree_go/msg/detail/uwb_state__struct.h
[51.073s] -- Symlinking: /home/unitree/go2_ws/install/unitree_go/include/unitree_go/msg/detail/uwb_state__type_support.h
[51.095s] -- Symlinking: /home/unitree/go2_ws/install/unitree_go/include/unitree_go/msg/detail/uwb_switch__functions.h
[51.115s] -- Symlinking: /home/unitree/go2_ws/install/unitree_go/include/unitree_go/msg/detail/uwb_switch__struct.h
[51.134s] -- Symlinking: /home/unitree/go2_ws/install/unitree_go/include/unitree_go/msg/detail/uwb_switch__type_support.h
[51.155s] -- Symlinking: /home/unitree/go2_ws/install/unitree_go/include/unitree_go/msg/detail/wireless_controller__functions.h
[51.176s] -- Symlinking: /home/unitree/go2_ws/install/unitree_go/include/unitree_go/msg/detail/wireless_controller__struct.h
[51.195s] -- Symlinking: /home/unitree/go2_ws/install/unitree_go/include/unitree_go/msg/detail/wireless_controller__type_support.h
[51.214s] -- Symlinking: /home/unitree/go2_ws/install/unitree_go/include/unitree_go/msg/error.h
[51.235s] -- Symlinking: /home/unitree/go2_ws/install/unitree_go/include/unitree_go/msg/height_map.h
[51.254s] -- Symlinking: /home/unitree/go2_ws/install/unitree_go/include/unitree_go/msg/imu_state.h
[51.275s] -- Symlinking: /home/unitree/go2_ws/install/unitree_go/include/unitree_go/msg/interface_config.h
[51.295s] -- Symlinking: /home/unitree/go2_ws/install/unitree_go/include/unitree_go/msg/lidar_state.h
[51.314s] -- Symlinking: /home/unitree/go2_ws/install/unitree_go/include/unitree_go/msg/low_cmd.h
[51.335s] -- Symlinking: /home/unitree/go2_ws/install/unitree_go/include/unitree_go/msg/low_state.h
[51.354s] -- Symlinking: /home/unitree/go2_ws/install/unitree_go/include/unitree_go/msg/motor_cmd.h
[51.375s] -- Symlinking: /home/unitree/go2_ws/install/unitree_go/include/unitree_go/msg/motor_cmds.h
[51.395s] -- Symlinking: /home/unitree/go2_ws/install/unitree_go/include/unitree_go/msg/motor_state.h
[51.414s] -- Symlinking: /home/unitree/go2_ws/install/unitree_go/include/unitree_go/msg/motor_states.h
[51.435s] -- Symlinking: /home/unitree/go2_ws/install/unitree_go/include/unitree_go/msg/path_point.h
[51.454s] -- Symlinking: /home/unitree/go2_ws/install/unitree_go/include/unitree_go/msg/req.h
[51.475s] -- Symlinking: /home/unitree/go2_ws/install/unitree_go/include/unitree_go/msg/res.h
[51.495s] -- Symlinking: /home/unitree/go2_ws/install/unitree_go/include/unitree_go/msg/rosidl_generator_c__visibility_control.h
[51.514s] -- Symlinking: /home/unitree/go2_ws/install/unitree_go/include/unitree_go/msg/sport_mode_cmd.h
[51.535s] -- Symlinking: /home/unitree/go2_ws/install/unitree_go/include/unitree_go/msg/sport_mode_state.h
[51.555s] -- Symlinking: /home/unitree/go2_ws/install/unitree_go/include/unitree_go/msg/time_spec.h
[51.575s] -- Symlinking: /home/unitree/go2_ws/install/unitree_go/include/unitree_go/msg/uwb_state.h
[51.595s] -- Symlinking: /home/unitree/go2_ws/install/unitree_go/include/unitree_go/msg/uwb_switch.h
[51.614s] -- Symlinking: /home/unitree/go2_ws/install/unitree_go/include/unitree_go/msg/wireless_controller.h
[51.635s] -- Symlinking: /home/unitree/go2_ws/install/unitree_go/share/unitree_go/environment/library_path.sh
[51.655s] -- Symlinking: /home/unitree/go2_ws/install/unitree_go/share/unitree_go/environment/library_path.dsv
[51.677s] -- Symlinking: /home/unitree/go2_ws/install/unitree_go/include/unitree_go/msg/detail/audio_data__rosidl_typesupport_fastrtps_c.h
[51.696s] -- Symlinking: /home/unitree/go2_ws/install/unitree_go/include/unitree_go/msg/detail/bms_cmd__rosidl_typesupport_fastrtps_c.h
[51.716s] -- Symlinking: /home/unitree/go2_ws/install/unitree_go/include/unitree_go/msg/detail/bms_state__rosidl_typesupport_fastrtps_c.h
[51.735s] -- Symlinking: /home/unitree/go2_ws/install/unitree_go/include/unitree_go/msg/detail/error__rosidl_typesupport_fastrtps_c.h
[51.755s] -- Symlinking: /home/unitree/go2_ws/install/unitree_go/include/unitree_go/msg/detail/height_map__rosidl_typesupport_fastrtps_c.h
[51.776s] -- Symlinking: /home/unitree/go2_ws/install/unitree_go/include/unitree_go/msg/detail/imu_state__rosidl_typesupport_fastrtps_c.h
[51.795s] -- Symlinking: /home/unitree/go2_ws/install/unitree_go/include/unitree_go/msg/detail/interface_config__rosidl_typesupport_fastrtps_c.h
[51.814s] -- Symlinking: /home/unitree/go2_ws/install/unitree_go/include/unitree_go/msg/detail/lidar_state__rosidl_typesupport_fastrtps_c.h
[51.835s] -- Symlinking: /home/unitree/go2_ws/install/unitree_go/include/unitree_go/msg/detail/low_cmd__rosidl_typesupport_fastrtps_c.h
[51.854s] -- Symlinking: /home/unitree/go2_ws/install/unitree_go/include/unitree_go/msg/detail/low_state__rosidl_typesupport_fastrtps_c.h
[51.875s] -- Symlinking: /home/unitree/go2_ws/install/unitree_go/include/unitree_go/msg/detail/motor_cmd__rosidl_typesupport_fastrtps_c.h
[51.895s] -- Symlinking: /home/unitree/go2_ws/install/unitree_go/include/unitree_go/msg/detail/motor_cmds__rosidl_typesupport_fastrtps_c.h
[51.914s] -- Symlinking: /home/unitree/go2_ws/install/unitree_go/include/unitree_go/msg/detail/motor_state__rosidl_typesupport_fastrtps_c.h
[51.934s] -- Symlinking: /home/unitree/go2_ws/install/unitree_go/include/unitree_go/msg/detail/motor_states__rosidl_typesupport_fastrtps_c.h
[51.955s] -- Symlinking: /home/unitree/go2_ws/install/unitree_go/include/unitree_go/msg/detail/path_point__rosidl_typesupport_fastrtps_c.h
[51.974s] -- Symlinking: /home/unitree/go2_ws/install/unitree_go/include/unitree_go/msg/detail/req__rosidl_typesupport_fastrtps_c.h
[51.993s] -- Symlinking: /home/unitree/go2_ws/install/unitree_go/include/unitree_go/msg/detail/res__rosidl_typesupport_fastrtps_c.h
[52.013s] -- Symlinking: /home/unitree/go2_ws/install/unitree_go/include/unitree_go/msg/detail/sport_mode_cmd__rosidl_typesupport_fastrtps_c.h
[52.035s] -- Symlinking: /home/unitree/go2_ws/install/unitree_go/include/unitree_go/msg/detail/sport_mode_state__rosidl_typesupport_fastrtps_c.h
[52.055s] -- Symlinking: /home/unitree/go2_ws/install/unitree_go/include/unitree_go/msg/detail/time_spec__rosidl_typesupport_fastrtps_c.h
[52.076s] -- Symlinking: /home/unitree/go2_ws/install/unitree_go/include/unitree_go/msg/detail/uwb_state__rosidl_typesupport_fastrtps_c.h
[52.097s] -- Symlinking: /home/unitree/go2_ws/install/unitree_go/include/unitree_go/msg/detail/uwb_switch__rosidl_typesupport_fastrtps_c.h
[52.116s] -- Symlinking: /home/unitree/go2_ws/install/unitree_go/include/unitree_go/msg/detail/wireless_controller__rosidl_typesupport_fastrtps_c.h
[52.137s] -- Symlinking: /home/unitree/go2_ws/install/unitree_go/include/unitree_go/msg/rosidl_typesupport_fastrtps_c__visibility_control.h
[52.161s] -- Symlinking: /home/unitree/go2_ws/install/unitree_go/lib/libunitree_go__rosidl_typesupport_fastrtps_c.so
[52.182s] -- Symlinking: /home/unitree/go2_ws/install/unitree_go/include/unitree_go/msg/detail/audio_data__rosidl_typesupport_fastrtps_cpp.hpp
[52.202s] -- Symlinking: /home/unitree/go2_ws/install/unitree_go/include/unitree_go/msg/detail/bms_cmd__rosidl_typesupport_fastrtps_cpp.hpp
[52.224s] -- Symlinking: /home/unitree/go2_ws/install/unitree_go/include/unitree_go/msg/detail/bms_state__rosidl_typesupport_fastrtps_cpp.hpp
[52.245s] -- Symlinking: /home/unitree/go2_ws/install/unitree_go/include/unitree_go/msg/detail/error__rosidl_typesupport_fastrtps_cpp.hpp
[52.267s] -- Symlinking: /home/unitree/go2_ws/install/unitree_go/include/unitree_go/msg/detail/height_map__rosidl_typesupport_fastrtps_cpp.hpp
[52.287s] -- Symlinking: /home/unitree/go2_ws/install/unitree_go/include/unitree_go/msg/detail/imu_state__rosidl_typesupport_fastrtps_cpp.hpp
[52.307s] -- Symlinking: /home/unitree/go2_ws/install/unitree_go/include/unitree_go/msg/detail/interface_config__rosidl_typesupport_fastrtps_cpp.hpp
[52.327s] -- Symlinking: /home/unitree/go2_ws/install/unitree_go/include/unitree_go/msg/detail/lidar_state__rosidl_typesupport_fastrtps_cpp.hpp
[52.347s] -- Symlinking: /home/unitree/go2_ws/install/unitree_go/include/unitree_go/msg/detail/low_cmd__rosidl_typesupport_fastrtps_cpp.hpp
[52.368s] -- Symlinking: /home/unitree/go2_ws/install/unitree_go/include/unitree_go/msg/detail/low_state__rosidl_typesupport_fastrtps_cpp.hpp
[52.388s] -- Symlinking: /home/unitree/go2_ws/install/unitree_go/include/unitree_go/msg/detail/motor_cmd__rosidl_typesupport_fastrtps_cpp.hpp
[52.408s] -- Symlinking: /home/unitree/go2_ws/install/unitree_go/include/unitree_go/msg/detail/motor_cmds__rosidl_typesupport_fastrtps_cpp.hpp
[52.428s] -- Symlinking: /home/unitree/go2_ws/install/unitree_go/include/unitree_go/msg/detail/motor_state__rosidl_typesupport_fastrtps_cpp.hpp
[52.448s] -- Symlinking: /home/unitree/go2_ws/install/unitree_go/include/unitree_go/msg/detail/motor_states__rosidl_typesupport_fastrtps_cpp.hpp
[52.468s] -- Symlinking: /home/unitree/go2_ws/install/unitree_go/include/unitree_go/msg/detail/path_point__rosidl_typesupport_fastrtps_cpp.hpp
[52.489s] -- Symlinking: /home/unitree/go2_ws/install/unitree_go/include/unitree_go/msg/detail/req__rosidl_typesupport_fastrtps_cpp.hpp
[52.511s] -- Symlinking: /home/unitree/go2_ws/install/unitree_go/include/unitree_go/msg/detail/res__rosidl_typesupport_fastrtps_cpp.hpp
[52.531s] -- Symlinking: /home/unitree/go2_ws/install/unitree_go/include/unitree_go/msg/detail/sport_mode_cmd__rosidl_typesupport_fastrtps_cpp.hpp
[52.551s] -- Symlinking: /home/unitree/go2_ws/install/unitree_go/include/unitree_go/msg/detail/sport_mode_state__rosidl_typesupport_fastrtps_cpp.hpp
[52.570s] -- Symlinking: /home/unitree/go2_ws/install/unitree_go/include/unitree_go/msg/detail/time_spec__rosidl_typesupport_fastrtps_cpp.hpp
[52.592s] -- Symlinking: /home/unitree/go2_ws/install/unitree_go/include/unitree_go/msg/detail/uwb_state__rosidl_typesupport_fastrtps_cpp.hpp
[52.614s] -- Symlinking: /home/unitree/go2_ws/install/unitree_go/include/unitree_go/msg/detail/uwb_switch__rosidl_typesupport_fastrtps_cpp.hpp
[52.634s] -- Symlinking: /home/unitree/go2_ws/install/unitree_go/include/unitree_go/msg/detail/wireless_controller__rosidl_typesupport_fastrtps_cpp.hpp
[52.655s] -- Symlinking: /home/unitree/go2_ws/install/unitree_go/include/unitree_go/msg/rosidl_typesupport_fastrtps_cpp__visibility_control.h
[52.679s] -- Symlinking: /home/unitree/go2_ws/install/unitree_go/lib/libunitree_go__rosidl_typesupport_fastrtps_cpp.so
[52.705s] -- Symlinking: /home/unitree/go2_ws/install/unitree_go/include/unitree_go/msg/detail/audio_data__rosidl_typesupport_introspection_c.h
[52.727s] -- Symlinking: /home/unitree/go2_ws/install/unitree_go/include/unitree_go/msg/detail/bms_cmd__rosidl_typesupport_introspection_c.h
[52.746s] -- Symlinking: /home/unitree/go2_ws/install/unitree_go/include/unitree_go/msg/detail/bms_state__rosidl_typesupport_introspection_c.h
[52.768s] -- Symlinking: /home/unitree/go2_ws/install/unitree_go/include/unitree_go/msg/detail/error__rosidl_typesupport_introspection_c.h
[52.788s] -- Symlinking: /home/unitree/go2_ws/install/unitree_go/include/unitree_go/msg/detail/height_map__rosidl_typesupport_introspection_c.h
[52.809s] -- Symlinking: /home/unitree/go2_ws/install/unitree_go/include/unitree_go/msg/detail/imu_state__rosidl_typesupport_introspection_c.h
[52.828s] -- Symlinking: /home/unitree/go2_ws/install/unitree_go/include/unitree_go/msg/detail/interface_config__rosidl_typesupport_introspection_c.h
[52.850s] -- Symlinking: /home/unitree/go2_ws/install/unitree_go/include/unitree_go/msg/detail/lidar_state__rosidl_typesupport_introspection_c.h
[52.874s] -- Symlinking: /home/unitree/go2_ws/install/unitree_go/include/unitree_go/msg/detail/low_cmd__rosidl_typesupport_introspection_c.h
[52.895s] -- Symlinking: /home/unitree/go2_ws/install/unitree_go/include/unitree_go/msg/detail/low_state__rosidl_typesupport_introspection_c.h
[52.917s] -- Symlinking: /home/unitree/go2_ws/install/unitree_go/include/unitree_go/msg/detail/motor_cmd__rosidl_typesupport_introspection_c.h
[52.937s] -- Symlinking: /home/unitree/go2_ws/install/unitree_go/include/unitree_go/msg/detail/motor_cmds__rosidl_typesupport_introspection_c.h
[52.958s] -- Symlinking: /home/unitree/go2_ws/install/unitree_go/include/unitree_go/msg/detail/motor_state__rosidl_typesupport_introspection_c.h
[52.983s] -- Symlinking: /home/unitree/go2_ws/install/unitree_go/include/unitree_go/msg/detail/motor_states__rosidl_typesupport_introspection_c.h
[53.005s] -- Symlinking: /home/unitree/go2_ws/install/unitree_go/include/unitree_go/msg/detail/path_point__rosidl_typesupport_introspection_c.h
[53.029s] -- Symlinking: /home/unitree/go2_ws/install/unitree_go/include/unitree_go/msg/detail/req__rosidl_typesupport_introspection_c.h
[53.049s] -- Symlinking: /home/unitree/go2_ws/install/unitree_go/include/unitree_go/msg/detail/res__rosidl_typesupport_introspection_c.h
[53.070s] -- Symlinking: /home/unitree/go2_ws/install/unitree_go/include/unitree_go/msg/detail/sport_mode_cmd__rosidl_typesupport_introspection_c.h
[53.092s] -- Symlinking: /home/unitree/go2_ws/install/unitree_go/include/unitree_go/msg/detail/sport_mode_state__rosidl_typesupport_introspection_c.h
[53.114s] -- Symlinking: /home/unitree/go2_ws/install/unitree_go/include/unitree_go/msg/detail/time_spec__rosidl_typesupport_introspection_c.h
[53.137s] -- Symlinking: /home/unitree/go2_ws/install/unitree_go/include/unitree_go/msg/detail/uwb_state__rosidl_typesupport_introspection_c.h
[53.160s] -- Symlinking: /home/unitree/go2_ws/install/unitree_go/include/unitree_go/msg/detail/uwb_switch__rosidl_typesupport_introspection_c.h
[53.184s] -- Symlinking: /home/unitree/go2_ws/install/unitree_go/include/unitree_go/msg/detail/wireless_controller__rosidl_typesupport_introspection_c.h
[53.207s] -- Symlinking: /home/unitree/go2_ws/install/unitree_go/include/unitree_go/msg/rosidl_typesupport_introspection_c__visibility_control.h
[53.233s] -- Symlinking: /home/unitree/go2_ws/install/unitree_go/include/unitree_go/msg/audio_data.hpp
[53.255s] -- Symlinking: /home/unitree/go2_ws/install/unitree_go/include/unitree_go/msg/bms_cmd.hpp
[53.276s] -- Symlinking: /home/unitree/go2_ws/install/unitree_go/include/unitree_go/msg/bms_state.hpp
[53.296s] -- Symlinking: /home/unitree/go2_ws/install/unitree_go/include/unitree_go/msg/detail/audio_data__builder.hpp
[53.316s] -- Symlinking: /home/unitree/go2_ws/install/unitree_go/include/unitree_go/msg/detail/audio_data__struct.hpp
[53.339s] -- Symlinking: /home/unitree/go2_ws/install/unitree_go/include/unitree_go/msg/detail/audio_data__traits.hpp
[53.359s] -- Symlinking: /home/unitree/go2_ws/install/unitree_go/include/unitree_go/msg/detail/audio_data__type_support.hpp
[53.378s] -- Symlinking: /home/unitree/go2_ws/install/unitree_go/include/unitree_go/msg/detail/bms_cmd__builder.hpp
[53.399s] -- Symlinking: /home/unitree/go2_ws/install/unitree_go/include/unitree_go/msg/detail/bms_cmd__struct.hpp
[53.417s] -- Symlinking: /home/unitree/go2_ws/install/unitree_go/include/unitree_go/msg/detail/bms_cmd__traits.hpp
[53.437s] -- Symlinking: /home/unitree/go2_ws/install/unitree_go/include/unitree_go/msg/detail/bms_cmd__type_support.hpp
[53.460s] -- Symlinking: /home/unitree/go2_ws/install/unitree_go/include/unitree_go/msg/detail/bms_state__builder.hpp
[53.479s] -- Symlinking: /home/unitree/go2_ws/install/unitree_go/include/unitree_go/msg/detail/bms_state__struct.hpp
[53.500s] -- Symlinking: /home/unitree/go2_ws/install/unitree_go/include/unitree_go/msg/detail/bms_state__traits.hpp
[53.519s] -- Symlinking: /home/unitree/go2_ws/install/unitree_go/include/unitree_go/msg/detail/bms_state__type_support.hpp
[53.540s] -- Symlinking: /home/unitree/go2_ws/install/unitree_go/include/unitree_go/msg/detail/error__builder.hpp
[53.560s] -- Symlinking: /home/unitree/go2_ws/install/unitree_go/include/unitree_go/msg/detail/error__struct.hpp
[53.581s] -- Symlinking: /home/unitree/go2_ws/install/unitree_go/include/unitree_go/msg/detail/error__traits.hpp
[53.601s] -- Symlinking: /home/unitree/go2_ws/install/unitree_go/include/unitree_go/msg/detail/error__type_support.hpp
[53.623s] -- Symlinking: /home/unitree/go2_ws/install/unitree_go/include/unitree_go/msg/detail/height_map__builder.hpp
[53.644s] -- Symlinking: /home/unitree/go2_ws/install/unitree_go/include/unitree_go/msg/detail/height_map__struct.hpp
[53.666s] -- Symlinking: /home/unitree/go2_ws/install/unitree_go/include/unitree_go/msg/detail/height_map__traits.hpp
[53.687s] -- Symlinking: /home/unitree/go2_ws/install/unitree_go/include/unitree_go/msg/detail/height_map__type_support.hpp
[53.708s] -- Symlinking: /home/unitree/go2_ws/install/unitree_go/include/unitree_go/msg/detail/imu_state__builder.hpp
[53.729s] -- Symlinking: /home/unitree/go2_ws/install/unitree_go/include/unitree_go/msg/detail/imu_state__struct.hpp
[53.751s] -- Symlinking: /home/unitree/go2_ws/install/unitree_go/include/unitree_go/msg/detail/imu_state__traits.hpp
[53.772s] -- Symlinking: /home/unitree/go2_ws/install/unitree_go/include/unitree_go/msg/detail/imu_state__type_support.hpp
[53.792s] -- Symlinking: /home/unitree/go2_ws/install/unitree_go/include/unitree_go/msg/detail/interface_config__builder.hpp
[53.811s] -- Symlinking: /home/unitree/go2_ws/install/unitree_go/include/unitree_go/msg/detail/interface_config__struct.hpp
[53.831s] -- Symlinking: /home/unitree/go2_ws/install/unitree_go/include/unitree_go/msg/detail/interface_config__traits.hpp
[53.851s] -- Symlinking: /home/unitree/go2_ws/install/unitree_go/include/unitree_go/msg/detail/interface_config__type_support.hpp
[53.870s] -- Symlinking: /home/unitree/go2_ws/install/unitree_go/include/unitree_go/msg/detail/lidar_state__builder.hpp
[53.891s] -- Symlinking: /home/unitree/go2_ws/install/unitree_go/include/unitree_go/msg/detail/lidar_state__struct.hpp
[53.911s] -- Symlinking: /home/unitree/go2_ws/install/unitree_go/include/unitree_go/msg/detail/lidar_state__traits.hpp
[53.931s] -- Symlinking: /home/unitree/go2_ws/install/unitree_go/include/unitree_go/msg/detail/lidar_state__type_support.hpp
[53.951s] -- Symlinking: /home/unitree/go2_ws/install/unitree_go/include/unitree_go/msg/detail/low_cmd__builder.hpp
[53.969s] -- Symlinking: /home/unitree/go2_ws/install/unitree_go/include/unitree_go/msg/detail/low_cmd__struct.hpp
[53.988s] -- Symlinking: /home/unitree/go2_ws/install/unitree_go/include/unitree_go/msg/detail/low_cmd__traits.hpp
[54.007s] -- Symlinking: /home/unitree/go2_ws/install/unitree_go/include/unitree_go/msg/detail/low_cmd__type_support.hpp
[54.027s] -- Symlinking: /home/unitree/go2_ws/install/unitree_go/include/unitree_go/msg/detail/low_state__builder.hpp
[54.048s] -- Symlinking: /home/unitree/go2_ws/install/unitree_go/include/unitree_go/msg/detail/low_state__struct.hpp
[54.066s] -- Symlinking: /home/unitree/go2_ws/install/unitree_go/include/unitree_go/msg/detail/low_state__traits.hpp
[54.088s] -- Symlinking: /home/unitree/go2_ws/install/unitree_go/include/unitree_go/msg/detail/low_state__type_support.hpp
[54.107s] -- Symlinking: /home/unitree/go2_ws/install/unitree_go/include/unitree_go/msg/detail/motor_cmd__builder.hpp
[54.125s] -- Symlinking: /home/unitree/go2_ws/install/unitree_go/include/unitree_go/msg/detail/motor_cmd__struct.hpp
[54.148s] -- Symlinking: /home/unitree/go2_ws/install/unitree_go/include/unitree_go/msg/detail/motor_cmd__traits.hpp
[54.166s] -- Symlinking: /home/unitree/go2_ws/install/unitree_go/include/unitree_go/msg/detail/motor_cmd__type_support.hpp
[54.189s] -- Symlinking: /home/unitree/go2_ws/install/unitree_go/include/unitree_go/msg/detail/motor_cmds__builder.hpp
[54.207s] -- Symlinking: /home/unitree/go2_ws/install/unitree_go/include/unitree_go/msg/detail/motor_cmds__struct.hpp
[54.225s] -- Symlinking: /home/unitree/go2_ws/install/unitree_go/include/unitree_go/msg/detail/motor_cmds__traits.hpp
[54.243s] -- Symlinking: /home/unitree/go2_ws/install/unitree_go/include/unitree_go/msg/detail/motor_cmds__type_support.hpp
[54.262s] -- Symlinking: /home/unitree/go2_ws/install/unitree_go/include/unitree_go/msg/detail/motor_state__builder.hpp
[54.281s] -- Symlinking: /home/unitree/go2_ws/install/unitree_go/include/unitree_go/msg/detail/motor_state__struct.hpp
[54.300s] -- Symlinking: /home/unitree/go2_ws/install/unitree_go/include/unitree_go/msg/detail/motor_state__traits.hpp
[54.321s] -- Symlinking: /home/unitree/go2_ws/install/unitree_go/include/unitree_go/msg/detail/motor_state__type_support.hpp
[54.340s] -- Symlinking: /home/unitree/go2_ws/install/unitree_go/include/unitree_go/msg/detail/motor_states__builder.hpp
[54.361s] -- Symlinking: /home/unitree/go2_ws/install/unitree_go/include/unitree_go/msg/detail/motor_states__struct.hpp
[54.379s] -- Symlinking: /home/unitree/go2_ws/install/unitree_go/include/unitree_go/msg/detail/motor_states__traits.hpp
[54.399s] -- Symlinking: /home/unitree/go2_ws/install/unitree_go/include/unitree_go/msg/detail/motor_states__type_support.hpp
[54.417s] -- Symlinking: /home/unitree/go2_ws/install/unitree_go/include/unitree_go/msg/detail/path_point__builder.hpp
[54.438s] -- Symlinking: /home/unitree/go2_ws/install/unitree_go/include/unitree_go/msg/detail/path_point__struct.hpp
[54.458s] -- Symlinking: /home/unitree/go2_ws/install/unitree_go/include/unitree_go/msg/detail/path_point__traits.hpp
[54.477s] -- Symlinking: /home/unitree/go2_ws/install/unitree_go/include/unitree_go/msg/detail/path_point__type_support.hpp
[54.496s] -- Symlinking: /home/unitree/go2_ws/install/unitree_go/include/unitree_go/msg/detail/req__builder.hpp
[54.518s] -- Symlinking: /home/unitree/go2_ws/install/unitree_go/include/unitree_go/msg/detail/req__struct.hpp
[54.538s] -- Symlinking: /home/unitree/go2_ws/install/unitree_go/include/unitree_go/msg/detail/req__traits.hpp
[54.560s] -- Symlinking: /home/unitree/go2_ws/install/unitree_go/include/unitree_go/msg/detail/req__type_support.hpp
[54.579s] -- Symlinking: /home/unitree/go2_ws/install/unitree_go/include/unitree_go/msg/detail/res__builder.hpp
[54.601s] -- Symlinking: /home/unitree/go2_ws/install/unitree_go/include/unitree_go/msg/detail/res__struct.hpp
[54.619s] -- Symlinking: /home/unitree/go2_ws/install/unitree_go/include/unitree_go/msg/detail/res__traits.hpp
[54.638s] -- Symlinking: /home/unitree/go2_ws/install/unitree_go/include/unitree_go/msg/detail/res__type_support.hpp
[54.659s] -- Symlinking: /home/unitree/go2_ws/install/unitree_go/include/unitree_go/msg/detail/sport_mode_cmd__builder.hpp
[54.678s] -- Symlinking: /home/unitree/go2_ws/install/unitree_go/include/unitree_go/msg/detail/sport_mode_cmd__struct.hpp
[54.700s] -- Symlinking: /home/unitree/go2_ws/install/unitree_go/include/unitree_go/msg/detail/sport_mode_cmd__traits.hpp
[54.719s] -- Symlinking: /home/unitree/go2_ws/install/unitree_go/include/unitree_go/msg/detail/sport_mode_cmd__type_support.hpp
[54.740s] -- Symlinking: /home/unitree/go2_ws/install/unitree_go/include/unitree_go/msg/detail/sport_mode_state__builder.hpp
[54.759s] -- Symlinking: /home/unitree/go2_ws/install/unitree_go/include/unitree_go/msg/detail/sport_mode_state__struct.hpp
[54.777s] -- Symlinking: /home/unitree/go2_ws/install/unitree_go/include/unitree_go/msg/detail/sport_mode_state__traits.hpp
[54.796s] -- Symlinking: /home/unitree/go2_ws/install/unitree_go/include/unitree_go/msg/detail/sport_mode_state__type_support.hpp
[54.815s] -- Symlinking: /home/unitree/go2_ws/install/unitree_go/include/unitree_go/msg/detail/time_spec__builder.hpp
[54.834s] -- Symlinking: /home/unitree/go2_ws/install/unitree_go/include/unitree_go/msg/detail/time_spec__struct.hpp
[54.855s] -- Symlinking: /home/unitree/go2_ws/install/unitree_go/include/unitree_go/msg/detail/time_spec__traits.hpp
[54.874s] -- Symlinking: /home/unitree/go2_ws/install/unitree_go/include/unitree_go/msg/detail/time_spec__type_support.hpp
[54.897s] -- Symlinking: /home/unitree/go2_ws/install/unitree_go/include/unitree_go/msg/detail/uwb_state__builder.hpp
[54.917s] -- Symlinking: /home/unitree/go2_ws/install/unitree_go/include/unitree_go/msg/detail/uwb_state__struct.hpp
[54.939s] -- Symlinking: /home/unitree/go2_ws/install/unitree_go/include/unitree_go/msg/detail/uwb_state__traits.hpp
[54.959s] -- Symlinking: /home/unitree/go2_ws/install/unitree_go/include/unitree_go/msg/detail/uwb_state__type_support.hpp
[54.981s] -- Symlinking: /home/unitree/go2_ws/install/unitree_go/include/unitree_go/msg/detail/uwb_switch__builder.hpp
[55.000s] -- Symlinking: /home/unitree/go2_ws/install/unitree_go/include/unitree_go/msg/detail/uwb_switch__struct.hpp
[55.023s] -- Symlinking: /home/unitree/go2_ws/install/unitree_go/include/unitree_go/msg/detail/uwb_switch__traits.hpp
[55.043s] -- Symlinking: /home/unitree/go2_ws/install/unitree_go/include/unitree_go/msg/detail/uwb_switch__type_support.hpp
[55.064s] -- Symlinking: /home/unitree/go2_ws/install/unitree_go/include/unitree_go/msg/detail/wireless_controller__builder.hpp
[55.088s] -- Symlinking: /home/unitree/go2_ws/install/unitree_go/include/unitree_go/msg/detail/wireless_controller__struct.hpp
[55.111s] -- Symlinking: /home/unitree/go2_ws/install/unitree_go/include/unitree_go/msg/detail/wireless_controller__traits.hpp
[55.131s] -- Symlinking: /home/unitree/go2_ws/install/unitree_go/include/unitree_go/msg/detail/wireless_controller__type_support.hpp
[55.152s] -- Symlinking: /home/unitree/go2_ws/install/unitree_go/include/unitree_go/msg/error.hpp
[55.172s] -- Symlinking: /home/unitree/go2_ws/install/unitree_go/include/unitree_go/msg/height_map.hpp
[55.195s] -- Symlinking: /home/unitree/go2_ws/install/unitree_go/include/unitree_go/msg/imu_state.hpp
[55.215s] -- Symlinking: /home/unitree/go2_ws/install/unitree_go/include/unitree_go/msg/interface_config.hpp
[55.234s] -- Symlinking: /home/unitree/go2_ws/install/unitree_go/include/unitree_go/msg/lidar_state.hpp
[55.254s] -- Symlinking: /home/unitree/go2_ws/install/unitree_go/include/unitree_go/msg/low_cmd.hpp
[55.277s] -- Symlinking: /home/unitree/go2_ws/install/unitree_go/include/unitree_go/msg/low_state.hpp
[55.297s] -- Symlinking: /home/unitree/go2_ws/install/unitree_go/include/unitree_go/msg/motor_cmd.hpp
[55.317s] -- Symlinking: /home/unitree/go2_ws/install/unitree_go/include/unitree_go/msg/motor_cmds.hpp
[55.340s] -- Symlinking: /home/unitree/go2_ws/install/unitree_go/include/unitree_go/msg/motor_state.hpp
[55.359s] -- Symlinking: /home/unitree/go2_ws/install/unitree_go/include/unitree_go/msg/motor_states.hpp
[55.379s] -- Symlinking: /home/unitree/go2_ws/install/unitree_go/include/unitree_go/msg/path_point.hpp
[55.399s] -- Symlinking: /home/unitree/go2_ws/install/unitree_go/include/unitree_go/msg/req.hpp
[55.419s] -- Symlinking: /home/unitree/go2_ws/install/unitree_go/include/unitree_go/msg/res.hpp
[55.439s] -- Symlinking: /home/unitree/go2_ws/install/unitree_go/include/unitree_go/msg/rosidl_generator_cpp__visibility_control.hpp
[55.459s] -- Symlinking: /home/unitree/go2_ws/install/unitree_go/include/unitree_go/msg/sport_mode_cmd.hpp
[55.479s] -- Symlinking: /home/unitree/go2_ws/install/unitree_go/include/unitree_go/msg/sport_mode_state.hpp
[55.500s] -- Symlinking: /home/unitree/go2_ws/install/unitree_go/include/unitree_go/msg/time_spec.hpp
[55.523s] -- Symlinking: /home/unitree/go2_ws/install/unitree_go/include/unitree_go/msg/uwb_state.hpp
[55.545s] -- Symlinking: /home/unitree/go2_ws/install/unitree_go/include/unitree_go/msg/uwb_switch.hpp
[55.564s] -- Symlinking: /home/unitree/go2_ws/install/unitree_go/include/unitree_go/msg/wireless_controller.hpp
[55.586s] -- Symlinking: /home/unitree/go2_ws/install/unitree_go/include/unitree_go/msg/detail/audio_data__rosidl_typesupport_introspection_cpp.hpp
[55.606s] -- Symlinking: /home/unitree/go2_ws/install/unitree_go/include/unitree_go/msg/detail/bms_cmd__rosidl_typesupport_introspection_cpp.hpp
[55.627s] -- Symlinking: /home/unitree/go2_ws/install/unitree_go/include/unitree_go/msg/detail/bms_state__rosidl_typesupport_introspection_cpp.hpp
[55.646s] -- Symlinking: /home/unitree/go2_ws/install/unitree_go/include/unitree_go/msg/detail/error__rosidl_typesupport_introspection_cpp.hpp
[55.666s] -- Symlinking: /home/unitree/go2_ws/install/unitree_go/include/unitree_go/msg/detail/height_map__rosidl_typesupport_introspection_cpp.hpp
[55.687s] -- Symlinking: /home/unitree/go2_ws/install/unitree_go/include/unitree_go/msg/detail/imu_state__rosidl_typesupport_introspection_cpp.hpp
[55.709s] -- Symlinking: /home/unitree/go2_ws/install/unitree_go/include/unitree_go/msg/detail/interface_config__rosidl_typesupport_introspection_cpp.hpp
[55.728s] -- Symlinking: /home/unitree/go2_ws/install/unitree_go/include/unitree_go/msg/detail/lidar_state__rosidl_typesupport_introspection_cpp.hpp
[55.747s] -- Symlinking: /home/unitree/go2_ws/install/unitree_go/include/unitree_go/msg/detail/low_cmd__rosidl_typesupport_introspection_cpp.hpp
[55.768s] -- Symlinking: /home/unitree/go2_ws/install/unitree_go/include/unitree_go/msg/detail/low_state__rosidl_typesupport_introspection_cpp.hpp
[55.787s] -- Symlinking: /home/unitree/go2_ws/install/unitree_go/include/unitree_go/msg/detail/motor_cmd__rosidl_typesupport_introspection_cpp.hpp
[55.810s] -- Symlinking: /home/unitree/go2_ws/install/unitree_go/include/unitree_go/msg/detail/motor_cmds__rosidl_typesupport_introspection_cpp.hpp
[55.832s] -- Symlinking: /home/unitree/go2_ws/install/unitree_go/include/unitree_go/msg/detail/motor_state__rosidl_typesupport_introspection_cpp.hpp
[55.852s] -- Symlinking: /home/unitree/go2_ws/install/unitree_go/include/unitree_go/msg/detail/motor_states__rosidl_typesupport_introspection_cpp.hpp
[55.873s] -- Symlinking: /home/unitree/go2_ws/install/unitree_go/include/unitree_go/msg/detail/path_point__rosidl_typesupport_introspection_cpp.hpp
[55.894s] -- Symlinking: /home/unitree/go2_ws/install/unitree_go/include/unitree_go/msg/detail/req__rosidl_typesupport_introspection_cpp.hpp
[55.917s] -- Symlinking: /home/unitree/go2_ws/install/unitree_go/include/unitree_go/msg/detail/res__rosidl_typesupport_introspection_cpp.hpp
[55.939s] -- Symlinking: /home/unitree/go2_ws/install/unitree_go/include/unitree_go/msg/detail/sport_mode_cmd__rosidl_typesupport_introspection_cpp.hpp
[55.961s] -- Symlinking: /home/unitree/go2_ws/install/unitree_go/include/unitree_go/msg/detail/sport_mode_state__rosidl_typesupport_introspection_cpp.hpp
[55.980s] -- Symlinking: /home/unitree/go2_ws/install/unitree_go/include/unitree_go/msg/detail/time_spec__rosidl_typesupport_introspection_cpp.hpp
[56.003s] -- Symlinking: /home/unitree/go2_ws/install/unitree_go/include/unitree_go/msg/detail/uwb_state__rosidl_typesupport_introspection_cpp.hpp
[56.025s] -- Symlinking: /home/unitree/go2_ws/install/unitree_go/include/unitree_go/msg/detail/uwb_switch__rosidl_typesupport_introspection_cpp.hpp
[56.046s] -- Symlinking: /home/unitree/go2_ws/install/unitree_go/include/unitree_go/msg/detail/wireless_controller__rosidl_typesupport_introspection_cpp.hpp
[56.067s] -- Symlinking: /home/unitree/go2_ws/install/unitree_go/share/unitree_go/environment/pythonpath.sh
[56.087s] -- Symlinking: /home/unitree/go2_ws/install/unitree_go/share/unitree_go/environment/pythonpath.dsv
[56.108s] -- Symlinking: /home/unitree/go2_ws/install/unitree_go/lib/python3.8/site-packages/unitree_go/__init__.py
[56.130s] -- Symlinking: /home/unitree/go2_ws/install/unitree_go/lib/python3.8/site-packages/unitree_go/msg/__init__.py
[56.150s] -- Symlinking: /home/unitree/go2_ws/install/unitree_go/lib/python3.8/site-packages/unitree_go/msg/_audio_data.py
[56.172s] -- Symlinking: /home/unitree/go2_ws/install/unitree_go/lib/python3.8/site-packages/unitree_go/msg/_bms_cmd.py
[56.191s] -- Symlinking: /home/unitree/go2_ws/install/unitree_go/lib/python3.8/site-packages/unitree_go/msg/_bms_state.py
[56.212s] -- Symlinking: /home/unitree/go2_ws/install/unitree_go/lib/python3.8/site-packages/unitree_go/msg/_error.py
[56.231s] -- Symlinking: /home/unitree/go2_ws/install/unitree_go/lib/python3.8/site-packages/unitree_go/msg/_height_map.py
[56.252s] -- Symlinking: /home/unitree/go2_ws/install/unitree_go/lib/python3.8/site-packages/unitree_go/msg/_imu_state.py
[56.272s] -- Symlinking: /home/unitree/go2_ws/install/unitree_go/lib/python3.8/site-packages/unitree_go/msg/_interface_config.py
[56.296s] -- Symlinking: /home/unitree/go2_ws/install/unitree_go/lib/python3.8/site-packages/unitree_go/msg/_lidar_state.py
[56.317s] -- Symlinking: /home/unitree/go2_ws/install/unitree_go/lib/python3.8/site-packages/unitree_go/msg/_low_cmd.py
[56.340s] -- Symlinking: /home/unitree/go2_ws/install/unitree_go/lib/python3.8/site-packages/unitree_go/msg/_low_state.py
[56.360s] -- Symlinking: /home/unitree/go2_ws/install/unitree_go/lib/python3.8/site-packages/unitree_go/msg/_motor_cmd.py
[56.384s] -- Symlinking: /home/unitree/go2_ws/install/unitree_go/lib/python3.8/site-packages/unitree_go/msg/_motor_cmds.py
[56.405s] -- Symlinking: /home/unitree/go2_ws/install/unitree_go/lib/python3.8/site-packages/unitree_go/msg/_motor_state.py
[56.425s] -- Symlinking: /home/unitree/go2_ws/install/unitree_go/lib/python3.8/site-packages/unitree_go/msg/_motor_states.py
[56.448s] -- Symlinking: /home/unitree/go2_ws/install/unitree_go/lib/python3.8/site-packages/unitree_go/msg/_path_point.py
[56.469s] -- Symlinking: /home/unitree/go2_ws/install/unitree_go/lib/python3.8/site-packages/unitree_go/msg/_req.py
[56.493s] -- Symlinking: /home/unitree/go2_ws/install/unitree_go/lib/python3.8/site-packages/unitree_go/msg/_res.py
[56.514s] -- Symlinking: /home/unitree/go2_ws/install/unitree_go/lib/python3.8/site-packages/unitree_go/msg/_sport_mode_cmd.py
[56.535s] -- Symlinking: /home/unitree/go2_ws/install/unitree_go/lib/python3.8/site-packages/unitree_go/msg/_sport_mode_state.py
[56.559s] -- Symlinking: /home/unitree/go2_ws/install/unitree_go/lib/python3.8/site-packages/unitree_go/msg/_time_spec.py
[56.581s] -- Symlinking: /home/unitree/go2_ws/install/unitree_go/lib/python3.8/site-packages/unitree_go/msg/_uwb_state.py
[56.605s] -- Symlinking: /home/unitree/go2_ws/install/unitree_go/lib/python3.8/site-packages/unitree_go/msg/_uwb_switch.py
[56.624s] -- Symlinking: /home/unitree/go2_ws/install/unitree_go/lib/python3.8/site-packages/unitree_go/msg/_wireless_controller.py
[56.644s] -- Symlinking: /home/unitree/go2_ws/install/unitree_go/lib/python3.8/site-packages/unitree_go/unitree_go_s__rosidl_typesupport_fastrtps_c.cpython-38-aarch64-linux-gnu.so
[56.663s] -- Symlinking: /home/unitree/go2_ws/install/unitree_go/lib/python3.8/site-packages/unitree_go/unitree_go_s__rosidl_typesupport_introspection_c.cpython-38-aarch64-linux-gnu.so
[56.684s] -- Symlinking: /home/unitree/go2_ws/install/unitree_go/lib/python3.8/site-packages/unitree_go/unitree_go_s__rosidl_typesupport_c.cpython-38-aarch64-linux-gnu.so
[56.705s] -- Symlinking: /home/unitree/go2_ws/install/unitree_go/lib/libunitree_go__python.so
[56.725s] -- Symlinking: /home/unitree/go2_ws/install/unitree_go/share/unitree_go/msg/AudioData.idl
[56.745s] -- Symlinking: /home/unitree/go2_ws/install/unitree_go/share/unitree_go/msg/BmsCmd.idl
[56.767s] -- Symlinking: /home/unitree/go2_ws/install/unitree_go/share/unitree_go/msg/BmsState.idl
[56.787s] -- Symlinking: /home/unitree/go2_ws/install/unitree_go/share/unitree_go/msg/Error.idl
[56.807s] -- Symlinking: /home/unitree/go2_ws/install/unitree_go/share/unitree_go/msg/HeightMap.idl
[56.827s] -- Symlinking: /home/unitree/go2_ws/install/unitree_go/share/unitree_go/msg/IMUState.idl
[56.847s] -- Symlinking: /home/unitree/go2_ws/install/unitree_go/share/unitree_go/msg/InterfaceConfig.idl
[56.866s] -- Symlinking: /home/unitree/go2_ws/install/unitree_go/share/unitree_go/msg/LidarState.idl
[56.887s] -- Symlinking: /home/unitree/go2_ws/install/unitree_go/share/unitree_go/msg/LowCmd.idl
[56.910s] -- Symlinking: /home/unitree/go2_ws/install/unitree_go/share/unitree_go/msg/LowState.idl
[56.933s] -- Symlinking: /home/unitree/go2_ws/install/unitree_go/share/unitree_go/msg/MotorCmd.idl
[56.952s] -- Symlinking: /home/unitree/go2_ws/install/unitree_go/share/unitree_go/msg/MotorCmds.idl
[56.972s] -- Symlinking: /home/unitree/go2_ws/install/unitree_go/share/unitree_go/msg/MotorState.idl
[56.992s] -- Symlinking: /home/unitree/go2_ws/install/unitree_go/share/unitree_go/msg/MotorStates.idl
[57.011s] -- Symlinking: /home/unitree/go2_ws/install/unitree_go/share/unitree_go/msg/PathPoint.idl
[57.031s] -- Symlinking: /home/unitree/go2_ws/install/unitree_go/share/unitree_go/msg/Req.idl
[57.050s] -- Symlinking: /home/unitree/go2_ws/install/unitree_go/share/unitree_go/msg/Res.idl
[57.071s] -- Symlinking: /home/unitree/go2_ws/install/unitree_go/share/unitree_go/msg/SportModeCmd.idl
[57.091s] -- Symlinking: /home/unitree/go2_ws/install/unitree_go/share/unitree_go/msg/SportModeState.idl
[57.114s] -- Symlinking: /home/unitree/go2_ws/install/unitree_go/share/unitree_go/msg/TimeSpec.idl
[57.135s] -- Symlinking: /home/unitree/go2_ws/install/unitree_go/share/unitree_go/msg/UwbState.idl
[57.157s] -- Symlinking: /home/unitree/go2_ws/install/unitree_go/share/unitree_go/msg/UwbSwitch.idl
[57.178s] -- Symlinking: /home/unitree/go2_ws/install/unitree_go/share/unitree_go/msg/WirelessController.idl
[57.200s] -- Symlinking: /home/unitree/go2_ws/install/unitree_go/share/unitree_go/msg/AudioData.msg
[57.219s] -- Symlinking: /home/unitree/go2_ws/install/unitree_go/share/unitree_go/msg/BmsCmd.msg
[57.241s] -- Symlinking: /home/unitree/go2_ws/install/unitree_go/share/unitree_go/msg/BmsState.msg
[57.261s] -- Symlinking: /home/unitree/go2_ws/install/unitree_go/share/unitree_go/msg/Error.msg
[57.280s] -- Symlinking: /home/unitree/go2_ws/install/unitree_go/share/unitree_go/msg/HeightMap.msg
[57.299s] -- Symlinking: /home/unitree/go2_ws/install/unitree_go/share/unitree_go/msg/IMUState.msg
[57.320s] -- Symlinking: /home/unitree/go2_ws/install/unitree_go/share/unitree_go/msg/InterfaceConfig.msg
[57.340s] -- Symlinking: /home/unitree/go2_ws/install/unitree_go/share/unitree_go/msg/LidarState.msg
[57.361s] -- Symlinking: /home/unitree/go2_ws/install/unitree_go/share/unitree_go/msg/LowCmd.msg
[57.382s] -- Symlinking: /home/unitree/go2_ws/install/unitree_go/share/unitree_go/msg/LowState.msg
[57.403s] -- Symlinking: /home/unitree/go2_ws/install/unitree_go/share/unitree_go/msg/MotorCmd.msg
[57.424s] -- Symlinking: /home/unitree/go2_ws/install/unitree_go/share/unitree_go/msg/MotorCmds.msg
[57.443s] -- Symlinking: /home/unitree/go2_ws/install/unitree_go/share/unitree_go/msg/MotorState.msg
[57.464s] -- Symlinking: /home/unitree/go2_ws/install/unitree_go/share/unitree_go/msg/MotorStates.msg
[57.484s] -- Symlinking: /home/unitree/go2_ws/install/unitree_go/share/unitree_go/msg/PathPoint.msg
[57.508s] -- Symlinking: /home/unitree/go2_ws/install/unitree_go/share/unitree_go/msg/Req.msg
[57.528s] -- Symlinking: /home/unitree/go2_ws/install/unitree_go/share/unitree_go/msg/Res.msg
[57.547s] -- Symlinking: /home/unitree/go2_ws/install/unitree_go/share/unitree_go/msg/SportModeCmd.msg
[57.567s] -- Symlinking: /home/unitree/go2_ws/install/unitree_go/share/unitree_go/msg/SportModeState.msg
[57.587s] -- Symlinking: /home/unitree/go2_ws/install/unitree_go/share/unitree_go/msg/TimeSpec.msg
[57.607s] -- Symlinking: /home/unitree/go2_ws/install/unitree_go/share/unitree_go/msg/UwbState.msg
[57.627s] -- Symlinking: /home/unitree/go2_ws/install/unitree_go/share/unitree_go/msg/UwbSwitch.msg
[57.648s] -- Symlinking: /home/unitree/go2_ws/install/unitree_go/share/unitree_go/msg/WirelessController.msg
[57.669s] -- Symlinking: /home/unitree/go2_ws/install/unitree_go/share/unitree_go/msg/dds_connext/AudioData_.idl
[57.688s] -- Symlinking: /home/unitree/go2_ws/install/unitree_go/share/unitree_go/msg/dds_connext/BmsCmd_.idl
[57.708s] -- Symlinking: /home/unitree/go2_ws/install/unitree_go/share/unitree_go/msg/dds_connext/BmsState_.idl
[57.727s] -- Symlinking: /home/unitree/go2_ws/install/unitree_go/share/unitree_go/msg/dds_connext/Error_.idl
[57.746s] -- Symlinking: /home/unitree/go2_ws/install/unitree_go/share/unitree_go/msg/dds_connext/HeightMap_.idl
[57.766s] -- Symlinking: /home/unitree/go2_ws/install/unitree_go/share/unitree_go/msg/dds_connext/IMUState_.idl
[57.787s] -- Symlinking: /home/unitree/go2_ws/install/unitree_go/share/unitree_go/msg/dds_connext/InterfaceConfig_.idl
[57.808s] -- Symlinking: /home/unitree/go2_ws/install/unitree_go/share/unitree_go/msg/dds_connext/LidarState_.idl
[57.828s] -- Symlinking: /home/unitree/go2_ws/install/unitree_go/share/unitree_go/msg/dds_connext/LowCmd_.idl
[57.848s] -- Symlinking: /home/unitree/go2_ws/install/unitree_go/share/unitree_go/msg/dds_connext/LowState_.idl
[57.869s] -- Symlinking: /home/unitree/go2_ws/install/unitree_go/share/unitree_go/msg/dds_connext/MotorCmd_.idl
[57.889s] -- Symlinking: /home/unitree/go2_ws/install/unitree_go/share/unitree_go/msg/dds_connext/MotorCmds_.idl
[57.907s] -- Symlinking: /home/unitree/go2_ws/install/unitree_go/share/unitree_go/msg/dds_connext/MotorState_.idl
[57.927s] -- Symlinking: /home/unitree/go2_ws/install/unitree_go/share/unitree_go/msg/dds_connext/MotorStates_.idl
[57.946s] -- Symlinking: /home/unitree/go2_ws/install/unitree_go/share/unitree_go/msg/dds_connext/PathPoint_.idl
[57.966s] -- Symlinking: /home/unitree/go2_ws/install/unitree_go/share/unitree_go/msg/dds_connext/Req_.idl
[57.986s] -- Symlinking: /home/unitree/go2_ws/install/unitree_go/share/unitree_go/msg/dds_connext/Res_.idl
[58.007s] -- Symlinking: /home/unitree/go2_ws/install/unitree_go/share/unitree_go/msg/dds_connext/SportModeCmd_.idl
[58.027s] -- Symlinking: /home/unitree/go2_ws/install/unitree_go/share/unitree_go/msg/dds_connext/SportModeState_.idl
[58.047s] -- Symlinking: /home/unitree/go2_ws/install/unitree_go/share/unitree_go/msg/dds_connext/TimeSpec_.idl
[58.067s] -- Symlinking: /home/unitree/go2_ws/install/unitree_go/share/unitree_go/msg/dds_connext/UwbState_.idl
[58.088s] -- Symlinking: /home/unitree/go2_ws/install/unitree_go/share/unitree_go/msg/dds_connext/UwbSwitch_.idl
[58.111s] -- Symlinking: /home/unitree/go2_ws/install/unitree_go/share/unitree_go/msg/dds_connext/WirelessController_.idl
[58.133s] -- Symlinking: /home/unitree/go2_ws/install/unitree_go/share/ament_index/resource_index/package_run_dependencies/unitree_go
[58.152s] -- Symlinking: /home/unitree/go2_ws/install/unitree_go/share/ament_index/resource_index/parent_prefix_path/unitree_go
[58.174s] -- Symlinking: /home/unitree/go2_ws/install/unitree_go/share/unitree_go/environment/ament_prefix_path.sh
[58.195s] -- Symlinking: /home/unitree/go2_ws/install/unitree_go/share/unitree_go/environment/ament_prefix_path.dsv
[58.215s] -- Symlinking: /home/unitree/go2_ws/install/unitree_go/share/unitree_go/environment/path.sh
[58.235s] -- Symlinking: /home/unitree/go2_ws/install/unitree_go/share/unitree_go/environment/path.dsv
[58.255s] -- Symlinking: /home/unitree/go2_ws/install/unitree_go/share/unitree_go/local_setup.bash
[58.275s] -- Symlinking: /home/unitree/go2_ws/install/unitree_go/share/unitree_go/local_setup.sh
[58.296s] -- Symlinking: /home/unitree/go2_ws/install/unitree_go/share/unitree_go/local_setup.zsh
[58.317s] -- Symlinking: /home/unitree/go2_ws/install/unitree_go/share/unitree_go/local_setup.dsv
[58.339s] -- Symlinking: /home/unitree/go2_ws/install/unitree_go/share/unitree_go/package.dsv
[58.360s] -- Symlinking: /home/unitree/go2_ws/install/unitree_go/share/ament_index/resource_index/packages/unitree_go
[58.380s] -- Symlinking: /home/unitree/go2_ws/install/unitree_go/share/unitree_go/cmake/rosidl_cmake-extras.cmake
[58.405s] -- Symlinking: /home/unitree/go2_ws/install/unitree_go/share/unitree_go/cmake/ament_cmake_export_dependencies-extras.cmake
[58.426s] -- Symlinking: /home/unitree/go2_ws/install/unitree_go/share/unitree_go/cmake/ament_cmake_export_libraries-extras.cmake
[58.448s] -- Symlinking: /home/unitree/go2_ws/install/unitree_go/share/unitree_go/cmake/ament_cmake_export_targets-extras.cmake
[58.468s] -- Symlinking: /home/unitree/go2_ws/install/unitree_go/share/unitree_go/cmake/ament_cmake_export_include_directories-extras.cmake
[58.490s] -- Symlinking: /home/unitree/go2_ws/install/unitree_go/share/unitree_go/cmake/rosidl_cmake_export_typesupport_libraries-extras.cmake
[58.513s] -- Symlinking: /home/unitree/go2_ws/install/unitree_go/share/unitree_go/cmake/rosidl_cmake_export_typesupport_targets-extras.cmake
[58.532s] -- Symlinking: /home/unitree/go2_ws/install/unitree_go/share/unitree_go/cmake/unitree_goConfig.cmake
[58.553s] -- Symlinking: /home/unitree/go2_ws/install/unitree_go/share/unitree_go/cmake/unitree_goConfig-version.cmake
[58.577s] -- Symlinking: /home/unitree/go2_ws/install/unitree_go/share/unitree_go/package.xml
[58.597s] -- Installing: /home/unitree/go2_ws/install/unitree_go/lib/libunitree_go__rosidl_generator_c.so
[58.598s] -- Set runtime path of "/home/unitree/go2_ws/install/unitree_go/lib/libunitree_go__rosidl_generator_c.so" to ""
[58.598s] -- Installing: /home/unitree/go2_ws/install/unitree_go/lib/libunitree_go__rosidl_typesupport_introspection_c.so
[58.599s] -- Set runtime path of "/home/unitree/go2_ws/install/unitree_go/lib/libunitree_go__rosidl_typesupport_introspection_c.so" to ""
[58.600s] -- Installing: /home/unitree/go2_ws/install/unitree_go/lib/libunitree_go__rosidl_typesupport_c.so
[58.601s] -- Set runtime path of "/home/unitree/go2_ws/install/unitree_go/lib/libunitree_go__rosidl_typesupport_c.so" to ""
[58.601s] -- Installing: /home/unitree/go2_ws/install/unitree_go/lib/libunitree_go__rosidl_typesupport_introspection_cpp.so
[58.602s] -- Set runtime path of "/home/unitree/go2_ws/install/unitree_go/lib/libunitree_go__rosidl_typesupport_introspection_cpp.so" to ""
[58.603s] -- Installing: /home/unitree/go2_ws/install/unitree_go/lib/libunitree_go__rosidl_typesupport_cpp.so
[58.603s] -- Set runtime path of "/home/unitree/go2_ws/install/unitree_go/lib/libunitree_go__rosidl_typesupport_cpp.so" to ""
[58.670s] Compiling '/home/unitree/go2_ws/install/unitree_go/lib/python3.8/site-packages/unitree_go/__init__.py'...
[58.680s] -- Installing: /home/unitree/go2_ws/install/unitree_go/share/unitree_go/cmake/unitree_go__rosidl_generator_cExport.cmake
[58.680s] -- Installing: /home/unitree/go2_ws/install/unitree_go/share/unitree_go/cmake/unitree_go__rosidl_generator_cExport-noconfig.cmake
[58.680s] -- Installing: /home/unitree/go2_ws/install/unitree_go/share/unitree_go/cmake/unitree_go__rosidl_typesupport_introspection_cExport.cmake
[58.681s] -- Installing: /home/unitree/go2_ws/install/unitree_go/share/unitree_go/cmake/unitree_go__rosidl_typesupport_introspection_cExport-noconfig.cmake
[58.681s] -- Installing: /home/unitree/go2_ws/install/unitree_go/share/unitree_go/cmake/unitree_go__rosidl_typesupport_cExport.cmake
[58.681s] -- Installing: /home/unitree/go2_ws/install/unitree_go/share/unitree_go/cmake/unitree_go__rosidl_typesupport_cExport-noconfig.cmake
[58.682s] -- Installing: /home/unitree/go2_ws/install/unitree_go/share/unitree_go/cmake/unitree_go__rosidl_generator_cppExport.cmake
[58.682s] -- Installing: /home/unitree/go2_ws/install/unitree_go/share/unitree_go/cmake/unitree_go__rosidl_typesupport_introspection_cppExport.cmake
[58.683s] -- Installing: /home/unitree/go2_ws/install/unitree_go/share/unitree_go/cmake/unitree_go__rosidl_typesupport_introspection_cppExport-noconfig.cmake
[58.683s] -- Installing: /home/unitree/go2_ws/install/unitree_go/share/unitree_go/cmake/unitree_go__rosidl_typesupport_cppExport.cmake
[58.684s] -- Installing: /home/unitree/go2_ws/install/unitree_go/share/unitree_go/cmake/unitree_go__rosidl_typesupport_cppExport-noconfig.cmake
[58.693s] Invoked command in '/home/unitree/go2_ws/build/unitree_go' returned '0': CMAKE_PREFIX_PATH=${CMAKE_PREFIX_PATH}:/opt/ros/foxy /usr/bin/cmake --install /home/unitree/go2_ws/build/unitree_go
