[0.097s] Invoking command in '/home/unitree/go2_ws/build/go2_hardware': CMAKE_PREFIX_PATH=${CMAKE_PREFIX_PATH}:/opt/ros/foxy /usr/bin/cmake /home/unitree/go2_ws/src/go2_robot/go2_hardware -DAMENT_CMAKE_SYMLINK_INSTALL=1 -DCMAKE_INSTALL_PREFIX=/home/unitree/go2_ws/install/go2_hardware
[0.218s] -- The C compiler identification is GNU 11.4.0
[0.326s] -- The CXX compiler identification is GNU 11.4.0
[0.337s] -- Check for working C compiler: /usr/bin/cc
[0.501s] -- Check for working C compiler: /usr/bin/cc -- works
[0.502s] -- Detecting C compiler ABI info
[0.657s] -- Detecting C compiler ABI info - done
[0.674s] -- Detecting C compile features
[0.674s] -- Detecting C compile features - done
[0.679s] -- Check for working CXX compiler: /usr/bin/c++
[0.854s] -- Check for working CXX compiler: /usr/bin/c++ -- works
[0.857s] -- Detecting CXX compiler ABI info
[1.042s] -- Detecting CXX compiler ABI info - done
[1.052s] -- Detecting CXX compile features
[1.052s] -- Detecting CXX compile features - done
[1.059s] -- Found ament_cmake: 0.9.12 (/opt/ros/foxy/share/ament_cmake/cmake)
[1.123s] -- Found PythonInterp: /usr/bin/python3 (found suitable version "3.8.10", minimum required is "3") 
[1.124s] -- Using PYTHON_EXECUTABLE: /usr/bin/python3
[1.533s] -- Override CMake install command with custom implementation using symlinks instead of copying resources
[1.597s] -- Found ament_lint_auto: 0.9.8 (/opt/ros/foxy/share/ament_lint_auto/cmake)
[1.832s] -- Added test 'lint_cmake' to check CMake code style
[1.834s] -- Added test 'xmllint' to check XML markup files
[1.840s] -- Configuring done
[1.843s] -- Generating done
[1.847s] -- Build files have been written to: /home/unitree/go2_ws/build/go2_hardware
[1.870s] Invoked command in '/home/unitree/go2_ws/build/go2_hardware' returned '0': CMAKE_PREFIX_PATH=${CMAKE_PREFIX_PATH}:/opt/ros/foxy /usr/bin/cmake /home/unitree/go2_ws/src/go2_robot/go2_hardware -DAMENT_CMAKE_SYMLINK_INSTALL=1 -DCMAKE_INSTALL_PREFIX=/home/unitree/go2_ws/install/go2_hardware
[1.871s] Invoking command in '/home/unitree/go2_ws/build/go2_hardware': CMAKE_PREFIX_PATH=${CMAKE_PREFIX_PATH}:/opt/ros/foxy /usr/bin/cmake --build /home/unitree/go2_ws/build/go2_hardware -- -j8 -l8
[1.962s] Invoked command in '/home/unitree/go2_ws/build/go2_hardware' returned '0': CMAKE_PREFIX_PATH=${CMAKE_PREFIX_PATH}:/opt/ros/foxy /usr/bin/cmake --build /home/unitree/go2_ws/build/go2_hardware -- -j8 -l8
[1.999s] Invoking command in '/home/unitree/go2_ws/build/go2_hardware': CMAKE_PREFIX_PATH=${CMAKE_PREFIX_PATH}:/opt/ros/foxy /usr/bin/cmake --install /home/unitree/go2_ws/build/go2_hardware
[2.019s] -- Install configuration: ""
[2.020s] -- Execute custom install script
[2.020s] -- Symlinking: /home/unitree/go2_ws/install/go2_hardware/share/ament_index/resource_index/package_run_dependencies/go2_hardware
[2.050s] -- Symlinking: /home/unitree/go2_ws/install/go2_hardware/share/ament_index/resource_index/parent_prefix_path/go2_hardware
[2.064s] -- Symlinking: /home/unitree/go2_ws/install/go2_hardware/share/go2_hardware/environment/ament_prefix_path.sh
[2.084s] -- Symlinking: /home/unitree/go2_ws/install/go2_hardware/share/go2_hardware/environment/ament_prefix_path.dsv
[2.102s] -- Symlinking: /home/unitree/go2_ws/install/go2_hardware/share/go2_hardware/environment/path.sh
[2.121s] -- Symlinking: /home/unitree/go2_ws/install/go2_hardware/share/go2_hardware/environment/path.dsv
[2.140s] -- Symlinking: /home/unitree/go2_ws/install/go2_hardware/share/go2_hardware/local_setup.bash
[2.160s] -- Symlinking: /home/unitree/go2_ws/install/go2_hardware/share/go2_hardware/local_setup.sh
[2.180s] -- Symlinking: /home/unitree/go2_ws/install/go2_hardware/share/go2_hardware/local_setup.zsh
[2.200s] -- Symlinking: /home/unitree/go2_ws/install/go2_hardware/share/go2_hardware/local_setup.dsv
[2.219s] -- Symlinking: /home/unitree/go2_ws/install/go2_hardware/share/go2_hardware/package.dsv
[2.239s] -- Symlinking: /home/unitree/go2_ws/install/go2_hardware/share/ament_index/resource_index/packages/go2_hardware
[2.262s] -- Symlinking: /home/unitree/go2_ws/install/go2_hardware/share/go2_hardware/cmake/go2_hardwareConfig.cmake
[2.280s] -- Symlinking: /home/unitree/go2_ws/install/go2_hardware/share/go2_hardware/cmake/go2_hardwareConfig-version.cmake
[2.300s] -- Symlinking: /home/unitree/go2_ws/install/go2_hardware/share/go2_hardware/package.xml
[2.335s] Invoked command in '/home/unitree/go2_ws/build/go2_hardware' returned '0': CMAKE_PREFIX_PATH=${CMAKE_PREFIX_PATH}:/opt/ros/foxy /usr/bin/cmake --install /home/unitree/go2_ws/build/go2_hardware
