/home/unitree/.local/lib/python3.8/site-packages/setuptools/dist.py:717: UserWarning: Usage of dash-separated 'script-dir' will not be supported in future versions. Please use the underscore name 'script_dir' instead
  warnings.warn(
running egg_info
writing ../../../build/go2_slam/go2_slam.egg-info/PKG-INFO
writing dependency_links to ../../../build/go2_slam/go2_slam.egg-info/dependency_links.txt
writing entry points to ../../../build/go2_slam/go2_slam.egg-info/entry_points.txt
writing requirements to ../../../build/go2_slam/go2_slam.egg-info/requires.txt
writing top-level names to ../../../build/go2_slam/go2_slam.egg-info/top_level.txt
reading manifest file '../../../build/go2_slam/go2_slam.egg-info/SOURCES.txt'
writing manifest file '../../../build/go2_slam/go2_slam.egg-info/SOURCES.txt'
running build
running build_py
creating /home/unitree/go2_ws/build/go2_slam/build
creating /home/unitree/go2_ws/build/go2_slam/build/lib
creating /home/unitree/go2_ws/build/go2_slam/build/lib/go2_slam
copying go2_slam/__init__.py -> /home/unitree/go2_ws/build/go2_slam/build/lib/go2_slam
running install
running install_lib
creating /home/unitree/go2_ws/install/go2_slam/lib/python3.8/site-packages/go2_slam
copying /home/unitree/go2_ws/build/go2_slam/build/lib/go2_slam/__init__.py -> /home/unitree/go2_ws/install/go2_slam/lib/python3.8/site-packages/go2_slam
byte-compiling /home/unitree/go2_ws/install/go2_slam/lib/python3.8/site-packages/go2_slam/__init__.py to __init__.cpython-38.pyc
running install_data
creating /home/unitree/go2_ws/install/go2_slam/share/ament_index
creating /home/unitree/go2_ws/install/go2_slam/share/ament_index/resource_index
creating /home/unitree/go2_ws/install/go2_slam/share/ament_index/resource_index/packages
copying resource/go2_slam -> /home/unitree/go2_ws/install/go2_slam/share/ament_index/resource_index/packages
copying package.xml -> /home/unitree/go2_ws/install/go2_slam/share/go2_slam
running install_egg_info
Copying ../../../build/go2_slam/go2_slam.egg-info to /home/unitree/go2_ws/install/go2_slam/lib/python3.8/site-packages/go2_slam-0.0.0-py3.8.egg-info
running install_scripts
writing list of installed files to '/home/unitree/go2_ws/build/go2_slam/install.log'
