[1.387s] Invoking command in '/home/unitree/go2_ws/src/go2_robot/go2_slam': PYTHONPATH=/home/unitree/go2_ws/build/go2_slam/prefix_override:/usr/lib/python3/dist-packages/colcon_core/task/python/colcon_distutils_commands:/home/unitree/go2_ws/install/go2_slam/lib/python3.8/site-packages:${PYTHONPATH} /usr/bin/python3 -W ignore:setup.py install is deprecated -W ignore:easy_install command is deprecated setup.py egg_info --egg-base ../../../build/go2_slam build --build-base /home/unitree/go2_ws/build/go2_slam/build install --record /home/unitree/go2_ws/build/go2_slam/install.log --install-scripts $base/lib/go2_slam --single-version-externally-managed install_data
[1.792s] /home/unitree/.local/lib/python3.8/site-packages/setuptools/dist.py:717: UserWarning: Usage of dash-separated 'script-dir' will not be supported in future versions. Please use the underscore name 'script_dir' instead
[1.793s]   warnings.warn(
[1.836s] running egg_info
[1.836s] writing ../../../build/go2_slam/go2_slam.egg-info/PKG-INFO
[1.837s] writing dependency_links to ../../../build/go2_slam/go2_slam.egg-info/dependency_links.txt
[1.837s] writing entry points to ../../../build/go2_slam/go2_slam.egg-info/entry_points.txt
[1.837s] writing requirements to ../../../build/go2_slam/go2_slam.egg-info/requires.txt
[1.837s] writing top-level names to ../../../build/go2_slam/go2_slam.egg-info/top_level.txt
[1.843s] reading manifest file '../../../build/go2_slam/go2_slam.egg-info/SOURCES.txt'
[1.844s] writing manifest file '../../../build/go2_slam/go2_slam.egg-info/SOURCES.txt'
[1.845s] running build
[1.845s] running build_py
[1.845s] creating /home/unitree/go2_ws/build/go2_slam/build
[1.845s] creating /home/unitree/go2_ws/build/go2_slam/build/lib
[1.845s] creating /home/unitree/go2_ws/build/go2_slam/build/lib/go2_slam
[1.845s] copying go2_slam/__init__.py -> /home/unitree/go2_ws/build/go2_slam/build/lib/go2_slam
[1.845s] running install
[1.847s] running install_lib
[1.848s] creating /home/unitree/go2_ws/install/go2_slam/lib/python3.8/site-packages/go2_slam
[1.849s] copying /home/unitree/go2_ws/build/go2_slam/build/lib/go2_slam/__init__.py -> /home/unitree/go2_ws/install/go2_slam/lib/python3.8/site-packages/go2_slam
[1.849s] byte-compiling /home/unitree/go2_ws/install/go2_slam/lib/python3.8/site-packages/go2_slam/__init__.py to __init__.cpython-38.pyc
[1.850s] running install_data
[1.850s] creating /home/unitree/go2_ws/install/go2_slam/share/ament_index
[1.850s] creating /home/unitree/go2_ws/install/go2_slam/share/ament_index/resource_index
[1.850s] creating /home/unitree/go2_ws/install/go2_slam/share/ament_index/resource_index/packages
[1.850s] copying resource/go2_slam -> /home/unitree/go2_ws/install/go2_slam/share/ament_index/resource_index/packages
[1.851s] copying package.xml -> /home/unitree/go2_ws/install/go2_slam/share/go2_slam
[1.851s] running install_egg_info
[1.853s] Copying ../../../build/go2_slam/go2_slam.egg-info to /home/unitree/go2_ws/install/go2_slam/lib/python3.8/site-packages/go2_slam-0.0.0-py3.8.egg-info
[1.855s] running install_scripts
[1.886s] writing list of installed files to '/home/unitree/go2_ws/build/go2_slam/install.log'
[1.939s] Invoked command in '/home/unitree/go2_ws/src/go2_robot/go2_slam' returned '0': PYTHONPATH=/home/unitree/go2_ws/build/go2_slam/prefix_override:/usr/lib/python3/dist-packages/colcon_core/task/python/colcon_distutils_commands:/home/unitree/go2_ws/install/go2_slam/lib/python3.8/site-packages:${PYTHONPATH} /usr/bin/python3 -W ignore:setup.py install is deprecated -W ignore:easy_install command is deprecated setup.py egg_info --egg-base ../../../build/go2_slam build --build-base /home/unitree/go2_ws/build/go2_slam/build install --record /home/unitree/go2_ws/build/go2_slam/install.log --install-scripts $base/lib/go2_slam --single-version-externally-managed install_data
